[0.125s] Invoking command in '/catkin_ws/rover_sim_ws/build/ign_ros2_control': CMAKE_PREFIX_PATH=${CMAKE_PREFIX_PATH}:/opt/ros/humble /usr/bin/cmake /catkin_ws/rover_sim_ws/src/gz_ros2_control/ign_ros2_control -DCMAKE_INSTALL_PREFIX=/catkin_ws/rover_sim_ws/install/ign_ros2_control
[0.165s] -- The C compiler identification is GNU 11.4.0
[0.210s] -- The CXX compiler identification is GNU 11.4.0
[0.216s] -- Detecting C compiler ABI info
[0.267s] -- Detecting C compiler ABI info - done
[0.274s] -- Check for working C compiler: /usr/bin/cc - skipped
[0.274s] -- Detecting C compile features
[0.275s] -- Detecting C compile features - done
[0.279s] -- Detecting CXX compiler ABI info
[0.348s] -- Detecting CXX compiler ABI info - done
[0.356s] -- Check for working CXX compiler: /usr/bin/c++ - skipped
[0.356s] -- Detecting CXX compile features
[0.357s] -- Detecting CXX compile features - done
[0.361s] -- Found ament_cmake: 1.3.6 (/opt/ros/humble/share/ament_cmake/cmake)
[0.533s] -- Found Python3: /usr/bin/python3.10 (found version "3.10.12") found components: Interpreter 
[0.645s] -- Found ament_index_cpp: 1.4.0 (/opt/ros/humble/share/ament_index_cpp/cmake)
[0.649s] -- Found controller_manager: 2.36.0 (/opt/ros/humble/share/controller_manager/cmake)
[0.698s] -- Found rosidl_generator_c: 3.1.5 (/opt/ros/humble/share/rosidl_generator_c/cmake)
[0.702s] -- Found rosidl_adapter: 3.1.5 (/opt/ros/humble/share/rosidl_adapter/cmake)
[0.710s] -- Found rosidl_generator_cpp: 3.1.5 (/opt/ros/humble/share/rosidl_generator_cpp/cmake)
[0.722s] -- Using all available rosidl_typesupport_c: rosidl_typesupport_fastrtps_c;rosidl_typesupport_introspection_c
[0.741s] -- Using all available rosidl_typesupport_cpp: rosidl_typesupport_fastrtps_cpp;rosidl_typesupport_introspection_cpp
[1.612s] -- Found rmw_implementation_cmake: 6.1.1 (/opt/ros/humble/share/rmw_implementation_cmake/cmake)
[1.615s] -- Found rmw_fastrtps_cpp: 6.2.5 (/opt/ros/humble/share/rmw_fastrtps_cpp/cmake)
[1.656s] -- Found TinyXML2 via Config file: TinyXML2_DIR-NOTFOUND
[1.702s] -- Found OpenSSL: /usr/lib/x86_64-linux-gnu/libcrypto.so (found version "3.0.2")  
[1.705s] -- Found TinyXML2 via Config file: TinyXML2_DIR-NOTFOUND
[1.723s] -- Found FastRTPS: /opt/ros/humble/include  
[1.735s] -- Found TinyXML2 via Config file: TinyXML2_DIR-NOTFOUND
[1.745s] -- Found TinyXML2 via Config file: TinyXML2_DIR-NOTFOUND
[1.756s] -- Using RMW implementation 'rmw_fastrtps_cpp' as default
[1.771s] -- Looking for pthread.h
[1.844s] -- Looking for pthread.h - found
[1.844s] -- Performing Test CMAKE_HAVE_LIBC_PTHREAD
[1.914s] -- Performing Test CMAKE_HAVE_LIBC_PTHREAD - Success
[1.915s] -- Found Threads: TRUE  
[2.716s] -- Found yaml_cpp_vendor: 8.0.2 (/opt/ros/humble/share/yaml_cpp_vendor/cmake)
[2.724s] -- Looking for ignition-gazebo6 -- found version 6.15.0
[2.742s] -- Searching for dependencies of ignition-gazebo6
[2.746s] -- Looking for sdformat12 -- found version 12.7.2
[2.746s] -- Searching for dependencies of sdformat12
[2.751s] -- Checking for module 'tinyxml2'
[2.764s] --   Found tinyxml2, version 9.0.0
[2.796s] -- Looking for ignition-math6 -- found version 6.15.0
[2.797s] -- Searching for dependencies of ignition-math6
[2.801s] -- Looking for ignition-utils1 -- found version 1.5.1
[2.802s] -- Searching for dependencies of ignition-utils1
[2.806s] -- Looking for ignition-plugin1 -- found version 1.4.0
[2.807s] -- Searching for dependencies of ignition-plugin1
[2.807s] -- Searching for <ignition-plugin1> component [loader]
[2.810s] -- Looking for ignition-plugin1-loader -- found version 1.4.0
[2.811s] -- Searching for dependencies of ignition-plugin1-loader
[2.811s] -- Searching for <ignition-plugin1> component [register]
[2.814s] -- Looking for ignition-plugin1-register -- found version 1.4.0
[2.814s] -- Searching for dependencies of ignition-plugin1-register
[2.818s] -- Looking for ignition-transport11 -- found version 11.4.1
[2.818s] -- Searching for dependencies of ignition-transport11
[2.849s] -- Found Protobuf: /usr/lib/x86_64-linux-gnu/libprotobuf.so (found version "3.12.4") 
[2.861s] -- Config-file not installed for ZeroMQ -- checking for pkg-config
[2.866s] -- Checking for module 'libzmq >= 4'
[2.877s] --   Found libzmq , version 4.3.4
[2.906s] -- Found ZeroMQ: TRUE (Required is at least version "4") 
[2.911s] -- Checking for module 'uuid'
[2.922s] --   Found uuid, version 2.37.2
[2.948s] -- Found UUID: TRUE  
[2.949s] -- Looking for ignition-utils1 -- found version 1.5.1
[2.950s] -- Searching for dependencies of ignition-utils1
[2.950s] -- Searching for <ignition-utils1> component [cli]
[2.953s] -- Looking for ignition-utils1-cli -- found version 1.5.1
[2.954s] -- Searching for dependencies of ignition-utils1-cli
[2.959s] -- Looking for ignition-msgs8 -- found version 8.7.0
[2.960s] -- Searching for dependencies of ignition-msgs8
[2.980s] -- Found Protobuf: /usr/lib/x86_64-linux-gnu/libprotobuf.so (found suitable version "3.12.4", minimum required is "3") 
[2.981s] -- Looking for ignition-math6 -- found version 6.15.0
[2.988s] -- Searching for <ignition-transport11> component [log]
[2.991s] -- Looking for ignition-transport11-log -- found version 11.4.1
[2.992s] -- Searching for dependencies of ignition-transport11-log
[2.993s] -- Searching for <ignition-transport11> component [parameters]
[2.996s] -- Looking for ignition-transport11-parameters -- found version 11.4.1
[2.997s] -- Searching for dependencies of ignition-transport11-parameters
[2.998s] -- Looking for ignition-msgs8 -- found version 8.7.0
[3.002s] -- Looking for ignition-common4 -- found version 4.7.0
[3.003s] -- Searching for dependencies of ignition-common4
[3.003s] -- Looking for dlfcn.h - found
[3.003s] -- Looking for libdl - found
[3.005s] -- Found DL: TRUE  
[3.016s] -- Searching for <ignition-common4> component [profiler]
[3.019s] -- Looking for ignition-common4-profiler -- found version 4.7.0
[3.020s] -- Searching for dependencies of ignition-common4-profiler
[3.020s] -- Searching for <ignition-common4> component [events]
[3.022s] -- Looking for ignition-common4-events -- found version 4.7.0
[3.023s] -- Searching for dependencies of ignition-common4-events
[3.023s] -- Looking for ignition-math6 -- found version 6.15.0
[3.024s] -- Searching for <ignition-common4> component [av]
[3.026s] -- Looking for ignition-common4-av -- found version 4.7.0
[3.027s] -- Searching for dependencies of ignition-common4-av
[3.031s] -- Checking for module 'libswscale'
[3.044s] --   Found libswscale, version 5.9.100
[3.071s] -- Found SWSCALE: TRUE  
[3.077s] -- Checking for module 'libavdevice >= 56.4.100'
[3.088s] --   Found libavdevice , version 58.13.100
[3.118s] -- Found AVDEVICE: TRUE (Required is at least version "56.4.100") 
[3.123s] -- Checking for module 'libavformat'
[3.134s] --   Found libavformat, version 58.76.100
[3.165s] -- Found AVFORMAT: TRUE  
[3.170s] -- Checking for module 'libavcodec'
[3.182s] --   Found libavcodec, version 58.134.100
[3.211s] -- Found AVCODEC: TRUE  
[3.215s] -- Checking for module 'libavutil'
[3.227s] --   Found libavutil, version 56.70.100
[3.256s] -- Found AVUTIL: TRUE  
[3.261s] -- Looking for ignition-fuel_tools7 -- found version 7.3.0
[3.262s] -- Searching for dependencies of ignition-fuel_tools7
[3.330s] -- Found CURL: /usr/lib/x86_64-linux-gnu/libcurl.so (found version "7.81.0")  
[3.338s] -- Checking for module 'jsoncpp'
[3.350s] --   Found jsoncpp, version 1.9.5
[3.376s] -- Found JSONCPP: TRUE  
[3.381s] -- Checking for module 'libzip'
[3.393s] --   Found libzip, version 1.7.3
[3.421s] -- Found ZIP: TRUE  
[3.421s] -- Looking for ignition-common4 -- found version 4.7.0
[3.422s] -- Looking for ignition-math6 -- found version 6.15.0
[3.423s] -- Looking for ignition-msgs8 -- found version 8.7.0
[3.430s] -- Looking for ignition-gui6 -- found version 6.8.0
[3.430s] -- Searching for dependencies of ignition-gui6
[3.457s] -- Looking for ignition-math6 -- found version 6.15.0
[3.457s] -- Looking for ignition-common4 -- found version 4.7.0
[3.458s] -- Looking for ignition-plugin1 -- found version 1.4.0
[3.458s] -- Looking for ignition-transport11 -- found version 11.4.1
[3.462s] -- Looking for ignition-rendering6 -- found version 6.6.1
[3.463s] -- Searching for dependencies of ignition-rendering6
[3.463s] -- Looking for ignition-math6 -- found version 6.15.0
[3.464s] -- Searching for dependencies of ignition-math6
[3.464s] -- Searching for <ignition-math6> component [eigen3]
[3.467s] -- Looking for ignition-math6-eigen3 -- found version 6.15.0
[3.468s] -- Searching for dependencies of ignition-math6-eigen3
[3.477s] -- Looking for ignition-common4 -- found version 4.7.0
[3.478s] -- Searching for dependencies of ignition-common4
[3.478s] -- Looking for dlfcn.h - found
[3.478s] -- Looking for libdl - found
[3.486s] -- Searching for <ignition-common4> component [graphics]
[3.488s] -- Looking for ignition-common4-graphics -- found version 4.7.0
[3.489s] -- Searching for dependencies of ignition-common4-graphics
[3.489s] -- Looking for ignition-math6 -- found version 6.15.0
[3.490s] -- Looking for ignition-utils1 -- found version 1.5.1
[3.491s] -- Searching for <ignition-common4> component [events]
[3.492s] -- Looking for ignition-plugin1 -- found version 1.4.0
[3.493s] -- Searching for dependencies of ignition-plugin1
[3.493s] -- Searching for <ignition-plugin1> component [all]
[3.495s] -- Looking for all libraries of ignition-plugin1 -- found version 1.4.0
[3.496s] -- Looking for ignition-plugin1 -- found version 1.4.0
[3.499s] -- Looking for ignition-msgs8 -- found version 8.7.0
[3.539s] -- Looking for ignition-physics5 -- found version 5.3.2
[3.540s] -- Searching for dependencies of ignition-physics5
[3.540s] -- Looking for ignition-math6 -- found version 6.15.0
[3.541s] -- Looking for ignition-plugin1 -- found version 1.4.0
[3.542s] -- Looking for ignition-utils1 -- found version 1.5.1
[3.544s] -- Searching for <ignition-physics5> component [heightmap]
[3.547s] -- Looking for ignition-physics5-heightmap -- found version 5.3.2
[3.548s] -- Searching for dependencies of ignition-physics5-heightmap
[3.548s] -- Looking for ignition-common4 -- found version 4.7.0
[3.549s] -- Searching for <ignition-physics5> component [mesh]
[3.551s] -- Looking for ignition-physics5-mesh -- found version 5.3.2
[3.552s] -- Searching for dependencies of ignition-physics5-mesh
[3.552s] -- Looking for ignition-common4 -- found version 4.7.0
[3.553s] -- Searching for <ignition-physics5> component [sdf]
[3.555s] -- Looking for ignition-physics5-sdf -- found version 5.3.2
[3.556s] -- Searching for dependencies of ignition-physics5-sdf
[3.556s] -- Looking for sdformat12 -- found version 12.7.2
[3.561s] -- Looking for ignition-sensors6 -- found version 6.7.1
[3.562s] -- Searching for dependencies of ignition-sensors6
[3.580s] -- Found Protobuf: /usr/lib/x86_64-linux-gnu/libprotobuf.so (found version "3.12.4") 
[3.581s] -- Looking for ignition-math6 -- found version 6.15.0
[3.581s] -- Looking for ignition-common4 -- found version 4.7.0
[3.581s] -- Looking for ignition-transport11 -- found version 11.4.1
[3.582s] -- Looking for ignition-rendering6 -- found version 6.6.1
[3.582s] -- Looking for ignition-msgs8 -- found version 8.7.0
[3.583s] -- Looking for sdformat12 -- found version 12.7.2
[3.584s] -- Searching for <ignition-sensors6> component [air_pressure]
[3.587s] -- Looking for ignition-sensors6-air_pressure -- found version 6.7.1
[3.587s] -- Searching for dependencies of ignition-sensors6-air_pressure
[3.588s] -- Searching for <ignition-sensors6> component [altimeter]
[3.590s] -- Looking for ignition-sensors6-altimeter -- found version 6.7.1
[3.591s] -- Searching for dependencies of ignition-sensors6-altimeter
[3.592s] -- Searching for <ignition-sensors6> component [imu]
[3.594s] -- Looking for ignition-sensors6-imu -- found version 6.7.1
[3.595s] -- Searching for dependencies of ignition-sensors6-imu
[3.595s] -- Searching for <ignition-sensors6> component [force_torque]
[3.597s] -- Looking for ignition-sensors6-force_torque -- found version 6.7.1
[3.598s] -- Searching for dependencies of ignition-sensors6-force_torque
[3.599s] -- Searching for <ignition-sensors6> component [logical_camera]
[3.602s] -- Looking for ignition-sensors6-logical_camera -- found version 6.7.1
[3.602s] -- Searching for dependencies of ignition-sensors6-logical_camera
[3.603s] -- Searching for <ignition-sensors6> component [magnetometer]
[3.606s] -- Looking for ignition-sensors6-magnetometer -- found version 6.7.1
[3.607s] -- Searching for dependencies of ignition-sensors6-magnetometer
[3.608s] -- Searching for <ignition-sensors6> component [navsat]
[3.611s] -- Looking for ignition-sensors6-navsat -- found version 6.7.1
[3.611s] -- Searching for dependencies of ignition-sensors6-navsat
[3.612s] -- Searching for <ignition-sensors6> component [rendering]
[3.615s] -- Looking for ignition-sensors6-rendering -- found version 6.7.1
[3.616s] -- Searching for dependencies of ignition-sensors6-rendering
[3.616s] -- Searching for <ignition-sensors6> component [lidar]
[3.620s] -- Looking for ignition-sensors6-lidar -- found version 6.7.1
[3.620s] -- Searching for dependencies of ignition-sensors6-lidar
[3.621s] -- Looking for ignition-sensors6 -- found version 6.7.1
[3.622s] -- Searching for <ignition-sensors6> component [gpu_lidar]
[3.625s] -- Looking for ignition-sensors6-gpu_lidar -- found version 6.7.1
[3.626s] -- Searching for dependencies of ignition-sensors6-gpu_lidar
[3.626s] -- Looking for ignition-sensors6 -- found version 6.7.1
[3.627s] -- Searching for <ignition-sensors6> component [camera]
[3.630s] -- Looking for ignition-sensors6-camera -- found version 6.7.1
[3.631s] -- Searching for dependencies of ignition-sensors6-camera
[3.632s] -- Looking for ignition-sensors6 -- found version 6.7.1
[3.632s] -- Searching for <ignition-sensors6> component [boundingbox_camera]
[3.635s] -- Looking for ignition-sensors6-boundingbox_camera -- found version 6.7.1
[3.636s] -- Searching for dependencies of ignition-sensors6-boundingbox_camera
[3.637s] -- Searching for <ignition-sensors6> component [segmentation_camera]
[3.641s] -- Looking for ignition-sensors6-segmentation_camera -- found version 6.7.1
[3.642s] -- Searching for dependencies of ignition-sensors6-segmentation_camera
[3.643s] -- Searching for <ignition-sensors6> component [depth_camera]
[3.646s] -- Looking for ignition-sensors6-depth_camera -- found version 6.7.1
[3.646s] -- Searching for dependencies of ignition-sensors6-depth_camera
[3.646s] -- Looking for ignition-sensors6 -- found version 6.7.1
[3.647s] -- Searching for <ignition-sensors6> component [rgbd_camera]
[3.651s] -- Looking for ignition-sensors6-rgbd_camera -- found version 6.7.1
[3.651s] -- Searching for dependencies of ignition-sensors6-rgbd_camera
[3.652s] -- Looking for ignition-sensors6 -- found version 6.7.1
[3.652s] -- Searching for <ignition-sensors6> component [thermal_camera]
[3.654s] -- Looking for ignition-sensors6-thermal_camera -- found version 6.7.1
[3.655s] -- Searching for dependencies of ignition-sensors6-thermal_camera
[3.656s] -- Looking for ignition-sensors6 -- found version 6.7.1
[3.657s] -- Looking for ignition-rendering6 -- found version 6.6.1
[3.658s] -- Looking for ignition-math6 -- found version 6.15.0
[3.663s] -- Looking for ignition-utils1 -- found version 1.5.1
[3.687s] -- Compiling against Ignition Fortress
[3.687s] -- Looking for ignition-plugin1 -- found version 1.4.0
[4.408s] -- Found ament_lint_auto: 0.12.9 (/opt/ros/humble/share/ament_lint_auto/cmake)
[4.501s] -- Added test 'copyright' to check source files copyright and LICENSE
[4.502s] -- Added test 'cppcheck' to perform static code analysis on C / C++ code
[4.502s] -- Configured cppcheck include dirs: /catkin_ws/rover_sim_ws/src/gz_ros2_control/ign_ros2_control/include
[4.502s] -- Configured cppcheck exclude dirs and/or files: 
[4.503s] -- Added test 'cpplint' to check C / C++ code against the Google style
[4.503s] -- Configured cpplint exclude dirs and/or files: 
[4.504s] -- Added test 'lint_cmake' to check CMake code style
[4.505s] -- Added test 'uncrustify' to check C / C++ code style
[4.505s] -- Configured uncrustify additional arguments: 
[4.505s] -- Added test 'xmllint' to check XML markup files
[4.507s] -- Configuring done
[4.553s] -- Generating done
[4.556s] -- Build files have been written to: /catkin_ws/rover_sim_ws/build/ign_ros2_control
[4.575s] Invoked command in '/catkin_ws/rover_sim_ws/build/ign_ros2_control' returned '0': CMAKE_PREFIX_PATH=${CMAKE_PREFIX_PATH}:/opt/ros/humble /usr/bin/cmake /catkin_ws/rover_sim_ws/src/gz_ros2_control/ign_ros2_control -DCMAKE_INSTALL_PREFIX=/catkin_ws/rover_sim_ws/install/ign_ros2_control
[4.578s] Invoking command in '/catkin_ws/rover_sim_ws/build/ign_ros2_control': CMAKE_PREFIX_PATH=${CMAKE_PREFIX_PATH}:/opt/ros/humble /usr/bin/cmake --build /catkin_ws/rover_sim_ws/build/ign_ros2_control -- -j8 -l8
[4.625s] [ 50%] [32mBuilding CXX object CMakeFiles/ign_ros2_control-system.dir/src/ign_ros2_control_plugin.cpp.o[0m
[4.625s] [ 50%] [32mBuilding CXX object CMakeFiles/ign_hardware_plugins.dir/src/ign_system.cpp.o[0m
[32.494s] [ 75%] [32m[1mLinking CXX shared library libign_hardware_plugins.so[0m
[33.223s] [ 75%] Built target ign_hardware_plugins
[42.441s] [100%] [32m[1mLinking CXX shared library libign_ros2_control-system.so[0m
[43.103s] [100%] Built target ign_ros2_control-system
[43.114s] Invoked command in '/catkin_ws/rover_sim_ws/build/ign_ros2_control' returned '0': CMAKE_PREFIX_PATH=${CMAKE_PREFIX_PATH}:/opt/ros/humble /usr/bin/cmake --build /catkin_ws/rover_sim_ws/build/ign_ros2_control -- -j8 -l8
[43.138s] Invoking command in '/catkin_ws/rover_sim_ws/build/ign_ros2_control': CMAKE_PREFIX_PATH=${CMAKE_PREFIX_PATH}:/opt/ros/humble /usr/bin/cmake --install /catkin_ws/rover_sim_ws/build/ign_ros2_control
[43.143s] -- Install configuration: ""
[43.143s] -- Installing: /catkin_ws/rover_sim_ws/install/ign_ros2_control/lib/libign_hardware_plugins.so
[43.146s] -- Set runtime path of "/catkin_ws/rover_sim_ws/install/ign_ros2_control/lib/libign_hardware_plugins.so" to ""
[43.146s] -- Installing: /catkin_ws/rover_sim_ws/install/ign_ros2_control/include
[43.146s] -- Installing: /catkin_ws/rover_sim_ws/install/ign_ros2_control/include/ign_ros2_control
[43.146s] -- Installing: /catkin_ws/rover_sim_ws/install/ign_ros2_control/include/ign_ros2_control/ign_ros2_control_plugin.hpp
[43.147s] -- Installing: /catkin_ws/rover_sim_ws/install/ign_ros2_control/include/ign_ros2_control/ign_system.hpp
[43.147s] -- Installing: /catkin_ws/rover_sim_ws/install/ign_ros2_control/include/ign_ros2_control/ign_system_interface.hpp
[43.147s] -- Installing: /catkin_ws/rover_sim_ws/install/ign_ros2_control/share/ign_ros2_control/environment/library_path.sh
[43.147s] -- Installing: /catkin_ws/rover_sim_ws/install/ign_ros2_control/share/ign_ros2_control/environment/library_path.dsv
[43.147s] -- Installing: /catkin_ws/rover_sim_ws/install/ign_ros2_control/lib/libign_ros2_control-system.so
[43.151s] -- Set runtime path of "/catkin_ws/rover_sim_ws/install/ign_ros2_control/lib/libign_ros2_control-system.so" to ""
[43.152s] -- Installing: /catkin_ws/rover_sim_ws/install/ign_ros2_control/share/ign_ros2_control/ign_hardware_plugins.xml
[43.152s] -- Installing: /catkin_ws/rover_sim_ws/install/ign_ros2_control/share/ament_index/resource_index/package_run_dependencies/ign_ros2_control
[43.153s] -- Installing: /catkin_ws/rover_sim_ws/install/ign_ros2_control/share/ament_index/resource_index/parent_prefix_path/ign_ros2_control
[43.153s] -- Installing: /catkin_ws/rover_sim_ws/install/ign_ros2_control/share/ign_ros2_control/environment/ament_prefix_path.sh
[43.153s] -- Installing: /catkin_ws/rover_sim_ws/install/ign_ros2_control/share/ign_ros2_control/environment/ament_prefix_path.dsv
[43.153s] -- Installing: /catkin_ws/rover_sim_ws/install/ign_ros2_control/share/ign_ros2_control/environment/path.sh
[43.153s] -- Installing: /catkin_ws/rover_sim_ws/install/ign_ros2_control/share/ign_ros2_control/environment/path.dsv
[43.154s] -- Installing: /catkin_ws/rover_sim_ws/install/ign_ros2_control/share/ign_ros2_control/local_setup.bash
[43.154s] -- Installing: /catkin_ws/rover_sim_ws/install/ign_ros2_control/share/ign_ros2_control/local_setup.sh
[43.154s] -- Installing: /catkin_ws/rover_sim_ws/install/ign_ros2_control/share/ign_ros2_control/local_setup.zsh
[43.154s] -- Installing: /catkin_ws/rover_sim_ws/install/ign_ros2_control/share/ign_ros2_control/local_setup.dsv
[43.154s] -- Installing: /catkin_ws/rover_sim_ws/install/ign_ros2_control/share/ign_ros2_control/package.dsv
[43.155s] -- Installing: /catkin_ws/rover_sim_ws/install/ign_ros2_control/share/ament_index/resource_index/packages/ign_ros2_control
[43.155s] -- Installing: /catkin_ws/rover_sim_ws/install/ign_ros2_control/share/ament_index/resource_index/ign_ros2_control__pluginlib__plugin/ign_ros2_control
[43.155s] -- Installing: /catkin_ws/rover_sim_ws/install/ign_ros2_control/share/ign_ros2_control/cmake/ament_cmake_export_include_directories-extras.cmake
[43.155s] -- Installing: /catkin_ws/rover_sim_ws/install/ign_ros2_control/share/ign_ros2_control/cmake/ament_cmake_export_libraries-extras.cmake
[43.155s] -- Installing: /catkin_ws/rover_sim_ws/install/ign_ros2_control/share/ign_ros2_control/cmake/ign_ros2_controlConfig.cmake
[43.156s] -- Installing: /catkin_ws/rover_sim_ws/install/ign_ros2_control/share/ign_ros2_control/cmake/ign_ros2_controlConfig-version.cmake
[43.156s] -- Installing: /catkin_ws/rover_sim_ws/install/ign_ros2_control/share/ign_ros2_control/package.xml
[43.158s] Invoked command in '/catkin_ws/rover_sim_ws/build/ign_ros2_control' returned '0': CMAKE_PREFIX_PATH=${CMAKE_PREFIX_PATH}:/opt/ros/humble /usr/bin/cmake --install /catkin_ws/rover_sim_ws/build/ign_ros2_control
