[0.138s] Invoking command in '/catkin_ws/rover_sim_ws/build/ign_ros2_control': CMAKE_PREFIX_PATH=${CMAKE_PREFIX_PATH}:/opt/ros/humble /usr/bin/cmake /catkin_ws/rover_sim_ws/src/gz_ros2_control/ign_ros2_control -DCMAKE_INSTALL_PREFIX=/catkin_ws/rover_sim_ws/install/ign_ros2_control
[0.279s] -- The C compiler identification is GNU 11.4.0
[0.378s] -- The CXX compiler identification is GNU 11.4.0
[0.386s] -- Detecting C compiler ABI info
[0.480s] -- Detecting C compiler ABI info - done
[0.489s] -- Check for working C compiler: /usr/bin/cc - skipped
[0.489s] -- Detecting C compile features
[0.490s] -- Detecting C compile features - done
[0.493s] -- Detecting CXX compiler ABI info
[0.571s] -- Detecting CXX compiler ABI info - done
[0.582s] -- Check for working CXX compiler: /usr/bin/c++ - skipped
[0.583s] -- Detecting CXX compile features
[0.583s] -- Detecting CXX compile features - done
[0.587s] -- Found ament_cmake: 1.3.6 (/opt/ros/humble/share/ament_cmake/cmake)
[0.765s] -- Found Python3: /usr/bin/python3.10 (found version "3.10.12") found components: Interpreter 
[0.872s] -- Found ament_index_cpp: 1.4.0 (/opt/ros/humble/share/ament_index_cpp/cmake)
[0.879s] -- Found controller_manager: 2.36.0 (/opt/ros/humble/share/controller_manager/cmake)
[0.944s] -- Found rosidl_generator_c: 3.1.5 (/opt/ros/humble/share/rosidl_generator_c/cmake)
[0.951s] -- Found rosidl_adapter: 3.1.5 (/opt/ros/humble/share/rosidl_adapter/cmake)
[0.961s] -- Found rosidl_generator_cpp: 3.1.5 (/opt/ros/humble/share/rosidl_generator_cpp/cmake)
[0.979s] -- Using all available rosidl_typesupport_c: rosidl_typesupport_fastrtps_c;rosidl_typesupport_introspection_c
[1.002s] -- Using all available rosidl_typesupport_cpp: rosidl_typesupport_fastrtps_cpp;rosidl_typesupport_introspection_cpp
[1.935s] -- Found rmw_implementation_cmake: 6.1.1 (/opt/ros/humble/share/rmw_implementation_cmake/cmake)
[1.939s] -- Found rmw_fastrtps_cpp: 6.2.5 (/opt/ros/humble/share/rmw_fastrtps_cpp/cmake)
[1.990s] -- Found TinyXML2 via Config file: TinyXML2_DIR-NOTFOUND
[2.041s] -- Found OpenSSL: /usr/lib/x86_64-linux-gnu/libcrypto.so (found version "3.0.2")  
[2.045s] -- Found TinyXML2 via Config file: TinyXML2_DIR-NOTFOUND
[2.059s] -- Found FastRTPS: /opt/ros/humble/include  
[2.070s] -- Found TinyXML2 via Config file: TinyXML2_DIR-NOTFOUND
[2.079s] -- Found TinyXML2 via Config file: TinyXML2_DIR-NOTFOUND
[2.088s] -- Using RMW implementation 'rmw_fastrtps_cpp' as default
[2.100s] -- Looking for pthread.h
[2.163s] -- Looking for pthread.h - found
[2.164s] -- Performing Test CMAKE_HAVE_LIBC_PTHREAD
[2.226s] -- Performing Test CMAKE_HAVE_LIBC_PTHREAD - Success
[2.227s] -- Found Threads: TRUE  
[3.034s] -- Found yaml_cpp_vendor: 8.0.2 (/opt/ros/humble/share/yaml_cpp_vendor/cmake)
[3.044s] -- Looking for ignition-gazebo6 -- found version 6.15.0
[3.052s] -- Searching for dependencies of ignition-gazebo6
[3.055s] -- Looking for sdformat12 -- found version 12.7.2
[3.055s] -- Searching for dependencies of sdformat12
[3.060s] -- Checking for module 'tinyxml2'
[3.071s] --   Found tinyxml2, version 9.0.0
[3.096s] -- Looking for ignition-math6 -- found version 6.15.0
[3.097s] -- Searching for dependencies of ignition-math6
[3.101s] -- Looking for ignition-utils1 -- found version 1.5.1
[3.101s] -- Searching for dependencies of ignition-utils1
[3.105s] -- Looking for ignition-plugin1 -- found version 1.4.0
[3.106s] -- Searching for dependencies of ignition-plugin1
[3.106s] -- Searching for <ignition-plugin1> component [loader]
[3.109s] -- Looking for ignition-plugin1-loader -- found version 1.4.0
[3.109s] -- Searching for dependencies of ignition-plugin1-loader
[3.110s] -- Searching for <ignition-plugin1> component [register]
[3.112s] -- Looking for ignition-plugin1-register -- found version 1.4.0
[3.113s] -- Searching for dependencies of ignition-plugin1-register
[3.117s] -- Looking for ignition-transport11 -- found version 11.4.1
[3.118s] -- Searching for dependencies of ignition-transport11
[3.146s] -- Found Protobuf: /usr/lib/x86_64-linux-gnu/libprotobuf.so (found version "3.12.4") 
[3.159s] -- Config-file not installed for ZeroMQ -- checking for pkg-config
[3.163s] -- Checking for module 'libzmq >= 4'
[3.175s] --   Found libzmq , version 4.3.4
[3.204s] -- Found ZeroMQ: TRUE (Required is at least version "4") 
[3.210s] -- Checking for module 'uuid'
[3.220s] --   Found uuid, version 2.37.2
[3.244s] -- Found UUID: TRUE  
[3.244s] -- Looking for ignition-utils1 -- found version 1.5.1
[3.245s] -- Searching for dependencies of ignition-utils1
[3.245s] -- Searching for <ignition-utils1> component [cli]
[3.248s] -- Looking for ignition-utils1-cli -- found version 1.5.1
[3.248s] -- Searching for dependencies of ignition-utils1-cli
[3.251s] -- Looking for ignition-msgs8 -- found version 8.7.0
[3.252s] -- Searching for dependencies of ignition-msgs8
[3.270s] -- Found Protobuf: /usr/lib/x86_64-linux-gnu/libprotobuf.so (found suitable version "3.12.4", minimum required is "3") 
[3.271s] -- Looking for ignition-math6 -- found version 6.15.0
[3.280s] -- Searching for <ignition-transport11> component [log]
[3.282s] -- Looking for ignition-transport11-log -- found version 11.4.1
[3.283s] -- Searching for dependencies of ignition-transport11-log
[3.284s] -- Searching for <ignition-transport11> component [parameters]
[3.286s] -- Looking for ignition-transport11-parameters -- found version 11.4.1
[3.287s] -- Searching for dependencies of ignition-transport11-parameters
[3.289s] -- Looking for ignition-msgs8 -- found version 8.7.0
[3.292s] -- Looking for ignition-common4 -- found version 4.7.0
[3.293s] -- Searching for dependencies of ignition-common4
[3.293s] -- Looking for dlfcn.h - found
[3.294s] -- Looking for libdl - found
[3.295s] -- Found DL: TRUE  
[3.303s] -- Searching for <ignition-common4> component [profiler]
[3.305s] -- Looking for ignition-common4-profiler -- found version 4.7.0
[3.306s] -- Searching for dependencies of ignition-common4-profiler
[3.307s] -- Searching for <ignition-common4> component [events]
[3.309s] -- Looking for ignition-common4-events -- found version 4.7.0
[3.310s] -- Searching for dependencies of ignition-common4-events
[3.310s] -- Looking for ignition-math6 -- found version 6.15.0
[3.311s] -- Searching for <ignition-common4> component [av]
[3.314s] -- Looking for ignition-common4-av -- found version 4.7.0
[3.314s] -- Searching for dependencies of ignition-common4-av
[3.319s] -- Checking for module 'libswscale'
[3.330s] --   Found libswscale, version 5.9.100
[3.359s] -- Found SWSCALE: TRUE  
[3.364s] -- Checking for module 'libavdevice >= 56.4.100'
[3.377s] --   Found libavdevice , version 58.13.100
[3.406s] -- Found AVDEVICE: TRUE (Required is at least version "56.4.100") 
[3.413s] -- Checking for module 'libavformat'
[3.423s] --   Found libavformat, version 58.76.100
[3.450s] -- Found AVFORMAT: TRUE  
[3.455s] -- Checking for module 'libavcodec'
[3.466s] --   Found libavcodec, version 58.134.100
[3.491s] -- Found AVCODEC: TRUE  
[3.497s] -- Checking for module 'libavutil'
[3.508s] --   Found libavutil, version 56.70.100
[3.536s] -- Found AVUTIL: TRUE  
[3.539s] -- Looking for ignition-fuel_tools7 -- found version 7.3.0
[3.540s] -- Searching for dependencies of ignition-fuel_tools7
[3.608s] -- Found CURL: /usr/lib/x86_64-linux-gnu/libcurl.so (found version "7.81.0")  
[3.618s] -- Checking for module 'jsoncpp'
[3.629s] --   Found jsoncpp, version 1.9.5
[3.656s] -- Found JSONCPP: TRUE  
[3.665s] -- Checking for module 'libzip'
[3.686s] --   Found libzip, version 1.7.3
[3.716s] -- Found ZIP: TRUE  
[3.717s] -- Looking for ignition-common4 -- found version 4.7.0
[3.717s] -- Looking for ignition-math6 -- found version 6.15.0
[3.718s] -- Looking for ignition-msgs8 -- found version 8.7.0
[3.722s] -- Looking for ignition-gui6 -- found version 6.8.0
[3.723s] -- Searching for dependencies of ignition-gui6
[3.749s] -- Looking for ignition-math6 -- found version 6.15.0
[3.749s] -- Looking for ignition-common4 -- found version 4.7.0
[3.750s] -- Looking for ignition-plugin1 -- found version 1.4.0
[3.750s] -- Looking for ignition-transport11 -- found version 11.4.1
[3.754s] -- Looking for ignition-rendering6 -- found version 6.6.1
[3.754s] -- Searching for dependencies of ignition-rendering6
[3.755s] -- Looking for ignition-math6 -- found version 6.15.0
[3.755s] -- Searching for dependencies of ignition-math6
[3.756s] -- Searching for <ignition-math6> component [eigen3]
[3.758s] -- Looking for ignition-math6-eigen3 -- found version 6.15.0
[3.759s] -- Searching for dependencies of ignition-math6-eigen3
[3.768s] -- Looking for ignition-common4 -- found version 4.7.0
[3.768s] -- Searching for dependencies of ignition-common4
[3.769s] -- Looking for dlfcn.h - found
[3.769s] -- Looking for libdl - found
[3.780s] -- Searching for <ignition-common4> component [graphics]
[3.782s] -- Looking for ignition-common4-graphics -- found version 4.7.0
[3.783s] -- Searching for dependencies of ignition-common4-graphics
[3.783s] -- Looking for ignition-math6 -- found version 6.15.0
[3.784s] -- Looking for ignition-utils1 -- found version 1.5.1
[3.784s] -- Searching for <ignition-common4> component [events]
[3.785s] -- Looking for ignition-plugin1 -- found version 1.4.0
[3.786s] -- Searching for dependencies of ignition-plugin1
[3.786s] -- Searching for <ignition-plugin1> component [all]
[3.789s] -- Looking for all libraries of ignition-plugin1 -- found version 1.4.0
[3.790s] -- Looking for ignition-plugin1 -- found version 1.4.0
[3.793s] -- Looking for ignition-msgs8 -- found version 8.7.0
[3.819s] -- Looking for ignition-physics5 -- found version 5.3.2
[3.819s] -- Searching for dependencies of ignition-physics5
[3.820s] -- Looking for ignition-math6 -- found version 6.15.0
[3.820s] -- Looking for ignition-plugin1 -- found version 1.4.0
[3.821s] -- Looking for ignition-utils1 -- found version 1.5.1
[3.823s] -- Searching for <ignition-physics5> component [heightmap]
[3.826s] -- Looking for ignition-physics5-heightmap -- found version 5.3.2
[3.826s] -- Searching for dependencies of ignition-physics5-heightmap
[3.827s] -- Looking for ignition-common4 -- found version 4.7.0
[3.827s] -- Searching for <ignition-physics5> component [mesh]
[3.830s] -- Looking for ignition-physics5-mesh -- found version 5.3.2
[3.831s] -- Searching for dependencies of ignition-physics5-mesh
[3.832s] -- Looking for ignition-common4 -- found version 4.7.0
[3.832s] -- Searching for <ignition-physics5> component [sdf]
[3.835s] -- Looking for ignition-physics5-sdf -- found version 5.3.2
[3.836s] -- Searching for dependencies of ignition-physics5-sdf
[3.836s] -- Looking for sdformat12 -- found version 12.7.2
[3.840s] -- Looking for ignition-sensors6 -- found version 6.7.1
[3.840s] -- Searching for dependencies of ignition-sensors6
[3.860s] -- Found Protobuf: /usr/lib/x86_64-linux-gnu/libprotobuf.so (found version "3.12.4") 
[3.861s] -- Looking for ignition-math6 -- found version 6.15.0
[3.862s] -- Looking for ignition-common4 -- found version 4.7.0
[3.862s] -- Looking for ignition-transport11 -- found version 11.4.1
[3.863s] -- Looking for ignition-rendering6 -- found version 6.6.1
[3.864s] -- Looking for ignition-msgs8 -- found version 8.7.0
[3.864s] -- Looking for sdformat12 -- found version 12.7.2
[3.865s] -- Searching for <ignition-sensors6> component [air_pressure]
[3.868s] -- Looking for ignition-sensors6-air_pressure -- found version 6.7.1
[3.868s] -- Searching for dependencies of ignition-sensors6-air_pressure
[3.869s] -- Searching for <ignition-sensors6> component [altimeter]
[3.872s] -- Looking for ignition-sensors6-altimeter -- found version 6.7.1
[3.872s] -- Searching for dependencies of ignition-sensors6-altimeter
[3.874s] -- Searching for <ignition-sensors6> component [imu]
[3.879s] -- Looking for ignition-sensors6-imu -- found version 6.7.1
[3.879s] -- Searching for dependencies of ignition-sensors6-imu
[3.880s] -- Searching for <ignition-sensors6> component [force_torque]
[3.884s] -- Looking for ignition-sensors6-force_torque -- found version 6.7.1
[3.885s] -- Searching for dependencies of ignition-sensors6-force_torque
[3.886s] -- Searching for <ignition-sensors6> component [logical_camera]
[3.890s] -- Looking for ignition-sensors6-logical_camera -- found version 6.7.1
[3.890s] -- Searching for dependencies of ignition-sensors6-logical_camera
[3.891s] -- Searching for <ignition-sensors6> component [magnetometer]
[3.895s] -- Looking for ignition-sensors6-magnetometer -- found version 6.7.1
[3.895s] -- Searching for dependencies of ignition-sensors6-magnetometer
[3.896s] -- Searching for <ignition-sensors6> component [navsat]
[3.898s] -- Looking for ignition-sensors6-navsat -- found version 6.7.1
[3.899s] -- Searching for dependencies of ignition-sensors6-navsat
[3.900s] -- Searching for <ignition-sensors6> component [rendering]
[3.902s] -- Looking for ignition-sensors6-rendering -- found version 6.7.1
[3.903s] -- Searching for dependencies of ignition-sensors6-rendering
[3.904s] -- Searching for <ignition-sensors6> component [lidar]
[3.907s] -- Looking for ignition-sensors6-lidar -- found version 6.7.1
[3.907s] -- Searching for dependencies of ignition-sensors6-lidar
[3.908s] -- Looking for ignition-sensors6 -- found version 6.7.1
[3.909s] -- Searching for <ignition-sensors6> component [gpu_lidar]
[3.913s] -- Looking for ignition-sensors6-gpu_lidar -- found version 6.7.1
[3.914s] -- Searching for dependencies of ignition-sensors6-gpu_lidar
[3.914s] -- Looking for ignition-sensors6 -- found version 6.7.1
[3.915s] -- Searching for <ignition-sensors6> component [camera]
[3.919s] -- Looking for ignition-sensors6-camera -- found version 6.7.1
[3.920s] -- Searching for dependencies of ignition-sensors6-camera
[3.920s] -- Looking for ignition-sensors6 -- found version 6.7.1
[3.921s] -- Searching for <ignition-sensors6> component [boundingbox_camera]
[3.925s] -- Looking for ignition-sensors6-boundingbox_camera -- found version 6.7.1
[3.925s] -- Searching for dependencies of ignition-sensors6-boundingbox_camera
[3.926s] -- Searching for <ignition-sensors6> component [segmentation_camera]
[3.929s] -- Looking for ignition-sensors6-segmentation_camera -- found version 6.7.1
[3.930s] -- Searching for dependencies of ignition-sensors6-segmentation_camera
[3.931s] -- Searching for <ignition-sensors6> component [depth_camera]
[3.935s] -- Looking for ignition-sensors6-depth_camera -- found version 6.7.1
[3.935s] -- Searching for dependencies of ignition-sensors6-depth_camera
[3.936s] -- Looking for ignition-sensors6 -- found version 6.7.1
[3.937s] -- Searching for <ignition-sensors6> component [rgbd_camera]
[3.941s] -- Looking for ignition-sensors6-rgbd_camera -- found version 6.7.1
[3.942s] -- Searching for dependencies of ignition-sensors6-rgbd_camera
[3.942s] -- Looking for ignition-sensors6 -- found version 6.7.1
[3.943s] -- Searching for <ignition-sensors6> component [thermal_camera]
[3.946s] -- Looking for ignition-sensors6-thermal_camera -- found version 6.7.1
[3.947s] -- Searching for dependencies of ignition-sensors6-thermal_camera
[3.947s] -- Looking for ignition-sensors6 -- found version 6.7.1
[3.949s] -- Looking for ignition-rendering6 -- found version 6.6.1
[3.950s] -- Looking for ignition-math6 -- found version 6.15.0
[3.953s] -- Looking for ignition-utils1 -- found version 1.5.1
[3.975s] -- Compiling against Ignition Fortress
[3.975s] -- Looking for ignition-plugin1 -- found version 1.4.0
[4.617s] -- Found ament_lint_auto: 0.12.9 (/opt/ros/humble/share/ament_lint_auto/cmake)
[4.714s] -- Added test 'copyright' to check source files copyright and LICENSE
[4.716s] -- Added test 'cppcheck' to perform static code analysis on C / C++ code
[4.717s] -- Configured cppcheck include dirs: /catkin_ws/rover_sim_ws/src/gz_ros2_control/ign_ros2_control/include
[4.717s] -- Configured cppcheck exclude dirs and/or files: 
[4.719s] -- Added test 'cpplint' to check C / C++ code against the Google style
[4.719s] -- Configured cpplint exclude dirs and/or files: 
[4.720s] -- Added test 'lint_cmake' to check CMake code style
[4.721s] -- Added test 'uncrustify' to check C / C++ code style
[4.721s] -- Configured uncrustify additional arguments: 
[4.722s] -- Added test 'xmllint' to check XML markup files
[4.724s] -- Configuring done
[4.789s] -- Generating done
[4.792s] -- Build files have been written to: /catkin_ws/rover_sim_ws/build/ign_ros2_control
[4.816s] Invoked command in '/catkin_ws/rover_sim_ws/build/ign_ros2_control' returned '0': CMAKE_PREFIX_PATH=${CMAKE_PREFIX_PATH}:/opt/ros/humble /usr/bin/cmake /catkin_ws/rover_sim_ws/src/gz_ros2_control/ign_ros2_control -DCMAKE_INSTALL_PREFIX=/catkin_ws/rover_sim_ws/install/ign_ros2_control
[4.818s] Invoking command in '/catkin_ws/rover_sim_ws/build/ign_ros2_control': CMAKE_PREFIX_PATH=${CMAKE_PREFIX_PATH}:/opt/ros/humble /usr/bin/cmake --build /catkin_ws/rover_sim_ws/build/ign_ros2_control -- -j8 -l8
[4.870s] [ 50%] [32mBuilding CXX object CMakeFiles/ign_hardware_plugins.dir/src/ign_system.cpp.o[0m
[4.870s] [ 50%] [32mBuilding CXX object CMakeFiles/ign_ros2_control-system.dir/src/ign_ros2_control_plugin.cpp.o[0m
[59.388s] [ 75%] [32m[1mLinking CXX shared library libign_hardware_plugins.so[0m
[59.867s] [100%] [32m[1mLinking CXX shared library libign_ros2_control-system.so[0m
[63.077s] [100%] Built target ign_hardware_plugins
[63.151s] [100%] Built target ign_ros2_control-system
[63.286s] Invoked command in '/catkin_ws/rover_sim_ws/build/ign_ros2_control' returned '0': CMAKE_PREFIX_PATH=${CMAKE_PREFIX_PATH}:/opt/ros/humble /usr/bin/cmake --build /catkin_ws/rover_sim_ws/build/ign_ros2_control -- -j8 -l8
[63.303s] Invoking command in '/catkin_ws/rover_sim_ws/build/ign_ros2_control': CMAKE_PREFIX_PATH=${CMAKE_PREFIX_PATH}:/opt/ros/humble /usr/bin/cmake --install /catkin_ws/rover_sim_ws/build/ign_ros2_control
[63.418s] -- Install configuration: ""
[63.418s] -- Installing: /catkin_ws/rover_sim_ws/install/ign_ros2_control/lib/libign_hardware_plugins.so
[63.422s] -- Set runtime path of "/catkin_ws/rover_sim_ws/install/ign_ros2_control/lib/libign_hardware_plugins.so" to ""
[63.422s] -- Installing: /catkin_ws/rover_sim_ws/install/ign_ros2_control/include
[63.423s] -- Installing: /catkin_ws/rover_sim_ws/install/ign_ros2_control/include/ign_ros2_control
[63.423s] -- Installing: /catkin_ws/rover_sim_ws/install/ign_ros2_control/include/ign_ros2_control/ign_ros2_control_plugin.hpp
[63.424s] -- Installing: /catkin_ws/rover_sim_ws/install/ign_ros2_control/include/ign_ros2_control/ign_system.hpp
[63.424s] -- Installing: /catkin_ws/rover_sim_ws/install/ign_ros2_control/include/ign_ros2_control/ign_system_interface.hpp
[63.425s] -- Installing: /catkin_ws/rover_sim_ws/install/ign_ros2_control/share/ign_ros2_control/environment/library_path.sh
[63.425s] -- Installing: /catkin_ws/rover_sim_ws/install/ign_ros2_control/share/ign_ros2_control/environment/library_path.dsv
[63.425s] -- Installing: /catkin_ws/rover_sim_ws/install/ign_ros2_control/lib/libign_ros2_control-system.so
[63.429s] -- Set runtime path of "/catkin_ws/rover_sim_ws/install/ign_ros2_control/lib/libign_ros2_control-system.so" to ""
[63.430s] -- Installing: /catkin_ws/rover_sim_ws/install/ign_ros2_control/share/ign_ros2_control/ign_hardware_plugins.xml
[63.430s] -- Installing: /catkin_ws/rover_sim_ws/install/ign_ros2_control/share/ament_index/resource_index/package_run_dependencies/ign_ros2_control
[63.431s] -- Installing: /catkin_ws/rover_sim_ws/install/ign_ros2_control/share/ament_index/resource_index/parent_prefix_path/ign_ros2_control
[63.431s] -- Installing: /catkin_ws/rover_sim_ws/install/ign_ros2_control/share/ign_ros2_control/environment/ament_prefix_path.sh
[63.432s] -- Installing: /catkin_ws/rover_sim_ws/install/ign_ros2_control/share/ign_ros2_control/environment/ament_prefix_path.dsv
[63.432s] -- Installing: /catkin_ws/rover_sim_ws/install/ign_ros2_control/share/ign_ros2_control/environment/path.sh
[63.433s] -- Installing: /catkin_ws/rover_sim_ws/install/ign_ros2_control/share/ign_ros2_control/environment/path.dsv
[63.433s] -- Installing: /catkin_ws/rover_sim_ws/install/ign_ros2_control/share/ign_ros2_control/local_setup.bash
[63.434s] -- Installing: /catkin_ws/rover_sim_ws/install/ign_ros2_control/share/ign_ros2_control/local_setup.sh
[63.434s] -- Installing: /catkin_ws/rover_sim_ws/install/ign_ros2_control/share/ign_ros2_control/local_setup.zsh
[63.434s] -- Installing: /catkin_ws/rover_sim_ws/install/ign_ros2_control/share/ign_ros2_control/local_setup.dsv
[63.435s] -- Installing: /catkin_ws/rover_sim_ws/install/ign_ros2_control/share/ign_ros2_control/package.dsv
[63.436s] -- Installing: /catkin_ws/rover_sim_ws/install/ign_ros2_control/share/ament_index/resource_index/packages/ign_ros2_control
[63.436s] -- Installing: /catkin_ws/rover_sim_ws/install/ign_ros2_control/share/ament_index/resource_index/ign_ros2_control__pluginlib__plugin/ign_ros2_control
[63.437s] -- Installing: /catkin_ws/rover_sim_ws/install/ign_ros2_control/share/ign_ros2_control/cmake/ament_cmake_export_include_directories-extras.cmake
[63.437s] -- Installing: /catkin_ws/rover_sim_ws/install/ign_ros2_control/share/ign_ros2_control/cmake/ament_cmake_export_libraries-extras.cmake
[63.437s] -- Installing: /catkin_ws/rover_sim_ws/install/ign_ros2_control/share/ign_ros2_control/cmake/ign_ros2_controlConfig.cmake
[63.438s] -- Installing: /catkin_ws/rover_sim_ws/install/ign_ros2_control/share/ign_ros2_control/cmake/ign_ros2_controlConfig-version.cmake
[63.438s] -- Installing: /catkin_ws/rover_sim_ws/install/ign_ros2_control/share/ign_ros2_control/package.xml
[63.441s] Invoked command in '/catkin_ws/rover_sim_ws/build/ign_ros2_control' returned '0': CMAKE_PREFIX_PATH=${CMAKE_PREFIX_PATH}:/opt/ros/humble /usr/bin/cmake --install /catkin_ws/rover_sim_ws/build/ign_ros2_control
