[0.145s] Invoking command in '/catkin_ws/rover_sim_ws/build/ign_ros2_control_demos': CMAKE_PREFIX_PATH=/catkin_ws/rover_sim_ws/install/ign_ros2_control:/catkin_ws/rover_sim_ws/install/rover_gz:/catkin_ws/rover_sim_ws/install/ign_ros2_control_demos:/catkin_ws/rover_sim_ws/install/gz_ros2_control_tests:/opt/ros/humble /usr/bin/cmake --build /catkin_ws/rover_sim_ws/build/ign_ros2_control_demos -- -j8 -l8
[0.192s] [ 33%] Built target example_velocity
[0.192s] [ 33%] Built target example_position
[0.192s] [ 50%] Built target example_effort
[0.193s] [ 66%] Built target example_diff_drive
[0.193s] [ 83%] Built target example_tricycle_drive
[0.193s] [100%] Built target example_gripper
[0.205s] Invoked command in '/catkin_ws/rover_sim_ws/build/ign_ros2_control_demos' returned '0': CMAKE_PREFIX_PATH=/catkin_ws/rover_sim_ws/install/ign_ros2_control:/catkin_ws/rover_sim_ws/install/rover_gz:/catkin_ws/rover_sim_ws/install/ign_ros2_control_demos:/catkin_ws/rover_sim_ws/install/gz_ros2_control_tests:/opt/ros/humble /usr/bin/cmake --build /catkin_ws/rover_sim_ws/build/ign_ros2_control_demos -- -j8 -l8
[0.283s] Invoking command in '/catkin_ws/rover_sim_ws/build/ign_ros2_control_demos': CMAKE_PREFIX_PATH=/catkin_ws/rover_sim_ws/install/ign_ros2_control:/catkin_ws/rover_sim_ws/install/rover_gz:/catkin_ws/rover_sim_ws/install/ign_ros2_control_demos:/catkin_ws/rover_sim_ws/install/gz_ros2_control_tests:/opt/ros/humble /usr/bin/cmake --install /catkin_ws/rover_sim_ws/build/ign_ros2_control_demos
[0.288s] -- Install configuration: ""
[0.288s] -- Up-to-date: /catkin_ws/rover_sim_ws/install/ign_ros2_control_demos/share/ign_ros2_control_demos//launch
[0.289s] -- Up-to-date: /catkin_ws/rover_sim_ws/install/ign_ros2_control_demos/share/ign_ros2_control_demos//launch/cart_example_position.launch.py
[0.289s] -- Up-to-date: /catkin_ws/rover_sim_ws/install/ign_ros2_control_demos/share/ign_ros2_control_demos//launch/cart_example_velocity.launch.py
[0.290s] -- Up-to-date: /catkin_ws/rover_sim_ws/install/ign_ros2_control_demos/share/ign_ros2_control_demos//launch/gripper_mimic_joint_example.launch.py
[0.290s] -- Up-to-date: /catkin_ws/rover_sim_ws/install/ign_ros2_control_demos/share/ign_ros2_control_demos//launch/diff_drive_example.launch.py
[0.290s] -- Up-to-date: /catkin_ws/rover_sim_ws/install/ign_ros2_control_demos/share/ign_ros2_control_demos//launch/tricycle_drive_example.launch.py
[0.291s] -- Up-to-date: /catkin_ws/rover_sim_ws/install/ign_ros2_control_demos/share/ign_ros2_control_demos//launch/cart_example_effort.launch.py
[0.291s] -- Up-to-date: /catkin_ws/rover_sim_ws/install/ign_ros2_control_demos/share/ign_ros2_control_demos//config
[0.291s] -- Up-to-date: /catkin_ws/rover_sim_ws/install/ign_ros2_control_demos/share/ign_ros2_control_demos//config/diff_drive_controller_velocity.yaml
[0.292s] -- Up-to-date: /catkin_ws/rover_sim_ws/install/ign_ros2_control_demos/share/ign_ros2_control_demos//config/tricycle_drive_controller.yaml
[0.292s] -- Up-to-date: /catkin_ws/rover_sim_ws/install/ign_ros2_control_demos/share/ign_ros2_control_demos//config/cart_controller_position.yaml
[0.292s] -- Up-to-date: /catkin_ws/rover_sim_ws/install/ign_ros2_control_demos/share/ign_ros2_control_demos//config/cart_controller_effort.yaml
[0.293s] -- Up-to-date: /catkin_ws/rover_sim_ws/install/ign_ros2_control_demos/share/ign_ros2_control_demos//config/gripper_controller.yaml
[0.293s] -- Up-to-date: /catkin_ws/rover_sim_ws/install/ign_ros2_control_demos/share/ign_ros2_control_demos//config/cart_controller_velocity.yaml
[0.293s] -- Up-to-date: /catkin_ws/rover_sim_ws/install/ign_ros2_control_demos/share/ign_ros2_control_demos//urdf
[0.294s] -- Up-to-date: /catkin_ws/rover_sim_ws/install/ign_ros2_control_demos/share/ign_ros2_control_demos//urdf/test_cart_velocity.xacro.urdf
[0.294s] -- Up-to-date: /catkin_ws/rover_sim_ws/install/ign_ros2_control_demos/share/ign_ros2_control_demos//urdf/test_cart_position.xacro.urdf
[0.294s] -- Up-to-date: /catkin_ws/rover_sim_ws/install/ign_ros2_control_demos/share/ign_ros2_control_demos//urdf/test_gripper_mimic_joint.xacro.urdf
[0.294s] -- Up-to-date: /catkin_ws/rover_sim_ws/install/ign_ros2_control_demos/share/ign_ros2_control_demos//urdf/test_cart_effort.xacro.urdf
[0.295s] -- Up-to-date: /catkin_ws/rover_sim_ws/install/ign_ros2_control_demos/share/ign_ros2_control_demos//urdf/test_tricycle_drive.xacro.urdf
[0.295s] -- Up-to-date: /catkin_ws/rover_sim_ws/install/ign_ros2_control_demos/share/ign_ros2_control_demos//urdf/test_diff_drive.xacro.urdf
[0.295s] -- Up-to-date: /catkin_ws/rover_sim_ws/install/ign_ros2_control_demos/lib/ign_ros2_control_demos/example_position
[0.295s] -- Up-to-date: /catkin_ws/rover_sim_ws/install/ign_ros2_control_demos/lib/ign_ros2_control_demos/example_velocity
[0.296s] -- Up-to-date: /catkin_ws/rover_sim_ws/install/ign_ros2_control_demos/lib/ign_ros2_control_demos/example_effort
[0.296s] -- Up-to-date: /catkin_ws/rover_sim_ws/install/ign_ros2_control_demos/lib/ign_ros2_control_demos/example_diff_drive
[0.297s] -- Up-to-date: /catkin_ws/rover_sim_ws/install/ign_ros2_control_demos/lib/ign_ros2_control_demos/example_tricycle_drive
[0.297s] -- Up-to-date: /catkin_ws/rover_sim_ws/install/ign_ros2_control_demos/lib/ign_ros2_control_demos/example_gripper
[0.298s] -- Up-to-date: /catkin_ws/rover_sim_ws/install/ign_ros2_control_demos/share/ament_index/resource_index/package_run_dependencies/ign_ros2_control_demos
[0.298s] -- Up-to-date: /catkin_ws/rover_sim_ws/install/ign_ros2_control_demos/share/ament_index/resource_index/parent_prefix_path/ign_ros2_control_demos
[0.299s] -- Up-to-date: /catkin_ws/rover_sim_ws/install/ign_ros2_control_demos/share/ign_ros2_control_demos/environment/ament_prefix_path.sh
[0.299s] -- Up-to-date: /catkin_ws/rover_sim_ws/install/ign_ros2_control_demos/share/ign_ros2_control_demos/environment/ament_prefix_path.dsv
[0.299s] -- Up-to-date: /catkin_ws/rover_sim_ws/install/ign_ros2_control_demos/share/ign_ros2_control_demos/environment/path.sh
[0.299s] -- Up-to-date: /catkin_ws/rover_sim_ws/install/ign_ros2_control_demos/share/ign_ros2_control_demos/environment/path.dsv
[0.299s] -- Up-to-date: /catkin_ws/rover_sim_ws/install/ign_ros2_control_demos/share/ign_ros2_control_demos/local_setup.bash
[0.300s] -- Up-to-date: /catkin_ws/rover_sim_ws/install/ign_ros2_control_demos/share/ign_ros2_control_demos/local_setup.sh
[0.300s] -- Up-to-date: /catkin_ws/rover_sim_ws/install/ign_ros2_control_demos/share/ign_ros2_control_demos/local_setup.zsh
[0.300s] -- Up-to-date: /catkin_ws/rover_sim_ws/install/ign_ros2_control_demos/share/ign_ros2_control_demos/local_setup.dsv
[0.301s] -- Installing: /catkin_ws/rover_sim_ws/install/ign_ros2_control_demos/share/ign_ros2_control_demos/package.dsv
[0.301s] -- Up-to-date: /catkin_ws/rover_sim_ws/install/ign_ros2_control_demos/share/ament_index/resource_index/packages/ign_ros2_control_demos
[0.302s] -- Up-to-date: /catkin_ws/rover_sim_ws/install/ign_ros2_control_demos/share/ign_ros2_control_demos/cmake/ign_ros2_control_demosConfig.cmake
[0.302s] -- Up-to-date: /catkin_ws/rover_sim_ws/install/ign_ros2_control_demos/share/ign_ros2_control_demos/cmake/ign_ros2_control_demosConfig-version.cmake
[0.302s] -- Up-to-date: /catkin_ws/rover_sim_ws/install/ign_ros2_control_demos/share/ign_ros2_control_demos/package.xml
[0.302s] Invoked command in '/catkin_ws/rover_sim_ws/build/ign_ros2_control_demos' returned '0': CMAKE_PREFIX_PATH=/catkin_ws/rover_sim_ws/install/ign_ros2_control:/catkin_ws/rover_sim_ws/install/rover_gz:/catkin_ws/rover_sim_ws/install/ign_ros2_control_demos:/catkin_ws/rover_sim_ws/install/gz_ros2_control_tests:/opt/ros/humble /usr/bin/cmake --install /catkin_ws/rover_sim_ws/build/ign_ros2_control_demos
