[0.101s] Invoking command in '/catkin_ws/rover_sim_ws/build/turtlebot3_fake_node': CMAKE_PREFIX_PATH=/opt/ros/humble /usr/bin/cmake /catkin_ws/rover_sim_ws/src/turtlebot3_simulations/turtlebot3_fake_node -DCMAKE_INSTALL_PREFIX=/catkin_ws/rover_sim_ws/install/turtlebot3_fake_node
[0.127s] -- Found ament_cmake: 1.3.6 (/opt/ros/humble/share/ament_cmake/cmake)
[0.323s] -- Found geometry_msgs: 4.2.3 (/opt/ros/humble/share/geometry_msgs/cmake)
[0.351s] -- Found rosidl_generator_c: 3.1.5 (/opt/ros/humble/share/rosidl_generator_c/cmake)
[0.354s] -- Found rosidl_adapter: 3.1.5 (/opt/ros/humble/share/rosidl_adapter/cmake)
[0.363s] -- Found rosidl_generator_cpp: 3.1.5 (/opt/ros/humble/share/rosidl_generator_cpp/cmake)
[0.387s] -- Using all available rosidl_typesupport_c: rosidl_typesupport_fastrtps_c;rosidl_typesupport_introspection_c
[0.422s] -- Using all available rosidl_typesupport_cpp: rosidl_typesupport_fastrtps_cpp;rosidl_typesupport_introspection_cpp
[0.601s] -- Found nav_msgs: 4.2.3 (/opt/ros/humble/share/nav_msgs/cmake)
[0.714s] -- Found rclcpp: 16.0.7 (/opt/ros/humble/share/rclcpp/cmake)
[0.776s] -- Found rmw_implementation_cmake: 6.1.1 (/opt/ros/humble/share/rmw_implementation_cmake/cmake)
[0.777s] -- Found rmw_fastrtps_cpp: 6.2.5 (/opt/ros/humble/share/rmw_fastrtps_cpp/cmake)
[0.921s] -- Using RMW implementation 'rmw_fastrtps_cpp' as default
[1.090s] -- Found sensor_msgs: 4.2.3 (/opt/ros/humble/share/sensor_msgs/cmake)
[1.186s] -- Found tf2: 0.25.5 (/opt/ros/humble/share/tf2/cmake)
[1.194s] -- Found tf2_msgs: 0.25.5 (/opt/ros/humble/share/tf2_msgs/cmake)
[1.457s] [31mCMake Error at CMakeLists.txt:25 (find_package):
[1.457s]   By not providing "Findturtlebot3_msgs.cmake" in CMAKE_MODULE_PATH this
[1.457s]   project has asked CMake to find a package configuration file provided by
[1.457s]   "turtlebot3_msgs", but CMake did not find one.
[1.458s] 
[1.458s]   Could not find a package configuration file provided by "turtlebot3_msgs"
[1.458s]   with any of the following names:
[1.458s] 
[1.458s]     turtlebot3_msgsConfig.cmake
[1.458s]     turtlebot3_msgs-config.cmake
[1.458s] 
[1.458s]   Add the installation prefix of "turtlebot3_msgs" to CMAKE_PREFIX_PATH or
[1.458s]   set "turtlebot3_msgs_DIR" to a directory containing one of the above files.
[1.458s]   If "turtlebot3_msgs" provides a separate development package or SDK, be
[1.458s]   sure it has been installed.
[1.458s] 
[1.458s] [0m
[1.458s] -- Configuring incomplete, errors occurred!
[1.458s] See also "/catkin_ws/rover_sim_ws/build/turtlebot3_fake_node/CMakeFiles/CMakeOutput.log".
[1.465s] Invoked command in '/catkin_ws/rover_sim_ws/build/turtlebot3_fake_node' returned '1': CMAKE_PREFIX_PATH=/opt/ros/humble /usr/bin/cmake /catkin_ws/rover_sim_ws/src/turtlebot3_simulations/turtlebot3_fake_node -DCMAKE_INSTALL_PREFIX=/catkin_ws/rover_sim_ws/install/turtlebot3_fake_node
