[0.139s] Invoking command in '/catkin_ws/rover_sim_ws/build/turtlebot3_gazebo': CMAKE_PREFIX_PATH=/opt/ros/humble /usr/bin/cmake /catkin_ws/rover_sim_ws/src/turtlebot3_simulations/turtlebot3_gazebo -DCMAKE_INSTALL_PREFIX=/catkin_ws/rover_sim_ws/install/turtlebot3_gazebo
[0.768s] -- The C compiler identification is GNU 11.4.0
[2.577s] -- The CXX compiler identification is GNU 11.4.0
[2.606s] -- Detecting C compiler ABI info
[2.726s] -- Detecting C compiler ABI info - done
[2.733s] -- Check for working C compiler: /usr/bin/cc - skipped
[2.734s] -- Detecting C compile features
[2.737s] -- Detecting C compile features - done
[2.743s] -- Detecting CXX compiler ABI info
[2.853s] -- Detecting CXX compiler ABI info - done
[2.862s] -- Check for working CXX compiler: /usr/bin/c++ - skipped
[2.862s] -- Detecting CXX compile features
[2.863s] -- Detecting CXX compile features - done
[2.904s] -- Found ament_cmake: 1.3.6 (/opt/ros/humble/share/ament_cmake/cmake)
[3.147s] -- Found Python3: /usr/bin/python3.10 (found version "3.10.12") found components: Interpreter 
[3.440s] [33mCMake Warning (dev) at /usr/share/cmake-3.22/Modules/FindPackageHandleStandardArgs.cmake:438 (message):
[3.440s]   The package name passed to `find_package_handle_standard_args` (PkgConfig)
[3.440s]   does not match the name of the calling package (gazebo).  This can lead to
[3.440s]   problems in calling code that expects `find_package` result variables
[3.440s]   (e.g., `_FOUND`) to follow a certain pattern.
[3.441s] Call Stack (most recent call first):
[3.441s]   /usr/share/cmake-3.22/Modules/FindPkgConfig.cmake:99 (find_package_handle_standard_args)
[3.441s]   /usr/lib/x86_64-linux-gnu/cmake/gazebo/gazebo-config.cmake:72 (include)
[3.441s]   CMakeLists.txt:23 (find_package)
[3.441s] This warning is for project developers.  Use -Wno-dev to suppress it.
[3.441s] [0m
[3.441s] -- Found PkgConfig: /usr/bin/pkg-config (found version "0.29.2") 
[3.445s] -- Checking for module 'bullet>=2.82'
[3.482s] --   Found bullet, version 3.05
[3.649s] -- Found fcl: /usr/include (found suitable version "0.7.0", minimum required is "0.5.0") 
[3.708s] -- Found assimp: /usr/include (found version "5.2.0") 
[3.810s] -- Found DART: /usr/include (Required is at least version "6.6") found components: dart 
[4.450s] -- Found Boost: /usr/lib/x86_64-linux-gnu/cmake/Boost-1.74.0/BoostConfig.cmake (found suitable version "1.74.0", minimum required is "1.40.0") found components: thread system filesystem program_options regex iostreams date_time 
[4.514s] -- Found Protobuf: /usr/lib/x86_64-linux-gnu/libprotobuf.so (found version "3.12.4") 
[4.529s] -- Looking for ignition-math6 -- found version 6.15.0
[4.560s] -- Searching for dependencies of ignition-math6
[4.572s] -- Looking for OGRE...
[4.573s] -- OGRE_PREFIX_WATCH changed.
[4.579s] -- Checking for module 'OGRE'
[4.595s] --   Found OGRE, version 1.9.0
[4.633s] -- Found Ogre Ghadamon (1.9.0)
[4.651s] -- Found OGRE: optimized;/usr/lib/x86_64-linux-gnu/libOgreMain.so;debug;/usr/lib/x86_64-linux-gnu/libOgreMain.so
[4.668s] -- Looking for OGRE_Paging...
[4.673s] -- Found OGRE_Paging: optimized;/usr/lib/x86_64-linux-gnu/libOgrePaging.so;debug;/usr/lib/x86_64-linux-gnu/libOgrePaging.so
[4.674s] -- Looking for OGRE_Terrain...
[4.679s] -- Found OGRE_Terrain: optimized;/usr/lib/x86_64-linux-gnu/libOgreTerrain.so;debug;/usr/lib/x86_64-linux-gnu/libOgreTerrain.so
[4.679s] -- Looking for OGRE_Property...
[4.688s] -- Found OGRE_Property: optimized;/usr/lib/x86_64-linux-gnu/libOgreProperty.so;debug;/usr/lib/x86_64-linux-gnu/libOgreProperty.so
[4.688s] -- Looking for OGRE_RTShaderSystem...
[4.695s] -- Found OGRE_RTShaderSystem: optimized;/usr/lib/x86_64-linux-gnu/libOgreRTShaderSystem.so;debug;/usr/lib/x86_64-linux-gnu/libOgreRTShaderSystem.so
[4.695s] -- Looking for OGRE_Volume...
[4.701s] -- Found OGRE_Volume: optimized;/usr/lib/x86_64-linux-gnu/libOgreVolume.so;debug;/usr/lib/x86_64-linux-gnu/libOgreVolume.so
[4.701s] -- Looking for OGRE_Overlay...
[4.710s] -- Found OGRE_Overlay: optimized;/usr/lib/x86_64-linux-gnu/libOgreOverlay.so;debug;/usr/lib/x86_64-linux-gnu/libOgreOverlay.so
[4.924s] -- Looking for ignition-math6 -- found version 6.15.0
[4.930s] -- Looking for ignition-transport8 -- found version 8.2.1
[4.930s] -- Searching for dependencies of ignition-transport8
[4.952s] -- Found Protobuf: /usr/lib/x86_64-linux-gnu/libprotobuf.so (found suitable version "3.12.4", minimum required is "3") 
[4.972s] -- Config-file not installed for ZeroMQ -- checking for pkg-config
[4.978s] -- Checking for module 'libzmq >= 4'
[5.002s] --   Found libzmq , version 4.3.4
[5.043s] -- Found ZeroMQ: TRUE (Required is at least version "4") 
[5.058s] -- Checking for module 'uuid'
[5.075s] --   Found uuid, version 2.37.2
[5.114s] -- Found UUID: TRUE  
[5.122s] -- Looking for ignition-msgs5 -- found version 5.8.1
[5.123s] -- Searching for dependencies of ignition-msgs5
[5.152s] -- Looking for ignition-math6 -- found version 6.15.0
[5.164s] -- Checking for module 'tinyxml2'
[5.196s] --   Found tinyxml2, version 9.0.0
[5.232s] -- Looking for ignition-msgs5 -- found version 5.8.1
[5.241s] -- Looking for ignition-common3 -- found version 3.14.0
[5.242s] -- Searching for dependencies of ignition-common3
[5.244s] -- Looking for dlfcn.h - found
[5.245s] -- Looking for libdl - found
[5.247s] -- Found DL: TRUE  
[5.268s] -- Found tinyobjloader: /usr/lib/x86_64-linux-gnu/cmake/tinyobjloader/tinyobjloader-config.cmake (found version "2.0.0") 
[5.269s] -- Searching for <ignition-common3> component [graphics]
[5.280s] -- Looking for ignition-common3-graphics -- found version 3.14.0
[5.280s] -- Searching for dependencies of ignition-common3-graphics
[5.281s] -- Looking for ignition-math6 -- found version 6.15.0
[5.294s] -- Looking for ignition-fuel_tools4 -- found version 4.4.0
[5.295s] -- Searching for dependencies of ignition-fuel_tools4
[5.385s] -- Found CURL: /usr/lib/x86_64-linux-gnu/libcurl.so (found version "7.81.0")  
[5.398s] -- Checking for module 'jsoncpp'
[5.413s] --   Found jsoncpp, version 1.9.5
[5.438s] -- Found JSONCPP: TRUE  
[5.453s] -- Checking for module 'libzip'
[5.468s] --   Found libzip, version 1.7.3
[5.501s] -- Found ZIP: TRUE  
[5.501s] -- Looking for ignition-common3 -- found version 3.14.0
[5.502s] -- Looking for ignition-math6 -- found version 6.15.0
[5.502s] -- Looking for ignition-msgs5 -- found version 5.8.1
[5.531s] [31mCMake Error at CMakeLists.txt:24 (find_package):
[5.531s]   By not providing "Findgazebo_ros_pkgs.cmake" in CMAKE_MODULE_PATH this
[5.531s]   project has asked CMake to find a package configuration file provided by
[5.531s]   "gazebo_ros_pkgs", but CMake did not find one.
[5.531s] 
[5.531s]   Could not find a package configuration file provided by "gazebo_ros_pkgs"
[5.531s]   with any of the following names:
[5.532s] 
[5.532s]     gazebo_ros_pkgsConfig.cmake
[5.532s]     gazebo_ros_pkgs-config.cmake
[5.532s] 
[5.532s]   Add the installation prefix of "gazebo_ros_pkgs" to CMAKE_PREFIX_PATH or
[5.532s]   set "gazebo_ros_pkgs_DIR" to a directory containing one of the above files.
[5.532s]   If "gazebo_ros_pkgs" provides a separate development package or SDK, be
[5.532s]   sure it has been installed.
[5.533s] 
[5.533s] [0m
[5.533s] -- Configuring incomplete, errors occurred!
[5.533s] See also "/catkin_ws/rover_sim_ws/build/turtlebot3_gazebo/CMakeFiles/CMakeOutput.log".
[5.545s] Invoked command in '/catkin_ws/rover_sim_ws/build/turtlebot3_gazebo' returned '1': CMAKE_PREFIX_PATH=/opt/ros/humble /usr/bin/cmake /catkin_ws/rover_sim_ws/src/turtlebot3_simulations/turtlebot3_gazebo -DCMAKE_INSTALL_PREFIX=/catkin_ws/rover_sim_ws/install/turtlebot3_gazebo
