[0.167s] Invoking command in '/catkin_ws/rover_sim_ws/build/turtlebot3_simulations': AMENT_PREFIX_PATH=/catkin_ws/rover_sim_ws/install/turtlebot3_fake_node:/catkin_ws/rover_sim_ws/install/turtlebot3_msgs:/catkin_ws/rover_sim_ws/install/turtlebot3_gazebo:${AMENT_PREFIX_PATH} CMAKE_PREFIX_PATH=/catkin_ws/rover_sim_ws/install/turtlebot3_fake_node:/catkin_ws/rover_sim_ws/install/turtlebot3_msgs:/catkin_ws/rover_sim_ws/install/turtlebot3_gazebo:/opt/ros/humble LD_LIBRARY_PATH=/catkin_ws/rover_sim_ws/install/turtlebot3_msgs/lib:${LD_LIBRARY_PATH} PYTHONPATH=/catkin_ws/rover_sim_ws/install/turtlebot3_msgs/local/lib/python3.10/dist-packages:${PYTHONPATH} /usr/bin/cmake /catkin_ws/rover_sim_ws/src/turtlebot3_simulations/turtlebot3_simulations -DCMAKE_INSTALL_PREFIX=/catkin_ws/rover_sim_ws/install/turtlebot3_simulations
[0.479s] -- The C compiler identification is GNU 11.4.0
[0.567s] -- The CXX compiler identification is GNU 11.4.0
[0.584s] -- Detecting C compiler ABI info
[0.687s] -- Detecting C compiler ABI info - done
[0.700s] -- Check for working C compiler: /usr/bin/cc - skipped
[0.703s] -- Detecting C compile features
[0.706s] -- Detecting C compile features - done
[0.711s] -- Detecting CXX compiler ABI info
[0.829s] -- Detecting CXX compiler ABI info - done
[0.839s] -- Check for working CXX compiler: /usr/bin/c++ - skipped
[0.839s] -- Detecting CXX compile features
[0.840s] -- Detecting CXX compile features - done
[0.857s] -- Found ament_cmake: 1.3.6 (/opt/ros/humble/share/ament_cmake/cmake)
[1.124s] -- Found Python3: /usr/bin/python3.10 (found version "3.10.12") found components: Interpreter 
[1.534s] -- Configuring done
[1.545s] -- Generating done
[1.547s] -- Build files have been written to: /catkin_ws/rover_sim_ws/build/turtlebot3_simulations
[1.555s] Invoked command in '/catkin_ws/rover_sim_ws/build/turtlebot3_simulations' returned '0': AMENT_PREFIX_PATH=/catkin_ws/rover_sim_ws/install/turtlebot3_fake_node:/catkin_ws/rover_sim_ws/install/turtlebot3_msgs:/catkin_ws/rover_sim_ws/install/turtlebot3_gazebo:${AMENT_PREFIX_PATH} CMAKE_PREFIX_PATH=/catkin_ws/rover_sim_ws/install/turtlebot3_fake_node:/catkin_ws/rover_sim_ws/install/turtlebot3_msgs:/catkin_ws/rover_sim_ws/install/turtlebot3_gazebo:/opt/ros/humble LD_LIBRARY_PATH=/catkin_ws/rover_sim_ws/install/turtlebot3_msgs/lib:${LD_LIBRARY_PATH} PYTHONPATH=/catkin_ws/rover_sim_ws/install/turtlebot3_msgs/local/lib/python3.10/dist-packages:${PYTHONPATH} /usr/bin/cmake /catkin_ws/rover_sim_ws/src/turtlebot3_simulations/turtlebot3_simulations -DCMAKE_INSTALL_PREFIX=/catkin_ws/rover_sim_ws/install/turtlebot3_simulations
[1.560s] Invoking command in '/catkin_ws/rover_sim_ws/build/turtlebot3_simulations': AMENT_PREFIX_PATH=/catkin_ws/rover_sim_ws/install/turtlebot3_fake_node:/catkin_ws/rover_sim_ws/install/turtlebot3_msgs:/catkin_ws/rover_sim_ws/install/turtlebot3_gazebo:${AMENT_PREFIX_PATH} CMAKE_PREFIX_PATH=/catkin_ws/rover_sim_ws/install/turtlebot3_fake_node:/catkin_ws/rover_sim_ws/install/turtlebot3_msgs:/catkin_ws/rover_sim_ws/install/turtlebot3_gazebo:/opt/ros/humble LD_LIBRARY_PATH=/catkin_ws/rover_sim_ws/install/turtlebot3_msgs/lib:${LD_LIBRARY_PATH} PYTHONPATH=/catkin_ws/rover_sim_ws/install/turtlebot3_msgs/local/lib/python3.10/dist-packages:${PYTHONPATH} /usr/bin/cmake --build /catkin_ws/rover_sim_ws/build/turtlebot3_simulations -- -j8 -l8
[1.607s] Invoked command in '/catkin_ws/rover_sim_ws/build/turtlebot3_simulations' returned '0': AMENT_PREFIX_PATH=/catkin_ws/rover_sim_ws/install/turtlebot3_fake_node:/catkin_ws/rover_sim_ws/install/turtlebot3_msgs:/catkin_ws/rover_sim_ws/install/turtlebot3_gazebo:${AMENT_PREFIX_PATH} CMAKE_PREFIX_PATH=/catkin_ws/rover_sim_ws/install/turtlebot3_fake_node:/catkin_ws/rover_sim_ws/install/turtlebot3_msgs:/catkin_ws/rover_sim_ws/install/turtlebot3_gazebo:/opt/ros/humble LD_LIBRARY_PATH=/catkin_ws/rover_sim_ws/install/turtlebot3_msgs/lib:${LD_LIBRARY_PATH} PYTHONPATH=/catkin_ws/rover_sim_ws/install/turtlebot3_msgs/local/lib/python3.10/dist-packages:${PYTHONPATH} /usr/bin/cmake --build /catkin_ws/rover_sim_ws/build/turtlebot3_simulations -- -j8 -l8
[1.637s] Invoking command in '/catkin_ws/rover_sim_ws/build/turtlebot3_simulations': AMENT_PREFIX_PATH=/catkin_ws/rover_sim_ws/install/turtlebot3_fake_node:/catkin_ws/rover_sim_ws/install/turtlebot3_msgs:/catkin_ws/rover_sim_ws/install/turtlebot3_gazebo:${AMENT_PREFIX_PATH} CMAKE_PREFIX_PATH=/catkin_ws/rover_sim_ws/install/turtlebot3_fake_node:/catkin_ws/rover_sim_ws/install/turtlebot3_msgs:/catkin_ws/rover_sim_ws/install/turtlebot3_gazebo:/opt/ros/humble LD_LIBRARY_PATH=/catkin_ws/rover_sim_ws/install/turtlebot3_msgs/lib:${LD_LIBRARY_PATH} PYTHONPATH=/catkin_ws/rover_sim_ws/install/turtlebot3_msgs/local/lib/python3.10/dist-packages:${PYTHONPATH} /usr/bin/cmake --install /catkin_ws/rover_sim_ws/build/turtlebot3_simulations
[1.647s] -- Install configuration: ""
[1.648s] -- Installing: /catkin_ws/rover_sim_ws/install/turtlebot3_simulations/share/ament_index/resource_index/package_run_dependencies/turtlebot3_simulations
[1.649s] -- Installing: /catkin_ws/rover_sim_ws/install/turtlebot3_simulations/share/ament_index/resource_index/parent_prefix_path/turtlebot3_simulations
[1.650s] -- Installing: /catkin_ws/rover_sim_ws/install/turtlebot3_simulations/share/turtlebot3_simulations/environment/ament_prefix_path.sh
[1.650s] -- Installing: /catkin_ws/rover_sim_ws/install/turtlebot3_simulations/share/turtlebot3_simulations/environment/ament_prefix_path.dsv
[1.650s] -- Installing: /catkin_ws/rover_sim_ws/install/turtlebot3_simulations/share/turtlebot3_simulations/environment/path.sh
[1.651s] -- Installing: /catkin_ws/rover_sim_ws/install/turtlebot3_simulations/share/turtlebot3_simulations/environment/path.dsv
[1.651s] -- Installing: /catkin_ws/rover_sim_ws/install/turtlebot3_simulations/share/turtlebot3_simulations/local_setup.bash
[1.651s] -- Installing: /catkin_ws/rover_sim_ws/install/turtlebot3_simulations/share/turtlebot3_simulations/local_setup.sh
[1.651s] -- Installing: /catkin_ws/rover_sim_ws/install/turtlebot3_simulations/share/turtlebot3_simulations/local_setup.zsh
[1.652s] -- Installing: /catkin_ws/rover_sim_ws/install/turtlebot3_simulations/share/turtlebot3_simulations/local_setup.dsv
[1.652s] -- Installing: /catkin_ws/rover_sim_ws/install/turtlebot3_simulations/share/turtlebot3_simulations/package.dsv
[1.653s] -- Installing: /catkin_ws/rover_sim_ws/install/turtlebot3_simulations/share/ament_index/resource_index/packages/turtlebot3_simulations
[1.653s] -- Installing: /catkin_ws/rover_sim_ws/install/turtlebot3_simulations/share/turtlebot3_simulations/cmake/turtlebot3_simulationsConfig.cmake
[1.654s] -- Installing: /catkin_ws/rover_sim_ws/install/turtlebot3_simulations/share/turtlebot3_simulations/cmake/turtlebot3_simulationsConfig-version.cmake
[1.654s] -- Installing: /catkin_ws/rover_sim_ws/install/turtlebot3_simulations/share/turtlebot3_simulations/package.xml
[1.657s] Invoked command in '/catkin_ws/rover_sim_ws/build/turtlebot3_simulations' returned '0': AMENT_PREFIX_PATH=/catkin_ws/rover_sim_ws/install/turtlebot3_fake_node:/catkin_ws/rover_sim_ws/install/turtlebot3_msgs:/catkin_ws/rover_sim_ws/install/turtlebot3_gazebo:${AMENT_PREFIX_PATH} CMAKE_PREFIX_PATH=/catkin_ws/rover_sim_ws/install/turtlebot3_fake_node:/catkin_ws/rover_sim_ws/install/turtlebot3_msgs:/catkin_ws/rover_sim_ws/install/turtlebot3_gazebo:/opt/ros/humble LD_LIBRARY_PATH=/catkin_ws/rover_sim_ws/install/turtlebot3_msgs/lib:${LD_LIBRARY_PATH} PYTHONPATH=/catkin_ws/rover_sim_ws/install/turtlebot3_msgs/local/lib/python3.10/dist-packages:${PYTHONPATH} /usr/bin/cmake --install /catkin_ws/rover_sim_ws/build/turtlebot3_simulations
