[1.139s] DEBUG:colcon:Command line arguments: ['/usr/bin/colcon', 'build']
[1.140s] DEBUG:colcon:Parsed command line arguments: Namespace(log_base=None, log_level=None, verb_name='build', build_base='build', install_base='install', merge_install=False, symlink_install=False, test_result_base=None, continue_on_error=False, executor='parallel', parallel_workers=8, event_handlers=None, ignore_user_meta=False, metas=['./colcon.meta'], base_paths=['.'], packages_ignore=None, packages_ignore_regex=None, paths=None, packages_up_to=None, packages_up_to_regex=None, packages_above=None, packages_above_and_dependencies=None, packages_above_depth=None, packages_select_by_dep=None, packages_skip_by_dep=None, packages_skip_up_to=None, packages_select_build_failed=False, packages_skip_build_finished=False, packages_select_test_failures=False, packages_skip_test_passed=False, packages_select=None, packages_skip=None, packages_select_regex=None, packages_skip_regex=None, packages_start=None, packages_end=None, cmake_args=None, cmake_target=None, cmake_target_skip_unavailable=False, cmake_clean_cache=False, cmake_clean_first=False, cmake_force_configure=False, ament_cmake_args=None, catkin_cmake_args=None, catkin_skip_building_tests=False, mixin_files=None, mixin=None, verb_parser=<colcon_mixin.mixin.mixin_argument.MixinArgumentDecorator object at 0x7f76a43e9360>, verb_extension=<colcon_core.verb.build.BuildVerb object at 0x7f76a4393d60>, main=<bound method BuildVerb.main of <colcon_core.verb.build.BuildVerb object at 0x7f76a4393d60>>, mixin_verb=('build',))
[1.184s] Level 1:colcon.colcon_core.package_discovery:discover_packages(colcon_meta) check parameters
[1.185s] INFO:colcon.colcon_metadata.package_discovery.colcon_meta:Using configuration from '/root/.colcon/metadata/default/Gazebo.meta'
[1.185s] INFO:colcon.colcon_metadata.package_discovery.colcon_meta:Using configuration from '/root/.colcon/metadata/default/fastrtps.meta'
[1.185s] Level 1:colcon.colcon_core.package_discovery:discover_packages(recursive) check parameters
[1.185s] Level 1:colcon.colcon_core.package_discovery:discover_packages(ignore) check parameters
[1.185s] Level 1:colcon.colcon_core.package_discovery:discover_packages(path) check parameters
[1.185s] Level 1:colcon.colcon_core.package_discovery:discover_packages(colcon_meta) discover
[1.186s] Level 1:colcon.colcon_core.package_discovery:discover_packages(recursive) discover
[1.186s] INFO:colcon.colcon_core.package_discovery:Crawling recursively for packages in '/catkin_ws/rover_sim_ws'
[1.186s] Level 1:colcon.colcon_core.package_identification:_identify(.) by extensions ['ignore', 'ignore_ament_install']
[1.186s] Level 1:colcon.colcon_core.package_identification:_identify(.) by extension 'ignore'
[1.186s] Level 1:colcon.colcon_core.package_identification:_identify(.) by extension 'ignore_ament_install'
[1.186s] Level 1:colcon.colcon_core.package_identification:_identify(.) by extensions ['colcon_pkg']
[1.186s] Level 1:colcon.colcon_core.package_identification:_identify(.) by extension 'colcon_pkg'
[1.186s] Level 1:colcon.colcon_core.package_identification:_identify(.) by extensions ['colcon_meta']
[1.186s] Level 1:colcon.colcon_core.package_identification:_identify(.) by extension 'colcon_meta'
[1.186s] Level 1:colcon.colcon_core.package_identification:_identify(.) by extensions ['ros']
[1.186s] Level 1:colcon.colcon_core.package_identification:_identify(.) by extension 'ros'
[1.199s] Level 1:colcon.colcon_core.package_identification:_identify(.) by extensions ['cmake', 'python']
[1.199s] Level 1:colcon.colcon_core.package_identification:_identify(.) by extension 'cmake'
[1.199s] Level 1:colcon.colcon_core.package_identification:_identify(.) by extension 'python'
[1.199s] Level 1:colcon.colcon_core.package_identification:_identify(.) by extensions ['python_setup_py']
[1.199s] Level 1:colcon.colcon_core.package_identification:_identify(.) by extension 'python_setup_py'
[1.199s] Level 1:colcon.colcon_core.package_identification:_identify(build) by extensions ['ignore', 'ignore_ament_install']
[1.199s] Level 1:colcon.colcon_core.package_identification:_identify(build) by extension 'ignore'
[1.200s] Level 1:colcon.colcon_core.package_identification:_identify(build) ignored
[1.200s] Level 1:colcon.colcon_core.package_identification:_identify(install) by extensions ['ignore', 'ignore_ament_install']
[1.200s] Level 1:colcon.colcon_core.package_identification:_identify(install) by extension 'ignore'
[1.200s] Level 1:colcon.colcon_core.package_identification:_identify(install) ignored
[1.200s] Level 1:colcon.colcon_core.package_identification:_identify(log) by extensions ['ignore', 'ignore_ament_install']
[1.200s] Level 1:colcon.colcon_core.package_identification:_identify(log) by extension 'ignore'
[1.200s] Level 1:colcon.colcon_core.package_identification:_identify(log) ignored
[1.200s] Level 1:colcon.colcon_core.package_identification:_identify(src) by extensions ['ignore', 'ignore_ament_install']
[1.200s] Level 1:colcon.colcon_core.package_identification:_identify(src) by extension 'ignore'
[1.200s] Level 1:colcon.colcon_core.package_identification:_identify(src) by extension 'ignore_ament_install'
[1.200s] Level 1:colcon.colcon_core.package_identification:_identify(src) by extensions ['colcon_pkg']
[1.201s] Level 1:colcon.colcon_core.package_identification:_identify(src) by extension 'colcon_pkg'
[1.201s] Level 1:colcon.colcon_core.package_identification:_identify(src) by extensions ['colcon_meta']
[1.201s] Level 1:colcon.colcon_core.package_identification:_identify(src) by extension 'colcon_meta'
[1.201s] Level 1:colcon.colcon_core.package_identification:_identify(src) by extensions ['ros']
[1.201s] Level 1:colcon.colcon_core.package_identification:_identify(src) by extension 'ros'
[1.201s] Level 1:colcon.colcon_core.package_identification:_identify(src) by extensions ['cmake', 'python']
[1.201s] Level 1:colcon.colcon_core.package_identification:_identify(src) by extension 'cmake'
[1.201s] Level 1:colcon.colcon_core.package_identification:_identify(src) by extension 'python'
[1.201s] Level 1:colcon.colcon_core.package_identification:_identify(src) by extensions ['python_setup_py']
[1.201s] Level 1:colcon.colcon_core.package_identification:_identify(src) by extension 'python_setup_py'
[1.201s] Level 1:colcon.colcon_core.package_identification:_identify(src/build) by extensions ['ignore', 'ignore_ament_install']
[1.201s] Level 1:colcon.colcon_core.package_identification:_identify(src/build) by extension 'ignore'
[1.201s] Level 1:colcon.colcon_core.package_identification:_identify(src/build) ignored
[1.201s] Level 1:colcon.colcon_core.package_identification:_identify(src/gz_ros2_control) by extensions ['ignore', 'ignore_ament_install']
[1.202s] Level 1:colcon.colcon_core.package_identification:_identify(src/gz_ros2_control) by extension 'ignore'
[1.202s] Level 1:colcon.colcon_core.package_identification:_identify(src/gz_ros2_control) by extension 'ignore_ament_install'
[1.202s] Level 1:colcon.colcon_core.package_identification:_identify(src/gz_ros2_control) by extensions ['colcon_pkg']
[1.202s] Level 1:colcon.colcon_core.package_identification:_identify(src/gz_ros2_control) by extension 'colcon_pkg'
[1.202s] Level 1:colcon.colcon_core.package_identification:_identify(src/gz_ros2_control) by extensions ['colcon_meta']
[1.202s] Level 1:colcon.colcon_core.package_identification:_identify(src/gz_ros2_control) by extension 'colcon_meta'
[1.202s] Level 1:colcon.colcon_core.package_identification:_identify(src/gz_ros2_control) by extensions ['ros']
[1.202s] Level 1:colcon.colcon_core.package_identification:_identify(src/gz_ros2_control) by extension 'ros'
[1.202s] Level 1:colcon.colcon_core.package_identification:_identify(src/gz_ros2_control) by extensions ['cmake', 'python']
[1.202s] Level 1:colcon.colcon_core.package_identification:_identify(src/gz_ros2_control) by extension 'cmake'
[1.202s] Level 1:colcon.colcon_core.package_identification:_identify(src/gz_ros2_control) by extension 'python'
[1.202s] Level 1:colcon.colcon_core.package_identification:_identify(src/gz_ros2_control) by extensions ['python_setup_py']
[1.202s] Level 1:colcon.colcon_core.package_identification:_identify(src/gz_ros2_control) by extension 'python_setup_py'
[1.202s] Level 1:colcon.colcon_core.package_identification:_identify(src/gz_ros2_control/Dockerfile) by extensions ['ignore', 'ignore_ament_install']
[1.202s] Level 1:colcon.colcon_core.package_identification:_identify(src/gz_ros2_control/Dockerfile) by extension 'ignore'
[1.203s] Level 1:colcon.colcon_core.package_identification:_identify(src/gz_ros2_control/Dockerfile) by extension 'ignore_ament_install'
[1.203s] Level 1:colcon.colcon_core.package_identification:_identify(src/gz_ros2_control/Dockerfile) by extensions ['colcon_pkg']
[1.203s] Level 1:colcon.colcon_core.package_identification:_identify(src/gz_ros2_control/Dockerfile) by extension 'colcon_pkg'
[1.203s] Level 1:colcon.colcon_core.package_identification:_identify(src/gz_ros2_control/Dockerfile) by extensions ['colcon_meta']
[1.203s] Level 1:colcon.colcon_core.package_identification:_identify(src/gz_ros2_control/Dockerfile) by extension 'colcon_meta'
[1.203s] Level 1:colcon.colcon_core.package_identification:_identify(src/gz_ros2_control/Dockerfile) by extensions ['ros']
[1.203s] Level 1:colcon.colcon_core.package_identification:_identify(src/gz_ros2_control/Dockerfile) by extension 'ros'
[1.203s] Level 1:colcon.colcon_core.package_identification:_identify(src/gz_ros2_control/Dockerfile) by extensions ['cmake', 'python']
[1.203s] Level 1:colcon.colcon_core.package_identification:_identify(src/gz_ros2_control/Dockerfile) by extension 'cmake'
[1.203s] Level 1:colcon.colcon_core.package_identification:_identify(src/gz_ros2_control/Dockerfile) by extension 'python'
[1.203s] Level 1:colcon.colcon_core.package_identification:_identify(src/gz_ros2_control/Dockerfile) by extensions ['python_setup_py']
[1.203s] Level 1:colcon.colcon_core.package_identification:_identify(src/gz_ros2_control/Dockerfile) by extension 'python_setup_py'
[1.203s] Level 1:colcon.colcon_core.package_identification:_identify(src/gz_ros2_control/doc) by extensions ['ignore', 'ignore_ament_install']
[1.203s] Level 1:colcon.colcon_core.package_identification:_identify(src/gz_ros2_control/doc) by extension 'ignore'
[1.203s] Level 1:colcon.colcon_core.package_identification:_identify(src/gz_ros2_control/doc) by extension 'ignore_ament_install'
[1.203s] Level 1:colcon.colcon_core.package_identification:_identify(src/gz_ros2_control/doc) by extensions ['colcon_pkg']
[1.203s] Level 1:colcon.colcon_core.package_identification:_identify(src/gz_ros2_control/doc) by extension 'colcon_pkg'
[1.203s] Level 1:colcon.colcon_core.package_identification:_identify(src/gz_ros2_control/doc) by extensions ['colcon_meta']
[1.203s] Level 1:colcon.colcon_core.package_identification:_identify(src/gz_ros2_control/doc) by extension 'colcon_meta'
[1.204s] Level 1:colcon.colcon_core.package_identification:_identify(src/gz_ros2_control/doc) by extensions ['ros']
[1.204s] Level 1:colcon.colcon_core.package_identification:_identify(src/gz_ros2_control/doc) by extension 'ros'
[1.204s] Level 1:colcon.colcon_core.package_identification:_identify(src/gz_ros2_control/doc) by extensions ['cmake', 'python']
[1.204s] Level 1:colcon.colcon_core.package_identification:_identify(src/gz_ros2_control/doc) by extension 'cmake'
[1.204s] Level 1:colcon.colcon_core.package_identification:_identify(src/gz_ros2_control/doc) by extension 'python'
[1.204s] Level 1:colcon.colcon_core.package_identification:_identify(src/gz_ros2_control/doc) by extensions ['python_setup_py']
[1.204s] Level 1:colcon.colcon_core.package_identification:_identify(src/gz_ros2_control/doc) by extension 'python_setup_py'
[1.204s] Level 1:colcon.colcon_core.package_identification:_identify(src/gz_ros2_control/doc/img) by extensions ['ignore', 'ignore_ament_install']
[1.204s] Level 1:colcon.colcon_core.package_identification:_identify(src/gz_ros2_control/doc/img) by extension 'ignore'
[1.204s] Level 1:colcon.colcon_core.package_identification:_identify(src/gz_ros2_control/doc/img) by extension 'ignore_ament_install'
[1.204s] Level 1:colcon.colcon_core.package_identification:_identify(src/gz_ros2_control/doc/img) by extensions ['colcon_pkg']
[1.204s] Level 1:colcon.colcon_core.package_identification:_identify(src/gz_ros2_control/doc/img) by extension 'colcon_pkg'
[1.204s] Level 1:colcon.colcon_core.package_identification:_identify(src/gz_ros2_control/doc/img) by extensions ['colcon_meta']
[1.204s] Level 1:colcon.colcon_core.package_identification:_identify(src/gz_ros2_control/doc/img) by extension 'colcon_meta'
[1.204s] Level 1:colcon.colcon_core.package_identification:_identify(src/gz_ros2_control/doc/img) by extensions ['ros']
[1.204s] Level 1:colcon.colcon_core.package_identification:_identify(src/gz_ros2_control/doc/img) by extension 'ros'
[1.205s] Level 1:colcon.colcon_core.package_identification:_identify(src/gz_ros2_control/doc/img) by extensions ['cmake', 'python']
[1.205s] Level 1:colcon.colcon_core.package_identification:_identify(src/gz_ros2_control/doc/img) by extension 'cmake'
[1.205s] Level 1:colcon.colcon_core.package_identification:_identify(src/gz_ros2_control/doc/img) by extension 'python'
[1.205s] Level 1:colcon.colcon_core.package_identification:_identify(src/gz_ros2_control/doc/img) by extensions ['python_setup_py']
[1.205s] Level 1:colcon.colcon_core.package_identification:_identify(src/gz_ros2_control/doc/img) by extension 'python_setup_py'
[1.205s] Level 1:colcon.colcon_core.package_identification:_identify(src/gz_ros2_control/gz_ros2_control_tests) by extensions ['ignore', 'ignore_ament_install']
[1.205s] Level 1:colcon.colcon_core.package_identification:_identify(src/gz_ros2_control/gz_ros2_control_tests) by extension 'ignore'
[1.205s] Level 1:colcon.colcon_core.package_identification:_identify(src/gz_ros2_control/gz_ros2_control_tests) by extension 'ignore_ament_install'
[1.205s] Level 1:colcon.colcon_core.package_identification:_identify(src/gz_ros2_control/gz_ros2_control_tests) by extensions ['colcon_pkg']
[1.205s] Level 1:colcon.colcon_core.package_identification:_identify(src/gz_ros2_control/gz_ros2_control_tests) by extension 'colcon_pkg'
[1.205s] Level 1:colcon.colcon_core.package_identification:_identify(src/gz_ros2_control/gz_ros2_control_tests) by extensions ['colcon_meta']
[1.205s] Level 1:colcon.colcon_core.package_identification:_identify(src/gz_ros2_control/gz_ros2_control_tests) by extension 'colcon_meta'
[1.205s] Level 1:colcon.colcon_core.package_identification:_identify(src/gz_ros2_control/gz_ros2_control_tests) by extensions ['ros']
[1.205s] Level 1:colcon.colcon_core.package_identification:_identify(src/gz_ros2_control/gz_ros2_control_tests) by extension 'ros'
[1.210s] DEBUG:colcon.colcon_core.package_identification:Package 'src/gz_ros2_control/gz_ros2_control_tests' with type 'ros.ament_cmake' and name 'gz_ros2_control_tests'
[1.210s] Level 1:colcon.colcon_core.package_identification:_identify(src/gz_ros2_control/ign_ros2_control) by extensions ['ignore', 'ignore_ament_install']
[1.210s] Level 1:colcon.colcon_core.package_identification:_identify(src/gz_ros2_control/ign_ros2_control) by extension 'ignore'
[1.210s] Level 1:colcon.colcon_core.package_identification:_identify(src/gz_ros2_control/ign_ros2_control) by extension 'ignore_ament_install'
[1.210s] Level 1:colcon.colcon_core.package_identification:_identify(src/gz_ros2_control/ign_ros2_control) by extensions ['colcon_pkg']
[1.211s] Level 1:colcon.colcon_core.package_identification:_identify(src/gz_ros2_control/ign_ros2_control) by extension 'colcon_pkg'
[1.211s] Level 1:colcon.colcon_core.package_identification:_identify(src/gz_ros2_control/ign_ros2_control) by extensions ['colcon_meta']
[1.211s] Level 1:colcon.colcon_core.package_identification:_identify(src/gz_ros2_control/ign_ros2_control) by extension 'colcon_meta'
[1.211s] Level 1:colcon.colcon_core.package_identification:_identify(src/gz_ros2_control/ign_ros2_control) by extensions ['ros']
[1.211s] Level 1:colcon.colcon_core.package_identification:_identify(src/gz_ros2_control/ign_ros2_control) by extension 'ros'
[1.215s] DEBUG:colcon.colcon_core.package_identification:Package 'src/gz_ros2_control/ign_ros2_control' with type 'ros.ament_cmake' and name 'ign_ros2_control'
[1.215s] Level 1:colcon.colcon_core.package_identification:_identify(src/gz_ros2_control/ign_ros2_control_demos) by extensions ['ignore', 'ignore_ament_install']
[1.215s] Level 1:colcon.colcon_core.package_identification:_identify(src/gz_ros2_control/ign_ros2_control_demos) by extension 'ignore'
[1.215s] Level 1:colcon.colcon_core.package_identification:_identify(src/gz_ros2_control/ign_ros2_control_demos) by extension 'ignore_ament_install'
[1.215s] Level 1:colcon.colcon_core.package_identification:_identify(src/gz_ros2_control/ign_ros2_control_demos) by extensions ['colcon_pkg']
[1.215s] Level 1:colcon.colcon_core.package_identification:_identify(src/gz_ros2_control/ign_ros2_control_demos) by extension 'colcon_pkg'
[1.216s] Level 1:colcon.colcon_core.package_identification:_identify(src/gz_ros2_control/ign_ros2_control_demos) by extensions ['colcon_meta']
[1.216s] Level 1:colcon.colcon_core.package_identification:_identify(src/gz_ros2_control/ign_ros2_control_demos) by extension 'colcon_meta'
[1.216s] Level 1:colcon.colcon_core.package_identification:_identify(src/gz_ros2_control/ign_ros2_control_demos) by extensions ['ros']
[1.216s] Level 1:colcon.colcon_core.package_identification:_identify(src/gz_ros2_control/ign_ros2_control_demos) by extension 'ros'
[1.217s] DEBUG:colcon.colcon_core.package_identification:Package 'src/gz_ros2_control/ign_ros2_control_demos' with type 'ros.ament_cmake' and name 'ign_ros2_control_demos'
[1.217s] Level 1:colcon.colcon_core.package_identification:_identify(src/install) by extensions ['ignore', 'ignore_ament_install']
[1.217s] Level 1:colcon.colcon_core.package_identification:_identify(src/install) by extension 'ignore'
[1.217s] Level 1:colcon.colcon_core.package_identification:_identify(src/install) ignored
[1.217s] Level 1:colcon.colcon_core.package_identification:_identify(src/log) by extensions ['ignore', 'ignore_ament_install']
[1.217s] Level 1:colcon.colcon_core.package_identification:_identify(src/log) by extension 'ignore'
[1.217s] Level 1:colcon.colcon_core.package_identification:_identify(src/log) ignored
[1.217s] Level 1:colcon.colcon_core.package_identification:_identify(src/rover_gz) by extensions ['ignore', 'ignore_ament_install']
[1.218s] Level 1:colcon.colcon_core.package_identification:_identify(src/rover_gz) by extension 'ignore'
[1.218s] Level 1:colcon.colcon_core.package_identification:_identify(src/rover_gz) by extension 'ignore_ament_install'
[1.218s] Level 1:colcon.colcon_core.package_identification:_identify(src/rover_gz) by extensions ['colcon_pkg']
[1.218s] Level 1:colcon.colcon_core.package_identification:_identify(src/rover_gz) by extension 'colcon_pkg'
[1.218s] Level 1:colcon.colcon_core.package_identification:_identify(src/rover_gz) by extensions ['colcon_meta']
[1.218s] Level 1:colcon.colcon_core.package_identification:_identify(src/rover_gz) by extension 'colcon_meta'
[1.218s] Level 1:colcon.colcon_core.package_identification:_identify(src/rover_gz) by extensions ['ros']
[1.218s] Level 1:colcon.colcon_core.package_identification:_identify(src/rover_gz) by extension 'ros'
[1.218s] DEBUG:colcon.colcon_core.package_identification:Package 'src/rover_gz' with type 'ros.ament_cmake' and name 'rover_gz'
[1.218s] Level 1:colcon.colcon_core.package_discovery:discover_packages(recursive) using defaults
[1.218s] Level 1:colcon.colcon_core.package_discovery:discover_packages(ignore) discover
[1.219s] Level 1:colcon.colcon_core.package_discovery:discover_packages(ignore) using defaults
[1.219s] Level 1:colcon.colcon_core.package_discovery:discover_packages(path) discover
[1.219s] Level 1:colcon.colcon_core.package_discovery:discover_packages(path) using defaults
[1.298s] Level 5:colcon.colcon_core.verb:set package 'ign_ros2_control' build argument 'cmake_args' from command line to 'None'
[1.298s] Level 5:colcon.colcon_core.verb:set package 'ign_ros2_control' build argument 'cmake_target' from command line to 'None'
[1.298s] Level 5:colcon.colcon_core.verb:set package 'ign_ros2_control' build argument 'cmake_target_skip_unavailable' from command line to 'False'
[1.298s] Level 5:colcon.colcon_core.verb:set package 'ign_ros2_control' build argument 'cmake_clean_cache' from command line to 'False'
[1.298s] Level 5:colcon.colcon_core.verb:set package 'ign_ros2_control' build argument 'cmake_clean_first' from command line to 'False'
[1.298s] Level 5:colcon.colcon_core.verb:set package 'ign_ros2_control' build argument 'cmake_force_configure' from command line to 'False'
[1.298s] Level 5:colcon.colcon_core.verb:set package 'ign_ros2_control' build argument 'ament_cmake_args' from command line to 'None'
[1.298s] Level 5:colcon.colcon_core.verb:set package 'ign_ros2_control' build argument 'catkin_cmake_args' from command line to 'None'
[1.298s] Level 5:colcon.colcon_core.verb:set package 'ign_ros2_control' build argument 'catkin_skip_building_tests' from command line to 'False'
[1.298s] DEBUG:colcon.colcon_core.verb:Building package 'ign_ros2_control' with the following arguments: {'ament_cmake_args': None, 'build_base': '/catkin_ws/rover_sim_ws/build/ign_ros2_control', 'catkin_cmake_args': None, 'catkin_skip_building_tests': False, 'cmake_args': None, 'cmake_clean_cache': False, 'cmake_clean_first': False, 'cmake_force_configure': False, 'cmake_target': None, 'cmake_target_skip_unavailable': False, 'install_base': '/catkin_ws/rover_sim_ws/install/ign_ros2_control', 'merge_install': False, 'path': '/catkin_ws/rover_sim_ws/src/gz_ros2_control/ign_ros2_control', 'symlink_install': False, 'test_result_base': None}
[1.314s] Level 5:colcon.colcon_core.verb:set package 'rover_gz' build argument 'cmake_args' from command line to 'None'
[1.314s] Level 5:colcon.colcon_core.verb:set package 'rover_gz' build argument 'cmake_target' from command line to 'None'
[1.314s] Level 5:colcon.colcon_core.verb:set package 'rover_gz' build argument 'cmake_target_skip_unavailable' from command line to 'False'
[1.314s] Level 5:colcon.colcon_core.verb:set package 'rover_gz' build argument 'cmake_clean_cache' from command line to 'False'
[1.314s] Level 5:colcon.colcon_core.verb:set package 'rover_gz' build argument 'cmake_clean_first' from command line to 'False'
[1.314s] Level 5:colcon.colcon_core.verb:set package 'rover_gz' build argument 'cmake_force_configure' from command line to 'False'
[1.314s] Level 5:colcon.colcon_core.verb:set package 'rover_gz' build argument 'ament_cmake_args' from command line to 'None'
[1.314s] Level 5:colcon.colcon_core.verb:set package 'rover_gz' build argument 'catkin_cmake_args' from command line to 'None'
[1.314s] Level 5:colcon.colcon_core.verb:set package 'rover_gz' build argument 'catkin_skip_building_tests' from command line to 'False'
[1.314s] DEBUG:colcon.colcon_core.verb:Building package 'rover_gz' with the following arguments: {'ament_cmake_args': None, 'build_base': '/catkin_ws/rover_sim_ws/build/rover_gz', 'catkin_cmake_args': None, 'catkin_skip_building_tests': False, 'cmake_args': None, 'cmake_clean_cache': False, 'cmake_clean_first': False, 'cmake_force_configure': False, 'cmake_target': None, 'cmake_target_skip_unavailable': False, 'install_base': '/catkin_ws/rover_sim_ws/install/rover_gz', 'merge_install': False, 'path': '/catkin_ws/rover_sim_ws/src/rover_gz', 'symlink_install': False, 'test_result_base': None}
[1.328s] Level 5:colcon.colcon_core.verb:set package 'gz_ros2_control_tests' build argument 'cmake_args' from command line to 'None'
[1.328s] Level 5:colcon.colcon_core.verb:set package 'gz_ros2_control_tests' build argument 'cmake_target' from command line to 'None'
[1.328s] Level 5:colcon.colcon_core.verb:set package 'gz_ros2_control_tests' build argument 'cmake_target_skip_unavailable' from command line to 'False'
[1.328s] Level 5:colcon.colcon_core.verb:set package 'gz_ros2_control_tests' build argument 'cmake_clean_cache' from command line to 'False'
[1.328s] Level 5:colcon.colcon_core.verb:set package 'gz_ros2_control_tests' build argument 'cmake_clean_first' from command line to 'False'
[1.328s] Level 5:colcon.colcon_core.verb:set package 'gz_ros2_control_tests' build argument 'cmake_force_configure' from command line to 'False'
[1.329s] Level 5:colcon.colcon_core.verb:set package 'gz_ros2_control_tests' build argument 'ament_cmake_args' from command line to 'None'
[1.329s] Level 5:colcon.colcon_core.verb:set package 'gz_ros2_control_tests' build argument 'catkin_cmake_args' from command line to 'None'
[1.329s] Level 5:colcon.colcon_core.verb:set package 'gz_ros2_control_tests' build argument 'catkin_skip_building_tests' from command line to 'False'
[1.329s] DEBUG:colcon.colcon_core.verb:Building package 'gz_ros2_control_tests' with the following arguments: {'ament_cmake_args': None, 'build_base': '/catkin_ws/rover_sim_ws/build/gz_ros2_control_tests', 'catkin_cmake_args': None, 'catkin_skip_building_tests': False, 'cmake_args': None, 'cmake_clean_cache': False, 'cmake_clean_first': False, 'cmake_force_configure': False, 'cmake_target': None, 'cmake_target_skip_unavailable': False, 'install_base': '/catkin_ws/rover_sim_ws/install/gz_ros2_control_tests', 'merge_install': False, 'path': '/catkin_ws/rover_sim_ws/src/gz_ros2_control/gz_ros2_control_tests', 'symlink_install': False, 'test_result_base': None}
[1.342s] Level 5:colcon.colcon_core.verb:set package 'ign_ros2_control_demos' build argument 'cmake_args' from command line to 'None'
[1.342s] Level 5:colcon.colcon_core.verb:set package 'ign_ros2_control_demos' build argument 'cmake_target' from command line to 'None'
[1.342s] Level 5:colcon.colcon_core.verb:set package 'ign_ros2_control_demos' build argument 'cmake_target_skip_unavailable' from command line to 'False'
[1.342s] Level 5:colcon.colcon_core.verb:set package 'ign_ros2_control_demos' build argument 'cmake_clean_cache' from command line to 'False'
[1.342s] Level 5:colcon.colcon_core.verb:set package 'ign_ros2_control_demos' build argument 'cmake_clean_first' from command line to 'False'
[1.342s] Level 5:colcon.colcon_core.verb:set package 'ign_ros2_control_demos' build argument 'cmake_force_configure' from command line to 'False'
[1.342s] Level 5:colcon.colcon_core.verb:set package 'ign_ros2_control_demos' build argument 'ament_cmake_args' from command line to 'None'
[1.342s] Level 5:colcon.colcon_core.verb:set package 'ign_ros2_control_demos' build argument 'catkin_cmake_args' from command line to 'None'
[1.342s] Level 5:colcon.colcon_core.verb:set package 'ign_ros2_control_demos' build argument 'catkin_skip_building_tests' from command line to 'False'
[1.342s] DEBUG:colcon.colcon_core.verb:Building package 'ign_ros2_control_demos' with the following arguments: {'ament_cmake_args': None, 'build_base': '/catkin_ws/rover_sim_ws/build/ign_ros2_control_demos', 'catkin_cmake_args': None, 'catkin_skip_building_tests': False, 'cmake_args': None, 'cmake_clean_cache': False, 'cmake_clean_first': False, 'cmake_force_configure': False, 'cmake_target': None, 'cmake_target_skip_unavailable': False, 'install_base': '/catkin_ws/rover_sim_ws/install/ign_ros2_control_demos', 'merge_install': False, 'path': '/catkin_ws/rover_sim_ws/src/gz_ros2_control/ign_ros2_control_demos', 'symlink_install': False, 'test_result_base': None}
[1.355s] INFO:colcon.colcon_core.executor:Executing jobs using 'parallel' executor
[1.369s] DEBUG:colcon.colcon_parallel_executor.executor.parallel:run_until_complete
[1.370s] INFO:colcon.colcon_ros.task.ament_cmake.build:Building ROS package in '/catkin_ws/rover_sim_ws/src/gz_ros2_control/ign_ros2_control' with build type 'ament_cmake'
[1.370s] INFO:colcon.colcon_cmake.task.cmake.build:Building CMake package in '/catkin_ws/rover_sim_ws/src/gz_ros2_control/ign_ros2_control'
[1.387s] INFO:colcon.colcon_core.plugin_system:Skipping extension 'colcon_core.shell.bat': Not used on non-Windows systems
[1.387s] INFO:colcon.colcon_core.shell:Skip shell extension 'powershell' for command environment: Not usable outside of PowerShell
[1.387s] DEBUG:colcon.colcon_core.shell:Skip shell extension 'dsv' for command environment
[1.434s] INFO:colcon.colcon_ros.task.ament_cmake.build:Building ROS package in '/catkin_ws/rover_sim_ws/src/rover_gz' with build type 'ament_cmake'
[1.434s] INFO:colcon.colcon_cmake.task.cmake.build:Building CMake package in '/catkin_ws/rover_sim_ws/src/rover_gz'
[1.449s] INFO:colcon.colcon_core.shell:Skip shell extension 'powershell' for command environment: Not usable outside of PowerShell
[1.449s] DEBUG:colcon.colcon_core.shell:Skip shell extension 'dsv' for command environment
[1.505s] DEBUG:colcon.colcon_core.event_handler.log_command:Invoking command in '/catkin_ws/rover_sim_ws/build/ign_ros2_control': CMAKE_PREFIX_PATH=${CMAKE_PREFIX_PATH}:/opt/ros/humble /usr/bin/cmake --build /catkin_ws/rover_sim_ws/build/ign_ros2_control -- -j8 -l8
[1.509s] DEBUG:colcon.colcon_core.event_handler.log_command:Invoking command in '/catkin_ws/rover_sim_ws/build/rover_gz': CMAKE_PREFIX_PATH=${CMAKE_PREFIX_PATH}:/opt/ros/humble /usr/bin/cmake --build /catkin_ws/rover_sim_ws/build/rover_gz -- -j8 -l8
[1.542s] DEBUG:colcon.colcon_core.event_handler.log_command:Invoked command in '/catkin_ws/rover_sim_ws/build/rover_gz' returned '0': CMAKE_PREFIX_PATH=${CMAKE_PREFIX_PATH}:/opt/ros/humble /usr/bin/cmake --build /catkin_ws/rover_sim_ws/build/rover_gz -- -j8 -l8
[1.575s] DEBUG:colcon.colcon_core.event_handler.log_command:Invoking command in '/catkin_ws/rover_sim_ws/build/rover_gz': CMAKE_PREFIX_PATH=${CMAKE_PREFIX_PATH}:/opt/ros/humble /usr/bin/cmake --install /catkin_ws/rover_sim_ws/build/rover_gz
[1.576s] DEBUG:colcon.colcon_core.event_handler.log_command:Invoked command in '/catkin_ws/rover_sim_ws/build/ign_ros2_control' returned '0': CMAKE_PREFIX_PATH=${CMAKE_PREFIX_PATH}:/opt/ros/humble /usr/bin/cmake --build /catkin_ws/rover_sim_ws/build/ign_ros2_control -- -j8 -l8
[1.623s] Level 1:colcon.colcon_core.environment:create_environment_scripts_only(ign_ros2_control)
[1.762s] Level 1:colcon.colcon_core.environment:checking '/catkin_ws/rover_sim_ws/install/ign_ros2_control' for CMake module files
[1.764s] Level 1:colcon.colcon_core.environment:checking '/catkin_ws/rover_sim_ws/install/ign_ros2_control' for CMake config files
[1.772s] Level 1:colcon.colcon_core.shell:create_environment_hook('ign_ros2_control', 'cmake_prefix_path')
[1.779s] DEBUG:colcon.colcon_core.event_handler.log_command:Invoking command in '/catkin_ws/rover_sim_ws/build/ign_ros2_control': CMAKE_PREFIX_PATH=${CMAKE_PREFIX_PATH}:/opt/ros/humble /usr/bin/cmake --install /catkin_ws/rover_sim_ws/build/ign_ros2_control
[1.868s] INFO:colcon.colcon_core.shell:Creating environment hook '/catkin_ws/rover_sim_ws/install/ign_ros2_control/share/ign_ros2_control/hook/cmake_prefix_path.ps1'
[1.871s] INFO:colcon.colcon_core.shell:Creating environment descriptor '/catkin_ws/rover_sim_ws/install/ign_ros2_control/share/ign_ros2_control/hook/cmake_prefix_path.dsv'
[1.874s] INFO:colcon.colcon_core.shell:Creating environment hook '/catkin_ws/rover_sim_ws/install/ign_ros2_control/share/ign_ros2_control/hook/cmake_prefix_path.sh'
[1.880s] Level 1:colcon.colcon_core.environment:checking '/catkin_ws/rover_sim_ws/install/ign_ros2_control/lib'
[1.882s] Level 1:colcon.colcon_core.shell:create_environment_hook('ign_ros2_control', 'ld_library_path_lib')
[1.916s] DEBUG:colcon.colcon_core.event_handler.log_command:Invoked command in '/catkin_ws/rover_sim_ws/build/ign_ros2_control' returned '0': CMAKE_PREFIX_PATH=${CMAKE_PREFIX_PATH}:/opt/ros/humble /usr/bin/cmake --install /catkin_ws/rover_sim_ws/build/ign_ros2_control
[1.982s] INFO:colcon.colcon_core.shell:Creating environment hook '/catkin_ws/rover_sim_ws/install/ign_ros2_control/share/ign_ros2_control/hook/ld_library_path_lib.ps1'
[1.986s] INFO:colcon.colcon_core.shell:Creating environment descriptor '/catkin_ws/rover_sim_ws/install/ign_ros2_control/share/ign_ros2_control/hook/ld_library_path_lib.dsv'
[1.987s] INFO:colcon.colcon_core.shell:Creating environment hook '/catkin_ws/rover_sim_ws/install/ign_ros2_control/share/ign_ros2_control/hook/ld_library_path_lib.sh'
[1.991s] Level 1:colcon.colcon_core.environment:checking '/catkin_ws/rover_sim_ws/install/ign_ros2_control/bin'
[1.992s] Level 1:colcon.colcon_core.environment:checking '/catkin_ws/rover_sim_ws/install/ign_ros2_control/lib/pkgconfig/ign_ros2_control.pc'
[1.994s] Level 1:colcon.colcon_core.environment:checking '/catkin_ws/rover_sim_ws/install/ign_ros2_control/lib/python3.10/site-packages'
[1.995s] Level 1:colcon.colcon_core.environment:checking '/catkin_ws/rover_sim_ws/install/ign_ros2_control/bin'
[2.097s] INFO:colcon.colcon_core.shell:Creating package script '/catkin_ws/rover_sim_ws/install/ign_ros2_control/share/ign_ros2_control/package.ps1'
[2.103s] INFO:colcon.colcon_core.shell:Creating package descriptor '/catkin_ws/rover_sim_ws/install/ign_ros2_control/share/ign_ros2_control/package.dsv'
[2.105s] INFO:colcon.colcon_core.shell:Creating package script '/catkin_ws/rover_sim_ws/install/ign_ros2_control/share/ign_ros2_control/package.sh'
[2.110s] INFO:colcon.colcon_core.shell:Creating package script '/catkin_ws/rover_sim_ws/install/ign_ros2_control/share/ign_ros2_control/package.bash'
[2.113s] INFO:colcon.colcon_core.shell:Creating package script '/catkin_ws/rover_sim_ws/install/ign_ros2_control/share/ign_ros2_control/package.zsh'
[2.115s] Level 1:colcon.colcon_core.environment:create_file_with_runtime_dependencies(/catkin_ws/rover_sim_ws/install/ign_ros2_control/share/colcon-core/packages/ign_ros2_control)
[2.123s] Level 1:colcon.colcon_core.environment:create_environment_scripts_only(rover_gz)
[2.215s] Level 1:colcon.colcon_core.environment:checking '/catkin_ws/rover_sim_ws/install/rover_gz' for CMake module files
[2.222s] Level 1:colcon.colcon_core.environment:checking '/catkin_ws/rover_sim_ws/install/rover_gz' for CMake config files
[2.232s] Level 1:colcon.colcon_core.shell:create_environment_hook('rover_gz', 'cmake_prefix_path')
[2.313s] INFO:colcon.colcon_core.shell:Creating environment hook '/catkin_ws/rover_sim_ws/install/rover_gz/share/rover_gz/hook/cmake_prefix_path.ps1'
[2.315s] INFO:colcon.colcon_core.shell:Creating environment descriptor '/catkin_ws/rover_sim_ws/install/rover_gz/share/rover_gz/hook/cmake_prefix_path.dsv'
[2.320s] INFO:colcon.colcon_core.shell:Creating environment hook '/catkin_ws/rover_sim_ws/install/rover_gz/share/rover_gz/hook/cmake_prefix_path.sh'
[2.323s] Level 1:colcon.colcon_core.environment:checking '/catkin_ws/rover_sim_ws/install/rover_gz/bin'
[2.323s] Level 1:colcon.colcon_core.environment:checking '/catkin_ws/rover_sim_ws/install/rover_gz/lib/pkgconfig/rover_gz.pc'
[2.323s] Level 1:colcon.colcon_core.environment:checking '/catkin_ws/rover_sim_ws/install/rover_gz/lib/python3.10/site-packages'
[2.324s] Level 1:colcon.colcon_core.environment:checking '/catkin_ws/rover_sim_ws/install/rover_gz/bin'
[2.348s] DEBUG:colcon.colcon_core.event_handler.log_command:Invoked command in '/catkin_ws/rover_sim_ws/build/rover_gz' returned '0': CMAKE_PREFIX_PATH=${CMAKE_PREFIX_PATH}:/opt/ros/humble /usr/bin/cmake --install /catkin_ws/rover_sim_ws/build/rover_gz
[2.358s] INFO:colcon.colcon_core.shell:Creating package script '/catkin_ws/rover_sim_ws/install/rover_gz/share/rover_gz/package.ps1'
[2.359s] INFO:colcon.colcon_core.shell:Creating package descriptor '/catkin_ws/rover_sim_ws/install/rover_gz/share/rover_gz/package.dsv'
[2.359s] INFO:colcon.colcon_core.shell:Creating package script '/catkin_ws/rover_sim_ws/install/rover_gz/share/rover_gz/package.sh'
[2.359s] INFO:colcon.colcon_core.shell:Creating package script '/catkin_ws/rover_sim_ws/install/rover_gz/share/rover_gz/package.bash'
[2.360s] INFO:colcon.colcon_core.shell:Creating package script '/catkin_ws/rover_sim_ws/install/rover_gz/share/rover_gz/package.zsh'
[2.360s] Level 1:colcon.colcon_core.environment:create_file_with_runtime_dependencies(/catkin_ws/rover_sim_ws/install/rover_gz/share/colcon-core/packages/rover_gz)
[2.379s] Level 1:colcon.colcon_core.environment:create_environment_scripts_only(ign_ros2_control)
[2.392s] Level 1:colcon.colcon_core.environment:checking '/catkin_ws/rover_sim_ws/install/ign_ros2_control' for CMake module files
[2.393s] Level 1:colcon.colcon_core.environment:checking '/catkin_ws/rover_sim_ws/install/ign_ros2_control' for CMake config files
[2.393s] Level 1:colcon.colcon_core.shell:create_environment_hook('ign_ros2_control', 'cmake_prefix_path')
[2.406s] INFO:colcon.colcon_core.shell:Creating environment hook '/catkin_ws/rover_sim_ws/install/ign_ros2_control/share/ign_ros2_control/hook/cmake_prefix_path.ps1'
[2.406s] INFO:colcon.colcon_core.shell:Creating environment descriptor '/catkin_ws/rover_sim_ws/install/ign_ros2_control/share/ign_ros2_control/hook/cmake_prefix_path.dsv'
[2.407s] INFO:colcon.colcon_core.shell:Creating environment hook '/catkin_ws/rover_sim_ws/install/ign_ros2_control/share/ign_ros2_control/hook/cmake_prefix_path.sh'
[2.407s] Level 1:colcon.colcon_core.environment:checking '/catkin_ws/rover_sim_ws/install/ign_ros2_control/lib'
[2.408s] Level 1:colcon.colcon_core.shell:create_environment_hook('ign_ros2_control', 'ld_library_path_lib')
[2.424s] INFO:colcon.colcon_core.shell:Creating environment hook '/catkin_ws/rover_sim_ws/install/ign_ros2_control/share/ign_ros2_control/hook/ld_library_path_lib.ps1'
[2.425s] INFO:colcon.colcon_core.shell:Creating environment descriptor '/catkin_ws/rover_sim_ws/install/ign_ros2_control/share/ign_ros2_control/hook/ld_library_path_lib.dsv'
[2.425s] INFO:colcon.colcon_core.shell:Creating environment hook '/catkin_ws/rover_sim_ws/install/ign_ros2_control/share/ign_ros2_control/hook/ld_library_path_lib.sh'
[2.426s] Level 1:colcon.colcon_core.environment:checking '/catkin_ws/rover_sim_ws/install/ign_ros2_control/bin'
[2.426s] Level 1:colcon.colcon_core.environment:checking '/catkin_ws/rover_sim_ws/install/ign_ros2_control/lib/pkgconfig/ign_ros2_control.pc'
[2.426s] Level 1:colcon.colcon_core.environment:checking '/catkin_ws/rover_sim_ws/install/ign_ros2_control/lib/python3.10/site-packages'
[2.427s] Level 1:colcon.colcon_core.environment:checking '/catkin_ws/rover_sim_ws/install/ign_ros2_control/bin'
[2.439s] INFO:colcon.colcon_core.shell:Creating package script '/catkin_ws/rover_sim_ws/install/ign_ros2_control/share/ign_ros2_control/package.ps1'
[2.440s] INFO:colcon.colcon_core.shell:Creating package descriptor '/catkin_ws/rover_sim_ws/install/ign_ros2_control/share/ign_ros2_control/package.dsv'
[2.440s] INFO:colcon.colcon_core.shell:Creating package script '/catkin_ws/rover_sim_ws/install/ign_ros2_control/share/ign_ros2_control/package.sh'
[2.441s] INFO:colcon.colcon_core.shell:Creating package script '/catkin_ws/rover_sim_ws/install/ign_ros2_control/share/ign_ros2_control/package.bash'
[2.441s] INFO:colcon.colcon_core.shell:Creating package script '/catkin_ws/rover_sim_ws/install/ign_ros2_control/share/ign_ros2_control/package.zsh'
[2.442s] Level 1:colcon.colcon_core.environment:create_file_with_runtime_dependencies(/catkin_ws/rover_sim_ws/install/ign_ros2_control/share/colcon-core/packages/ign_ros2_control)
[2.444s] INFO:colcon.colcon_ros.task.ament_cmake.build:Building ROS package in '/catkin_ws/rover_sim_ws/src/gz_ros2_control/gz_ros2_control_tests' with build type 'ament_cmake'
[2.445s] INFO:colcon.colcon_cmake.task.cmake.build:Building CMake package in '/catkin_ws/rover_sim_ws/src/gz_ros2_control/gz_ros2_control_tests'
[2.461s] INFO:colcon.colcon_core.shell:Skip shell extension 'powershell' for command environment: Not usable outside of PowerShell
[2.461s] DEBUG:colcon.colcon_core.shell:Skip shell extension 'dsv' for command environment
[2.509s] INFO:colcon.colcon_ros.task.ament_cmake.build:Building ROS package in '/catkin_ws/rover_sim_ws/src/gz_ros2_control/ign_ros2_control_demos' with build type 'ament_cmake'
[2.509s] INFO:colcon.colcon_cmake.task.cmake.build:Building CMake package in '/catkin_ws/rover_sim_ws/src/gz_ros2_control/ign_ros2_control_demos'
[2.523s] INFO:colcon.colcon_core.shell:Skip shell extension 'powershell' for command environment: Not usable outside of PowerShell
[2.524s] DEBUG:colcon.colcon_core.shell:Skip shell extension 'dsv' for command environment
[2.600s] Level 1:colcon.colcon_core.environment:create_environment_scripts_only(rover_gz)
[2.616s] Level 1:colcon.colcon_core.environment:checking '/catkin_ws/rover_sim_ws/install/rover_gz' for CMake module files
[2.617s] Level 1:colcon.colcon_core.environment:checking '/catkin_ws/rover_sim_ws/install/rover_gz' for CMake config files
[2.617s] Level 1:colcon.colcon_core.shell:create_environment_hook('rover_gz', 'cmake_prefix_path')
[2.634s] INFO:colcon.colcon_core.shell:Creating environment hook '/catkin_ws/rover_sim_ws/install/rover_gz/share/rover_gz/hook/cmake_prefix_path.ps1'
[2.635s] INFO:colcon.colcon_core.shell:Creating environment descriptor '/catkin_ws/rover_sim_ws/install/rover_gz/share/rover_gz/hook/cmake_prefix_path.dsv'
[2.635s] INFO:colcon.colcon_core.shell:Creating environment hook '/catkin_ws/rover_sim_ws/install/rover_gz/share/rover_gz/hook/cmake_prefix_path.sh'
[2.636s] Level 1:colcon.colcon_core.environment:checking '/catkin_ws/rover_sim_ws/install/rover_gz/bin'
[2.636s] Level 1:colcon.colcon_core.environment:checking '/catkin_ws/rover_sim_ws/install/rover_gz/lib/pkgconfig/rover_gz.pc'
[2.636s] Level 1:colcon.colcon_core.environment:checking '/catkin_ws/rover_sim_ws/install/rover_gz/lib/python3.10/site-packages'
[2.636s] Level 1:colcon.colcon_core.environment:checking '/catkin_ws/rover_sim_ws/install/rover_gz/bin'
[2.651s] INFO:colcon.colcon_core.shell:Creating package script '/catkin_ws/rover_sim_ws/install/rover_gz/share/rover_gz/package.ps1'
[2.652s] INFO:colcon.colcon_core.shell:Creating package descriptor '/catkin_ws/rover_sim_ws/install/rover_gz/share/rover_gz/package.dsv'
[2.652s] INFO:colcon.colcon_core.shell:Creating package script '/catkin_ws/rover_sim_ws/install/rover_gz/share/rover_gz/package.sh'
[2.653s] INFO:colcon.colcon_core.shell:Creating package script '/catkin_ws/rover_sim_ws/install/rover_gz/share/rover_gz/package.bash'
[2.653s] INFO:colcon.colcon_core.shell:Creating package script '/catkin_ws/rover_sim_ws/install/rover_gz/share/rover_gz/package.zsh'
[2.653s] Level 1:colcon.colcon_core.environment:create_file_with_runtime_dependencies(/catkin_ws/rover_sim_ws/install/rover_gz/share/colcon-core/packages/rover_gz)
[2.662s] DEBUG:colcon.colcon_core.event_handler.log_command:Invoking command in '/catkin_ws/rover_sim_ws/build/gz_ros2_control_tests': CMAKE_PREFIX_PATH=/catkin_ws/rover_sim_ws/install/ign_ros2_control:/catkin_ws/rover_sim_ws/install/rover_gz:/catkin_ws/rover_sim_ws/install/ign_ros2_control_demos:/catkin_ws/rover_sim_ws/install/gz_ros2_control_tests:/opt/ros/humble /usr/bin/cmake --build /catkin_ws/rover_sim_ws/build/gz_ros2_control_tests -- -j8 -l8
[2.665s] DEBUG:colcon.colcon_core.event_handler.log_command:Invoking command in '/catkin_ws/rover_sim_ws/build/ign_ros2_control_demos': CMAKE_PREFIX_PATH=/catkin_ws/rover_sim_ws/install/ign_ros2_control:/catkin_ws/rover_sim_ws/install/rover_gz:/catkin_ws/rover_sim_ws/install/ign_ros2_control_demos:/catkin_ws/rover_sim_ws/install/gz_ros2_control_tests:/opt/ros/humble /usr/bin/cmake --build /catkin_ws/rover_sim_ws/build/ign_ros2_control_demos -- -j8 -l8
[2.736s] DEBUG:colcon.colcon_core.event_handler.log_command:Invoked command in '/catkin_ws/rover_sim_ws/build/gz_ros2_control_tests' returned '0': CMAKE_PREFIX_PATH=/catkin_ws/rover_sim_ws/install/ign_ros2_control:/catkin_ws/rover_sim_ws/install/rover_gz:/catkin_ws/rover_sim_ws/install/ign_ros2_control_demos:/catkin_ws/rover_sim_ws/install/gz_ros2_control_tests:/opt/ros/humble /usr/bin/cmake --build /catkin_ws/rover_sim_ws/build/gz_ros2_control_tests -- -j8 -l8
[2.740s] DEBUG:colcon.colcon_core.event_handler.log_command:Invoked command in '/catkin_ws/rover_sim_ws/build/ign_ros2_control_demos' returned '0': CMAKE_PREFIX_PATH=/catkin_ws/rover_sim_ws/install/ign_ros2_control:/catkin_ws/rover_sim_ws/install/rover_gz:/catkin_ws/rover_sim_ws/install/ign_ros2_control_demos:/catkin_ws/rover_sim_ws/install/gz_ros2_control_tests:/opt/ros/humble /usr/bin/cmake --build /catkin_ws/rover_sim_ws/build/ign_ros2_control_demos -- -j8 -l8
[2.762s] DEBUG:colcon.colcon_core.event_handler.log_command:Invoking command in '/catkin_ws/rover_sim_ws/build/gz_ros2_control_tests': CMAKE_PREFIX_PATH=/catkin_ws/rover_sim_ws/install/ign_ros2_control:/catkin_ws/rover_sim_ws/install/rover_gz:/catkin_ws/rover_sim_ws/install/ign_ros2_control_demos:/catkin_ws/rover_sim_ws/install/gz_ros2_control_tests:/opt/ros/humble /usr/bin/cmake --install /catkin_ws/rover_sim_ws/build/gz_ros2_control_tests
[2.777s] DEBUG:colcon.colcon_core.event_handler.log_command:Invoking command in '/catkin_ws/rover_sim_ws/build/ign_ros2_control_demos': CMAKE_PREFIX_PATH=/catkin_ws/rover_sim_ws/install/ign_ros2_control:/catkin_ws/rover_sim_ws/install/rover_gz:/catkin_ws/rover_sim_ws/install/ign_ros2_control_demos:/catkin_ws/rover_sim_ws/install/gz_ros2_control_tests:/opt/ros/humble /usr/bin/cmake --install /catkin_ws/rover_sim_ws/build/ign_ros2_control_demos
[2.778s] Level 1:colcon.colcon_core.environment:create_environment_scripts_only(gz_ros2_control_tests)
[2.779s] DEBUG:colcon.colcon_core.event_handler.log_command:Invoked command in '/catkin_ws/rover_sim_ws/build/gz_ros2_control_tests' returned '0': CMAKE_PREFIX_PATH=/catkin_ws/rover_sim_ws/install/ign_ros2_control:/catkin_ws/rover_sim_ws/install/rover_gz:/catkin_ws/rover_sim_ws/install/ign_ros2_control_demos:/catkin_ws/rover_sim_ws/install/gz_ros2_control_tests:/opt/ros/humble /usr/bin/cmake --install /catkin_ws/rover_sim_ws/build/gz_ros2_control_tests
[2.805s] Level 1:colcon.colcon_core.environment:checking '/catkin_ws/rover_sim_ws/install/gz_ros2_control_tests' for CMake module files
[2.806s] Level 1:colcon.colcon_core.environment:checking '/catkin_ws/rover_sim_ws/install/gz_ros2_control_tests' for CMake config files
[2.806s] Level 1:colcon.colcon_core.shell:create_environment_hook('gz_ros2_control_tests', 'cmake_prefix_path')
[2.820s] INFO:colcon.colcon_core.shell:Creating environment hook '/catkin_ws/rover_sim_ws/install/gz_ros2_control_tests/share/gz_ros2_control_tests/hook/cmake_prefix_path.ps1'
[2.821s] INFO:colcon.colcon_core.shell:Creating environment descriptor '/catkin_ws/rover_sim_ws/install/gz_ros2_control_tests/share/gz_ros2_control_tests/hook/cmake_prefix_path.dsv'
[2.821s] INFO:colcon.colcon_core.shell:Creating environment hook '/catkin_ws/rover_sim_ws/install/gz_ros2_control_tests/share/gz_ros2_control_tests/hook/cmake_prefix_path.sh'
[2.822s] Level 1:colcon.colcon_core.environment:checking '/catkin_ws/rover_sim_ws/install/gz_ros2_control_tests/lib'
[2.822s] Level 1:colcon.colcon_core.environment:checking '/catkin_ws/rover_sim_ws/install/gz_ros2_control_tests/bin'
[2.822s] Level 1:colcon.colcon_core.environment:checking '/catkin_ws/rover_sim_ws/install/gz_ros2_control_tests/lib/pkgconfig/gz_ros2_control_tests.pc'
[2.822s] Level 1:colcon.colcon_core.environment:checking '/catkin_ws/rover_sim_ws/install/gz_ros2_control_tests/lib/python3.10/site-packages'
[2.823s] Level 1:colcon.colcon_core.environment:checking '/catkin_ws/rover_sim_ws/install/gz_ros2_control_tests/bin'
[2.836s] INFO:colcon.colcon_core.shell:Creating package script '/catkin_ws/rover_sim_ws/install/gz_ros2_control_tests/share/gz_ros2_control_tests/package.ps1'
[2.837s] INFO:colcon.colcon_core.shell:Creating package descriptor '/catkin_ws/rover_sim_ws/install/gz_ros2_control_tests/share/gz_ros2_control_tests/package.dsv'
[2.838s] INFO:colcon.colcon_core.shell:Creating package script '/catkin_ws/rover_sim_ws/install/gz_ros2_control_tests/share/gz_ros2_control_tests/package.sh'
[2.838s] INFO:colcon.colcon_core.shell:Creating package script '/catkin_ws/rover_sim_ws/install/gz_ros2_control_tests/share/gz_ros2_control_tests/package.bash'
[2.838s] INFO:colcon.colcon_core.shell:Creating package script '/catkin_ws/rover_sim_ws/install/gz_ros2_control_tests/share/gz_ros2_control_tests/package.zsh'
[2.839s] Level 1:colcon.colcon_core.environment:create_file_with_runtime_dependencies(/catkin_ws/rover_sim_ws/install/gz_ros2_control_tests/share/colcon-core/packages/gz_ros2_control_tests)
[2.842s] Level 1:colcon.colcon_core.environment:create_environment_scripts_only(ign_ros2_control_demos)
[2.843s] DEBUG:colcon.colcon_core.event_handler.log_command:Invoked command in '/catkin_ws/rover_sim_ws/build/ign_ros2_control_demos' returned '0': CMAKE_PREFIX_PATH=/catkin_ws/rover_sim_ws/install/ign_ros2_control:/catkin_ws/rover_sim_ws/install/rover_gz:/catkin_ws/rover_sim_ws/install/ign_ros2_control_demos:/catkin_ws/rover_sim_ws/install/gz_ros2_control_tests:/opt/ros/humble /usr/bin/cmake --install /catkin_ws/rover_sim_ws/build/ign_ros2_control_demos
[2.861s] Level 1:colcon.colcon_core.environment:checking '/catkin_ws/rover_sim_ws/install/ign_ros2_control_demos' for CMake module files
[2.861s] Level 1:colcon.colcon_core.environment:checking '/catkin_ws/rover_sim_ws/install/ign_ros2_control_demos' for CMake config files
[2.862s] Level 1:colcon.colcon_core.shell:create_environment_hook('ign_ros2_control_demos', 'cmake_prefix_path')
[2.876s] INFO:colcon.colcon_core.shell:Creating environment hook '/catkin_ws/rover_sim_ws/install/ign_ros2_control_demos/share/ign_ros2_control_demos/hook/cmake_prefix_path.ps1'
[2.876s] INFO:colcon.colcon_core.shell:Creating environment descriptor '/catkin_ws/rover_sim_ws/install/ign_ros2_control_demos/share/ign_ros2_control_demos/hook/cmake_prefix_path.dsv'
[2.876s] INFO:colcon.colcon_core.shell:Creating environment hook '/catkin_ws/rover_sim_ws/install/ign_ros2_control_demos/share/ign_ros2_control_demos/hook/cmake_prefix_path.sh'
[2.877s] Level 1:colcon.colcon_core.environment:checking '/catkin_ws/rover_sim_ws/install/ign_ros2_control_demos/lib'
[2.877s] Level 1:colcon.colcon_core.environment:checking '/catkin_ws/rover_sim_ws/install/ign_ros2_control_demos/bin'
[2.877s] Level 1:colcon.colcon_core.environment:checking '/catkin_ws/rover_sim_ws/install/ign_ros2_control_demos/lib/pkgconfig/ign_ros2_control_demos.pc'
[2.878s] Level 1:colcon.colcon_core.environment:checking '/catkin_ws/rover_sim_ws/install/ign_ros2_control_demos/lib/python3.10/site-packages'
[2.878s] Level 1:colcon.colcon_core.environment:checking '/catkin_ws/rover_sim_ws/install/ign_ros2_control_demos/bin'
[2.892s] INFO:colcon.colcon_core.shell:Creating package script '/catkin_ws/rover_sim_ws/install/ign_ros2_control_demos/share/ign_ros2_control_demos/package.ps1'
[2.893s] INFO:colcon.colcon_core.shell:Creating package descriptor '/catkin_ws/rover_sim_ws/install/ign_ros2_control_demos/share/ign_ros2_control_demos/package.dsv'
[2.893s] INFO:colcon.colcon_core.shell:Creating package script '/catkin_ws/rover_sim_ws/install/ign_ros2_control_demos/share/ign_ros2_control_demos/package.sh'
[2.895s] INFO:colcon.colcon_core.shell:Creating package script '/catkin_ws/rover_sim_ws/install/ign_ros2_control_demos/share/ign_ros2_control_demos/package.bash'
[2.895s] INFO:colcon.colcon_core.shell:Creating package script '/catkin_ws/rover_sim_ws/install/ign_ros2_control_demos/share/ign_ros2_control_demos/package.zsh'
[2.897s] Level 1:colcon.colcon_core.environment:create_file_with_runtime_dependencies(/catkin_ws/rover_sim_ws/install/ign_ros2_control_demos/share/colcon-core/packages/ign_ros2_control_demos)
[2.913s] Level 1:colcon.colcon_core.environment:create_environment_scripts_only(gz_ros2_control_tests)
[2.929s] Level 1:colcon.colcon_core.environment:checking '/catkin_ws/rover_sim_ws/install/gz_ros2_control_tests' for CMake module files
[2.930s] Level 1:colcon.colcon_core.environment:checking '/catkin_ws/rover_sim_ws/install/gz_ros2_control_tests' for CMake config files
[2.930s] Level 1:colcon.colcon_core.shell:create_environment_hook('gz_ros2_control_tests', 'cmake_prefix_path')
[2.945s] INFO:colcon.colcon_core.shell:Creating environment hook '/catkin_ws/rover_sim_ws/install/gz_ros2_control_tests/share/gz_ros2_control_tests/hook/cmake_prefix_path.ps1'
[2.946s] INFO:colcon.colcon_core.shell:Creating environment descriptor '/catkin_ws/rover_sim_ws/install/gz_ros2_control_tests/share/gz_ros2_control_tests/hook/cmake_prefix_path.dsv'
[2.946s] INFO:colcon.colcon_core.shell:Creating environment hook '/catkin_ws/rover_sim_ws/install/gz_ros2_control_tests/share/gz_ros2_control_tests/hook/cmake_prefix_path.sh'
[2.947s] Level 1:colcon.colcon_core.environment:checking '/catkin_ws/rover_sim_ws/install/gz_ros2_control_tests/lib'
[2.947s] Level 1:colcon.colcon_core.environment:checking '/catkin_ws/rover_sim_ws/install/gz_ros2_control_tests/bin'
[2.947s] Level 1:colcon.colcon_core.environment:checking '/catkin_ws/rover_sim_ws/install/gz_ros2_control_tests/lib/pkgconfig/gz_ros2_control_tests.pc'
[2.948s] Level 1:colcon.colcon_core.environment:checking '/catkin_ws/rover_sim_ws/install/gz_ros2_control_tests/lib/python3.10/site-packages'
[2.948s] Level 1:colcon.colcon_core.environment:checking '/catkin_ws/rover_sim_ws/install/gz_ros2_control_tests/bin'
[2.963s] INFO:colcon.colcon_core.shell:Creating package script '/catkin_ws/rover_sim_ws/install/gz_ros2_control_tests/share/gz_ros2_control_tests/package.ps1'
[2.963s] INFO:colcon.colcon_core.shell:Creating package descriptor '/catkin_ws/rover_sim_ws/install/gz_ros2_control_tests/share/gz_ros2_control_tests/package.dsv'
[2.964s] INFO:colcon.colcon_core.shell:Creating package script '/catkin_ws/rover_sim_ws/install/gz_ros2_control_tests/share/gz_ros2_control_tests/package.sh'
[2.964s] INFO:colcon.colcon_core.shell:Creating package script '/catkin_ws/rover_sim_ws/install/gz_ros2_control_tests/share/gz_ros2_control_tests/package.bash'
[2.964s] INFO:colcon.colcon_core.shell:Creating package script '/catkin_ws/rover_sim_ws/install/gz_ros2_control_tests/share/gz_ros2_control_tests/package.zsh'
[2.965s] Level 1:colcon.colcon_core.environment:create_file_with_runtime_dependencies(/catkin_ws/rover_sim_ws/install/gz_ros2_control_tests/share/colcon-core/packages/gz_ros2_control_tests)
[2.982s] Level 1:colcon.colcon_core.environment:create_environment_scripts_only(ign_ros2_control_demos)
[2.996s] Level 1:colcon.colcon_core.environment:checking '/catkin_ws/rover_sim_ws/install/ign_ros2_control_demos' for CMake module files
[2.997s] Level 1:colcon.colcon_core.environment:checking '/catkin_ws/rover_sim_ws/install/ign_ros2_control_demos' for CMake config files
[2.998s] Level 1:colcon.colcon_core.shell:create_environment_hook('ign_ros2_control_demos', 'cmake_prefix_path')
[3.012s] INFO:colcon.colcon_core.shell:Creating environment hook '/catkin_ws/rover_sim_ws/install/ign_ros2_control_demos/share/ign_ros2_control_demos/hook/cmake_prefix_path.ps1'
[3.013s] INFO:colcon.colcon_core.shell:Creating environment descriptor '/catkin_ws/rover_sim_ws/install/ign_ros2_control_demos/share/ign_ros2_control_demos/hook/cmake_prefix_path.dsv'
[3.013s] INFO:colcon.colcon_core.shell:Creating environment hook '/catkin_ws/rover_sim_ws/install/ign_ros2_control_demos/share/ign_ros2_control_demos/hook/cmake_prefix_path.sh'
[3.014s] Level 1:colcon.colcon_core.environment:checking '/catkin_ws/rover_sim_ws/install/ign_ros2_control_demos/lib'
[3.014s] Level 1:colcon.colcon_core.environment:checking '/catkin_ws/rover_sim_ws/install/ign_ros2_control_demos/bin'
[3.014s] Level 1:colcon.colcon_core.environment:checking '/catkin_ws/rover_sim_ws/install/ign_ros2_control_demos/lib/pkgconfig/ign_ros2_control_demos.pc'
[3.015s] Level 1:colcon.colcon_core.environment:checking '/catkin_ws/rover_sim_ws/install/ign_ros2_control_demos/lib/python3.10/site-packages'
[3.015s] Level 1:colcon.colcon_core.environment:checking '/catkin_ws/rover_sim_ws/install/ign_ros2_control_demos/bin'
[3.030s] INFO:colcon.colcon_core.shell:Creating package script '/catkin_ws/rover_sim_ws/install/ign_ros2_control_demos/share/ign_ros2_control_demos/package.ps1'
[3.031s] INFO:colcon.colcon_core.shell:Creating package descriptor '/catkin_ws/rover_sim_ws/install/ign_ros2_control_demos/share/ign_ros2_control_demos/package.dsv'
[3.031s] INFO:colcon.colcon_core.shell:Creating package script '/catkin_ws/rover_sim_ws/install/ign_ros2_control_demos/share/ign_ros2_control_demos/package.sh'
[3.032s] INFO:colcon.colcon_core.shell:Creating package script '/catkin_ws/rover_sim_ws/install/ign_ros2_control_demos/share/ign_ros2_control_demos/package.bash'
[3.032s] INFO:colcon.colcon_core.shell:Creating package script '/catkin_ws/rover_sim_ws/install/ign_ros2_control_demos/share/ign_ros2_control_demos/package.zsh'
[3.033s] Level 1:colcon.colcon_core.environment:create_file_with_runtime_dependencies(/catkin_ws/rover_sim_ws/install/ign_ros2_control_demos/share/colcon-core/packages/ign_ros2_control_demos)
[3.033s] DEBUG:colcon.colcon_parallel_executor.executor.parallel:closing loop
[3.033s] DEBUG:colcon.colcon_parallel_executor.executor.parallel:loop closed
[3.033s] DEBUG:colcon.colcon_parallel_executor.executor.parallel:run_until_complete finished with '0'
[3.034s] DEBUG:colcon.colcon_core.event_reactor:joining thread
[3.053s] INFO:colcon.colcon_core.plugin_system:Skipping extension 'colcon_notification.desktop_notification.notify_send': Could not find 'notify-send'
[3.054s] INFO:colcon.colcon_core.plugin_system:Skipping extension 'colcon_notification.desktop_notification.terminal_notifier': Not used on non-Darwin systems
[3.054s] INFO:colcon.colcon_core.plugin_system:Skipping extension 'colcon_notification.desktop_notification.win32': Not used on non-Windows systems
[3.054s] INFO:colcon.colcon_notification.desktop_notification:Sending desktop notification using 'notify2'
[3.056s] DEBUG:colcon.colcon_notification.desktop_notification.notify2:Failed to initialize notify2: org.freedesktop.DBus.Error.Spawn.ExecFailed: /usr/bin/dbus-launch terminated abnormally without any error message
[3.056s] DEBUG:colcon.colcon_core.event_reactor:joined thread
[3.071s] INFO:colcon.colcon_core.shell:Creating prefix script '/catkin_ws/rover_sim_ws/install/local_setup.ps1'
[3.072s] INFO:colcon.colcon_core.shell:Creating prefix util module '/catkin_ws/rover_sim_ws/install/_local_setup_util_ps1.py'
[3.073s] INFO:colcon.colcon_core.shell:Creating prefix chain script '/catkin_ws/rover_sim_ws/install/setup.ps1'
[3.089s] INFO:colcon.colcon_core.shell:Creating prefix script '/catkin_ws/rover_sim_ws/install/local_setup.sh'
[3.089s] INFO:colcon.colcon_core.shell:Creating prefix util module '/catkin_ws/rover_sim_ws/install/_local_setup_util_sh.py'
[3.090s] INFO:colcon.colcon_core.shell:Creating prefix chain script '/catkin_ws/rover_sim_ws/install/setup.sh'
[3.104s] INFO:colcon.colcon_core.shell:Creating prefix script '/catkin_ws/rover_sim_ws/install/local_setup.bash'
[3.105s] INFO:colcon.colcon_core.shell:Creating prefix chain script '/catkin_ws/rover_sim_ws/install/setup.bash'
[3.119s] INFO:colcon.colcon_core.shell:Creating prefix script '/catkin_ws/rover_sim_ws/install/local_setup.zsh'
[3.120s] INFO:colcon.colcon_core.shell:Creating prefix chain script '/catkin_ws/rover_sim_ws/install/setup.zsh'
