[1.073s] DEBUG:colcon:Command line arguments: ['/usr/bin/colcon', 'build']
[1.073s] DEBUG:colcon:Parsed command line arguments: Namespace(log_base=None, log_level=None, verb_name='build', build_base='build', install_base='install', merge_install=False, symlink_install=False, test_result_base=None, continue_on_error=False, executor='parallel', parallel_workers=8, event_handlers=None, ignore_user_meta=False, metas=['./colcon.meta'], base_paths=['.'], packages_ignore=None, packages_ignore_regex=None, paths=None, packages_up_to=None, packages_up_to_regex=None, packages_above=None, packages_above_and_dependencies=None, packages_above_depth=None, packages_select_by_dep=None, packages_skip_by_dep=None, packages_skip_up_to=None, packages_select_build_failed=False, packages_skip_build_finished=False, packages_select_test_failures=False, packages_skip_test_passed=False, packages_select=None, packages_skip=None, packages_select_regex=None, packages_skip_regex=None, packages_start=None, packages_end=None, cmake_args=None, cmake_target=None, cmake_target_skip_unavailable=False, cmake_clean_cache=False, cmake_clean_first=False, cmake_force_configure=False, ament_cmake_args=None, catkin_cmake_args=None, catkin_skip_building_tests=False, mixin_files=None, mixin=None, verb_parser=<colcon_mixin.mixin.mixin_argument.MixinArgumentDecorator object at 0x7f04d1a58d30>, verb_extension=<colcon_core.verb.build.BuildVerb object at 0x7f04d1a5a6e0>, main=<bound method BuildVerb.main of <colcon_core.verb.build.BuildVerb object at 0x7f04d1a5a6e0>>, mixin_verb=('build',))
[1.112s] Level 1:colcon.colcon_core.package_discovery:discover_packages(colcon_meta) check parameters
[1.113s] INFO:colcon.colcon_metadata.package_discovery.colcon_meta:Using configuration from '/root/.colcon/metadata/default/Gazebo.meta'
[1.113s] INFO:colcon.colcon_metadata.package_discovery.colcon_meta:Using configuration from '/root/.colcon/metadata/default/fastrtps.meta'
[1.113s] Level 1:colcon.colcon_core.package_discovery:discover_packages(recursive) check parameters
[1.113s] Level 1:colcon.colcon_core.package_discovery:discover_packages(ignore) check parameters
[1.113s] Level 1:colcon.colcon_core.package_discovery:discover_packages(path) check parameters
[1.113s] Level 1:colcon.colcon_core.package_discovery:discover_packages(colcon_meta) discover
[1.113s] Level 1:colcon.colcon_core.package_discovery:discover_packages(recursive) discover
[1.114s] INFO:colcon.colcon_core.package_discovery:Crawling recursively for packages in '/catkin_ws/rover_sim_ws'
[1.114s] Level 1:colcon.colcon_core.package_identification:_identify(.) by extensions ['ignore', 'ignore_ament_install']
[1.114s] Level 1:colcon.colcon_core.package_identification:_identify(.) by extension 'ignore'
[1.114s] Level 1:colcon.colcon_core.package_identification:_identify(.) by extension 'ignore_ament_install'
[1.114s] Level 1:colcon.colcon_core.package_identification:_identify(.) by extensions ['colcon_pkg']
[1.114s] Level 1:colcon.colcon_core.package_identification:_identify(.) by extension 'colcon_pkg'
[1.114s] Level 1:colcon.colcon_core.package_identification:_identify(.) by extensions ['colcon_meta']
[1.114s] Level 1:colcon.colcon_core.package_identification:_identify(.) by extension 'colcon_meta'
[1.114s] Level 1:colcon.colcon_core.package_identification:_identify(.) by extensions ['ros']
[1.114s] Level 1:colcon.colcon_core.package_identification:_identify(.) by extension 'ros'
[1.127s] Level 1:colcon.colcon_core.package_identification:_identify(.) by extensions ['cmake', 'python']
[1.128s] Level 1:colcon.colcon_core.package_identification:_identify(.) by extension 'cmake'
[1.128s] Level 1:colcon.colcon_core.package_identification:_identify(.) by extension 'python'
[1.128s] Level 1:colcon.colcon_core.package_identification:_identify(.) by extensions ['python_setup_py']
[1.128s] Level 1:colcon.colcon_core.package_identification:_identify(.) by extension 'python_setup_py'
[1.128s] Level 1:colcon.colcon_core.package_identification:_identify(build) by extensions ['ignore', 'ignore_ament_install']
[1.128s] Level 1:colcon.colcon_core.package_identification:_identify(build) by extension 'ignore'
[1.128s] Level 1:colcon.colcon_core.package_identification:_identify(build) ignored
[1.128s] Level 1:colcon.colcon_core.package_identification:_identify(install) by extensions ['ignore', 'ignore_ament_install']
[1.128s] Level 1:colcon.colcon_core.package_identification:_identify(install) by extension 'ignore'
[1.128s] Level 1:colcon.colcon_core.package_identification:_identify(install) ignored
[1.129s] Level 1:colcon.colcon_core.package_identification:_identify(log) by extensions ['ignore', 'ignore_ament_install']
[1.129s] Level 1:colcon.colcon_core.package_identification:_identify(log) by extension 'ignore'
[1.129s] Level 1:colcon.colcon_core.package_identification:_identify(log) ignored
[1.129s] Level 1:colcon.colcon_core.package_identification:_identify(src) by extensions ['ignore', 'ignore_ament_install']
[1.129s] Level 1:colcon.colcon_core.package_identification:_identify(src) by extension 'ignore'
[1.129s] Level 1:colcon.colcon_core.package_identification:_identify(src) by extension 'ignore_ament_install'
[1.129s] Level 1:colcon.colcon_core.package_identification:_identify(src) by extensions ['colcon_pkg']
[1.129s] Level 1:colcon.colcon_core.package_identification:_identify(src) by extension 'colcon_pkg'
[1.129s] Level 1:colcon.colcon_core.package_identification:_identify(src) by extensions ['colcon_meta']
[1.129s] Level 1:colcon.colcon_core.package_identification:_identify(src) by extension 'colcon_meta'
[1.129s] Level 1:colcon.colcon_core.package_identification:_identify(src) by extensions ['ros']
[1.129s] Level 1:colcon.colcon_core.package_identification:_identify(src) by extension 'ros'
[1.129s] Level 1:colcon.colcon_core.package_identification:_identify(src) by extensions ['cmake', 'python']
[1.129s] Level 1:colcon.colcon_core.package_identification:_identify(src) by extension 'cmake'
[1.129s] Level 1:colcon.colcon_core.package_identification:_identify(src) by extension 'python'
[1.129s] Level 1:colcon.colcon_core.package_identification:_identify(src) by extensions ['python_setup_py']
[1.129s] Level 1:colcon.colcon_core.package_identification:_identify(src) by extension 'python_setup_py'
[1.129s] Level 1:colcon.colcon_core.package_identification:_identify(src/build) by extensions ['ignore', 'ignore_ament_install']
[1.130s] Level 1:colcon.colcon_core.package_identification:_identify(src/build) by extension 'ignore'
[1.130s] Level 1:colcon.colcon_core.package_identification:_identify(src/build) ignored
[1.130s] Level 1:colcon.colcon_core.package_identification:_identify(src/gz_ros2_control) by extensions ['ignore', 'ignore_ament_install']
[1.130s] Level 1:colcon.colcon_core.package_identification:_identify(src/gz_ros2_control) by extension 'ignore'
[1.130s] Level 1:colcon.colcon_core.package_identification:_identify(src/gz_ros2_control) by extension 'ignore_ament_install'
[1.130s] Level 1:colcon.colcon_core.package_identification:_identify(src/gz_ros2_control) by extensions ['colcon_pkg']
[1.130s] Level 1:colcon.colcon_core.package_identification:_identify(src/gz_ros2_control) by extension 'colcon_pkg'
[1.130s] Level 1:colcon.colcon_core.package_identification:_identify(src/gz_ros2_control) by extensions ['colcon_meta']
[1.130s] Level 1:colcon.colcon_core.package_identification:_identify(src/gz_ros2_control) by extension 'colcon_meta'
[1.130s] Level 1:colcon.colcon_core.package_identification:_identify(src/gz_ros2_control) by extensions ['ros']
[1.130s] Level 1:colcon.colcon_core.package_identification:_identify(src/gz_ros2_control) by extension 'ros'
[1.130s] Level 1:colcon.colcon_core.package_identification:_identify(src/gz_ros2_control) by extensions ['cmake', 'python']
[1.130s] Level 1:colcon.colcon_core.package_identification:_identify(src/gz_ros2_control) by extension 'cmake'
[1.130s] Level 1:colcon.colcon_core.package_identification:_identify(src/gz_ros2_control) by extension 'python'
[1.130s] Level 1:colcon.colcon_core.package_identification:_identify(src/gz_ros2_control) by extensions ['python_setup_py']
[1.130s] Level 1:colcon.colcon_core.package_identification:_identify(src/gz_ros2_control) by extension 'python_setup_py'
[1.131s] Level 1:colcon.colcon_core.package_identification:_identify(src/gz_ros2_control/Dockerfile) by extensions ['ignore', 'ignore_ament_install']
[1.131s] Level 1:colcon.colcon_core.package_identification:_identify(src/gz_ros2_control/Dockerfile) by extension 'ignore'
[1.131s] Level 1:colcon.colcon_core.package_identification:_identify(src/gz_ros2_control/Dockerfile) by extension 'ignore_ament_install'
[1.131s] Level 1:colcon.colcon_core.package_identification:_identify(src/gz_ros2_control/Dockerfile) by extensions ['colcon_pkg']
[1.131s] Level 1:colcon.colcon_core.package_identification:_identify(src/gz_ros2_control/Dockerfile) by extension 'colcon_pkg'
[1.131s] Level 1:colcon.colcon_core.package_identification:_identify(src/gz_ros2_control/Dockerfile) by extensions ['colcon_meta']
[1.131s] Level 1:colcon.colcon_core.package_identification:_identify(src/gz_ros2_control/Dockerfile) by extension 'colcon_meta'
[1.131s] Level 1:colcon.colcon_core.package_identification:_identify(src/gz_ros2_control/Dockerfile) by extensions ['ros']
[1.131s] Level 1:colcon.colcon_core.package_identification:_identify(src/gz_ros2_control/Dockerfile) by extension 'ros'
[1.131s] Level 1:colcon.colcon_core.package_identification:_identify(src/gz_ros2_control/Dockerfile) by extensions ['cmake', 'python']
[1.131s] Level 1:colcon.colcon_core.package_identification:_identify(src/gz_ros2_control/Dockerfile) by extension 'cmake'
[1.131s] Level 1:colcon.colcon_core.package_identification:_identify(src/gz_ros2_control/Dockerfile) by extension 'python'
[1.131s] Level 1:colcon.colcon_core.package_identification:_identify(src/gz_ros2_control/Dockerfile) by extensions ['python_setup_py']
[1.131s] Level 1:colcon.colcon_core.package_identification:_identify(src/gz_ros2_control/Dockerfile) by extension 'python_setup_py'
[1.131s] Level 1:colcon.colcon_core.package_identification:_identify(src/gz_ros2_control/doc) by extensions ['ignore', 'ignore_ament_install']
[1.131s] Level 1:colcon.colcon_core.package_identification:_identify(src/gz_ros2_control/doc) by extension 'ignore'
[1.131s] Level 1:colcon.colcon_core.package_identification:_identify(src/gz_ros2_control/doc) by extension 'ignore_ament_install'
[1.132s] Level 1:colcon.colcon_core.package_identification:_identify(src/gz_ros2_control/doc) by extensions ['colcon_pkg']
[1.132s] Level 1:colcon.colcon_core.package_identification:_identify(src/gz_ros2_control/doc) by extension 'colcon_pkg'
[1.132s] Level 1:colcon.colcon_core.package_identification:_identify(src/gz_ros2_control/doc) by extensions ['colcon_meta']
[1.132s] Level 1:colcon.colcon_core.package_identification:_identify(src/gz_ros2_control/doc) by extension 'colcon_meta'
[1.132s] Level 1:colcon.colcon_core.package_identification:_identify(src/gz_ros2_control/doc) by extensions ['ros']
[1.132s] Level 1:colcon.colcon_core.package_identification:_identify(src/gz_ros2_control/doc) by extension 'ros'
[1.132s] Level 1:colcon.colcon_core.package_identification:_identify(src/gz_ros2_control/doc) by extensions ['cmake', 'python']
[1.132s] Level 1:colcon.colcon_core.package_identification:_identify(src/gz_ros2_control/doc) by extension 'cmake'
[1.132s] Level 1:colcon.colcon_core.package_identification:_identify(src/gz_ros2_control/doc) by extension 'python'
[1.132s] Level 1:colcon.colcon_core.package_identification:_identify(src/gz_ros2_control/doc) by extensions ['python_setup_py']
[1.132s] Level 1:colcon.colcon_core.package_identification:_identify(src/gz_ros2_control/doc) by extension 'python_setup_py'
[1.132s] Level 1:colcon.colcon_core.package_identification:_identify(src/gz_ros2_control/doc/img) by extensions ['ignore', 'ignore_ament_install']
[1.132s] Level 1:colcon.colcon_core.package_identification:_identify(src/gz_ros2_control/doc/img) by extension 'ignore'
[1.132s] Level 1:colcon.colcon_core.package_identification:_identify(src/gz_ros2_control/doc/img) by extension 'ignore_ament_install'
[1.132s] Level 1:colcon.colcon_core.package_identification:_identify(src/gz_ros2_control/doc/img) by extensions ['colcon_pkg']
[1.132s] Level 1:colcon.colcon_core.package_identification:_identify(src/gz_ros2_control/doc/img) by extension 'colcon_pkg'
[1.132s] Level 1:colcon.colcon_core.package_identification:_identify(src/gz_ros2_control/doc/img) by extensions ['colcon_meta']
[1.132s] Level 1:colcon.colcon_core.package_identification:_identify(src/gz_ros2_control/doc/img) by extension 'colcon_meta'
[1.132s] Level 1:colcon.colcon_core.package_identification:_identify(src/gz_ros2_control/doc/img) by extensions ['ros']
[1.132s] Level 1:colcon.colcon_core.package_identification:_identify(src/gz_ros2_control/doc/img) by extension 'ros'
[1.133s] Level 1:colcon.colcon_core.package_identification:_identify(src/gz_ros2_control/doc/img) by extensions ['cmake', 'python']
[1.133s] Level 1:colcon.colcon_core.package_identification:_identify(src/gz_ros2_control/doc/img) by extension 'cmake'
[1.133s] Level 1:colcon.colcon_core.package_identification:_identify(src/gz_ros2_control/doc/img) by extension 'python'
[1.133s] Level 1:colcon.colcon_core.package_identification:_identify(src/gz_ros2_control/doc/img) by extensions ['python_setup_py']
[1.133s] Level 1:colcon.colcon_core.package_identification:_identify(src/gz_ros2_control/doc/img) by extension 'python_setup_py'
[1.133s] Level 1:colcon.colcon_core.package_identification:_identify(src/gz_ros2_control/gz_ros2_control_tests) by extensions ['ignore', 'ignore_ament_install']
[1.133s] Level 1:colcon.colcon_core.package_identification:_identify(src/gz_ros2_control/gz_ros2_control_tests) by extension 'ignore'
[1.133s] Level 1:colcon.colcon_core.package_identification:_identify(src/gz_ros2_control/gz_ros2_control_tests) by extension 'ignore_ament_install'
[1.133s] Level 1:colcon.colcon_core.package_identification:_identify(src/gz_ros2_control/gz_ros2_control_tests) by extensions ['colcon_pkg']
[1.134s] Level 1:colcon.colcon_core.package_identification:_identify(src/gz_ros2_control/gz_ros2_control_tests) by extension 'colcon_pkg'
[1.134s] Level 1:colcon.colcon_core.package_identification:_identify(src/gz_ros2_control/gz_ros2_control_tests) by extensions ['colcon_meta']
[1.135s] Level 1:colcon.colcon_core.package_identification:_identify(src/gz_ros2_control/gz_ros2_control_tests) by extension 'colcon_meta'
[1.136s] Level 1:colcon.colcon_core.package_identification:_identify(src/gz_ros2_control/gz_ros2_control_tests) by extensions ['ros']
[1.136s] Level 1:colcon.colcon_core.package_identification:_identify(src/gz_ros2_control/gz_ros2_control_tests) by extension 'ros'
[1.143s] DEBUG:colcon.colcon_core.package_identification:Package 'src/gz_ros2_control/gz_ros2_control_tests' with type 'ros.ament_cmake' and name 'gz_ros2_control_tests'
[1.143s] Level 1:colcon.colcon_core.package_identification:_identify(src/gz_ros2_control/ign_ros2_control) by extensions ['ignore', 'ignore_ament_install']
[1.143s] Level 1:colcon.colcon_core.package_identification:_identify(src/gz_ros2_control/ign_ros2_control) by extension 'ignore'
[1.143s] Level 1:colcon.colcon_core.package_identification:_identify(src/gz_ros2_control/ign_ros2_control) by extension 'ignore_ament_install'
[1.143s] Level 1:colcon.colcon_core.package_identification:_identify(src/gz_ros2_control/ign_ros2_control) by extensions ['colcon_pkg']
[1.143s] Level 1:colcon.colcon_core.package_identification:_identify(src/gz_ros2_control/ign_ros2_control) by extension 'colcon_pkg'
[1.143s] Level 1:colcon.colcon_core.package_identification:_identify(src/gz_ros2_control/ign_ros2_control) by extensions ['colcon_meta']
[1.144s] Level 1:colcon.colcon_core.package_identification:_identify(src/gz_ros2_control/ign_ros2_control) by extension 'colcon_meta'
[1.144s] Level 1:colcon.colcon_core.package_identification:_identify(src/gz_ros2_control/ign_ros2_control) by extensions ['ros']
[1.144s] Level 1:colcon.colcon_core.package_identification:_identify(src/gz_ros2_control/ign_ros2_control) by extension 'ros'
[1.148s] DEBUG:colcon.colcon_core.package_identification:Package 'src/gz_ros2_control/ign_ros2_control' with type 'ros.ament_cmake' and name 'ign_ros2_control'
[1.148s] Level 1:colcon.colcon_core.package_identification:_identify(src/gz_ros2_control/ign_ros2_control_demos) by extensions ['ignore', 'ignore_ament_install']
[1.148s] Level 1:colcon.colcon_core.package_identification:_identify(src/gz_ros2_control/ign_ros2_control_demos) by extension 'ignore'
[1.148s] Level 1:colcon.colcon_core.package_identification:_identify(src/gz_ros2_control/ign_ros2_control_demos) by extension 'ignore_ament_install'
[1.148s] Level 1:colcon.colcon_core.package_identification:_identify(src/gz_ros2_control/ign_ros2_control_demos) by extensions ['colcon_pkg']
[1.148s] Level 1:colcon.colcon_core.package_identification:_identify(src/gz_ros2_control/ign_ros2_control_demos) by extension 'colcon_pkg'
[1.148s] Level 1:colcon.colcon_core.package_identification:_identify(src/gz_ros2_control/ign_ros2_control_demos) by extensions ['colcon_meta']
[1.148s] Level 1:colcon.colcon_core.package_identification:_identify(src/gz_ros2_control/ign_ros2_control_demos) by extension 'colcon_meta'
[1.148s] Level 1:colcon.colcon_core.package_identification:_identify(src/gz_ros2_control/ign_ros2_control_demos) by extensions ['ros']
[1.148s] Level 1:colcon.colcon_core.package_identification:_identify(src/gz_ros2_control/ign_ros2_control_demos) by extension 'ros'
[1.149s] DEBUG:colcon.colcon_core.package_identification:Package 'src/gz_ros2_control/ign_ros2_control_demos' with type 'ros.ament_cmake' and name 'ign_ros2_control_demos'
[1.149s] Level 1:colcon.colcon_core.package_identification:_identify(src/install) by extensions ['ignore', 'ignore_ament_install']
[1.150s] Level 1:colcon.colcon_core.package_identification:_identify(src/install) by extension 'ignore'
[1.150s] Level 1:colcon.colcon_core.package_identification:_identify(src/install) ignored
[1.150s] Level 1:colcon.colcon_core.package_identification:_identify(src/log) by extensions ['ignore', 'ignore_ament_install']
[1.150s] Level 1:colcon.colcon_core.package_identification:_identify(src/log) by extension 'ignore'
[1.150s] Level 1:colcon.colcon_core.package_identification:_identify(src/log) ignored
[1.150s] Level 1:colcon.colcon_core.package_identification:_identify(src/rover_gz) by extensions ['ignore', 'ignore_ament_install']
[1.151s] Level 1:colcon.colcon_core.package_identification:_identify(src/rover_gz) by extension 'ignore'
[1.151s] Level 1:colcon.colcon_core.package_identification:_identify(src/rover_gz) by extension 'ignore_ament_install'
[1.151s] Level 1:colcon.colcon_core.package_identification:_identify(src/rover_gz) by extensions ['colcon_pkg']
[1.151s] Level 1:colcon.colcon_core.package_identification:_identify(src/rover_gz) by extension 'colcon_pkg'
[1.151s] Level 1:colcon.colcon_core.package_identification:_identify(src/rover_gz) by extensions ['colcon_meta']
[1.151s] Level 1:colcon.colcon_core.package_identification:_identify(src/rover_gz) by extension 'colcon_meta'
[1.151s] Level 1:colcon.colcon_core.package_identification:_identify(src/rover_gz) by extensions ['ros']
[1.151s] Level 1:colcon.colcon_core.package_identification:_identify(src/rover_gz) by extension 'ros'
[1.152s] DEBUG:colcon.colcon_core.package_identification:Package 'src/rover_gz' with type 'ros.ament_cmake' and name 'rover_gz'
[1.152s] Level 1:colcon.colcon_core.package_discovery:discover_packages(recursive) using defaults
[1.152s] Level 1:colcon.colcon_core.package_discovery:discover_packages(ignore) discover
[1.152s] Level 1:colcon.colcon_core.package_discovery:discover_packages(ignore) using defaults
[1.152s] Level 1:colcon.colcon_core.package_discovery:discover_packages(path) discover
[1.152s] Level 1:colcon.colcon_core.package_discovery:discover_packages(path) using defaults
[1.219s] Level 5:colcon.colcon_core.verb:set package 'ign_ros2_control' build argument 'cmake_args' from command line to 'None'
[1.219s] Level 5:colcon.colcon_core.verb:set package 'ign_ros2_control' build argument 'cmake_target' from command line to 'None'
[1.219s] Level 5:colcon.colcon_core.verb:set package 'ign_ros2_control' build argument 'cmake_target_skip_unavailable' from command line to 'False'
[1.219s] Level 5:colcon.colcon_core.verb:set package 'ign_ros2_control' build argument 'cmake_clean_cache' from command line to 'False'
[1.219s] Level 5:colcon.colcon_core.verb:set package 'ign_ros2_control' build argument 'cmake_clean_first' from command line to 'False'
[1.219s] Level 5:colcon.colcon_core.verb:set package 'ign_ros2_control' build argument 'cmake_force_configure' from command line to 'False'
[1.219s] Level 5:colcon.colcon_core.verb:set package 'ign_ros2_control' build argument 'ament_cmake_args' from command line to 'None'
[1.219s] Level 5:colcon.colcon_core.verb:set package 'ign_ros2_control' build argument 'catkin_cmake_args' from command line to 'None'
[1.219s] Level 5:colcon.colcon_core.verb:set package 'ign_ros2_control' build argument 'catkin_skip_building_tests' from command line to 'False'
[1.219s] DEBUG:colcon.colcon_core.verb:Building package 'ign_ros2_control' with the following arguments: {'ament_cmake_args': None, 'build_base': '/catkin_ws/rover_sim_ws/build/ign_ros2_control', 'catkin_cmake_args': None, 'catkin_skip_building_tests': False, 'cmake_args': None, 'cmake_clean_cache': False, 'cmake_clean_first': False, 'cmake_force_configure': False, 'cmake_target': None, 'cmake_target_skip_unavailable': False, 'install_base': '/catkin_ws/rover_sim_ws/install/ign_ros2_control', 'merge_install': False, 'path': '/catkin_ws/rover_sim_ws/src/gz_ros2_control/ign_ros2_control', 'symlink_install': False, 'test_result_base': None}
[1.231s] Level 5:colcon.colcon_core.verb:set package 'rover_gz' build argument 'cmake_args' from command line to 'None'
[1.231s] Level 5:colcon.colcon_core.verb:set package 'rover_gz' build argument 'cmake_target' from command line to 'None'
[1.231s] Level 5:colcon.colcon_core.verb:set package 'rover_gz' build argument 'cmake_target_skip_unavailable' from command line to 'False'
[1.231s] Level 5:colcon.colcon_core.verb:set package 'rover_gz' build argument 'cmake_clean_cache' from command line to 'False'
[1.231s] Level 5:colcon.colcon_core.verb:set package 'rover_gz' build argument 'cmake_clean_first' from command line to 'False'
[1.231s] Level 5:colcon.colcon_core.verb:set package 'rover_gz' build argument 'cmake_force_configure' from command line to 'False'
[1.231s] Level 5:colcon.colcon_core.verb:set package 'rover_gz' build argument 'ament_cmake_args' from command line to 'None'
[1.231s] Level 5:colcon.colcon_core.verb:set package 'rover_gz' build argument 'catkin_cmake_args' from command line to 'None'
[1.231s] Level 5:colcon.colcon_core.verb:set package 'rover_gz' build argument 'catkin_skip_building_tests' from command line to 'False'
[1.231s] DEBUG:colcon.colcon_core.verb:Building package 'rover_gz' with the following arguments: {'ament_cmake_args': None, 'build_base': '/catkin_ws/rover_sim_ws/build/rover_gz', 'catkin_cmake_args': None, 'catkin_skip_building_tests': False, 'cmake_args': None, 'cmake_clean_cache': False, 'cmake_clean_first': False, 'cmake_force_configure': False, 'cmake_target': None, 'cmake_target_skip_unavailable': False, 'install_base': '/catkin_ws/rover_sim_ws/install/rover_gz', 'merge_install': False, 'path': '/catkin_ws/rover_sim_ws/src/rover_gz', 'symlink_install': False, 'test_result_base': None}
[1.242s] Level 5:colcon.colcon_core.verb:set package 'gz_ros2_control_tests' build argument 'cmake_args' from command line to 'None'
[1.242s] Level 5:colcon.colcon_core.verb:set package 'gz_ros2_control_tests' build argument 'cmake_target' from command line to 'None'
[1.242s] Level 5:colcon.colcon_core.verb:set package 'gz_ros2_control_tests' build argument 'cmake_target_skip_unavailable' from command line to 'False'
[1.242s] Level 5:colcon.colcon_core.verb:set package 'gz_ros2_control_tests' build argument 'cmake_clean_cache' from command line to 'False'
[1.243s] Level 5:colcon.colcon_core.verb:set package 'gz_ros2_control_tests' build argument 'cmake_clean_first' from command line to 'False'
[1.243s] Level 5:colcon.colcon_core.verb:set package 'gz_ros2_control_tests' build argument 'cmake_force_configure' from command line to 'False'
[1.243s] Level 5:colcon.colcon_core.verb:set package 'gz_ros2_control_tests' build argument 'ament_cmake_args' from command line to 'None'
[1.243s] Level 5:colcon.colcon_core.verb:set package 'gz_ros2_control_tests' build argument 'catkin_cmake_args' from command line to 'None'
[1.243s] Level 5:colcon.colcon_core.verb:set package 'gz_ros2_control_tests' build argument 'catkin_skip_building_tests' from command line to 'False'
[1.243s] DEBUG:colcon.colcon_core.verb:Building package 'gz_ros2_control_tests' with the following arguments: {'ament_cmake_args': None, 'build_base': '/catkin_ws/rover_sim_ws/build/gz_ros2_control_tests', 'catkin_cmake_args': None, 'catkin_skip_building_tests': False, 'cmake_args': None, 'cmake_clean_cache': False, 'cmake_clean_first': False, 'cmake_force_configure': False, 'cmake_target': None, 'cmake_target_skip_unavailable': False, 'install_base': '/catkin_ws/rover_sim_ws/install/gz_ros2_control_tests', 'merge_install': False, 'path': '/catkin_ws/rover_sim_ws/src/gz_ros2_control/gz_ros2_control_tests', 'symlink_install': False, 'test_result_base': None}
[1.254s] Level 5:colcon.colcon_core.verb:set package 'ign_ros2_control_demos' build argument 'cmake_args' from command line to 'None'
[1.254s] Level 5:colcon.colcon_core.verb:set package 'ign_ros2_control_demos' build argument 'cmake_target' from command line to 'None'
[1.254s] Level 5:colcon.colcon_core.verb:set package 'ign_ros2_control_demos' build argument 'cmake_target_skip_unavailable' from command line to 'False'
[1.254s] Level 5:colcon.colcon_core.verb:set package 'ign_ros2_control_demos' build argument 'cmake_clean_cache' from command line to 'False'
[1.254s] Level 5:colcon.colcon_core.verb:set package 'ign_ros2_control_demos' build argument 'cmake_clean_first' from command line to 'False'
[1.254s] Level 5:colcon.colcon_core.verb:set package 'ign_ros2_control_demos' build argument 'cmake_force_configure' from command line to 'False'
[1.254s] Level 5:colcon.colcon_core.verb:set package 'ign_ros2_control_demos' build argument 'ament_cmake_args' from command line to 'None'
[1.254s] Level 5:colcon.colcon_core.verb:set package 'ign_ros2_control_demos' build argument 'catkin_cmake_args' from command line to 'None'
[1.254s] Level 5:colcon.colcon_core.verb:set package 'ign_ros2_control_demos' build argument 'catkin_skip_building_tests' from command line to 'False'
[1.254s] DEBUG:colcon.colcon_core.verb:Building package 'ign_ros2_control_demos' with the following arguments: {'ament_cmake_args': None, 'build_base': '/catkin_ws/rover_sim_ws/build/ign_ros2_control_demos', 'catkin_cmake_args': None, 'catkin_skip_building_tests': False, 'cmake_args': None, 'cmake_clean_cache': False, 'cmake_clean_first': False, 'cmake_force_configure': False, 'cmake_target': None, 'cmake_target_skip_unavailable': False, 'install_base': '/catkin_ws/rover_sim_ws/install/ign_ros2_control_demos', 'merge_install': False, 'path': '/catkin_ws/rover_sim_ws/src/gz_ros2_control/ign_ros2_control_demos', 'symlink_install': False, 'test_result_base': None}
[1.265s] INFO:colcon.colcon_core.executor:Executing jobs using 'parallel' executor
[1.278s] DEBUG:colcon.colcon_parallel_executor.executor.parallel:run_until_complete
[1.278s] INFO:colcon.colcon_ros.task.ament_cmake.build:Building ROS package in '/catkin_ws/rover_sim_ws/src/gz_ros2_control/ign_ros2_control' with build type 'ament_cmake'
[1.278s] INFO:colcon.colcon_cmake.task.cmake.build:Building CMake package in '/catkin_ws/rover_sim_ws/src/gz_ros2_control/ign_ros2_control'
[1.294s] INFO:colcon.colcon_core.plugin_system:Skipping extension 'colcon_core.shell.bat': Not used on non-Windows systems
[1.294s] INFO:colcon.colcon_core.shell:Skip shell extension 'powershell' for command environment: Not usable outside of PowerShell
[1.294s] DEBUG:colcon.colcon_core.shell:Skip shell extension 'dsv' for command environment
[1.334s] INFO:colcon.colcon_ros.task.ament_cmake.build:Building ROS package in '/catkin_ws/rover_sim_ws/src/rover_gz' with build type 'ament_cmake'
[1.334s] INFO:colcon.colcon_cmake.task.cmake.build:Building CMake package in '/catkin_ws/rover_sim_ws/src/rover_gz'
[1.347s] INFO:colcon.colcon_core.shell:Skip shell extension 'powershell' for command environment: Not usable outside of PowerShell
[1.347s] DEBUG:colcon.colcon_core.shell:Skip shell extension 'dsv' for command environment
[1.398s] DEBUG:colcon.colcon_core.event_handler.log_command:Invoking command in '/catkin_ws/rover_sim_ws/build/ign_ros2_control': CMAKE_PREFIX_PATH=${CMAKE_PREFIX_PATH}:/opt/ros/humble /usr/bin/cmake --build /catkin_ws/rover_sim_ws/build/ign_ros2_control -- -j8 -l8
[1.401s] DEBUG:colcon.colcon_core.event_handler.log_command:Invoking command in '/catkin_ws/rover_sim_ws/build/rover_gz': CMAKE_PREFIX_PATH=${CMAKE_PREFIX_PATH}:/opt/ros/humble /usr/bin/cmake --build /catkin_ws/rover_sim_ws/build/rover_gz -- -j8 -l8
[1.431s] DEBUG:colcon.colcon_core.event_handler.log_command:Invoked command in '/catkin_ws/rover_sim_ws/build/rover_gz' returned '0': CMAKE_PREFIX_PATH=${CMAKE_PREFIX_PATH}:/opt/ros/humble /usr/bin/cmake --build /catkin_ws/rover_sim_ws/build/rover_gz -- -j8 -l8
[1.457s] DEBUG:colcon.colcon_core.event_handler.log_command:Invoking command in '/catkin_ws/rover_sim_ws/build/rover_gz': CMAKE_PREFIX_PATH=${CMAKE_PREFIX_PATH}:/opt/ros/humble /usr/bin/cmake --install /catkin_ws/rover_sim_ws/build/rover_gz
[1.500s] DEBUG:colcon.colcon_core.event_handler.log_command:Invoked command in '/catkin_ws/rover_sim_ws/build/ign_ros2_control' returned '0': CMAKE_PREFIX_PATH=${CMAKE_PREFIX_PATH}:/opt/ros/humble /usr/bin/cmake --build /catkin_ws/rover_sim_ws/build/ign_ros2_control -- -j8 -l8
[1.521s] Level 1:colcon.colcon_core.environment:create_environment_scripts_only(ign_ros2_control)
[1.678s] Level 1:colcon.colcon_core.environment:checking '/catkin_ws/rover_sim_ws/install/ign_ros2_control' for CMake module files
[1.684s] Level 1:colcon.colcon_core.environment:checking '/catkin_ws/rover_sim_ws/install/ign_ros2_control' for CMake config files
[1.698s] Level 1:colcon.colcon_core.shell:create_environment_hook('ign_ros2_control', 'cmake_prefix_path')
[1.711s] DEBUG:colcon.colcon_core.event_handler.log_command:Invoking command in '/catkin_ws/rover_sim_ws/build/ign_ros2_control': CMAKE_PREFIX_PATH=${CMAKE_PREFIX_PATH}:/opt/ros/humble /usr/bin/cmake --install /catkin_ws/rover_sim_ws/build/ign_ros2_control
[1.806s] INFO:colcon.colcon_core.shell:Creating environment hook '/catkin_ws/rover_sim_ws/install/ign_ros2_control/share/ign_ros2_control/hook/cmake_prefix_path.ps1'
[1.811s] INFO:colcon.colcon_core.shell:Creating environment descriptor '/catkin_ws/rover_sim_ws/install/ign_ros2_control/share/ign_ros2_control/hook/cmake_prefix_path.dsv'
[1.814s] INFO:colcon.colcon_core.shell:Creating environment hook '/catkin_ws/rover_sim_ws/install/ign_ros2_control/share/ign_ros2_control/hook/cmake_prefix_path.sh'
[1.823s] Level 1:colcon.colcon_core.environment:checking '/catkin_ws/rover_sim_ws/install/ign_ros2_control/lib'
[1.824s] Level 1:colcon.colcon_core.shell:create_environment_hook('ign_ros2_control', 'ld_library_path_lib')
[1.839s] DEBUG:colcon.colcon_core.event_handler.log_command:Invoked command in '/catkin_ws/rover_sim_ws/build/ign_ros2_control' returned '0': CMAKE_PREFIX_PATH=${CMAKE_PREFIX_PATH}:/opt/ros/humble /usr/bin/cmake --install /catkin_ws/rover_sim_ws/build/ign_ros2_control
[1.923s] INFO:colcon.colcon_core.shell:Creating environment hook '/catkin_ws/rover_sim_ws/install/ign_ros2_control/share/ign_ros2_control/hook/ld_library_path_lib.ps1'
[1.924s] INFO:colcon.colcon_core.shell:Creating environment descriptor '/catkin_ws/rover_sim_ws/install/ign_ros2_control/share/ign_ros2_control/hook/ld_library_path_lib.dsv'
[1.927s] INFO:colcon.colcon_core.shell:Creating environment hook '/catkin_ws/rover_sim_ws/install/ign_ros2_control/share/ign_ros2_control/hook/ld_library_path_lib.sh'
[1.930s] Level 1:colcon.colcon_core.environment:checking '/catkin_ws/rover_sim_ws/install/ign_ros2_control/bin'
[1.930s] Level 1:colcon.colcon_core.environment:checking '/catkin_ws/rover_sim_ws/install/ign_ros2_control/lib/pkgconfig/ign_ros2_control.pc'
[1.934s] Level 1:colcon.colcon_core.environment:checking '/catkin_ws/rover_sim_ws/install/ign_ros2_control/lib/python3.10/site-packages'
[1.934s] Level 1:colcon.colcon_core.environment:checking '/catkin_ws/rover_sim_ws/install/ign_ros2_control/bin'
[2.026s] INFO:colcon.colcon_core.shell:Creating package script '/catkin_ws/rover_sim_ws/install/ign_ros2_control/share/ign_ros2_control/package.ps1'
[2.031s] INFO:colcon.colcon_core.shell:Creating package descriptor '/catkin_ws/rover_sim_ws/install/ign_ros2_control/share/ign_ros2_control/package.dsv'
[2.034s] INFO:colcon.colcon_core.shell:Creating package script '/catkin_ws/rover_sim_ws/install/ign_ros2_control/share/ign_ros2_control/package.sh'
[2.037s] INFO:colcon.colcon_core.shell:Creating package script '/catkin_ws/rover_sim_ws/install/ign_ros2_control/share/ign_ros2_control/package.bash'
[2.038s] INFO:colcon.colcon_core.shell:Creating package script '/catkin_ws/rover_sim_ws/install/ign_ros2_control/share/ign_ros2_control/package.zsh'
[2.041s] Level 1:colcon.colcon_core.environment:create_file_with_runtime_dependencies(/catkin_ws/rover_sim_ws/install/ign_ros2_control/share/colcon-core/packages/ign_ros2_control)
[2.055s] Level 1:colcon.colcon_core.environment:create_environment_scripts_only(rover_gz)
[2.077s] DEBUG:colcon.colcon_core.event_handler.log_command:Invoked command in '/catkin_ws/rover_sim_ws/build/rover_gz' returned '0': CMAKE_PREFIX_PATH=${CMAKE_PREFIX_PATH}:/opt/ros/humble /usr/bin/cmake --install /catkin_ws/rover_sim_ws/build/rover_gz
[2.088s] Level 1:colcon.colcon_core.environment:checking '/catkin_ws/rover_sim_ws/install/rover_gz' for CMake module files
[2.088s] Level 1:colcon.colcon_core.environment:checking '/catkin_ws/rover_sim_ws/install/rover_gz' for CMake config files
[2.088s] Level 1:colcon.colcon_core.shell:create_environment_hook('rover_gz', 'cmake_prefix_path')
[2.100s] INFO:colcon.colcon_core.shell:Creating environment hook '/catkin_ws/rover_sim_ws/install/rover_gz/share/rover_gz/hook/cmake_prefix_path.ps1'
[2.100s] INFO:colcon.colcon_core.shell:Creating environment descriptor '/catkin_ws/rover_sim_ws/install/rover_gz/share/rover_gz/hook/cmake_prefix_path.dsv'
[2.100s] INFO:colcon.colcon_core.shell:Creating environment hook '/catkin_ws/rover_sim_ws/install/rover_gz/share/rover_gz/hook/cmake_prefix_path.sh'
[2.101s] Level 1:colcon.colcon_core.environment:checking '/catkin_ws/rover_sim_ws/install/rover_gz/bin'
[2.101s] Level 1:colcon.colcon_core.environment:checking '/catkin_ws/rover_sim_ws/install/rover_gz/lib/pkgconfig/rover_gz.pc'
[2.101s] Level 1:colcon.colcon_core.environment:checking '/catkin_ws/rover_sim_ws/install/rover_gz/lib/python3.10/site-packages'
[2.101s] Level 1:colcon.colcon_core.environment:checking '/catkin_ws/rover_sim_ws/install/rover_gz/bin'
[2.114s] INFO:colcon.colcon_core.shell:Creating package script '/catkin_ws/rover_sim_ws/install/rover_gz/share/rover_gz/package.ps1'
[2.114s] INFO:colcon.colcon_core.shell:Creating package descriptor '/catkin_ws/rover_sim_ws/install/rover_gz/share/rover_gz/package.dsv'
[2.114s] INFO:colcon.colcon_core.shell:Creating package script '/catkin_ws/rover_sim_ws/install/rover_gz/share/rover_gz/package.sh'
[2.115s] INFO:colcon.colcon_core.shell:Creating package script '/catkin_ws/rover_sim_ws/install/rover_gz/share/rover_gz/package.bash'
[2.115s] INFO:colcon.colcon_core.shell:Creating package script '/catkin_ws/rover_sim_ws/install/rover_gz/share/rover_gz/package.zsh'
[2.115s] Level 1:colcon.colcon_core.environment:create_file_with_runtime_dependencies(/catkin_ws/rover_sim_ws/install/rover_gz/share/colcon-core/packages/rover_gz)
[2.130s] Level 1:colcon.colcon_core.environment:create_environment_scripts_only(ign_ros2_control)
[2.145s] Level 1:colcon.colcon_core.environment:checking '/catkin_ws/rover_sim_ws/install/ign_ros2_control' for CMake module files
[2.145s] Level 1:colcon.colcon_core.environment:checking '/catkin_ws/rover_sim_ws/install/ign_ros2_control' for CMake config files
[2.146s] Level 1:colcon.colcon_core.shell:create_environment_hook('ign_ros2_control', 'cmake_prefix_path')
[2.159s] INFO:colcon.colcon_core.shell:Creating environment hook '/catkin_ws/rover_sim_ws/install/ign_ros2_control/share/ign_ros2_control/hook/cmake_prefix_path.ps1'
[2.159s] INFO:colcon.colcon_core.shell:Creating environment descriptor '/catkin_ws/rover_sim_ws/install/ign_ros2_control/share/ign_ros2_control/hook/cmake_prefix_path.dsv'
[2.159s] INFO:colcon.colcon_core.shell:Creating environment hook '/catkin_ws/rover_sim_ws/install/ign_ros2_control/share/ign_ros2_control/hook/cmake_prefix_path.sh'
[2.160s] Level 1:colcon.colcon_core.environment:checking '/catkin_ws/rover_sim_ws/install/ign_ros2_control/lib'
[2.160s] Level 1:colcon.colcon_core.shell:create_environment_hook('ign_ros2_control', 'ld_library_path_lib')
[2.171s] INFO:colcon.colcon_core.shell:Creating environment hook '/catkin_ws/rover_sim_ws/install/ign_ros2_control/share/ign_ros2_control/hook/ld_library_path_lib.ps1'
[2.172s] INFO:colcon.colcon_core.shell:Creating environment descriptor '/catkin_ws/rover_sim_ws/install/ign_ros2_control/share/ign_ros2_control/hook/ld_library_path_lib.dsv'
[2.172s] INFO:colcon.colcon_core.shell:Creating environment hook '/catkin_ws/rover_sim_ws/install/ign_ros2_control/share/ign_ros2_control/hook/ld_library_path_lib.sh'
[2.172s] Level 1:colcon.colcon_core.environment:checking '/catkin_ws/rover_sim_ws/install/ign_ros2_control/bin'
[2.172s] Level 1:colcon.colcon_core.environment:checking '/catkin_ws/rover_sim_ws/install/ign_ros2_control/lib/pkgconfig/ign_ros2_control.pc'
[2.173s] Level 1:colcon.colcon_core.environment:checking '/catkin_ws/rover_sim_ws/install/ign_ros2_control/lib/python3.10/site-packages'
[2.173s] Level 1:colcon.colcon_core.environment:checking '/catkin_ws/rover_sim_ws/install/ign_ros2_control/bin'
[2.185s] INFO:colcon.colcon_core.shell:Creating package script '/catkin_ws/rover_sim_ws/install/ign_ros2_control/share/ign_ros2_control/package.ps1'
[2.185s] INFO:colcon.colcon_core.shell:Creating package descriptor '/catkin_ws/rover_sim_ws/install/ign_ros2_control/share/ign_ros2_control/package.dsv'
[2.186s] INFO:colcon.colcon_core.shell:Creating package script '/catkin_ws/rover_sim_ws/install/ign_ros2_control/share/ign_ros2_control/package.sh'
[2.186s] INFO:colcon.colcon_core.shell:Creating package script '/catkin_ws/rover_sim_ws/install/ign_ros2_control/share/ign_ros2_control/package.bash'
[2.186s] INFO:colcon.colcon_core.shell:Creating package script '/catkin_ws/rover_sim_ws/install/ign_ros2_control/share/ign_ros2_control/package.zsh'
[2.187s] Level 1:colcon.colcon_core.environment:create_file_with_runtime_dependencies(/catkin_ws/rover_sim_ws/install/ign_ros2_control/share/colcon-core/packages/ign_ros2_control)
[2.187s] INFO:colcon.colcon_ros.task.ament_cmake.build:Building ROS package in '/catkin_ws/rover_sim_ws/src/gz_ros2_control/gz_ros2_control_tests' with build type 'ament_cmake'
[2.188s] INFO:colcon.colcon_cmake.task.cmake.build:Building CMake package in '/catkin_ws/rover_sim_ws/src/gz_ros2_control/gz_ros2_control_tests'
[2.202s] INFO:colcon.colcon_core.shell:Skip shell extension 'powershell' for command environment: Not usable outside of PowerShell
[2.202s] DEBUG:colcon.colcon_core.shell:Skip shell extension 'dsv' for command environment
[2.243s] INFO:colcon.colcon_ros.task.ament_cmake.build:Building ROS package in '/catkin_ws/rover_sim_ws/src/gz_ros2_control/ign_ros2_control_demos' with build type 'ament_cmake'
[2.243s] INFO:colcon.colcon_cmake.task.cmake.build:Building CMake package in '/catkin_ws/rover_sim_ws/src/gz_ros2_control/ign_ros2_control_demos'
[2.256s] INFO:colcon.colcon_core.shell:Skip shell extension 'powershell' for command environment: Not usable outside of PowerShell
[2.257s] DEBUG:colcon.colcon_core.shell:Skip shell extension 'dsv' for command environment
[2.321s] Level 1:colcon.colcon_core.environment:create_environment_scripts_only(rover_gz)
[2.333s] Level 1:colcon.colcon_core.environment:checking '/catkin_ws/rover_sim_ws/install/rover_gz' for CMake module files
[2.334s] Level 1:colcon.colcon_core.environment:checking '/catkin_ws/rover_sim_ws/install/rover_gz' for CMake config files
[2.334s] Level 1:colcon.colcon_core.shell:create_environment_hook('rover_gz', 'cmake_prefix_path')
[2.346s] INFO:colcon.colcon_core.shell:Creating environment hook '/catkin_ws/rover_sim_ws/install/rover_gz/share/rover_gz/hook/cmake_prefix_path.ps1'
[2.346s] INFO:colcon.colcon_core.shell:Creating environment descriptor '/catkin_ws/rover_sim_ws/install/rover_gz/share/rover_gz/hook/cmake_prefix_path.dsv'
[2.346s] INFO:colcon.colcon_core.shell:Creating environment hook '/catkin_ws/rover_sim_ws/install/rover_gz/share/rover_gz/hook/cmake_prefix_path.sh'
[2.347s] Level 1:colcon.colcon_core.environment:checking '/catkin_ws/rover_sim_ws/install/rover_gz/bin'
[2.347s] Level 1:colcon.colcon_core.environment:checking '/catkin_ws/rover_sim_ws/install/rover_gz/lib/pkgconfig/rover_gz.pc'
[2.347s] Level 1:colcon.colcon_core.environment:checking '/catkin_ws/rover_sim_ws/install/rover_gz/lib/python3.10/site-packages'
[2.347s] Level 1:colcon.colcon_core.environment:checking '/catkin_ws/rover_sim_ws/install/rover_gz/bin'
[2.360s] INFO:colcon.colcon_core.shell:Creating package script '/catkin_ws/rover_sim_ws/install/rover_gz/share/rover_gz/package.ps1'
[2.361s] INFO:colcon.colcon_core.shell:Creating package descriptor '/catkin_ws/rover_sim_ws/install/rover_gz/share/rover_gz/package.dsv'
[2.361s] INFO:colcon.colcon_core.shell:Creating package script '/catkin_ws/rover_sim_ws/install/rover_gz/share/rover_gz/package.sh'
[2.362s] INFO:colcon.colcon_core.shell:Creating package script '/catkin_ws/rover_sim_ws/install/rover_gz/share/rover_gz/package.bash'
[2.362s] INFO:colcon.colcon_core.shell:Creating package script '/catkin_ws/rover_sim_ws/install/rover_gz/share/rover_gz/package.zsh'
[2.363s] Level 1:colcon.colcon_core.environment:create_file_with_runtime_dependencies(/catkin_ws/rover_sim_ws/install/rover_gz/share/colcon-core/packages/rover_gz)
[2.369s] DEBUG:colcon.colcon_core.event_handler.log_command:Invoking command in '/catkin_ws/rover_sim_ws/build/gz_ros2_control_tests': CMAKE_PREFIX_PATH=/catkin_ws/rover_sim_ws/install/ign_ros2_control:/catkin_ws/rover_sim_ws/install/rover_gz:/catkin_ws/rover_sim_ws/install/ign_ros2_control_demos:/catkin_ws/rover_sim_ws/install/gz_ros2_control_tests:/opt/ros/humble /usr/bin/cmake --build /catkin_ws/rover_sim_ws/build/gz_ros2_control_tests -- -j8 -l8
[2.372s] DEBUG:colcon.colcon_core.event_handler.log_command:Invoking command in '/catkin_ws/rover_sim_ws/build/ign_ros2_control_demos': CMAKE_PREFIX_PATH=/catkin_ws/rover_sim_ws/install/ign_ros2_control:/catkin_ws/rover_sim_ws/install/rover_gz:/catkin_ws/rover_sim_ws/install/ign_ros2_control_demos:/catkin_ws/rover_sim_ws/install/gz_ros2_control_tests:/opt/ros/humble /usr/bin/cmake --build /catkin_ws/rover_sim_ws/build/ign_ros2_control_demos -- -j8 -l8
[2.426s] DEBUG:colcon.colcon_core.event_handler.log_command:Invoked command in '/catkin_ws/rover_sim_ws/build/gz_ros2_control_tests' returned '0': CMAKE_PREFIX_PATH=/catkin_ws/rover_sim_ws/install/ign_ros2_control:/catkin_ws/rover_sim_ws/install/rover_gz:/catkin_ws/rover_sim_ws/install/ign_ros2_control_demos:/catkin_ws/rover_sim_ws/install/gz_ros2_control_tests:/opt/ros/humble /usr/bin/cmake --build /catkin_ws/rover_sim_ws/build/gz_ros2_control_tests -- -j8 -l8
[2.433s] DEBUG:colcon.colcon_core.event_handler.log_command:Invoked command in '/catkin_ws/rover_sim_ws/build/ign_ros2_control_demos' returned '0': CMAKE_PREFIX_PATH=/catkin_ws/rover_sim_ws/install/ign_ros2_control:/catkin_ws/rover_sim_ws/install/rover_gz:/catkin_ws/rover_sim_ws/install/ign_ros2_control_demos:/catkin_ws/rover_sim_ws/install/gz_ros2_control_tests:/opt/ros/humble /usr/bin/cmake --build /catkin_ws/rover_sim_ws/build/ign_ros2_control_demos -- -j8 -l8
[2.448s] DEBUG:colcon.colcon_core.event_handler.log_command:Invoking command in '/catkin_ws/rover_sim_ws/build/gz_ros2_control_tests': CMAKE_PREFIX_PATH=/catkin_ws/rover_sim_ws/install/ign_ros2_control:/catkin_ws/rover_sim_ws/install/rover_gz:/catkin_ws/rover_sim_ws/install/ign_ros2_control_demos:/catkin_ws/rover_sim_ws/install/gz_ros2_control_tests:/opt/ros/humble /usr/bin/cmake --install /catkin_ws/rover_sim_ws/build/gz_ros2_control_tests
[2.458s] Level 1:colcon.colcon_core.environment:create_environment_scripts_only(gz_ros2_control_tests)
[2.462s] DEBUG:colcon.colcon_core.event_handler.log_command:Invoked command in '/catkin_ws/rover_sim_ws/build/gz_ros2_control_tests' returned '0': CMAKE_PREFIX_PATH=/catkin_ws/rover_sim_ws/install/ign_ros2_control:/catkin_ws/rover_sim_ws/install/rover_gz:/catkin_ws/rover_sim_ws/install/ign_ros2_control_demos:/catkin_ws/rover_sim_ws/install/gz_ros2_control_tests:/opt/ros/humble /usr/bin/cmake --install /catkin_ws/rover_sim_ws/build/gz_ros2_control_tests
[2.478s] Level 1:colcon.colcon_core.environment:checking '/catkin_ws/rover_sim_ws/install/gz_ros2_control_tests' for CMake module files
[2.478s] Level 1:colcon.colcon_core.environment:checking '/catkin_ws/rover_sim_ws/install/gz_ros2_control_tests' for CMake config files
[2.479s] Level 1:colcon.colcon_core.shell:create_environment_hook('gz_ros2_control_tests', 'cmake_prefix_path')
[2.491s] INFO:colcon.colcon_core.shell:Creating environment hook '/catkin_ws/rover_sim_ws/install/gz_ros2_control_tests/share/gz_ros2_control_tests/hook/cmake_prefix_path.ps1'
[2.491s] INFO:colcon.colcon_core.shell:Creating environment descriptor '/catkin_ws/rover_sim_ws/install/gz_ros2_control_tests/share/gz_ros2_control_tests/hook/cmake_prefix_path.dsv'
[2.491s] INFO:colcon.colcon_core.shell:Creating environment hook '/catkin_ws/rover_sim_ws/install/gz_ros2_control_tests/share/gz_ros2_control_tests/hook/cmake_prefix_path.sh'
[2.492s] Level 1:colcon.colcon_core.environment:checking '/catkin_ws/rover_sim_ws/install/gz_ros2_control_tests/lib'
[2.492s] Level 1:colcon.colcon_core.environment:checking '/catkin_ws/rover_sim_ws/install/gz_ros2_control_tests/bin'
[2.492s] Level 1:colcon.colcon_core.environment:checking '/catkin_ws/rover_sim_ws/install/gz_ros2_control_tests/lib/pkgconfig/gz_ros2_control_tests.pc'
[2.492s] Level 1:colcon.colcon_core.environment:checking '/catkin_ws/rover_sim_ws/install/gz_ros2_control_tests/lib/python3.10/site-packages'
[2.493s] Level 1:colcon.colcon_core.environment:checking '/catkin_ws/rover_sim_ws/install/gz_ros2_control_tests/bin'
[2.504s] INFO:colcon.colcon_core.shell:Creating package script '/catkin_ws/rover_sim_ws/install/gz_ros2_control_tests/share/gz_ros2_control_tests/package.ps1'
[2.504s] INFO:colcon.colcon_core.shell:Creating package descriptor '/catkin_ws/rover_sim_ws/install/gz_ros2_control_tests/share/gz_ros2_control_tests/package.dsv'
[2.505s] INFO:colcon.colcon_core.shell:Creating package script '/catkin_ws/rover_sim_ws/install/gz_ros2_control_tests/share/gz_ros2_control_tests/package.sh'
[2.505s] INFO:colcon.colcon_core.shell:Creating package script '/catkin_ws/rover_sim_ws/install/gz_ros2_control_tests/share/gz_ros2_control_tests/package.bash'
[2.505s] INFO:colcon.colcon_core.shell:Creating package script '/catkin_ws/rover_sim_ws/install/gz_ros2_control_tests/share/gz_ros2_control_tests/package.zsh'
[2.506s] Level 1:colcon.colcon_core.environment:create_file_with_runtime_dependencies(/catkin_ws/rover_sim_ws/install/gz_ros2_control_tests/share/colcon-core/packages/gz_ros2_control_tests)
[2.509s] DEBUG:colcon.colcon_core.event_handler.log_command:Invoking command in '/catkin_ws/rover_sim_ws/build/ign_ros2_control_demos': CMAKE_PREFIX_PATH=/catkin_ws/rover_sim_ws/install/ign_ros2_control:/catkin_ws/rover_sim_ws/install/rover_gz:/catkin_ws/rover_sim_ws/install/ign_ros2_control_demos:/catkin_ws/rover_sim_ws/install/gz_ros2_control_tests:/opt/ros/humble /usr/bin/cmake --install /catkin_ws/rover_sim_ws/build/ign_ros2_control_demos
[2.522s] Level 1:colcon.colcon_core.environment:create_environment_scripts_only(ign_ros2_control_demos)
[2.528s] DEBUG:colcon.colcon_core.event_handler.log_command:Invoked command in '/catkin_ws/rover_sim_ws/build/ign_ros2_control_demos' returned '0': CMAKE_PREFIX_PATH=/catkin_ws/rover_sim_ws/install/ign_ros2_control:/catkin_ws/rover_sim_ws/install/rover_gz:/catkin_ws/rover_sim_ws/install/ign_ros2_control_demos:/catkin_ws/rover_sim_ws/install/gz_ros2_control_tests:/opt/ros/humble /usr/bin/cmake --install /catkin_ws/rover_sim_ws/build/ign_ros2_control_demos
[2.542s] Level 1:colcon.colcon_core.environment:checking '/catkin_ws/rover_sim_ws/install/ign_ros2_control_demos' for CMake module files
[2.543s] Level 1:colcon.colcon_core.environment:checking '/catkin_ws/rover_sim_ws/install/ign_ros2_control_demos' for CMake config files
[2.544s] Level 1:colcon.colcon_core.shell:create_environment_hook('ign_ros2_control_demos', 'cmake_prefix_path')
[2.560s] INFO:colcon.colcon_core.shell:Creating environment hook '/catkin_ws/rover_sim_ws/install/ign_ros2_control_demos/share/ign_ros2_control_demos/hook/cmake_prefix_path.ps1'
[2.561s] INFO:colcon.colcon_core.shell:Creating environment descriptor '/catkin_ws/rover_sim_ws/install/ign_ros2_control_demos/share/ign_ros2_control_demos/hook/cmake_prefix_path.dsv'
[2.562s] INFO:colcon.colcon_core.shell:Creating environment hook '/catkin_ws/rover_sim_ws/install/ign_ros2_control_demos/share/ign_ros2_control_demos/hook/cmake_prefix_path.sh'
[2.562s] Level 1:colcon.colcon_core.environment:checking '/catkin_ws/rover_sim_ws/install/ign_ros2_control_demos/lib'
[2.563s] Level 1:colcon.colcon_core.environment:checking '/catkin_ws/rover_sim_ws/install/ign_ros2_control_demos/bin'
[2.563s] Level 1:colcon.colcon_core.environment:checking '/catkin_ws/rover_sim_ws/install/ign_ros2_control_demos/lib/pkgconfig/ign_ros2_control_demos.pc'
[2.563s] Level 1:colcon.colcon_core.environment:checking '/catkin_ws/rover_sim_ws/install/ign_ros2_control_demos/lib/python3.10/site-packages'
[2.563s] Level 1:colcon.colcon_core.environment:checking '/catkin_ws/rover_sim_ws/install/ign_ros2_control_demos/bin'
[2.576s] INFO:colcon.colcon_core.shell:Creating package script '/catkin_ws/rover_sim_ws/install/ign_ros2_control_demos/share/ign_ros2_control_demos/package.ps1'
[2.577s] INFO:colcon.colcon_core.shell:Creating package descriptor '/catkin_ws/rover_sim_ws/install/ign_ros2_control_demos/share/ign_ros2_control_demos/package.dsv'
[2.577s] INFO:colcon.colcon_core.shell:Creating package script '/catkin_ws/rover_sim_ws/install/ign_ros2_control_demos/share/ign_ros2_control_demos/package.sh'
[2.577s] INFO:colcon.colcon_core.shell:Creating package script '/catkin_ws/rover_sim_ws/install/ign_ros2_control_demos/share/ign_ros2_control_demos/package.bash'
[2.578s] INFO:colcon.colcon_core.shell:Creating package script '/catkin_ws/rover_sim_ws/install/ign_ros2_control_demos/share/ign_ros2_control_demos/package.zsh'
[2.578s] Level 1:colcon.colcon_core.environment:create_file_with_runtime_dependencies(/catkin_ws/rover_sim_ws/install/ign_ros2_control_demos/share/colcon-core/packages/ign_ros2_control_demos)
[2.593s] Level 1:colcon.colcon_core.environment:create_environment_scripts_only(gz_ros2_control_tests)
[2.606s] Level 1:colcon.colcon_core.environment:checking '/catkin_ws/rover_sim_ws/install/gz_ros2_control_tests' for CMake module files
[2.607s] Level 1:colcon.colcon_core.environment:checking '/catkin_ws/rover_sim_ws/install/gz_ros2_control_tests' for CMake config files
[2.607s] Level 1:colcon.colcon_core.shell:create_environment_hook('gz_ros2_control_tests', 'cmake_prefix_path')
[2.620s] INFO:colcon.colcon_core.shell:Creating environment hook '/catkin_ws/rover_sim_ws/install/gz_ros2_control_tests/share/gz_ros2_control_tests/hook/cmake_prefix_path.ps1'
[2.620s] INFO:colcon.colcon_core.shell:Creating environment descriptor '/catkin_ws/rover_sim_ws/install/gz_ros2_control_tests/share/gz_ros2_control_tests/hook/cmake_prefix_path.dsv'
[2.620s] INFO:colcon.colcon_core.shell:Creating environment hook '/catkin_ws/rover_sim_ws/install/gz_ros2_control_tests/share/gz_ros2_control_tests/hook/cmake_prefix_path.sh'
[2.621s] Level 1:colcon.colcon_core.environment:checking '/catkin_ws/rover_sim_ws/install/gz_ros2_control_tests/lib'
[2.621s] Level 1:colcon.colcon_core.environment:checking '/catkin_ws/rover_sim_ws/install/gz_ros2_control_tests/bin'
[2.621s] Level 1:colcon.colcon_core.environment:checking '/catkin_ws/rover_sim_ws/install/gz_ros2_control_tests/lib/pkgconfig/gz_ros2_control_tests.pc'
[2.622s] Level 1:colcon.colcon_core.environment:checking '/catkin_ws/rover_sim_ws/install/gz_ros2_control_tests/lib/python3.10/site-packages'
[2.622s] Level 1:colcon.colcon_core.environment:checking '/catkin_ws/rover_sim_ws/install/gz_ros2_control_tests/bin'
[2.636s] INFO:colcon.colcon_core.shell:Creating package script '/catkin_ws/rover_sim_ws/install/gz_ros2_control_tests/share/gz_ros2_control_tests/package.ps1'
[2.636s] INFO:colcon.colcon_core.shell:Creating package descriptor '/catkin_ws/rover_sim_ws/install/gz_ros2_control_tests/share/gz_ros2_control_tests/package.dsv'
[2.637s] INFO:colcon.colcon_core.shell:Creating package script '/catkin_ws/rover_sim_ws/install/gz_ros2_control_tests/share/gz_ros2_control_tests/package.sh'
[2.637s] INFO:colcon.colcon_core.shell:Creating package script '/catkin_ws/rover_sim_ws/install/gz_ros2_control_tests/share/gz_ros2_control_tests/package.bash'
[2.637s] INFO:colcon.colcon_core.shell:Creating package script '/catkin_ws/rover_sim_ws/install/gz_ros2_control_tests/share/gz_ros2_control_tests/package.zsh'
[2.638s] Level 1:colcon.colcon_core.environment:create_file_with_runtime_dependencies(/catkin_ws/rover_sim_ws/install/gz_ros2_control_tests/share/colcon-core/packages/gz_ros2_control_tests)
[2.653s] Level 1:colcon.colcon_core.environment:create_environment_scripts_only(ign_ros2_control_demos)
[2.666s] Level 1:colcon.colcon_core.environment:checking '/catkin_ws/rover_sim_ws/install/ign_ros2_control_demos' for CMake module files
[2.667s] Level 1:colcon.colcon_core.environment:checking '/catkin_ws/rover_sim_ws/install/ign_ros2_control_demos' for CMake config files
[2.667s] Level 1:colcon.colcon_core.shell:create_environment_hook('ign_ros2_control_demos', 'cmake_prefix_path')
[2.680s] INFO:colcon.colcon_core.shell:Creating environment hook '/catkin_ws/rover_sim_ws/install/ign_ros2_control_demos/share/ign_ros2_control_demos/hook/cmake_prefix_path.ps1'
[2.681s] INFO:colcon.colcon_core.shell:Creating environment descriptor '/catkin_ws/rover_sim_ws/install/ign_ros2_control_demos/share/ign_ros2_control_demos/hook/cmake_prefix_path.dsv'
[2.681s] INFO:colcon.colcon_core.shell:Creating environment hook '/catkin_ws/rover_sim_ws/install/ign_ros2_control_demos/share/ign_ros2_control_demos/hook/cmake_prefix_path.sh'
[2.682s] Level 1:colcon.colcon_core.environment:checking '/catkin_ws/rover_sim_ws/install/ign_ros2_control_demos/lib'
[2.682s] Level 1:colcon.colcon_core.environment:checking '/catkin_ws/rover_sim_ws/install/ign_ros2_control_demos/bin'
[2.682s] Level 1:colcon.colcon_core.environment:checking '/catkin_ws/rover_sim_ws/install/ign_ros2_control_demos/lib/pkgconfig/ign_ros2_control_demos.pc'
[2.682s] Level 1:colcon.colcon_core.environment:checking '/catkin_ws/rover_sim_ws/install/ign_ros2_control_demos/lib/python3.10/site-packages'
[2.682s] Level 1:colcon.colcon_core.environment:checking '/catkin_ws/rover_sim_ws/install/ign_ros2_control_demos/bin'
[2.695s] INFO:colcon.colcon_core.shell:Creating package script '/catkin_ws/rover_sim_ws/install/ign_ros2_control_demos/share/ign_ros2_control_demos/package.ps1'
[2.696s] INFO:colcon.colcon_core.shell:Creating package descriptor '/catkin_ws/rover_sim_ws/install/ign_ros2_control_demos/share/ign_ros2_control_demos/package.dsv'
[2.696s] INFO:colcon.colcon_core.shell:Creating package script '/catkin_ws/rover_sim_ws/install/ign_ros2_control_demos/share/ign_ros2_control_demos/package.sh'
[2.697s] INFO:colcon.colcon_core.shell:Creating package script '/catkin_ws/rover_sim_ws/install/ign_ros2_control_demos/share/ign_ros2_control_demos/package.bash'
[2.697s] INFO:colcon.colcon_core.shell:Creating package script '/catkin_ws/rover_sim_ws/install/ign_ros2_control_demos/share/ign_ros2_control_demos/package.zsh'
[2.697s] Level 1:colcon.colcon_core.environment:create_file_with_runtime_dependencies(/catkin_ws/rover_sim_ws/install/ign_ros2_control_demos/share/colcon-core/packages/ign_ros2_control_demos)
[2.698s] DEBUG:colcon.colcon_parallel_executor.executor.parallel:closing loop
[2.698s] DEBUG:colcon.colcon_parallel_executor.executor.parallel:loop closed
[2.698s] DEBUG:colcon.colcon_parallel_executor.executor.parallel:run_until_complete finished with '0'
[2.698s] DEBUG:colcon.colcon_core.event_reactor:joining thread
[2.715s] INFO:colcon.colcon_core.plugin_system:Skipping extension 'colcon_notification.desktop_notification.notify_send': Could not find 'notify-send'
[2.715s] INFO:colcon.colcon_core.plugin_system:Skipping extension 'colcon_notification.desktop_notification.terminal_notifier': Not used on non-Darwin systems
[2.715s] INFO:colcon.colcon_core.plugin_system:Skipping extension 'colcon_notification.desktop_notification.win32': Not used on non-Windows systems
[2.715s] INFO:colcon.colcon_notification.desktop_notification:Sending desktop notification using 'notify2'
[2.717s] DEBUG:colcon.colcon_notification.desktop_notification.notify2:Failed to initialize notify2: org.freedesktop.DBus.Error.Spawn.ExecFailed: /usr/bin/dbus-launch terminated abnormally without any error message
[2.717s] DEBUG:colcon.colcon_core.event_reactor:joined thread
[2.730s] INFO:colcon.colcon_core.shell:Creating prefix script '/catkin_ws/rover_sim_ws/install/local_setup.ps1'
[2.731s] INFO:colcon.colcon_core.shell:Creating prefix util module '/catkin_ws/rover_sim_ws/install/_local_setup_util_ps1.py'
[2.733s] INFO:colcon.colcon_core.shell:Creating prefix chain script '/catkin_ws/rover_sim_ws/install/setup.ps1'
[2.748s] INFO:colcon.colcon_core.shell:Creating prefix script '/catkin_ws/rover_sim_ws/install/local_setup.sh'
[2.749s] INFO:colcon.colcon_core.shell:Creating prefix util module '/catkin_ws/rover_sim_ws/install/_local_setup_util_sh.py'
[2.749s] INFO:colcon.colcon_core.shell:Creating prefix chain script '/catkin_ws/rover_sim_ws/install/setup.sh'
[2.764s] INFO:colcon.colcon_core.shell:Creating prefix script '/catkin_ws/rover_sim_ws/install/local_setup.bash'
[2.764s] INFO:colcon.colcon_core.shell:Creating prefix chain script '/catkin_ws/rover_sim_ws/install/setup.bash'
[2.777s] INFO:colcon.colcon_core.shell:Creating prefix script '/catkin_ws/rover_sim_ws/install/local_setup.zsh'
[2.777s] INFO:colcon.colcon_core.shell:Creating prefix chain script '/catkin_ws/rover_sim_ws/install/setup.zsh'
