[1.054s] DEBUG:colcon:Command line arguments: ['/usr/bin/colcon', 'build']
[1.054s] DEBUG:colcon:Parsed command line arguments: Namespace(log_base=None, log_level=None, verb_name='build', build_base='build', install_base='install', merge_install=False, symlink_install=False, test_result_base=None, continue_on_error=False, executor='parallel', parallel_workers=8, event_handlers=None, ignore_user_meta=False, metas=['./colcon.meta'], base_paths=['.'], packages_ignore=None, packages_ignore_regex=None, paths=None, packages_up_to=None, packages_up_to_regex=None, packages_above=None, packages_above_and_dependencies=None, packages_above_depth=None, packages_select_by_dep=None, packages_skip_by_dep=None, packages_skip_up_to=None, packages_select_build_failed=False, packages_skip_build_finished=False, packages_select_test_failures=False, packages_skip_test_passed=False, packages_select=None, packages_skip=None, packages_select_regex=None, packages_skip_regex=None, packages_start=None, packages_end=None, cmake_args=None, cmake_target=None, cmake_target_skip_unavailable=False, cmake_clean_cache=False, cmake_clean_first=False, cmake_force_configure=False, ament_cmake_args=None, catkin_cmake_args=None, catkin_skip_building_tests=False, mixin_files=None, mixin=None, verb_parser=<colcon_mixin.mixin.mixin_argument.MixinArgumentDecorator object at 0x7fcfccd61e70>, verb_extension=<colcon_core.verb.build.BuildVerb object at 0x7fcfccd58c40>, main=<bound method BuildVerb.main of <colcon_core.verb.build.BuildVerb object at 0x7fcfccd58c40>>, mixin_verb=('build',))
[1.099s] Level 1:colcon.colcon_core.package_discovery:discover_packages(colcon_meta) check parameters
[1.100s] INFO:colcon.colcon_metadata.package_discovery.colcon_meta:Using configuration from '/root/.colcon/metadata/default/Gazebo.meta'
[1.101s] INFO:colcon.colcon_metadata.package_discovery.colcon_meta:Using configuration from '/root/.colcon/metadata/default/fastrtps.meta'
[1.101s] Level 1:colcon.colcon_core.package_discovery:discover_packages(recursive) check parameters
[1.101s] Level 1:colcon.colcon_core.package_discovery:discover_packages(ignore) check parameters
[1.101s] Level 1:colcon.colcon_core.package_discovery:discover_packages(path) check parameters
[1.101s] Level 1:colcon.colcon_core.package_discovery:discover_packages(colcon_meta) discover
[1.101s] Level 1:colcon.colcon_core.package_discovery:discover_packages(recursive) discover
[1.101s] INFO:colcon.colcon_core.package_discovery:Crawling recursively for packages in '/catkin_ws/rover_sim_ws'
[1.101s] Level 1:colcon.colcon_core.package_identification:_identify(.) by extensions ['ignore', 'ignore_ament_install']
[1.101s] Level 1:colcon.colcon_core.package_identification:_identify(.) by extension 'ignore'
[1.101s] Level 1:colcon.colcon_core.package_identification:_identify(.) by extension 'ignore_ament_install'
[1.101s] Level 1:colcon.colcon_core.package_identification:_identify(.) by extensions ['colcon_pkg']
[1.101s] Level 1:colcon.colcon_core.package_identification:_identify(.) by extension 'colcon_pkg'
[1.102s] Level 1:colcon.colcon_core.package_identification:_identify(.) by extensions ['colcon_meta']
[1.102s] Level 1:colcon.colcon_core.package_identification:_identify(.) by extension 'colcon_meta'
[1.102s] Level 1:colcon.colcon_core.package_identification:_identify(.) by extensions ['ros']
[1.102s] Level 1:colcon.colcon_core.package_identification:_identify(.) by extension 'ros'
[1.113s] Level 1:colcon.colcon_core.package_identification:_identify(.) by extensions ['cmake', 'python']
[1.113s] Level 1:colcon.colcon_core.package_identification:_identify(.) by extension 'cmake'
[1.113s] Level 1:colcon.colcon_core.package_identification:_identify(.) by extension 'python'
[1.114s] Level 1:colcon.colcon_core.package_identification:_identify(.) by extensions ['python_setup_py']
[1.114s] Level 1:colcon.colcon_core.package_identification:_identify(.) by extension 'python_setup_py'
[1.114s] Level 1:colcon.colcon_core.package_identification:_identify(build) by extensions ['ignore', 'ignore_ament_install']
[1.114s] Level 1:colcon.colcon_core.package_identification:_identify(build) by extension 'ignore'
[1.114s] Level 1:colcon.colcon_core.package_identification:_identify(build) ignored
[1.114s] Level 1:colcon.colcon_core.package_identification:_identify(install) by extensions ['ignore', 'ignore_ament_install']
[1.114s] Level 1:colcon.colcon_core.package_identification:_identify(install) by extension 'ignore'
[1.114s] Level 1:colcon.colcon_core.package_identification:_identify(install) ignored
[1.114s] Level 1:colcon.colcon_core.package_identification:_identify(log) by extensions ['ignore', 'ignore_ament_install']
[1.114s] Level 1:colcon.colcon_core.package_identification:_identify(log) by extension 'ignore'
[1.114s] Level 1:colcon.colcon_core.package_identification:_identify(log) ignored
[1.115s] Level 1:colcon.colcon_core.package_identification:_identify(src) by extensions ['ignore', 'ignore_ament_install']
[1.115s] Level 1:colcon.colcon_core.package_identification:_identify(src) by extension 'ignore'
[1.115s] Level 1:colcon.colcon_core.package_identification:_identify(src) by extension 'ignore_ament_install'
[1.115s] Level 1:colcon.colcon_core.package_identification:_identify(src) by extensions ['colcon_pkg']
[1.115s] Level 1:colcon.colcon_core.package_identification:_identify(src) by extension 'colcon_pkg'
[1.115s] Level 1:colcon.colcon_core.package_identification:_identify(src) by extensions ['colcon_meta']
[1.115s] Level 1:colcon.colcon_core.package_identification:_identify(src) by extension 'colcon_meta'
[1.115s] Level 1:colcon.colcon_core.package_identification:_identify(src) by extensions ['ros']
[1.115s] Level 1:colcon.colcon_core.package_identification:_identify(src) by extension 'ros'
[1.115s] Level 1:colcon.colcon_core.package_identification:_identify(src) by extensions ['cmake', 'python']
[1.115s] Level 1:colcon.colcon_core.package_identification:_identify(src) by extension 'cmake'
[1.115s] Level 1:colcon.colcon_core.package_identification:_identify(src) by extension 'python'
[1.115s] Level 1:colcon.colcon_core.package_identification:_identify(src) by extensions ['python_setup_py']
[1.115s] Level 1:colcon.colcon_core.package_identification:_identify(src) by extension 'python_setup_py'
[1.115s] Level 1:colcon.colcon_core.package_identification:_identify(src/build) by extensions ['ignore', 'ignore_ament_install']
[1.115s] Level 1:colcon.colcon_core.package_identification:_identify(src/build) by extension 'ignore'
[1.115s] Level 1:colcon.colcon_core.package_identification:_identify(src/build) ignored
[1.116s] Level 1:colcon.colcon_core.package_identification:_identify(src/install) by extensions ['ignore', 'ignore_ament_install']
[1.116s] Level 1:colcon.colcon_core.package_identification:_identify(src/install) by extension 'ignore'
[1.116s] Level 1:colcon.colcon_core.package_identification:_identify(src/install) ignored
[1.116s] Level 1:colcon.colcon_core.package_identification:_identify(src/log) by extensions ['ignore', 'ignore_ament_install']
[1.116s] Level 1:colcon.colcon_core.package_identification:_identify(src/log) by extension 'ignore'
[1.116s] Level 1:colcon.colcon_core.package_identification:_identify(src/log) ignored
[1.116s] Level 1:colcon.colcon_core.package_identification:_identify(src/turtlebot3_msgs) by extensions ['ignore', 'ignore_ament_install']
[1.116s] Level 1:colcon.colcon_core.package_identification:_identify(src/turtlebot3_msgs) by extension 'ignore'
[1.116s] Level 1:colcon.colcon_core.package_identification:_identify(src/turtlebot3_msgs) by extension 'ignore_ament_install'
[1.116s] Level 1:colcon.colcon_core.package_identification:_identify(src/turtlebot3_msgs) by extensions ['colcon_pkg']
[1.116s] Level 1:colcon.colcon_core.package_identification:_identify(src/turtlebot3_msgs) by extension 'colcon_pkg'
[1.116s] Level 1:colcon.colcon_core.package_identification:_identify(src/turtlebot3_msgs) by extensions ['colcon_meta']
[1.116s] Level 1:colcon.colcon_core.package_identification:_identify(src/turtlebot3_msgs) by extension 'colcon_meta'
[1.116s] Level 1:colcon.colcon_core.package_identification:_identify(src/turtlebot3_msgs) by extensions ['ros']
[1.116s] Level 1:colcon.colcon_core.package_identification:_identify(src/turtlebot3_msgs) by extension 'ros'
[1.119s] DEBUG:colcon.colcon_core.package_identification:Package 'src/turtlebot3_msgs' with type 'ros.ament_cmake' and name 'turtlebot3_msgs'
[1.119s] Level 1:colcon.colcon_core.package_identification:_identify(src/turtlebot3_simulations) by extensions ['ignore', 'ignore_ament_install']
[1.119s] Level 1:colcon.colcon_core.package_identification:_identify(src/turtlebot3_simulations) by extension 'ignore'
[1.119s] Level 1:colcon.colcon_core.package_identification:_identify(src/turtlebot3_simulations) by extension 'ignore_ament_install'
[1.119s] Level 1:colcon.colcon_core.package_identification:_identify(src/turtlebot3_simulations) by extensions ['colcon_pkg']
[1.119s] Level 1:colcon.colcon_core.package_identification:_identify(src/turtlebot3_simulations) by extension 'colcon_pkg'
[1.119s] Level 1:colcon.colcon_core.package_identification:_identify(src/turtlebot3_simulations) by extensions ['colcon_meta']
[1.119s] Level 1:colcon.colcon_core.package_identification:_identify(src/turtlebot3_simulations) by extension 'colcon_meta'
[1.119s] Level 1:colcon.colcon_core.package_identification:_identify(src/turtlebot3_simulations) by extensions ['ros']
[1.119s] Level 1:colcon.colcon_core.package_identification:_identify(src/turtlebot3_simulations) by extension 'ros'
[1.119s] Level 1:colcon.colcon_core.package_identification:_identify(src/turtlebot3_simulations) by extensions ['cmake', 'python']
[1.120s] Level 1:colcon.colcon_core.package_identification:_identify(src/turtlebot3_simulations) by extension 'cmake'
[1.120s] Level 1:colcon.colcon_core.package_identification:_identify(src/turtlebot3_simulations) by extension 'python'
[1.120s] Level 1:colcon.colcon_core.package_identification:_identify(src/turtlebot3_simulations) by extensions ['python_setup_py']
[1.120s] Level 1:colcon.colcon_core.package_identification:_identify(src/turtlebot3_simulations) by extension 'python_setup_py'
[1.120s] Level 1:colcon.colcon_core.package_identification:_identify(src/turtlebot3_simulations/turtlebot3_gazebo) by extensions ['ignore', 'ignore_ament_install']
[1.120s] Level 1:colcon.colcon_core.package_identification:_identify(src/turtlebot3_simulations/turtlebot3_gazebo) by extension 'ignore'
[1.120s] Level 1:colcon.colcon_core.package_identification:_identify(src/turtlebot3_simulations/turtlebot3_gazebo) by extension 'ignore_ament_install'
[1.120s] Level 1:colcon.colcon_core.package_identification:_identify(src/turtlebot3_simulations/turtlebot3_gazebo) by extensions ['colcon_pkg']
[1.120s] Level 1:colcon.colcon_core.package_identification:_identify(src/turtlebot3_simulations/turtlebot3_gazebo) by extension 'colcon_pkg'
[1.120s] Level 1:colcon.colcon_core.package_identification:_identify(src/turtlebot3_simulations/turtlebot3_gazebo) by extensions ['colcon_meta']
[1.120s] Level 1:colcon.colcon_core.package_identification:_identify(src/turtlebot3_simulations/turtlebot3_gazebo) by extension 'colcon_meta'
[1.120s] Level 1:colcon.colcon_core.package_identification:_identify(src/turtlebot3_simulations/turtlebot3_gazebo) by extensions ['ros']
[1.120s] Level 1:colcon.colcon_core.package_identification:_identify(src/turtlebot3_simulations/turtlebot3_gazebo) by extension 'ros'
[1.121s] DEBUG:colcon.colcon_core.package_identification:Package 'src/turtlebot3_simulations/turtlebot3_gazebo' with type 'ros.ament_cmake' and name 'turtlebot3_gazebo'
[1.121s] Level 1:colcon.colcon_core.package_identification:_identify(src/turtlebot3_simulations/turtlebot3_simulations) by extensions ['ignore', 'ignore_ament_install']
[1.121s] Level 1:colcon.colcon_core.package_identification:_identify(src/turtlebot3_simulations/turtlebot3_simulations) by extension 'ignore'
[1.121s] Level 1:colcon.colcon_core.package_identification:_identify(src/turtlebot3_simulations/turtlebot3_simulations) by extension 'ignore_ament_install'
[1.121s] Level 1:colcon.colcon_core.package_identification:_identify(src/turtlebot3_simulations/turtlebot3_simulations) by extensions ['colcon_pkg']
[1.121s] Level 1:colcon.colcon_core.package_identification:_identify(src/turtlebot3_simulations/turtlebot3_simulations) by extension 'colcon_pkg'
[1.121s] Level 1:colcon.colcon_core.package_identification:_identify(src/turtlebot3_simulations/turtlebot3_simulations) by extensions ['colcon_meta']
[1.121s] Level 1:colcon.colcon_core.package_identification:_identify(src/turtlebot3_simulations/turtlebot3_simulations) by extension 'colcon_meta'
[1.122s] Level 1:colcon.colcon_core.package_identification:_identify(src/turtlebot3_simulations/turtlebot3_simulations) by extensions ['ros']
[1.122s] Level 1:colcon.colcon_core.package_identification:_identify(src/turtlebot3_simulations/turtlebot3_simulations) by extension 'ros'
[1.122s] DEBUG:colcon.colcon_core.package_identification:Package 'src/turtlebot3_simulations/turtlebot3_simulations' with type 'ros.ament_cmake' and name 'turtlebot3_simulations'
[1.122s] Level 1:colcon.colcon_core.package_discovery:discover_packages(recursive) using defaults
[1.122s] Level 1:colcon.colcon_core.package_discovery:discover_packages(ignore) discover
[1.122s] Level 1:colcon.colcon_core.package_discovery:discover_packages(ignore) using defaults
[1.122s] Level 1:colcon.colcon_core.package_discovery:discover_packages(path) discover
[1.122s] Level 1:colcon.colcon_core.package_discovery:discover_packages(path) using defaults
[1.188s] Level 5:colcon.colcon_core.verb:set package 'turtlebot3_gazebo' build argument 'cmake_args' from command line to 'None'
[1.188s] Level 5:colcon.colcon_core.verb:set package 'turtlebot3_gazebo' build argument 'cmake_target' from command line to 'None'
[1.188s] Level 5:colcon.colcon_core.verb:set package 'turtlebot3_gazebo' build argument 'cmake_target_skip_unavailable' from command line to 'False'
[1.188s] Level 5:colcon.colcon_core.verb:set package 'turtlebot3_gazebo' build argument 'cmake_clean_cache' from command line to 'False'
[1.188s] Level 5:colcon.colcon_core.verb:set package 'turtlebot3_gazebo' build argument 'cmake_clean_first' from command line to 'False'
[1.188s] Level 5:colcon.colcon_core.verb:set package 'turtlebot3_gazebo' build argument 'cmake_force_configure' from command line to 'False'
[1.188s] Level 5:colcon.colcon_core.verb:set package 'turtlebot3_gazebo' build argument 'ament_cmake_args' from command line to 'None'
[1.188s] Level 5:colcon.colcon_core.verb:set package 'turtlebot3_gazebo' build argument 'catkin_cmake_args' from command line to 'None'
[1.188s] Level 5:colcon.colcon_core.verb:set package 'turtlebot3_gazebo' build argument 'catkin_skip_building_tests' from command line to 'False'
[1.188s] DEBUG:colcon.colcon_core.verb:Building package 'turtlebot3_gazebo' with the following arguments: {'ament_cmake_args': None, 'build_base': '/catkin_ws/rover_sim_ws/build/turtlebot3_gazebo', 'catkin_cmake_args': None, 'catkin_skip_building_tests': False, 'cmake_args': None, 'cmake_clean_cache': False, 'cmake_clean_first': False, 'cmake_force_configure': False, 'cmake_target': None, 'cmake_target_skip_unavailable': False, 'install_base': '/catkin_ws/rover_sim_ws/install/turtlebot3_gazebo', 'merge_install': False, 'path': '/catkin_ws/rover_sim_ws/src/turtlebot3_simulations/turtlebot3_gazebo', 'symlink_install': False, 'test_result_base': None}
[1.200s] Level 5:colcon.colcon_core.verb:set package 'turtlebot3_msgs' build argument 'cmake_args' from command line to 'None'
[1.201s] Level 5:colcon.colcon_core.verb:set package 'turtlebot3_msgs' build argument 'cmake_target' from command line to 'None'
[1.201s] Level 5:colcon.colcon_core.verb:set package 'turtlebot3_msgs' build argument 'cmake_target_skip_unavailable' from command line to 'False'
[1.201s] Level 5:colcon.colcon_core.verb:set package 'turtlebot3_msgs' build argument 'cmake_clean_cache' from command line to 'False'
[1.201s] Level 5:colcon.colcon_core.verb:set package 'turtlebot3_msgs' build argument 'cmake_clean_first' from command line to 'False'
[1.201s] Level 5:colcon.colcon_core.verb:set package 'turtlebot3_msgs' build argument 'cmake_force_configure' from command line to 'False'
[1.201s] Level 5:colcon.colcon_core.verb:set package 'turtlebot3_msgs' build argument 'ament_cmake_args' from command line to 'None'
[1.201s] Level 5:colcon.colcon_core.verb:set package 'turtlebot3_msgs' build argument 'catkin_cmake_args' from command line to 'None'
[1.201s] Level 5:colcon.colcon_core.verb:set package 'turtlebot3_msgs' build argument 'catkin_skip_building_tests' from command line to 'False'
[1.201s] DEBUG:colcon.colcon_core.verb:Building package 'turtlebot3_msgs' with the following arguments: {'ament_cmake_args': None, 'build_base': '/catkin_ws/rover_sim_ws/build/turtlebot3_msgs', 'catkin_cmake_args': None, 'catkin_skip_building_tests': False, 'cmake_args': None, 'cmake_clean_cache': False, 'cmake_clean_first': False, 'cmake_force_configure': False, 'cmake_target': None, 'cmake_target_skip_unavailable': False, 'install_base': '/catkin_ws/rover_sim_ws/install/turtlebot3_msgs', 'merge_install': False, 'path': '/catkin_ws/rover_sim_ws/src/turtlebot3_msgs', 'symlink_install': False, 'test_result_base': None}
[1.215s] Level 5:colcon.colcon_core.verb:set package 'turtlebot3_simulations' build argument 'cmake_args' from command line to 'None'
[1.215s] Level 5:colcon.colcon_core.verb:set package 'turtlebot3_simulations' build argument 'cmake_target' from command line to 'None'
[1.215s] Level 5:colcon.colcon_core.verb:set package 'turtlebot3_simulations' build argument 'cmake_target_skip_unavailable' from command line to 'False'
[1.215s] Level 5:colcon.colcon_core.verb:set package 'turtlebot3_simulations' build argument 'cmake_clean_cache' from command line to 'False'
[1.215s] Level 5:colcon.colcon_core.verb:set package 'turtlebot3_simulations' build argument 'cmake_clean_first' from command line to 'False'
[1.215s] Level 5:colcon.colcon_core.verb:set package 'turtlebot3_simulations' build argument 'cmake_force_configure' from command line to 'False'
[1.215s] Level 5:colcon.colcon_core.verb:set package 'turtlebot3_simulations' build argument 'ament_cmake_args' from command line to 'None'
[1.215s] Level 5:colcon.colcon_core.verb:set package 'turtlebot3_simulations' build argument 'catkin_cmake_args' from command line to 'None'
[1.215s] Level 5:colcon.colcon_core.verb:set package 'turtlebot3_simulations' build argument 'catkin_skip_building_tests' from command line to 'False'
[1.215s] DEBUG:colcon.colcon_core.verb:Building package 'turtlebot3_simulations' with the following arguments: {'ament_cmake_args': None, 'build_base': '/catkin_ws/rover_sim_ws/build/turtlebot3_simulations', 'catkin_cmake_args': None, 'catkin_skip_building_tests': False, 'cmake_args': None, 'cmake_clean_cache': False, 'cmake_clean_first': False, 'cmake_force_configure': False, 'cmake_target': None, 'cmake_target_skip_unavailable': False, 'install_base': '/catkin_ws/rover_sim_ws/install/turtlebot3_simulations', 'merge_install': False, 'path': '/catkin_ws/rover_sim_ws/src/turtlebot3_simulations/turtlebot3_simulations', 'symlink_install': False, 'test_result_base': None}
[1.226s] INFO:colcon.colcon_core.executor:Executing jobs using 'parallel' executor
[1.238s] DEBUG:colcon.colcon_parallel_executor.executor.parallel:run_until_complete
[1.238s] INFO:colcon.colcon_ros.task.ament_cmake.build:Building ROS package in '/catkin_ws/rover_sim_ws/src/turtlebot3_simulations/turtlebot3_gazebo' with build type 'ament_cmake'
[1.238s] INFO:colcon.colcon_cmake.task.cmake.build:Building CMake package in '/catkin_ws/rover_sim_ws/src/turtlebot3_simulations/turtlebot3_gazebo'
[1.253s] INFO:colcon.colcon_core.plugin_system:Skipping extension 'colcon_core.shell.bat': Not used on non-Windows systems
[1.254s] INFO:colcon.colcon_core.shell:Skip shell extension 'powershell' for command environment: Not usable outside of PowerShell
[1.254s] DEBUG:colcon.colcon_core.shell:Skip shell extension 'dsv' for command environment
[1.293s] INFO:colcon.colcon_ros.task.ament_cmake.build:Building ROS package in '/catkin_ws/rover_sim_ws/src/turtlebot3_msgs' with build type 'ament_cmake'
[1.293s] INFO:colcon.colcon_cmake.task.cmake.build:Building CMake package in '/catkin_ws/rover_sim_ws/src/turtlebot3_msgs'
[1.306s] INFO:colcon.colcon_core.shell:Skip shell extension 'powershell' for command environment: Not usable outside of PowerShell
[1.306s] DEBUG:colcon.colcon_core.shell:Skip shell extension 'dsv' for command environment
[1.355s] DEBUG:colcon.colcon_core.event_handler.log_command:Invoking command in '/catkin_ws/rover_sim_ws/build/turtlebot3_gazebo': CMAKE_PREFIX_PATH=${CMAKE_PREFIX_PATH}:/opt/ros/humble /usr/bin/cmake --build /catkin_ws/rover_sim_ws/build/turtlebot3_gazebo -- -j8 -l8
[1.359s] DEBUG:colcon.colcon_core.event_handler.log_command:Invoking command in '/catkin_ws/rover_sim_ws/build/turtlebot3_msgs': CMAKE_PREFIX_PATH=${CMAKE_PREFIX_PATH}:/opt/ros/humble /usr/bin/cmake --build /catkin_ws/rover_sim_ws/build/turtlebot3_msgs -- -j8 -l8
[1.454s] DEBUG:colcon.colcon_core.event_handler.log_command:Invoked command in '/catkin_ws/rover_sim_ws/build/turtlebot3_gazebo' returned '0': CMAKE_PREFIX_PATH=${CMAKE_PREFIX_PATH}:/opt/ros/humble /usr/bin/cmake --build /catkin_ws/rover_sim_ws/build/turtlebot3_gazebo -- -j8 -l8
[1.503s] DEBUG:colcon.colcon_core.event_handler.log_command:Invoking command in '/catkin_ws/rover_sim_ws/build/turtlebot3_gazebo': CMAKE_PREFIX_PATH=${CMAKE_PREFIX_PATH}:/opt/ros/humble /usr/bin/cmake --install /catkin_ws/rover_sim_ws/build/turtlebot3_gazebo
[1.540s] Level 1:colcon.colcon_core.environment:create_environment_scripts_only(turtlebot3_gazebo)
[1.545s] DEBUG:colcon.colcon_core.event_handler.log_command:Invoked command in '/catkin_ws/rover_sim_ws/build/turtlebot3_gazebo' returned '0': CMAKE_PREFIX_PATH=${CMAKE_PREFIX_PATH}:/opt/ros/humble /usr/bin/cmake --install /catkin_ws/rover_sim_ws/build/turtlebot3_gazebo
[1.561s] Level 1:colcon.colcon_core.environment:checking '/catkin_ws/rover_sim_ws/install/turtlebot3_gazebo' for CMake module files
[1.562s] Level 1:colcon.colcon_core.environment:checking '/catkin_ws/rover_sim_ws/install/turtlebot3_gazebo' for CMake config files
[1.562s] Level 1:colcon.colcon_core.shell:create_environment_hook('turtlebot3_gazebo', 'cmake_prefix_path')
[1.576s] INFO:colcon.colcon_core.shell:Creating environment hook '/catkin_ws/rover_sim_ws/install/turtlebot3_gazebo/share/turtlebot3_gazebo/hook/cmake_prefix_path.ps1'
[1.577s] INFO:colcon.colcon_core.shell:Creating environment descriptor '/catkin_ws/rover_sim_ws/install/turtlebot3_gazebo/share/turtlebot3_gazebo/hook/cmake_prefix_path.dsv'
[1.577s] INFO:colcon.colcon_core.shell:Creating environment hook '/catkin_ws/rover_sim_ws/install/turtlebot3_gazebo/share/turtlebot3_gazebo/hook/cmake_prefix_path.sh'
[1.578s] Level 1:colcon.colcon_core.environment:checking '/catkin_ws/rover_sim_ws/install/turtlebot3_gazebo/lib'
[1.578s] Level 1:colcon.colcon_core.environment:checking '/catkin_ws/rover_sim_ws/install/turtlebot3_gazebo/bin'
[1.578s] Level 1:colcon.colcon_core.environment:checking '/catkin_ws/rover_sim_ws/install/turtlebot3_gazebo/lib/pkgconfig/turtlebot3_gazebo.pc'
[1.580s] Level 1:colcon.colcon_core.environment:checking '/catkin_ws/rover_sim_ws/install/turtlebot3_gazebo/lib/python3.10/site-packages'
[1.580s] Level 1:colcon.colcon_core.environment:checking '/catkin_ws/rover_sim_ws/install/turtlebot3_gazebo/bin'
[1.595s] INFO:colcon.colcon_core.shell:Creating package script '/catkin_ws/rover_sim_ws/install/turtlebot3_gazebo/share/turtlebot3_gazebo/package.ps1'
[1.596s] INFO:colcon.colcon_core.shell:Creating package descriptor '/catkin_ws/rover_sim_ws/install/turtlebot3_gazebo/share/turtlebot3_gazebo/package.dsv'
[1.596s] INFO:colcon.colcon_core.shell:Creating package script '/catkin_ws/rover_sim_ws/install/turtlebot3_gazebo/share/turtlebot3_gazebo/package.sh'
[1.597s] INFO:colcon.colcon_core.shell:Creating package script '/catkin_ws/rover_sim_ws/install/turtlebot3_gazebo/share/turtlebot3_gazebo/package.bash'
[1.598s] INFO:colcon.colcon_core.shell:Creating package script '/catkin_ws/rover_sim_ws/install/turtlebot3_gazebo/share/turtlebot3_gazebo/package.zsh'
[1.599s] Level 1:colcon.colcon_core.environment:create_file_with_runtime_dependencies(/catkin_ws/rover_sim_ws/install/turtlebot3_gazebo/share/colcon-core/packages/turtlebot3_gazebo)
[1.636s] Level 1:colcon.colcon_core.environment:create_environment_scripts_only(turtlebot3_gazebo)
[1.653s] Level 1:colcon.colcon_core.environment:checking '/catkin_ws/rover_sim_ws/install/turtlebot3_gazebo' for CMake module files
[1.653s] Level 1:colcon.colcon_core.environment:checking '/catkin_ws/rover_sim_ws/install/turtlebot3_gazebo' for CMake config files
[1.654s] Level 1:colcon.colcon_core.shell:create_environment_hook('turtlebot3_gazebo', 'cmake_prefix_path')
[1.667s] INFO:colcon.colcon_core.shell:Creating environment hook '/catkin_ws/rover_sim_ws/install/turtlebot3_gazebo/share/turtlebot3_gazebo/hook/cmake_prefix_path.ps1'
[1.668s] INFO:colcon.colcon_core.shell:Creating environment descriptor '/catkin_ws/rover_sim_ws/install/turtlebot3_gazebo/share/turtlebot3_gazebo/hook/cmake_prefix_path.dsv'
[1.668s] INFO:colcon.colcon_core.shell:Creating environment hook '/catkin_ws/rover_sim_ws/install/turtlebot3_gazebo/share/turtlebot3_gazebo/hook/cmake_prefix_path.sh'
[1.669s] Level 1:colcon.colcon_core.environment:checking '/catkin_ws/rover_sim_ws/install/turtlebot3_gazebo/lib'
[1.669s] Level 1:colcon.colcon_core.environment:checking '/catkin_ws/rover_sim_ws/install/turtlebot3_gazebo/bin'
[1.669s] Level 1:colcon.colcon_core.environment:checking '/catkin_ws/rover_sim_ws/install/turtlebot3_gazebo/lib/pkgconfig/turtlebot3_gazebo.pc'
[1.669s] Level 1:colcon.colcon_core.environment:checking '/catkin_ws/rover_sim_ws/install/turtlebot3_gazebo/lib/python3.10/site-packages'
[1.670s] Level 1:colcon.colcon_core.environment:checking '/catkin_ws/rover_sim_ws/install/turtlebot3_gazebo/bin'
[1.685s] INFO:colcon.colcon_core.shell:Creating package script '/catkin_ws/rover_sim_ws/install/turtlebot3_gazebo/share/turtlebot3_gazebo/package.ps1'
[1.685s] INFO:colcon.colcon_core.shell:Creating package descriptor '/catkin_ws/rover_sim_ws/install/turtlebot3_gazebo/share/turtlebot3_gazebo/package.dsv'
[1.686s] INFO:colcon.colcon_core.shell:Creating package script '/catkin_ws/rover_sim_ws/install/turtlebot3_gazebo/share/turtlebot3_gazebo/package.sh'
[1.687s] INFO:colcon.colcon_core.shell:Creating package script '/catkin_ws/rover_sim_ws/install/turtlebot3_gazebo/share/turtlebot3_gazebo/package.bash'
[1.688s] INFO:colcon.colcon_core.shell:Creating package script '/catkin_ws/rover_sim_ws/install/turtlebot3_gazebo/share/turtlebot3_gazebo/package.zsh'
[1.688s] Level 1:colcon.colcon_core.environment:create_file_with_runtime_dependencies(/catkin_ws/rover_sim_ws/install/turtlebot3_gazebo/share/colcon-core/packages/turtlebot3_gazebo)
[1.689s] INFO:colcon.colcon_ros.task.ament_cmake.build:Building ROS package in '/catkin_ws/rover_sim_ws/src/turtlebot3_simulations/turtlebot3_simulations' with build type 'ament_cmake'
[1.689s] INFO:colcon.colcon_cmake.task.cmake.build:Building CMake package in '/catkin_ws/rover_sim_ws/src/turtlebot3_simulations/turtlebot3_simulations'
[1.710s] INFO:colcon.colcon_core.shell:Skip shell extension 'powershell' for command environment: Not usable outside of PowerShell
[1.710s] DEBUG:colcon.colcon_core.shell:Skip shell extension 'dsv' for command environment
[1.760s] DEBUG:colcon.colcon_core.event_handler.log_command:Invoked command in '/catkin_ws/rover_sim_ws/build/turtlebot3_msgs' returned '0': CMAKE_PREFIX_PATH=${CMAKE_PREFIX_PATH}:/opt/ros/humble /usr/bin/cmake --build /catkin_ws/rover_sim_ws/build/turtlebot3_msgs -- -j8 -l8
[1.764s] DEBUG:colcon.colcon_core.event_handler.log_command:Invoking command in '/catkin_ws/rover_sim_ws/build/turtlebot3_simulations': CMAKE_PREFIX_PATH=/catkin_ws/rover_sim_ws/install/turtlebot3_gazebo:/catkin_ws/rover_sim_ws/install/turtlebot3_simulations:/catkin_ws/rover_sim_ws/install/turtlebot3_fake_node:/catkin_ws/rover_sim_ws/install/turtlebot3_msgs:/opt/ros/humble /usr/bin/cmake --build /catkin_ws/rover_sim_ws/build/turtlebot3_simulations -- -j8 -l8
[1.791s] DEBUG:colcon.colcon_core.event_handler.log_command:Invoked command in '/catkin_ws/rover_sim_ws/build/turtlebot3_simulations' returned '0': CMAKE_PREFIX_PATH=/catkin_ws/rover_sim_ws/install/turtlebot3_gazebo:/catkin_ws/rover_sim_ws/install/turtlebot3_simulations:/catkin_ws/rover_sim_ws/install/turtlebot3_fake_node:/catkin_ws/rover_sim_ws/install/turtlebot3_msgs:/opt/ros/humble /usr/bin/cmake --build /catkin_ws/rover_sim_ws/build/turtlebot3_simulations -- -j8 -l8
[1.808s] DEBUG:colcon.colcon_core.event_handler.log_command:Invoking command in '/catkin_ws/rover_sim_ws/build/turtlebot3_simulations': CMAKE_PREFIX_PATH=/catkin_ws/rover_sim_ws/install/turtlebot3_gazebo:/catkin_ws/rover_sim_ws/install/turtlebot3_simulations:/catkin_ws/rover_sim_ws/install/turtlebot3_fake_node:/catkin_ws/rover_sim_ws/install/turtlebot3_msgs:/opt/ros/humble /usr/bin/cmake --install /catkin_ws/rover_sim_ws/build/turtlebot3_simulations
[1.820s] Level 1:colcon.colcon_core.environment:create_environment_scripts_only(turtlebot3_simulations)
[1.821s] DEBUG:colcon.colcon_core.event_handler.log_command:Invoked command in '/catkin_ws/rover_sim_ws/build/turtlebot3_simulations' returned '0': CMAKE_PREFIX_PATH=/catkin_ws/rover_sim_ws/install/turtlebot3_gazebo:/catkin_ws/rover_sim_ws/install/turtlebot3_simulations:/catkin_ws/rover_sim_ws/install/turtlebot3_fake_node:/catkin_ws/rover_sim_ws/install/turtlebot3_msgs:/opt/ros/humble /usr/bin/cmake --install /catkin_ws/rover_sim_ws/build/turtlebot3_simulations
[1.833s] Level 1:colcon.colcon_core.environment:checking '/catkin_ws/rover_sim_ws/install/turtlebot3_simulations' for CMake module files
[1.833s] Level 1:colcon.colcon_core.environment:checking '/catkin_ws/rover_sim_ws/install/turtlebot3_simulations' for CMake config files
[1.833s] Level 1:colcon.colcon_core.shell:create_environment_hook('turtlebot3_simulations', 'cmake_prefix_path')
[1.846s] INFO:colcon.colcon_core.shell:Creating environment hook '/catkin_ws/rover_sim_ws/install/turtlebot3_simulations/share/turtlebot3_simulations/hook/cmake_prefix_path.ps1'
[1.847s] INFO:colcon.colcon_core.shell:Creating environment descriptor '/catkin_ws/rover_sim_ws/install/turtlebot3_simulations/share/turtlebot3_simulations/hook/cmake_prefix_path.dsv'
[1.847s] INFO:colcon.colcon_core.shell:Creating environment hook '/catkin_ws/rover_sim_ws/install/turtlebot3_simulations/share/turtlebot3_simulations/hook/cmake_prefix_path.sh'
[1.848s] Level 1:colcon.colcon_core.environment:checking '/catkin_ws/rover_sim_ws/install/turtlebot3_simulations/bin'
[1.848s] Level 1:colcon.colcon_core.environment:checking '/catkin_ws/rover_sim_ws/install/turtlebot3_simulations/lib/pkgconfig/turtlebot3_simulations.pc'
[1.848s] Level 1:colcon.colcon_core.environment:checking '/catkin_ws/rover_sim_ws/install/turtlebot3_simulations/lib/python3.10/site-packages'
[1.849s] Level 1:colcon.colcon_core.environment:checking '/catkin_ws/rover_sim_ws/install/turtlebot3_simulations/bin'
[1.862s] INFO:colcon.colcon_core.shell:Creating package script '/catkin_ws/rover_sim_ws/install/turtlebot3_simulations/share/turtlebot3_simulations/package.ps1'
[1.862s] INFO:colcon.colcon_core.shell:Creating package descriptor '/catkin_ws/rover_sim_ws/install/turtlebot3_simulations/share/turtlebot3_simulations/package.dsv'
[1.863s] INFO:colcon.colcon_core.shell:Creating package script '/catkin_ws/rover_sim_ws/install/turtlebot3_simulations/share/turtlebot3_simulations/package.sh'
[1.863s] INFO:colcon.colcon_core.shell:Creating package script '/catkin_ws/rover_sim_ws/install/turtlebot3_simulations/share/turtlebot3_simulations/package.bash'
[1.864s] INFO:colcon.colcon_core.shell:Creating package script '/catkin_ws/rover_sim_ws/install/turtlebot3_simulations/share/turtlebot3_simulations/package.zsh'
[1.864s] Level 1:colcon.colcon_core.environment:create_file_with_runtime_dependencies(/catkin_ws/rover_sim_ws/install/turtlebot3_simulations/share/colcon-core/packages/turtlebot3_simulations)
[1.869s] DEBUG:colcon.colcon_core.event_handler.log_command:Invoking command in '/catkin_ws/rover_sim_ws/build/turtlebot3_msgs': CMAKE_PREFIX_PATH=${CMAKE_PREFIX_PATH}:/opt/ros/humble /usr/bin/cmake --install /catkin_ws/rover_sim_ws/build/turtlebot3_msgs
[1.943s] Level 1:colcon.colcon_core.environment:create_environment_scripts_only(turtlebot3_simulations)
[1.954s] Level 1:colcon.colcon_core.environment:checking '/catkin_ws/rover_sim_ws/install/turtlebot3_simulations' for CMake module files
[1.955s] Level 1:colcon.colcon_core.environment:checking '/catkin_ws/rover_sim_ws/install/turtlebot3_simulations' for CMake config files
[1.955s] Level 1:colcon.colcon_core.shell:create_environment_hook('turtlebot3_simulations', 'cmake_prefix_path')
[1.965s] INFO:colcon.colcon_core.shell:Creating environment hook '/catkin_ws/rover_sim_ws/install/turtlebot3_simulations/share/turtlebot3_simulations/hook/cmake_prefix_path.ps1'
[1.966s] INFO:colcon.colcon_core.shell:Creating environment descriptor '/catkin_ws/rover_sim_ws/install/turtlebot3_simulations/share/turtlebot3_simulations/hook/cmake_prefix_path.dsv'
[1.966s] INFO:colcon.colcon_core.shell:Creating environment hook '/catkin_ws/rover_sim_ws/install/turtlebot3_simulations/share/turtlebot3_simulations/hook/cmake_prefix_path.sh'
[1.966s] Level 1:colcon.colcon_core.environment:checking '/catkin_ws/rover_sim_ws/install/turtlebot3_simulations/bin'
[1.966s] Level 1:colcon.colcon_core.environment:checking '/catkin_ws/rover_sim_ws/install/turtlebot3_simulations/lib/pkgconfig/turtlebot3_simulations.pc'
[1.967s] Level 1:colcon.colcon_core.environment:checking '/catkin_ws/rover_sim_ws/install/turtlebot3_simulations/lib/python3.10/site-packages'
[1.967s] Level 1:colcon.colcon_core.environment:checking '/catkin_ws/rover_sim_ws/install/turtlebot3_simulations/bin'
[1.983s] INFO:colcon.colcon_core.shell:Creating package script '/catkin_ws/rover_sim_ws/install/turtlebot3_simulations/share/turtlebot3_simulations/package.ps1'
[1.984s] INFO:colcon.colcon_core.shell:Creating package descriptor '/catkin_ws/rover_sim_ws/install/turtlebot3_simulations/share/turtlebot3_simulations/package.dsv'
[1.985s] INFO:colcon.colcon_core.shell:Creating package script '/catkin_ws/rover_sim_ws/install/turtlebot3_simulations/share/turtlebot3_simulations/package.sh'
[1.985s] INFO:colcon.colcon_core.shell:Creating package script '/catkin_ws/rover_sim_ws/install/turtlebot3_simulations/share/turtlebot3_simulations/package.bash'
[1.986s] INFO:colcon.colcon_core.shell:Creating package script '/catkin_ws/rover_sim_ws/install/turtlebot3_simulations/share/turtlebot3_simulations/package.zsh'
[1.986s] Level 1:colcon.colcon_core.environment:create_file_with_runtime_dependencies(/catkin_ws/rover_sim_ws/install/turtlebot3_simulations/share/colcon-core/packages/turtlebot3_simulations)
[1.989s] Level 1:colcon.colcon_core.environment:create_environment_scripts_only(turtlebot3_msgs)
[1.991s] DEBUG:colcon.colcon_core.event_handler.log_command:Invoked command in '/catkin_ws/rover_sim_ws/build/turtlebot3_msgs' returned '0': CMAKE_PREFIX_PATH=${CMAKE_PREFIX_PATH}:/opt/ros/humble /usr/bin/cmake --install /catkin_ws/rover_sim_ws/build/turtlebot3_msgs
[2.003s] Level 1:colcon.colcon_core.environment:checking '/catkin_ws/rover_sim_ws/install/turtlebot3_msgs' for CMake module files
[2.004s] Level 1:colcon.colcon_core.environment:checking '/catkin_ws/rover_sim_ws/install/turtlebot3_msgs' for CMake config files
[2.005s] Level 1:colcon.colcon_core.shell:create_environment_hook('turtlebot3_msgs', 'cmake_prefix_path')
[2.018s] INFO:colcon.colcon_core.shell:Creating environment hook '/catkin_ws/rover_sim_ws/install/turtlebot3_msgs/share/turtlebot3_msgs/hook/cmake_prefix_path.ps1'
[2.018s] INFO:colcon.colcon_core.shell:Creating environment descriptor '/catkin_ws/rover_sim_ws/install/turtlebot3_msgs/share/turtlebot3_msgs/hook/cmake_prefix_path.dsv'
[2.019s] INFO:colcon.colcon_core.shell:Creating environment hook '/catkin_ws/rover_sim_ws/install/turtlebot3_msgs/share/turtlebot3_msgs/hook/cmake_prefix_path.sh'
[2.019s] Level 1:colcon.colcon_core.environment:checking '/catkin_ws/rover_sim_ws/install/turtlebot3_msgs/lib'
[2.019s] Level 1:colcon.colcon_core.shell:create_environment_hook('turtlebot3_msgs', 'ld_library_path_lib')
[2.031s] INFO:colcon.colcon_core.shell:Creating environment hook '/catkin_ws/rover_sim_ws/install/turtlebot3_msgs/share/turtlebot3_msgs/hook/ld_library_path_lib.ps1'
[2.032s] INFO:colcon.colcon_core.shell:Creating environment descriptor '/catkin_ws/rover_sim_ws/install/turtlebot3_msgs/share/turtlebot3_msgs/hook/ld_library_path_lib.dsv'
[2.033s] INFO:colcon.colcon_core.shell:Creating environment hook '/catkin_ws/rover_sim_ws/install/turtlebot3_msgs/share/turtlebot3_msgs/hook/ld_library_path_lib.sh'
[2.033s] Level 1:colcon.colcon_core.environment:checking '/catkin_ws/rover_sim_ws/install/turtlebot3_msgs/bin'
[2.033s] Level 1:colcon.colcon_core.environment:checking '/catkin_ws/rover_sim_ws/install/turtlebot3_msgs/lib/pkgconfig/turtlebot3_msgs.pc'
[2.033s] Level 1:colcon.colcon_core.environment:checking '/catkin_ws/rover_sim_ws/install/turtlebot3_msgs/lib/python3.10/site-packages'
[2.034s] Level 1:colcon.colcon_core.environment:checking '/catkin_ws/rover_sim_ws/install/turtlebot3_msgs/bin'
[2.047s] INFO:colcon.colcon_core.shell:Creating package script '/catkin_ws/rover_sim_ws/install/turtlebot3_msgs/share/turtlebot3_msgs/package.ps1'
[2.048s] INFO:colcon.colcon_core.shell:Creating package descriptor '/catkin_ws/rover_sim_ws/install/turtlebot3_msgs/share/turtlebot3_msgs/package.dsv'
[2.049s] INFO:colcon.colcon_core.shell:Creating package script '/catkin_ws/rover_sim_ws/install/turtlebot3_msgs/share/turtlebot3_msgs/package.sh'
[2.049s] INFO:colcon.colcon_core.shell:Creating package script '/catkin_ws/rover_sim_ws/install/turtlebot3_msgs/share/turtlebot3_msgs/package.bash'
[2.049s] INFO:colcon.colcon_core.shell:Creating package script '/catkin_ws/rover_sim_ws/install/turtlebot3_msgs/share/turtlebot3_msgs/package.zsh'
[2.049s] Level 1:colcon.colcon_core.environment:create_file_with_runtime_dependencies(/catkin_ws/rover_sim_ws/install/turtlebot3_msgs/share/colcon-core/packages/turtlebot3_msgs)
[2.163s] Level 1:colcon.colcon_core.environment:create_environment_scripts_only(turtlebot3_msgs)
[2.175s] Level 1:colcon.colcon_core.environment:checking '/catkin_ws/rover_sim_ws/install/turtlebot3_msgs' for CMake module files
[2.176s] Level 1:colcon.colcon_core.environment:checking '/catkin_ws/rover_sim_ws/install/turtlebot3_msgs' for CMake config files
[2.177s] Level 1:colcon.colcon_core.shell:create_environment_hook('turtlebot3_msgs', 'cmake_prefix_path')
[2.194s] INFO:colcon.colcon_core.shell:Creating environment hook '/catkin_ws/rover_sim_ws/install/turtlebot3_msgs/share/turtlebot3_msgs/hook/cmake_prefix_path.ps1'
[2.194s] INFO:colcon.colcon_core.shell:Creating environment descriptor '/catkin_ws/rover_sim_ws/install/turtlebot3_msgs/share/turtlebot3_msgs/hook/cmake_prefix_path.dsv'
[2.195s] INFO:colcon.colcon_core.shell:Creating environment hook '/catkin_ws/rover_sim_ws/install/turtlebot3_msgs/share/turtlebot3_msgs/hook/cmake_prefix_path.sh'
[2.195s] Level 1:colcon.colcon_core.environment:checking '/catkin_ws/rover_sim_ws/install/turtlebot3_msgs/lib'
[2.195s] Level 1:colcon.colcon_core.shell:create_environment_hook('turtlebot3_msgs', 'ld_library_path_lib')
[2.207s] INFO:colcon.colcon_core.shell:Creating environment hook '/catkin_ws/rover_sim_ws/install/turtlebot3_msgs/share/turtlebot3_msgs/hook/ld_library_path_lib.ps1'
[2.208s] INFO:colcon.colcon_core.shell:Creating environment descriptor '/catkin_ws/rover_sim_ws/install/turtlebot3_msgs/share/turtlebot3_msgs/hook/ld_library_path_lib.dsv'
[2.208s] INFO:colcon.colcon_core.shell:Creating environment hook '/catkin_ws/rover_sim_ws/install/turtlebot3_msgs/share/turtlebot3_msgs/hook/ld_library_path_lib.sh'
[2.209s] Level 1:colcon.colcon_core.environment:checking '/catkin_ws/rover_sim_ws/install/turtlebot3_msgs/bin'
[2.209s] Level 1:colcon.colcon_core.environment:checking '/catkin_ws/rover_sim_ws/install/turtlebot3_msgs/lib/pkgconfig/turtlebot3_msgs.pc'
[2.209s] Level 1:colcon.colcon_core.environment:checking '/catkin_ws/rover_sim_ws/install/turtlebot3_msgs/lib/python3.10/site-packages'
[2.209s] Level 1:colcon.colcon_core.environment:checking '/catkin_ws/rover_sim_ws/install/turtlebot3_msgs/bin'
[2.221s] INFO:colcon.colcon_core.shell:Creating package script '/catkin_ws/rover_sim_ws/install/turtlebot3_msgs/share/turtlebot3_msgs/package.ps1'
[2.222s] INFO:colcon.colcon_core.shell:Creating package descriptor '/catkin_ws/rover_sim_ws/install/turtlebot3_msgs/share/turtlebot3_msgs/package.dsv'
[2.222s] INFO:colcon.colcon_core.shell:Creating package script '/catkin_ws/rover_sim_ws/install/turtlebot3_msgs/share/turtlebot3_msgs/package.sh'
[2.223s] INFO:colcon.colcon_core.shell:Creating package script '/catkin_ws/rover_sim_ws/install/turtlebot3_msgs/share/turtlebot3_msgs/package.bash'
[2.223s] INFO:colcon.colcon_core.shell:Creating package script '/catkin_ws/rover_sim_ws/install/turtlebot3_msgs/share/turtlebot3_msgs/package.zsh'
[2.223s] Level 1:colcon.colcon_core.environment:create_file_with_runtime_dependencies(/catkin_ws/rover_sim_ws/install/turtlebot3_msgs/share/colcon-core/packages/turtlebot3_msgs)
[2.224s] DEBUG:colcon.colcon_parallel_executor.executor.parallel:closing loop
[2.224s] DEBUG:colcon.colcon_parallel_executor.executor.parallel:loop closed
[2.225s] DEBUG:colcon.colcon_parallel_executor.executor.parallel:run_until_complete finished with '0'
[2.225s] DEBUG:colcon.colcon_core.event_reactor:joining thread
[2.242s] INFO:colcon.colcon_core.plugin_system:Skipping extension 'colcon_notification.desktop_notification.notify_send': Could not find 'notify-send'
[2.242s] INFO:colcon.colcon_core.plugin_system:Skipping extension 'colcon_notification.desktop_notification.terminal_notifier': Not used on non-Darwin systems
[2.243s] INFO:colcon.colcon_core.plugin_system:Skipping extension 'colcon_notification.desktop_notification.win32': Not used on non-Windows systems
[2.243s] INFO:colcon.colcon_notification.desktop_notification:Sending desktop notification using 'notify2'
[2.244s] DEBUG:colcon.colcon_notification.desktop_notification.notify2:Failed to initialize notify2: org.freedesktop.DBus.Error.Spawn.ExecFailed: /usr/bin/dbus-launch terminated abnormally without any error message
[2.244s] DEBUG:colcon.colcon_core.event_reactor:joined thread
[2.257s] INFO:colcon.colcon_core.shell:Creating prefix script '/catkin_ws/rover_sim_ws/install/local_setup.ps1'
[2.258s] INFO:colcon.colcon_core.shell:Creating prefix util module '/catkin_ws/rover_sim_ws/install/_local_setup_util_ps1.py'
[2.259s] INFO:colcon.colcon_core.shell:Creating prefix chain script '/catkin_ws/rover_sim_ws/install/setup.ps1'
[2.272s] INFO:colcon.colcon_core.shell:Creating prefix script '/catkin_ws/rover_sim_ws/install/local_setup.sh'
[2.272s] INFO:colcon.colcon_core.shell:Creating prefix util module '/catkin_ws/rover_sim_ws/install/_local_setup_util_sh.py'
[2.273s] INFO:colcon.colcon_core.shell:Creating prefix chain script '/catkin_ws/rover_sim_ws/install/setup.sh'
[2.300s] INFO:colcon.colcon_core.shell:Creating prefix script '/catkin_ws/rover_sim_ws/install/local_setup.bash'
[2.301s] INFO:colcon.colcon_core.shell:Creating prefix chain script '/catkin_ws/rover_sim_ws/install/setup.bash'
[2.315s] INFO:colcon.colcon_core.shell:Creating prefix script '/catkin_ws/rover_sim_ws/install/local_setup.zsh'
[2.316s] INFO:colcon.colcon_core.shell:Creating prefix chain script '/catkin_ws/rover_sim_ws/install/setup.zsh'
