[0.183s] Invoking command in '/catkin_ws/rover_sim_ws/build/ros_gz_sim': CMAKE_PREFIX_PATH=${CMAKE_PREFIX_PATH}:/opt/ros/humble /usr/bin/cmake /catkin_ws/rover_sim_ws/src/ros_gz_sim -DCMAKE_INSTALL_PREFIX=/catkin_ws/rover_sim_ws/install/ros_gz_sim
[0.196s] -- Found ament_cmake: 1.3.6 (/opt/ros/humble/share/ament_cmake/cmake)
[0.437s] -- Found rclcpp: 16.0.7 (/opt/ros/humble/share/rclcpp/cmake)
[0.511s] -- Found rosidl_generator_c: 3.1.5 (/opt/ros/humble/share/rosidl_generator_c/cmake)
[0.512s] -- Found rosidl_adapter: 3.1.5 (/opt/ros/humble/share/rosidl_adapter/cmake)
[0.512s] -- Found rosidl_generator_cpp: 3.1.5 (/opt/ros/humble/share/rosidl_generator_cpp/cmake)
[0.529s] -- Using all available rosidl_typesupport_c: rosidl_typesupport_fastrtps_c;rosidl_typesupport_introspection_c
[0.555s] -- Using all available rosidl_typesupport_cpp: rosidl_typesupport_fastrtps_cpp;rosidl_typesupport_introspection_cpp
[0.652s] -- Found rmw_implementation_cmake: 6.1.1 (/opt/ros/humble/share/rmw_implementation_cmake/cmake)
[0.652s] -- Found rmw_fastrtps_cpp: 6.2.5 (/opt/ros/humble/share/rmw_fastrtps_cpp/cmake)
[0.827s] -- Using RMW implementation 'rmw_fastrtps_cpp' as default
[1.087s] -- Looking for gz-math7 -- found version 7.3.0
[1.101s] -- Searching for dependencies of gz-math7
[1.104s] -- Looking for gz-utils2 -- found version 2.2.0
[1.104s] -- Searching for dependencies of gz-utils2
[1.119s] [31mCMake Error at CMakeLists.txt:25 (find_package):
[1.119s]   By not providing "Findgz-transport12.cmake" in CMAKE_MODULE_PATH this
[1.120s]   project has asked CMake to find a package configuration file provided by
[1.120s]   "gz-transport12", but CMake did not find one.
[1.120s] 
[1.121s]   Could not find a package configuration file provided by "gz-transport12"
[1.121s]   with any of the following names:
[1.121s] 
[1.121s]     gz-transport12Config.cmake
[1.121s]     gz-transport12-config.cmake
[1.122s] 
[1.122s]   Add the installation prefix of "gz-transport12" to CMAKE_PREFIX_PATH or set
[1.122s]   "gz-transport12_DIR" to a directory containing one of the above files.  If
[1.123s]   "gz-transport12" provides a separate development package or SDK, be sure it
[1.123s]   has been installed.
[1.123s] 
[1.123s] [0m
[1.123s] -- Configuring incomplete, errors occurred!
[1.123s] See also "/catkin_ws/rover_sim_ws/build/ros_gz_sim/CMakeFiles/CMakeOutput.log".
[1.184s] Invoked command in '/catkin_ws/rover_sim_ws/build/ros_gz_sim' returned '1': CMAKE_PREFIX_PATH=${CMAKE_PREFIX_PATH}:/opt/ros/humble /usr/bin/cmake /catkin_ws/rover_sim_ws/src/ros_gz_sim -DCMAKE_INSTALL_PREFIX=/catkin_ws/rover_sim_ws/install/ros_gz_sim
