[0.129s] Invoking command in '/catkin_ws/rover_sim_ws/build/ign_ros2_control': CMAKE_PREFIX_PATH=${CMAKE_PREFIX_PATH}:/opt/ros/humble /usr/bin/cmake --build /catkin_ws/rover_sim_ws/build/ign_ros2_control -- -j8 -l8
[0.186s] [100%] Built target ign_ros2_control-system
[0.186s] [100%] Built target ign_hardware_plugins
[0.198s] Invoked command in '/catkin_ws/rover_sim_ws/build/ign_ros2_control' returned '0': CMAKE_PREFIX_PATH=${CMAKE_PREFIX_PATH}:/opt/ros/humble /usr/bin/cmake --build /catkin_ws/rover_sim_ws/build/ign_ros2_control -- -j8 -l8
[0.379s] Invoking command in '/catkin_ws/rover_sim_ws/build/ign_ros2_control': CMAKE_PREFIX_PATH=${CMAKE_PREFIX_PATH}:/opt/ros/humble /usr/bin/cmake --install /catkin_ws/rover_sim_ws/build/ign_ros2_control
[0.435s] -- Install configuration: ""
[0.435s] -- Up-to-date: /catkin_ws/rover_sim_ws/install/ign_ros2_control/lib/libign_hardware_plugins.so
[0.448s] -- Up-to-date: /catkin_ws/rover_sim_ws/install/ign_ros2_control/include
[0.455s] -- Up-to-date: /catkin_ws/rover_sim_ws/install/ign_ros2_control/include/ign_ros2_control
[0.455s] -- Up-to-date: /catkin_ws/rover_sim_ws/install/ign_ros2_control/include/ign_ros2_control/ign_ros2_control_plugin.hpp
[0.455s] -- Up-to-date: /catkin_ws/rover_sim_ws/install/ign_ros2_control/include/ign_ros2_control/ign_system.hpp
[0.455s] -- Up-to-date: /catkin_ws/rover_sim_ws/install/ign_ros2_control/include/ign_ros2_control/ign_system_interface.hpp
[0.456s] -- Up-to-date: /catkin_ws/rover_sim_ws/install/ign_ros2_control/share/ign_ros2_control/environment/library_path.sh
[0.456s] -- Up-to-date: /catkin_ws/rover_sim_ws/install/ign_ros2_control/share/ign_ros2_control/environment/library_path.dsv
[0.456s] -- Up-to-date: /catkin_ws/rover_sim_ws/install/ign_ros2_control/lib/libign_ros2_control-system.so
[0.456s] -- Up-to-date: /catkin_ws/rover_sim_ws/install/ign_ros2_control/share/ign_ros2_control/ign_hardware_plugins.xml
[0.456s] -- Up-to-date: /catkin_ws/rover_sim_ws/install/ign_ros2_control/share/ament_index/resource_index/package_run_dependencies/ign_ros2_control
[0.456s] -- Up-to-date: /catkin_ws/rover_sim_ws/install/ign_ros2_control/share/ament_index/resource_index/parent_prefix_path/ign_ros2_control
[0.457s] -- Up-to-date: /catkin_ws/rover_sim_ws/install/ign_ros2_control/share/ign_ros2_control/environment/ament_prefix_path.sh
[0.457s] -- Up-to-date: /catkin_ws/rover_sim_ws/install/ign_ros2_control/share/ign_ros2_control/environment/ament_prefix_path.dsv
[0.457s] -- Up-to-date: /catkin_ws/rover_sim_ws/install/ign_ros2_control/share/ign_ros2_control/environment/path.sh
[0.457s] -- Up-to-date: /catkin_ws/rover_sim_ws/install/ign_ros2_control/share/ign_ros2_control/environment/path.dsv
[0.458s] -- Up-to-date: /catkin_ws/rover_sim_ws/install/ign_ros2_control/share/ign_ros2_control/local_setup.bash
[0.458s] -- Up-to-date: /catkin_ws/rover_sim_ws/install/ign_ros2_control/share/ign_ros2_control/local_setup.sh
[0.458s] -- Up-to-date: /catkin_ws/rover_sim_ws/install/ign_ros2_control/share/ign_ros2_control/local_setup.zsh
[0.459s] -- Up-to-date: /catkin_ws/rover_sim_ws/install/ign_ros2_control/share/ign_ros2_control/local_setup.dsv
[0.459s] -- Installing: /catkin_ws/rover_sim_ws/install/ign_ros2_control/share/ign_ros2_control/package.dsv
[0.459s] -- Up-to-date: /catkin_ws/rover_sim_ws/install/ign_ros2_control/share/ament_index/resource_index/packages/ign_ros2_control
[0.459s] -- Up-to-date: /catkin_ws/rover_sim_ws/install/ign_ros2_control/share/ament_index/resource_index/ign_ros2_control__pluginlib__plugin/ign_ros2_control
[0.460s] -- Up-to-date: /catkin_ws/rover_sim_ws/install/ign_ros2_control/share/ign_ros2_control/cmake/ament_cmake_export_include_directories-extras.cmake
[0.460s] -- Up-to-date: /catkin_ws/rover_sim_ws/install/ign_ros2_control/share/ign_ros2_control/cmake/ament_cmake_export_libraries-extras.cmake
[0.460s] -- Up-to-date: /catkin_ws/rover_sim_ws/install/ign_ros2_control/share/ign_ros2_control/cmake/ign_ros2_controlConfig.cmake
[0.460s] -- Up-to-date: /catkin_ws/rover_sim_ws/install/ign_ros2_control/share/ign_ros2_control/cmake/ign_ros2_controlConfig-version.cmake
[0.460s] -- Up-to-date: /catkin_ws/rover_sim_ws/install/ign_ros2_control/share/ign_ros2_control/package.xml
[0.481s] Invoked command in '/catkin_ws/rover_sim_ws/build/ign_ros2_control' returned '0': CMAKE_PREFIX_PATH=${CMAKE_PREFIX_PATH}:/opt/ros/humble /usr/bin/cmake --install /catkin_ws/rover_sim_ws/build/ign_ros2_control
