[0.062s] Invoking command in '/catkin_ws/rover_sim_ws/src/build/turtlebot3_gazebo': CMAKE_PREFIX_PATH=/opt/ros/humble /usr/bin/cmake /catkin_ws/rover_sim_ws/src/turtlebot3_simulations/turtlebot3_gazebo -DCMAKE_INSTALL_PREFIX=/catkin_ws/rover_sim_ws/src/install/turtlebot3_gazebo
[0.138s] -- The C compiler identification is GNU 11.4.0
[0.201s] -- The CXX compiler identification is GNU 11.4.0
[0.208s] -- Detecting C compiler ABI info
[0.339s] -- Detecting C compiler ABI info - done
[0.350s] -- Check for working C compiler: /usr/bin/cc - skipped
[0.354s] -- Detecting C compile features
[0.357s] -- Detecting C compile features - done
[0.362s] -- Detecting CXX compiler ABI info
[2.504s] -- Detecting CXX compiler ABI info - done
[2.512s] -- Check for working CXX compiler: /usr/bin/c++ - skipped
[2.512s] -- Detecting CXX compile features
[2.512s] -- Detecting CXX compile features - done
[2.514s] -- Found ament_cmake: 1.3.6 (/opt/ros/humble/share/ament_cmake/cmake)
[2.662s] -- Found Python3: /usr/bin/python3.10 (found version "3.10.12") found components: Interpreter 
[2.745s] [33mCMake Warning (dev) at /usr/share/cmake-3.22/Modules/FindPackageHandleStandardArgs.cmake:438 (message):
[2.746s]   The package name passed to `find_package_handle_standard_args` (PkgConfig)
[2.746s]   does not match the name of the calling package (gazebo).  This can lead to
[2.746s]   problems in calling code that expects `find_package` result variables
[2.746s]   (e.g., `_FOUND`) to follow a certain pattern.
[2.746s] Call Stack (most recent call first):
[2.746s]   /usr/share/cmake-3.22/Modules/FindPkgConfig.cmake:99 (find_package_handle_standard_args)
[2.746s]   /usr/lib/x86_64-linux-gnu/cmake/gazebo/gazebo-config.cmake:72 (include)
[2.746s]   CMakeLists.txt:23 (find_package)
[2.746s] This warning is for project developers.  Use -Wno-dev to suppress it.
[2.746s] [0m
[2.746s] -- Found PkgConfig: /usr/bin/pkg-config (found version "0.29.2") 
[2.749s] -- Checking for module 'bullet>=2.82'
[2.756s] --   Found bullet, version 3.05
[6.146s] -- Found fcl: /usr/include (found suitable version "0.7.0", minimum required is "0.5.0") 
[6.182s] -- Found assimp: /usr/include (found version "5.2.0") 
[6.201s] -- Found DART: /usr/include (Required is at least version "6.6") found components: dart 
[9.483s] -- Found Boost: /usr/lib/x86_64-linux-gnu/cmake/Boost-1.74.0/BoostConfig.cmake (found suitable version "1.74.0", minimum required is "1.40.0") found components: thread system filesystem program_options regex iostreams date_time 
[9.496s] -- Found Protobuf: /usr/lib/x86_64-linux-gnu/libprotobuf.so (found version "3.12.4") 
[9.500s] -- Looking for ignition-math6 -- found version 6.15.0
[9.506s] -- Searching for dependencies of ignition-math6
[9.507s] -- Looking for OGRE...
[9.508s] -- OGRE_PREFIX_WATCH changed.
[9.512s] -- Checking for module 'OGRE'
[9.520s] --   Found OGRE, version 1.9.0
[9.549s] -- Found Ogre Ghadamon (1.9.0)
[9.558s] -- Found OGRE: optimized;/usr/lib/x86_64-linux-gnu/libOgreMain.so;debug;/usr/lib/x86_64-linux-gnu/libOgreMain.so
[9.567s] -- Looking for OGRE_Paging...
[9.571s] -- Found OGRE_Paging: optimized;/usr/lib/x86_64-linux-gnu/libOgrePaging.so;debug;/usr/lib/x86_64-linux-gnu/libOgrePaging.so
[9.571s] -- Looking for OGRE_Terrain...
[9.574s] -- Found OGRE_Terrain: optimized;/usr/lib/x86_64-linux-gnu/libOgreTerrain.so;debug;/usr/lib/x86_64-linux-gnu/libOgreTerrain.so
[9.574s] -- Looking for OGRE_Property...
[9.581s] -- Found OGRE_Property: optimized;/usr/lib/x86_64-linux-gnu/libOgreProperty.so;debug;/usr/lib/x86_64-linux-gnu/libOgreProperty.so
[9.581s] -- Looking for OGRE_RTShaderSystem...
[9.584s] -- Found OGRE_RTShaderSystem: optimized;/usr/lib/x86_64-linux-gnu/libOgreRTShaderSystem.so;debug;/usr/lib/x86_64-linux-gnu/libOgreRTShaderSystem.so
[9.584s] -- Looking for OGRE_Volume...
[9.587s] -- Found OGRE_Volume: optimized;/usr/lib/x86_64-linux-gnu/libOgreVolume.so;debug;/usr/lib/x86_64-linux-gnu/libOgreVolume.so
[9.587s] -- Looking for OGRE_Overlay...
[9.590s] -- Found OGRE_Overlay: optimized;/usr/lib/x86_64-linux-gnu/libOgreOverlay.so;debug;/usr/lib/x86_64-linux-gnu/libOgreOverlay.so
[9.659s] -- Looking for ignition-math6 -- found version 6.15.0
[9.661s] -- Looking for ignition-transport8 -- found version 8.2.1
[9.661s] -- Searching for dependencies of ignition-transport8
[9.679s] -- Found Protobuf: /usr/lib/x86_64-linux-gnu/libprotobuf.so (found suitable version "3.12.4", minimum required is "3") 
[9.692s] -- Config-file not installed for ZeroMQ -- checking for pkg-config
[9.696s] -- Checking for module 'libzmq >= 4'
[9.706s] --   Found libzmq , version 4.3.4
[9.736s] -- Found ZeroMQ: TRUE (Required is at least version "4") 
[9.741s] -- Checking for module 'uuid'
[9.758s] --   Found uuid, version 2.37.2
[9.780s] -- Found UUID: TRUE  
[9.782s] -- Looking for ignition-msgs5 -- found version 5.8.1
[9.782s] -- Searching for dependencies of ignition-msgs5
[9.805s] -- Looking for ignition-math6 -- found version 6.15.0
[9.810s] -- Checking for module 'tinyxml2'
[9.820s] --   Found tinyxml2, version 9.0.0
[9.849s] -- Looking for ignition-msgs5 -- found version 5.8.1
[9.852s] -- Looking for ignition-common3 -- found version 3.14.0
[9.852s] -- Searching for dependencies of ignition-common3
[9.853s] -- Looking for dlfcn.h - found
[9.854s] -- Looking for libdl - found
[9.856s] -- Found DL: TRUE  
[9.866s] -- Found tinyobjloader: /usr/lib/x86_64-linux-gnu/cmake/tinyobjloader/tinyobjloader-config.cmake (found version "2.0.0") 
[9.866s] -- Searching for <ignition-common3> component [graphics]
[9.868s] -- Looking for ignition-common3-graphics -- found version 3.14.0
[9.869s] -- Searching for dependencies of ignition-common3-graphics
[9.869s] -- Looking for ignition-math6 -- found version 6.15.0
[9.872s] -- Looking for ignition-fuel_tools4 -- found version 4.4.0
[9.872s] -- Searching for dependencies of ignition-fuel_tools4
[9.933s] -- Found CURL: /usr/lib/x86_64-linux-gnu/libcurl.so (found version "7.81.0")  
[9.941s] -- Checking for module 'jsoncpp'
[9.949s] --   Found jsoncpp, version 1.9.5
[9.973s] -- Found JSONCPP: TRUE  
[9.979s] -- Checking for module 'libzip'
[9.992s] --   Found libzip, version 1.7.3
[10.016s] -- Found ZIP: TRUE  
[10.016s] -- Looking for ignition-common3 -- found version 3.14.0
[10.017s] -- Looking for ignition-math6 -- found version 6.15.0
[10.017s] -- Looking for ignition-msgs5 -- found version 5.8.1
[10.024s] -- Found gazebo_ros_pkgs: 3.7.0 (/opt/ros/humble/share/gazebo_ros_pkgs/cmake)
[10.026s] -- Found geometry_msgs: 4.2.3 (/opt/ros/humble/share/geometry_msgs/cmake)
[10.064s] -- Found rosidl_generator_c: 3.1.5 (/opt/ros/humble/share/rosidl_generator_c/cmake)
[10.072s] -- Found rosidl_adapter: 3.1.5 (/opt/ros/humble/share/rosidl_adapter/cmake)
[10.081s] -- Found rosidl_generator_cpp: 3.1.5 (/opt/ros/humble/share/rosidl_generator_cpp/cmake)
[10.095s] -- Using all available rosidl_typesupport_c: rosidl_typesupport_fastrtps_c;rosidl_typesupport_introspection_c
[10.116s] -- Using all available rosidl_typesupport_cpp: rosidl_typesupport_fastrtps_cpp;rosidl_typesupport_introspection_cpp
[10.247s] -- Found nav_msgs: 4.2.3 (/opt/ros/humble/share/nav_msgs/cmake)
[10.341s] -- Found rclcpp: 16.0.7 (/opt/ros/humble/share/rclcpp/cmake)
[10.405s] -- Found rmw_implementation_cmake: 6.1.1 (/opt/ros/humble/share/rmw_implementation_cmake/cmake)
[10.409s] -- Found rmw_fastrtps_cpp: 6.2.5 (/opt/ros/humble/share/rmw_fastrtps_cpp/cmake)
[10.507s] -- Found OpenSSL: /usr/lib/x86_64-linux-gnu/libcrypto.so (found version "3.0.2")  
[10.535s] -- Found FastRTPS: /opt/ros/humble/include  
[10.588s] -- Using RMW implementation 'rmw_fastrtps_cpp' as default
[10.600s] -- Found Threads: TRUE  
[10.766s] -- Found sensor_msgs: 4.2.3 (/opt/ros/humble/share/sensor_msgs/cmake)
[10.875s] -- Found tf2: 0.25.5 (/opt/ros/humble/share/tf2/cmake)
[10.966s] -- Configuring done
[11.007s] -- Generating done
[11.011s] -- Build files have been written to: /catkin_ws/rover_sim_ws/src/build/turtlebot3_gazebo
