[35m[1mConsolidate compiler generated dependencies of target ros_gz_interfaces__rosidl_generator_c[0m
[  0%] Built target ros_gz_interfaces__cpp
[ 12%] Built target ros_gz_interfaces__rosidl_generator_c
[35m[1mConsolidate compiler generated dependencies of target ros_gz_interfaces__rosidl_typesupport_cpp[0m
[35m[1mConsolidate compiler generated dependencies of target ros_gz_interfaces__rosidl_typesupport_introspection_cpp[0m
[35m[1mConsolidate compiler generated dependencies of target ros_gz_interfaces__rosidl_typesupport_fastrtps_cpp[0m
[ 12%] Built target ament_cmake_python_copy_ros_gz_interfaces
[35m[1mConsolidate compiler generated dependencies of target ros_gz_interfaces__rosidl_typesupport_introspection_c[0m
[35m[1mConsolidate compiler generated dependencies of target ros_gz_interfaces__rosidl_typesupport_fastrtps_c[0m
[ 24%] Built target ros_gz_interfaces__rosidl_typesupport_cpp
[ 37%] Built target ros_gz_interfaces__rosidl_typesupport_introspection_cpp
[ 49%] Built target ros_gz_interfaces__rosidl_typesupport_fastrtps_cpp
[ 61%] Built target ros_gz_interfaces__rosidl_typesupport_introspection_c
[35m[1mConsolidate compiler generated dependencies of target ros_gz_interfaces__rosidl_typesupport_c[0m
[ 73%] Built target ros_gz_interfaces__rosidl_typesupport_fastrtps_c
[ 85%] Built target ros_gz_interfaces__rosidl_typesupport_c
[ 85%] Built target ros_gz_interfaces
[ 86%] Built target ros_gz_interfaces__py
[35m[1mConsolidate compiler generated dependencies of target ros_gz_interfaces__rosidl_generator_py[0m
[ 97%] Built target ros_gz_interfaces__rosidl_generator_py
[35m[1mConsolidate compiler generated dependencies of target ros_gz_interfaces__rosidl_typesupport_introspection_c__pyext[0m
[35m[1mConsolidate compiler generated dependencies of target ros_gz_interfaces__rosidl_typesupport_fastrtps_c__pyext[0m
[35m[1mConsolidate compiler generated dependencies of target ros_gz_interfaces__rosidl_typesupport_c__pyext[0m
[ 98%] Built target ros_gz_interfaces__rosidl_typesupport_fastrtps_c__pyext
[ 99%] Built target ros_gz_interfaces__rosidl_typesupport_introspection_c__pyext
[100%] Built target ros_gz_interfaces__rosidl_typesupport_c__pyext
running egg_info
writing ros_gz_interfaces.egg-info/PKG-INFO
writing dependency_links to ros_gz_interfaces.egg-info/dependency_links.txt
writing top-level names to ros_gz_interfaces.egg-info/top_level.txt
reading manifest file 'ros_gz_interfaces.egg-info/SOURCES.txt'
writing manifest file 'ros_gz_interfaces.egg-info/SOURCES.txt'
[100%] Built target ament_cmake_python_build_ros_gz_interfaces_egg
-- Install configuration: ""
-- Installing: /catkin_ws/rover_sim_ws/install/ros_gz_interfaces/share/ament_index/resource_index/rosidl_interfaces/ros_gz_interfaces
-- Installing: /catkin_ws/rover_sim_ws/install/ros_gz_interfaces/include/ros_gz_interfaces/ros_gz_interfaces
-- Installing: /catkin_ws/rover_sim_ws/install/ros_gz_interfaces/include/ros_gz_interfaces/ros_gz_interfaces/msg
-- Installing: /catkin_ws/rover_sim_ws/install/ros_gz_interfaces/include/ros_gz_interfaces/ros_gz_interfaces/msg/world_control.h
-- Installing: /catkin_ws/rover_sim_ws/install/ros_gz_interfaces/include/ros_gz_interfaces/ros_gz_interfaces/msg/gui_camera.h
-- Installing: /catkin_ws/rover_sim_ws/install/ros_gz_interfaces/include/ros_gz_interfaces/ros_gz_interfaces/msg/dataframe.h
-- Installing: /catkin_ws/rover_sim_ws/install/ros_gz_interfaces/include/ros_gz_interfaces/ros_gz_interfaces/msg/joint_wrench.h
-- Installing: /catkin_ws/rover_sim_ws/install/ros_gz_interfaces/include/ros_gz_interfaces/ros_gz_interfaces/msg/sensor_noise.h
-- Installing: /catkin_ws/rover_sim_ws/install/ros_gz_interfaces/include/ros_gz_interfaces/ros_gz_interfaces/msg/video_record.h
-- Installing: /catkin_ws/rover_sim_ws/install/ros_gz_interfaces/include/ros_gz_interfaces/ros_gz_interfaces/msg/world_reset.h
-- Installing: /catkin_ws/rover_sim_ws/install/ros_gz_interfaces/include/ros_gz_interfaces/ros_gz_interfaces/msg/contact.h
-- Installing: /catkin_ws/rover_sim_ws/install/ros_gz_interfaces/include/ros_gz_interfaces/ros_gz_interfaces/msg/entity.h
-- Installing: /catkin_ws/rover_sim_ws/install/ros_gz_interfaces/include/ros_gz_interfaces/ros_gz_interfaces/msg/detail
-- Installing: /catkin_ws/rover_sim_ws/install/ros_gz_interfaces/include/ros_gz_interfaces/ros_gz_interfaces/msg/detail/gui_camera__struct.h
-- Installing: /catkin_ws/rover_sim_ws/install/ros_gz_interfaces/include/ros_gz_interfaces/ros_gz_interfaces/msg/detail/contacts__functions.c
-- Installing: /catkin_ws/rover_sim_ws/install/ros_gz_interfaces/include/ros_gz_interfaces/ros_gz_interfaces/msg/detail/track_visual__functions.h
-- Installing: /catkin_ws/rover_sim_ws/install/ros_gz_interfaces/include/ros_gz_interfaces/ros_gz_interfaces/msg/detail/light__functions.h
-- Installing: /catkin_ws/rover_sim_ws/install/ros_gz_interfaces/include/ros_gz_interfaces/ros_gz_interfaces/msg/detail/light__struct.h
-- Installing: /catkin_ws/rover_sim_ws/install/ros_gz_interfaces/include/ros_gz_interfaces/ros_gz_interfaces/msg/detail/entity__functions.c
-- Installing: /catkin_ws/rover_sim_ws/install/ros_gz_interfaces/include/ros_gz_interfaces/ros_gz_interfaces/msg/detail/video_record__functions.h
-- Installing: /catkin_ws/rover_sim_ws/install/ros_gz_interfaces/include/ros_gz_interfaces/ros_gz_interfaces/msg/detail/joint_wrench__functions.c
-- Installing: /catkin_ws/rover_sim_ws/install/ros_gz_interfaces/include/ros_gz_interfaces/ros_gz_interfaces/msg/detail/sensor_noise__functions.h
-- Installing: /catkin_ws/rover_sim_ws/install/ros_gz_interfaces/include/ros_gz_interfaces/ros_gz_interfaces/msg/detail/track_visual__struct.h
-- Installing: /catkin_ws/rover_sim_ws/install/ros_gz_interfaces/include/ros_gz_interfaces/ros_gz_interfaces/msg/detail/gui_camera__type_support.h
-- Installing: /catkin_ws/rover_sim_ws/install/ros_gz_interfaces/include/ros_gz_interfaces/ros_gz_interfaces/msg/detail/world_control__functions.c
-- Installing: /catkin_ws/rover_sim_ws/install/ros_gz_interfaces/include/ros_gz_interfaces/ros_gz_interfaces/msg/detail/dataframe__type_support.h
-- Installing: /catkin_ws/rover_sim_ws/install/ros_gz_interfaces/include/ros_gz_interfaces/ros_gz_interfaces/msg/detail/joint_wrench__struct.h
-- Installing: /catkin_ws/rover_sim_ws/install/ros_gz_interfaces/include/ros_gz_interfaces/ros_gz_interfaces/msg/detail/entity__type_support.h
-- Installing: /catkin_ws/rover_sim_ws/install/ros_gz_interfaces/include/ros_gz_interfaces/ros_gz_interfaces/msg/detail/entity__functions.h
-- Installing: /catkin_ws/rover_sim_ws/install/ros_gz_interfaces/include/ros_gz_interfaces/ros_gz_interfaces/msg/detail/float32_array__struct.h
-- Installing: /catkin_ws/rover_sim_ws/install/ros_gz_interfaces/include/ros_gz_interfaces/ros_gz_interfaces/msg/detail/string_vec__functions.h
-- Installing: /catkin_ws/rover_sim_ws/install/ros_gz_interfaces/include/ros_gz_interfaces/ros_gz_interfaces/msg/detail/video_record__functions.c
-- Installing: /catkin_ws/rover_sim_ws/install/ros_gz_interfaces/include/ros_gz_interfaces/ros_gz_interfaces/msg/detail/light__functions.c
-- Installing: /catkin_ws/rover_sim_ws/install/ros_gz_interfaces/include/ros_gz_interfaces/ros_gz_interfaces/msg/detail/dataframe__functions.c
-- Installing: /catkin_ws/rover_sim_ws/install/ros_gz_interfaces/include/ros_gz_interfaces/ros_gz_interfaces/msg/detail/float32_array__functions.c
-- Installing: /catkin_ws/rover_sim_ws/install/ros_gz_interfaces/include/ros_gz_interfaces/ros_gz_interfaces/msg/detail/gui_camera__functions.c
-- Installing: /catkin_ws/rover_sim_ws/install/ros_gz_interfaces/include/ros_gz_interfaces/ros_gz_interfaces/msg/detail/contact__functions.h
-- Installing: /catkin_ws/rover_sim_ws/install/ros_gz_interfaces/include/ros_gz_interfaces/ros_gz_interfaces/msg/detail/altimeter__struct.h
-- Installing: /catkin_ws/rover_sim_ws/install/ros_gz_interfaces/include/ros_gz_interfaces/ros_gz_interfaces/msg/detail/sensor_noise__struct.h
-- Installing: /catkin_ws/rover_sim_ws/install/ros_gz_interfaces/include/ros_gz_interfaces/ros_gz_interfaces/msg/detail/world_reset__type_support.h
-- Installing: /catkin_ws/rover_sim_ws/install/ros_gz_interfaces/include/ros_gz_interfaces/ros_gz_interfaces/msg/detail/string_vec__functions.c
-- Installing: /catkin_ws/rover_sim_ws/install/ros_gz_interfaces/include/ros_gz_interfaces/ros_gz_interfaces/msg/detail/altimeter__type_support.h
-- Installing: /catkin_ws/rover_sim_ws/install/ros_gz_interfaces/include/ros_gz_interfaces/ros_gz_interfaces/msg/detail/param_vec__functions.h
-- Installing: /catkin_ws/rover_sim_ws/install/ros_gz_interfaces/include/ros_gz_interfaces/ros_gz_interfaces/msg/detail/sensor_noise__functions.c
-- Installing: /catkin_ws/rover_sim_ws/install/ros_gz_interfaces/include/ros_gz_interfaces/ros_gz_interfaces/msg/detail/string_vec__struct.h
-- Installing: /catkin_ws/rover_sim_ws/install/ros_gz_interfaces/include/ros_gz_interfaces/ros_gz_interfaces/msg/detail/dataframe__functions.h
-- Installing: /catkin_ws/rover_sim_ws/install/ros_gz_interfaces/include/ros_gz_interfaces/ros_gz_interfaces/msg/detail/contact__struct.h
-- Installing: /catkin_ws/rover_sim_ws/install/ros_gz_interfaces/include/ros_gz_interfaces/ros_gz_interfaces/msg/detail/entity__struct.h
-- Installing: /catkin_ws/rover_sim_ws/install/ros_gz_interfaces/include/ros_gz_interfaces/ros_gz_interfaces/msg/detail/light__type_support.h
-- Installing: /catkin_ws/rover_sim_ws/install/ros_gz_interfaces/include/ros_gz_interfaces/ros_gz_interfaces/msg/detail/float32_array__functions.h
-- Installing: /catkin_ws/rover_sim_ws/install/ros_gz_interfaces/include/ros_gz_interfaces/ros_gz_interfaces/msg/detail/joint_wrench__functions.h
-- Installing: /catkin_ws/rover_sim_ws/install/ros_gz_interfaces/include/ros_gz_interfaces/ros_gz_interfaces/msg/detail/contact__functions.c
-- Installing: /catkin_ws/rover_sim_ws/install/ros_gz_interfaces/include/ros_gz_interfaces/ros_gz_interfaces/msg/detail/contacts__type_support.h
-- Installing: /catkin_ws/rover_sim_ws/install/ros_gz_interfaces/include/ros_gz_interfaces/ros_gz_interfaces/msg/detail/world_control__struct.h
-- Installing: /catkin_ws/rover_sim_ws/install/ros_gz_interfaces/include/ros_gz_interfaces/ros_gz_interfaces/msg/detail/video_record__type_support.h
-- Installing: /catkin_ws/rover_sim_ws/install/ros_gz_interfaces/include/ros_gz_interfaces/ros_gz_interfaces/msg/detail/video_record__struct.h
-- Installing: /catkin_ws/rover_sim_ws/install/ros_gz_interfaces/include/ros_gz_interfaces/ros_gz_interfaces/msg/detail/entity_factory__functions.h
-- Installing: /catkin_ws/rover_sim_ws/install/ros_gz_interfaces/include/ros_gz_interfaces/ros_gz_interfaces/msg/detail/sensor_noise__type_support.h
-- Installing: /catkin_ws/rover_sim_ws/install/ros_gz_interfaces/include/ros_gz_interfaces/ros_gz_interfaces/msg/detail/string_vec__type_support.h
-- Installing: /catkin_ws/rover_sim_ws/install/ros_gz_interfaces/include/ros_gz_interfaces/ros_gz_interfaces/msg/detail/param_vec__functions.c
-- Installing: /catkin_ws/rover_sim_ws/install/ros_gz_interfaces/include/ros_gz_interfaces/ros_gz_interfaces/msg/detail/contact__type_support.h
-- Installing: /catkin_ws/rover_sim_ws/install/ros_gz_interfaces/include/ros_gz_interfaces/ros_gz_interfaces/msg/detail/world_reset__functions.c
-- Installing: /catkin_ws/rover_sim_ws/install/ros_gz_interfaces/include/ros_gz_interfaces/ros_gz_interfaces/msg/detail/param_vec__struct.h
-- Installing: /catkin_ws/rover_sim_ws/install/ros_gz_interfaces/include/ros_gz_interfaces/ros_gz_interfaces/msg/detail/track_visual__type_support.h
-- Installing: /catkin_ws/rover_sim_ws/install/ros_gz_interfaces/include/ros_gz_interfaces/ros_gz_interfaces/msg/detail/entity_factory__functions.c
-- Installing: /catkin_ws/rover_sim_ws/install/ros_gz_interfaces/include/ros_gz_interfaces/ros_gz_interfaces/msg/detail/entity_factory__type_support.h
-- Installing: /catkin_ws/rover_sim_ws/install/ros_gz_interfaces/include/ros_gz_interfaces/ros_gz_interfaces/msg/detail/world_control__functions.h
-- Installing: /catkin_ws/rover_sim_ws/install/ros_gz_interfaces/include/ros_gz_interfaces/ros_gz_interfaces/msg/detail/contacts__functions.h
-- Installing: /catkin_ws/rover_sim_ws/install/ros_gz_interfaces/include/ros_gz_interfaces/ros_gz_interfaces/msg/detail/dataframe__struct.h
-- Installing: /catkin_ws/rover_sim_ws/install/ros_gz_interfaces/include/ros_gz_interfaces/ros_gz_interfaces/msg/detail/contacts__struct.h
-- Installing: /catkin_ws/rover_sim_ws/install/ros_gz_interfaces/include/ros_gz_interfaces/ros_gz_interfaces/msg/detail/joint_wrench__type_support.h
-- Installing: /catkin_ws/rover_sim_ws/install/ros_gz_interfaces/include/ros_gz_interfaces/ros_gz_interfaces/msg/detail/param_vec__type_support.h
-- Installing: /catkin_ws/rover_sim_ws/install/ros_gz_interfaces/include/ros_gz_interfaces/ros_gz_interfaces/msg/detail/track_visual__functions.c
-- Installing: /catkin_ws/rover_sim_ws/install/ros_gz_interfaces/include/ros_gz_interfaces/ros_gz_interfaces/msg/detail/world_reset__functions.h
-- Installing: /catkin_ws/rover_sim_ws/install/ros_gz_interfaces/include/ros_gz_interfaces/ros_gz_interfaces/msg/detail/entity_factory__struct.h
-- Installing: /catkin_ws/rover_sim_ws/install/ros_gz_interfaces/include/ros_gz_interfaces/ros_gz_interfaces/msg/detail/world_control__type_support.h
-- Installing: /catkin_ws/rover_sim_ws/install/ros_gz_interfaces/include/ros_gz_interfaces/ros_gz_interfaces/msg/detail/world_reset__struct.h
-- Installing: /catkin_ws/rover_sim_ws/install/ros_gz_interfaces/include/ros_gz_interfaces/ros_gz_interfaces/msg/detail/altimeter__functions.c
-- Installing: /catkin_ws/rover_sim_ws/install/ros_gz_interfaces/include/ros_gz_interfaces/ros_gz_interfaces/msg/detail/gui_camera__functions.h
-- Installing: /catkin_ws/rover_sim_ws/install/ros_gz_interfaces/include/ros_gz_interfaces/ros_gz_interfaces/msg/detail/altimeter__functions.h
-- Installing: /catkin_ws/rover_sim_ws/install/ros_gz_interfaces/include/ros_gz_interfaces/ros_gz_interfaces/msg/detail/float32_array__type_support.h
-- Installing: /catkin_ws/rover_sim_ws/install/ros_gz_interfaces/include/ros_gz_interfaces/ros_gz_interfaces/msg/rosidl_generator_c__visibility_control.h
-- Installing: /catkin_ws/rover_sim_ws/install/ros_gz_interfaces/include/ros_gz_interfaces/ros_gz_interfaces/msg/param_vec.h
-- Installing: /catkin_ws/rover_sim_ws/install/ros_gz_interfaces/include/ros_gz_interfaces/ros_gz_interfaces/msg/track_visual.h
-- Installing: /catkin_ws/rover_sim_ws/install/ros_gz_interfaces/include/ros_gz_interfaces/ros_gz_interfaces/msg/altimeter.h
-- Installing: /catkin_ws/rover_sim_ws/install/ros_gz_interfaces/include/ros_gz_interfaces/ros_gz_interfaces/msg/float32_array.h
-- Installing: /catkin_ws/rover_sim_ws/install/ros_gz_interfaces/include/ros_gz_interfaces/ros_gz_interfaces/msg/entity_factory.h
-- Installing: /catkin_ws/rover_sim_ws/install/ros_gz_interfaces/include/ros_gz_interfaces/ros_gz_interfaces/msg/contacts.h
-- Installing: /catkin_ws/rover_sim_ws/install/ros_gz_interfaces/include/ros_gz_interfaces/ros_gz_interfaces/msg/string_vec.h
-- Installing: /catkin_ws/rover_sim_ws/install/ros_gz_interfaces/include/ros_gz_interfaces/ros_gz_interfaces/msg/light.h
-- Installing: /catkin_ws/rover_sim_ws/install/ros_gz_interfaces/include/ros_gz_interfaces/ros_gz_interfaces/srv
-- Installing: /catkin_ws/rover_sim_ws/install/ros_gz_interfaces/include/ros_gz_interfaces/ros_gz_interfaces/srv/set_entity_pose.h
-- Installing: /catkin_ws/rover_sim_ws/install/ros_gz_interfaces/include/ros_gz_interfaces/ros_gz_interfaces/srv/spawn_entity.h
-- Installing: /catkin_ws/rover_sim_ws/install/ros_gz_interfaces/include/ros_gz_interfaces/ros_gz_interfaces/srv/detail
-- Installing: /catkin_ws/rover_sim_ws/install/ros_gz_interfaces/include/ros_gz_interfaces/ros_gz_interfaces/srv/detail/delete_entity__struct.h
-- Installing: /catkin_ws/rover_sim_ws/install/ros_gz_interfaces/include/ros_gz_interfaces/ros_gz_interfaces/srv/detail/spawn_entity__functions.h
-- Installing: /catkin_ws/rover_sim_ws/install/ros_gz_interfaces/include/ros_gz_interfaces/ros_gz_interfaces/srv/detail/delete_entity__functions.h
-- Installing: /catkin_ws/rover_sim_ws/install/ros_gz_interfaces/include/ros_gz_interfaces/ros_gz_interfaces/srv/detail/control_world__struct.h
-- Installing: /catkin_ws/rover_sim_ws/install/ros_gz_interfaces/include/ros_gz_interfaces/ros_gz_interfaces/srv/detail/set_entity_pose__type_support.h
-- Installing: /catkin_ws/rover_sim_ws/install/ros_gz_interfaces/include/ros_gz_interfaces/ros_gz_interfaces/srv/detail/set_entity_pose__functions.c
-- Installing: /catkin_ws/rover_sim_ws/install/ros_gz_interfaces/include/ros_gz_interfaces/ros_gz_interfaces/srv/detail/delete_entity__functions.c
-- Installing: /catkin_ws/rover_sim_ws/install/ros_gz_interfaces/include/ros_gz_interfaces/ros_gz_interfaces/srv/detail/control_world__type_support.h
-- Installing: /catkin_ws/rover_sim_ws/install/ros_gz_interfaces/include/ros_gz_interfaces/ros_gz_interfaces/srv/detail/set_entity_pose__struct.h
-- Installing: /catkin_ws/rover_sim_ws/install/ros_gz_interfaces/include/ros_gz_interfaces/ros_gz_interfaces/srv/detail/control_world__functions.c
-- Installing: /catkin_ws/rover_sim_ws/install/ros_gz_interfaces/include/ros_gz_interfaces/ros_gz_interfaces/srv/detail/spawn_entity__type_support.h
-- Installing: /catkin_ws/rover_sim_ws/install/ros_gz_interfaces/include/ros_gz_interfaces/ros_gz_interfaces/srv/detail/set_entity_pose__functions.h
-- Installing: /catkin_ws/rover_sim_ws/install/ros_gz_interfaces/include/ros_gz_interfaces/ros_gz_interfaces/srv/detail/control_world__functions.h
-- Installing: /catkin_ws/rover_sim_ws/install/ros_gz_interfaces/include/ros_gz_interfaces/ros_gz_interfaces/srv/detail/spawn_entity__struct.h
-- Installing: /catkin_ws/rover_sim_ws/install/ros_gz_interfaces/include/ros_gz_interfaces/ros_gz_interfaces/srv/detail/spawn_entity__functions.c
-- Installing: /catkin_ws/rover_sim_ws/install/ros_gz_interfaces/include/ros_gz_interfaces/ros_gz_interfaces/srv/detail/delete_entity__type_support.h
-- Installing: /catkin_ws/rover_sim_ws/install/ros_gz_interfaces/include/ros_gz_interfaces/ros_gz_interfaces/srv/control_world.h
-- Installing: /catkin_ws/rover_sim_ws/install/ros_gz_interfaces/include/ros_gz_interfaces/ros_gz_interfaces/srv/delete_entity.h
-- Installing: /catkin_ws/rover_sim_ws/install/ros_gz_interfaces/share/ros_gz_interfaces/environment/library_path.sh
-- Installing: /catkin_ws/rover_sim_ws/install/ros_gz_interfaces/share/ros_gz_interfaces/environment/library_path.dsv
-- Installing: /catkin_ws/rover_sim_ws/install/ros_gz_interfaces/lib/libros_gz_interfaces__rosidl_generator_c.so
-- Set runtime path of "/catkin_ws/rover_sim_ws/install/ros_gz_interfaces/lib/libros_gz_interfaces__rosidl_generator_c.so" to ""
-- Up-to-date: /catkin_ws/rover_sim_ws/install/ros_gz_interfaces/include/ros_gz_interfaces/ros_gz_interfaces
-- Up-to-date: /catkin_ws/rover_sim_ws/install/ros_gz_interfaces/include/ros_gz_interfaces/ros_gz_interfaces/msg
-- Up-to-date: /catkin_ws/rover_sim_ws/install/ros_gz_interfaces/include/ros_gz_interfaces/ros_gz_interfaces/msg/detail
-- Installing: /catkin_ws/rover_sim_ws/install/ros_gz_interfaces/include/ros_gz_interfaces/ros_gz_interfaces/msg/detail/entity__rosidl_typesupport_fastrtps_c.h
-- Installing: /catkin_ws/rover_sim_ws/install/ros_gz_interfaces/include/ros_gz_interfaces/ros_gz_interfaces/msg/detail/float32_array__rosidl_typesupport_fastrtps_c.h
-- Installing: /catkin_ws/rover_sim_ws/install/ros_gz_interfaces/include/ros_gz_interfaces/ros_gz_interfaces/msg/detail/track_visual__rosidl_typesupport_fastrtps_c.h
-- Installing: /catkin_ws/rover_sim_ws/install/ros_gz_interfaces/include/ros_gz_interfaces/ros_gz_interfaces/msg/detail/dataframe__rosidl_typesupport_fastrtps_c.h
-- Installing: /catkin_ws/rover_sim_ws/install/ros_gz_interfaces/include/ros_gz_interfaces/ros_gz_interfaces/msg/detail/world_control__rosidl_typesupport_fastrtps_c.h
-- Installing: /catkin_ws/rover_sim_ws/install/ros_gz_interfaces/include/ros_gz_interfaces/ros_gz_interfaces/msg/detail/gui_camera__rosidl_typesupport_fastrtps_c.h
-- Installing: /catkin_ws/rover_sim_ws/install/ros_gz_interfaces/include/ros_gz_interfaces/ros_gz_interfaces/msg/detail/sensor_noise__rosidl_typesupport_fastrtps_c.h
-- Installing: /catkin_ws/rover_sim_ws/install/ros_gz_interfaces/include/ros_gz_interfaces/ros_gz_interfaces/msg/detail/entity_factory__rosidl_typesupport_fastrtps_c.h
-- Installing: /catkin_ws/rover_sim_ws/install/ros_gz_interfaces/include/ros_gz_interfaces/ros_gz_interfaces/msg/detail/contacts__rosidl_typesupport_fastrtps_c.h
-- Installing: /catkin_ws/rover_sim_ws/install/ros_gz_interfaces/include/ros_gz_interfaces/ros_gz_interfaces/msg/detail/string_vec__rosidl_typesupport_fastrtps_c.h
-- Installing: /catkin_ws/rover_sim_ws/install/ros_gz_interfaces/include/ros_gz_interfaces/ros_gz_interfaces/msg/detail/altimeter__rosidl_typesupport_fastrtps_c.h
-- Installing: /catkin_ws/rover_sim_ws/install/ros_gz_interfaces/include/ros_gz_interfaces/ros_gz_interfaces/msg/detail/video_record__rosidl_typesupport_fastrtps_c.h
-- Installing: /catkin_ws/rover_sim_ws/install/ros_gz_interfaces/include/ros_gz_interfaces/ros_gz_interfaces/msg/detail/light__rosidl_typesupport_fastrtps_c.h
-- Installing: /catkin_ws/rover_sim_ws/install/ros_gz_interfaces/include/ros_gz_interfaces/ros_gz_interfaces/msg/detail/param_vec__rosidl_typesupport_fastrtps_c.h
-- Installing: /catkin_ws/rover_sim_ws/install/ros_gz_interfaces/include/ros_gz_interfaces/ros_gz_interfaces/msg/detail/joint_wrench__rosidl_typesupport_fastrtps_c.h
-- Installing: /catkin_ws/rover_sim_ws/install/ros_gz_interfaces/include/ros_gz_interfaces/ros_gz_interfaces/msg/detail/contact__rosidl_typesupport_fastrtps_c.h
-- Installing: /catkin_ws/rover_sim_ws/install/ros_gz_interfaces/include/ros_gz_interfaces/ros_gz_interfaces/msg/detail/world_reset__rosidl_typesupport_fastrtps_c.h
-- Installing: /catkin_ws/rover_sim_ws/install/ros_gz_interfaces/include/ros_gz_interfaces/ros_gz_interfaces/msg/rosidl_typesupport_fastrtps_c__visibility_control.h
-- Up-to-date: /catkin_ws/rover_sim_ws/install/ros_gz_interfaces/include/ros_gz_interfaces/ros_gz_interfaces/srv
-- Up-to-date: /catkin_ws/rover_sim_ws/install/ros_gz_interfaces/include/ros_gz_interfaces/ros_gz_interfaces/srv/detail
-- Installing: /catkin_ws/rover_sim_ws/install/ros_gz_interfaces/include/ros_gz_interfaces/ros_gz_interfaces/srv/detail/delete_entity__rosidl_typesupport_fastrtps_c.h
-- Installing: /catkin_ws/rover_sim_ws/install/ros_gz_interfaces/include/ros_gz_interfaces/ros_gz_interfaces/srv/detail/set_entity_pose__rosidl_typesupport_fastrtps_c.h
-- Installing: /catkin_ws/rover_sim_ws/install/ros_gz_interfaces/include/ros_gz_interfaces/ros_gz_interfaces/srv/detail/control_world__rosidl_typesupport_fastrtps_c.h
-- Installing: /catkin_ws/rover_sim_ws/install/ros_gz_interfaces/include/ros_gz_interfaces/ros_gz_interfaces/srv/detail/spawn_entity__rosidl_typesupport_fastrtps_c.h
-- Installing: /catkin_ws/rover_sim_ws/install/ros_gz_interfaces/lib/libros_gz_interfaces__rosidl_typesupport_fastrtps_c.so
-- Set runtime path of "/catkin_ws/rover_sim_ws/install/ros_gz_interfaces/lib/libros_gz_interfaces__rosidl_typesupport_fastrtps_c.so" to ""
-- Up-to-date: /catkin_ws/rover_sim_ws/install/ros_gz_interfaces/include/ros_gz_interfaces/ros_gz_interfaces
-- Up-to-date: /catkin_ws/rover_sim_ws/install/ros_gz_interfaces/include/ros_gz_interfaces/ros_gz_interfaces/msg
-- Installing: /catkin_ws/rover_sim_ws/install/ros_gz_interfaces/include/ros_gz_interfaces/ros_gz_interfaces/msg/dataframe.hpp
-- Installing: /catkin_ws/rover_sim_ws/install/ros_gz_interfaces/include/ros_gz_interfaces/ros_gz_interfaces/msg/contacts.hpp
-- Installing: /catkin_ws/rover_sim_ws/install/ros_gz_interfaces/include/ros_gz_interfaces/ros_gz_interfaces/msg/joint_wrench.hpp
-- Installing: /catkin_ws/rover_sim_ws/install/ros_gz_interfaces/include/ros_gz_interfaces/ros_gz_interfaces/msg/param_vec.hpp
-- Installing: /catkin_ws/rover_sim_ws/install/ros_gz_interfaces/include/ros_gz_interfaces/ros_gz_interfaces/msg/float32_array.hpp
-- Up-to-date: /catkin_ws/rover_sim_ws/install/ros_gz_interfaces/include/ros_gz_interfaces/ros_gz_interfaces/msg/detail
-- Installing: /catkin_ws/rover_sim_ws/install/ros_gz_interfaces/include/ros_gz_interfaces/ros_gz_interfaces/msg/detail/param_vec__traits.hpp
-- Installing: /catkin_ws/rover_sim_ws/install/ros_gz_interfaces/include/ros_gz_interfaces/ros_gz_interfaces/msg/detail/param_vec__struct.hpp
-- Installing: /catkin_ws/rover_sim_ws/install/ros_gz_interfaces/include/ros_gz_interfaces/ros_gz_interfaces/msg/detail/altimeter__traits.hpp
-- Installing: /catkin_ws/rover_sim_ws/install/ros_gz_interfaces/include/ros_gz_interfaces/ros_gz_interfaces/msg/detail/string_vec__builder.hpp
-- Installing: /catkin_ws/rover_sim_ws/install/ros_gz_interfaces/include/ros_gz_interfaces/ros_gz_interfaces/msg/detail/entity_factory__traits.hpp
-- Installing: /catkin_ws/rover_sim_ws/install/ros_gz_interfaces/include/ros_gz_interfaces/ros_gz_interfaces/msg/detail/sensor_noise__traits.hpp
-- Installing: /catkin_ws/rover_sim_ws/install/ros_gz_interfaces/include/ros_gz_interfaces/ros_gz_interfaces/msg/detail/contact__builder.hpp
-- Installing: /catkin_ws/rover_sim_ws/install/ros_gz_interfaces/include/ros_gz_interfaces/ros_gz_interfaces/msg/detail/altimeter__struct.hpp
-- Installing: /catkin_ws/rover_sim_ws/install/ros_gz_interfaces/include/ros_gz_interfaces/ros_gz_interfaces/msg/detail/track_visual__traits.hpp
-- Installing: /catkin_ws/rover_sim_ws/install/ros_gz_interfaces/include/ros_gz_interfaces/ros_gz_interfaces/msg/detail/string_vec__struct.hpp
-- Installing: /catkin_ws/rover_sim_ws/install/ros_gz_interfaces/include/ros_gz_interfaces/ros_gz_interfaces/msg/detail/light__struct.hpp
-- Installing: /catkin_ws/rover_sim_ws/install/ros_gz_interfaces/include/ros_gz_interfaces/ros_gz_interfaces/msg/detail/sensor_noise__builder.hpp
-- Installing: /catkin_ws/rover_sim_ws/install/ros_gz_interfaces/include/ros_gz_interfaces/ros_gz_interfaces/msg/detail/world_reset__builder.hpp
-- Installing: /catkin_ws/rover_sim_ws/install/ros_gz_interfaces/include/ros_gz_interfaces/ros_gz_interfaces/msg/detail/float32_array__traits.hpp
-- Installing: /catkin_ws/rover_sim_ws/install/ros_gz_interfaces/include/ros_gz_interfaces/ros_gz_interfaces/msg/detail/contact__struct.hpp
-- Installing: /catkin_ws/rover_sim_ws/install/ros_gz_interfaces/include/ros_gz_interfaces/ros_gz_interfaces/msg/detail/entity__struct.hpp
-- Installing: /catkin_ws/rover_sim_ws/install/ros_gz_interfaces/include/ros_gz_interfaces/ros_gz_interfaces/msg/detail/track_visual__struct.hpp
-- Installing: /catkin_ws/rover_sim_ws/install/ros_gz_interfaces/include/ros_gz_interfaces/ros_gz_interfaces/msg/detail/light__builder.hpp
-- Installing: /catkin_ws/rover_sim_ws/install/ros_gz_interfaces/include/ros_gz_interfaces/ros_gz_interfaces/msg/detail/gui_camera__traits.hpp
-- Installing: /catkin_ws/rover_sim_ws/install/ros_gz_interfaces/include/ros_gz_interfaces/ros_gz_interfaces/msg/detail/video_record__builder.hpp
-- Installing: /catkin_ws/rover_sim_ws/install/ros_gz_interfaces/include/ros_gz_interfaces/ros_gz_interfaces/msg/detail/altimeter__builder.hpp
-- Installing: /catkin_ws/rover_sim_ws/install/ros_gz_interfaces/include/ros_gz_interfaces/ros_gz_interfaces/msg/detail/gui_camera__builder.hpp
-- Installing: /catkin_ws/rover_sim_ws/install/ros_gz_interfaces/include/ros_gz_interfaces/ros_gz_interfaces/msg/detail/gui_camera__struct.hpp
-- Installing: /catkin_ws/rover_sim_ws/install/ros_gz_interfaces/include/ros_gz_interfaces/ros_gz_interfaces/msg/detail/world_reset__traits.hpp
-- Installing: /catkin_ws/rover_sim_ws/install/ros_gz_interfaces/include/ros_gz_interfaces/ros_gz_interfaces/msg/detail/entity__builder.hpp
-- Installing: /catkin_ws/rover_sim_ws/install/ros_gz_interfaces/include/ros_gz_interfaces/ros_gz_interfaces/msg/detail/video_record__struct.hpp
-- Installing: /catkin_ws/rover_sim_ws/install/ros_gz_interfaces/include/ros_gz_interfaces/ros_gz_interfaces/msg/detail/float32_array__struct.hpp
-- Installing: /catkin_ws/rover_sim_ws/install/ros_gz_interfaces/include/ros_gz_interfaces/ros_gz_interfaces/msg/detail/joint_wrench__traits.hpp
-- Installing: /catkin_ws/rover_sim_ws/install/ros_gz_interfaces/include/ros_gz_interfaces/ros_gz_interfaces/msg/detail/world_reset__struct.hpp
-- Installing: /catkin_ws/rover_sim_ws/install/ros_gz_interfaces/include/ros_gz_interfaces/ros_gz_interfaces/msg/detail/light__traits.hpp
-- Installing: /catkin_ws/rover_sim_ws/install/ros_gz_interfaces/include/ros_gz_interfaces/ros_gz_interfaces/msg/detail/contacts__builder.hpp
-- Installing: /catkin_ws/rover_sim_ws/install/ros_gz_interfaces/include/ros_gz_interfaces/ros_gz_interfaces/msg/detail/dataframe__struct.hpp
-- Installing: /catkin_ws/rover_sim_ws/install/ros_gz_interfaces/include/ros_gz_interfaces/ros_gz_interfaces/msg/detail/world_control__builder.hpp
-- Installing: /catkin_ws/rover_sim_ws/install/ros_gz_interfaces/include/ros_gz_interfaces/ros_gz_interfaces/msg/detail/video_record__traits.hpp
-- Installing: /catkin_ws/rover_sim_ws/install/ros_gz_interfaces/include/ros_gz_interfaces/ros_gz_interfaces/msg/detail/world_control__struct.hpp
-- Installing: /catkin_ws/rover_sim_ws/install/ros_gz_interfaces/include/ros_gz_interfaces/ros_gz_interfaces/msg/detail/entity_factory__struct.hpp
-- Installing: /catkin_ws/rover_sim_ws/install/ros_gz_interfaces/include/ros_gz_interfaces/ros_gz_interfaces/msg/detail/contacts__traits.hpp
-- Installing: /catkin_ws/rover_sim_ws/install/ros_gz_interfaces/include/ros_gz_interfaces/ros_gz_interfaces/msg/detail/dataframe__builder.hpp
-- Installing: /catkin_ws/rover_sim_ws/install/ros_gz_interfaces/include/ros_gz_interfaces/ros_gz_interfaces/msg/detail/world_control__traits.hpp
-- Installing: /catkin_ws/rover_sim_ws/install/ros_gz_interfaces/include/ros_gz_interfaces/ros_gz_interfaces/msg/detail/track_visual__builder.hpp
-- Installing: /catkin_ws/rover_sim_ws/install/ros_gz_interfaces/include/ros_gz_interfaces/ros_gz_interfaces/msg/detail/entity_factory__builder.hpp
-- Installing: /catkin_ws/rover_sim_ws/install/ros_gz_interfaces/include/ros_gz_interfaces/ros_gz_interfaces/msg/detail/joint_wrench__builder.hpp
-- Installing: /catkin_ws/rover_sim_ws/install/ros_gz_interfaces/include/ros_gz_interfaces/ros_gz_interfaces/msg/detail/sensor_noise__struct.hpp
-- Installing: /catkin_ws/rover_sim_ws/install/ros_gz_interfaces/include/ros_gz_interfaces/ros_gz_interfaces/msg/detail/float32_array__builder.hpp
-- Installing: /catkin_ws/rover_sim_ws/install/ros_gz_interfaces/include/ros_gz_interfaces/ros_gz_interfaces/msg/detail/param_vec__builder.hpp
-- Installing: /catkin_ws/rover_sim_ws/install/ros_gz_interfaces/include/ros_gz_interfaces/ros_gz_interfaces/msg/detail/joint_wrench__struct.hpp
-- Installing: /catkin_ws/rover_sim_ws/install/ros_gz_interfaces/include/ros_gz_interfaces/ros_gz_interfaces/msg/detail/entity__traits.hpp
-- Installing: /catkin_ws/rover_sim_ws/install/ros_gz_interfaces/include/ros_gz_interfaces/ros_gz_interfaces/msg/detail/contact__traits.hpp
-- Installing: /catkin_ws/rover_sim_ws/install/ros_gz_interfaces/include/ros_gz_interfaces/ros_gz_interfaces/msg/detail/contacts__struct.hpp
-- Installing: /catkin_ws/rover_sim_ws/install/ros_gz_interfaces/include/ros_gz_interfaces/ros_gz_interfaces/msg/detail/string_vec__traits.hpp
-- Installing: /catkin_ws/rover_sim_ws/install/ros_gz_interfaces/include/ros_gz_interfaces/ros_gz_interfaces/msg/detail/dataframe__traits.hpp
-- Installing: /catkin_ws/rover_sim_ws/install/ros_gz_interfaces/include/ros_gz_interfaces/ros_gz_interfaces/msg/gui_camera.hpp
-- Installing: /catkin_ws/rover_sim_ws/install/ros_gz_interfaces/include/ros_gz_interfaces/ros_gz_interfaces/msg/string_vec.hpp
-- Installing: /catkin_ws/rover_sim_ws/install/ros_gz_interfaces/include/ros_gz_interfaces/ros_gz_interfaces/msg/world_control.hpp
-- Installing: /catkin_ws/rover_sim_ws/install/ros_gz_interfaces/include/ros_gz_interfaces/ros_gz_interfaces/msg/entity.hpp
-- Installing: /catkin_ws/rover_sim_ws/install/ros_gz_interfaces/include/ros_gz_interfaces/ros_gz_interfaces/msg/video_record.hpp
-- Installing: /catkin_ws/rover_sim_ws/install/ros_gz_interfaces/include/ros_gz_interfaces/ros_gz_interfaces/msg/sensor_noise.hpp
-- Installing: /catkin_ws/rover_sim_ws/install/ros_gz_interfaces/include/ros_gz_interfaces/ros_gz_interfaces/msg/entity_factory.hpp
-- Installing: /catkin_ws/rover_sim_ws/install/ros_gz_interfaces/include/ros_gz_interfaces/ros_gz_interfaces/msg/track_visual.hpp
-- Installing: /catkin_ws/rover_sim_ws/install/ros_gz_interfaces/include/ros_gz_interfaces/ros_gz_interfaces/msg/altimeter.hpp
-- Installing: /catkin_ws/rover_sim_ws/install/ros_gz_interfaces/include/ros_gz_interfaces/ros_gz_interfaces/msg/world_reset.hpp
-- Installing: /catkin_ws/rover_sim_ws/install/ros_gz_interfaces/include/ros_gz_interfaces/ros_gz_interfaces/msg/light.hpp
-- Installing: /catkin_ws/rover_sim_ws/install/ros_gz_interfaces/include/ros_gz_interfaces/ros_gz_interfaces/msg/contact.hpp
-- Up-to-date: /catkin_ws/rover_sim_ws/install/ros_gz_interfaces/include/ros_gz_interfaces/ros_gz_interfaces/srv
-- Installing: /catkin_ws/rover_sim_ws/install/ros_gz_interfaces/include/ros_gz_interfaces/ros_gz_interfaces/srv/delete_entity.hpp
-- Installing: /catkin_ws/rover_sim_ws/install/ros_gz_interfaces/include/ros_gz_interfaces/ros_gz_interfaces/srv/spawn_entity.hpp
-- Up-to-date: /catkin_ws/rover_sim_ws/install/ros_gz_interfaces/include/ros_gz_interfaces/ros_gz_interfaces/srv/detail
-- Installing: /catkin_ws/rover_sim_ws/install/ros_gz_interfaces/include/ros_gz_interfaces/ros_gz_interfaces/srv/detail/delete_entity__traits.hpp
-- Installing: /catkin_ws/rover_sim_ws/install/ros_gz_interfaces/include/ros_gz_interfaces/ros_gz_interfaces/srv/detail/set_entity_pose__struct.hpp
-- Installing: /catkin_ws/rover_sim_ws/install/ros_gz_interfaces/include/ros_gz_interfaces/ros_gz_interfaces/srv/detail/set_entity_pose__builder.hpp
-- Installing: /catkin_ws/rover_sim_ws/install/ros_gz_interfaces/include/ros_gz_interfaces/ros_gz_interfaces/srv/detail/control_world__builder.hpp
-- Installing: /catkin_ws/rover_sim_ws/install/ros_gz_interfaces/include/ros_gz_interfaces/ros_gz_interfaces/srv/detail/delete_entity__struct.hpp
-- Installing: /catkin_ws/rover_sim_ws/install/ros_gz_interfaces/include/ros_gz_interfaces/ros_gz_interfaces/srv/detail/control_world__struct.hpp
-- Installing: /catkin_ws/rover_sim_ws/install/ros_gz_interfaces/include/ros_gz_interfaces/ros_gz_interfaces/srv/detail/delete_entity__builder.hpp
-- Installing: /catkin_ws/rover_sim_ws/install/ros_gz_interfaces/include/ros_gz_interfaces/ros_gz_interfaces/srv/detail/set_entity_pose__traits.hpp
-- Installing: /catkin_ws/rover_sim_ws/install/ros_gz_interfaces/include/ros_gz_interfaces/ros_gz_interfaces/srv/detail/spawn_entity__traits.hpp
-- Installing: /catkin_ws/rover_sim_ws/install/ros_gz_interfaces/include/ros_gz_interfaces/ros_gz_interfaces/srv/detail/control_world__traits.hpp
-- Installing: /catkin_ws/rover_sim_ws/install/ros_gz_interfaces/include/ros_gz_interfaces/ros_gz_interfaces/srv/detail/spawn_entity__struct.hpp
-- Installing: /catkin_ws/rover_sim_ws/install/ros_gz_interfaces/include/ros_gz_interfaces/ros_gz_interfaces/srv/detail/spawn_entity__builder.hpp
-- Installing: /catkin_ws/rover_sim_ws/install/ros_gz_interfaces/include/ros_gz_interfaces/ros_gz_interfaces/srv/set_entity_pose.hpp
-- Installing: /catkin_ws/rover_sim_ws/install/ros_gz_interfaces/include/ros_gz_interfaces/ros_gz_interfaces/srv/control_world.hpp
-- Up-to-date: /catkin_ws/rover_sim_ws/install/ros_gz_interfaces/include/ros_gz_interfaces/ros_gz_interfaces
-- Up-to-date: /catkin_ws/rover_sim_ws/install/ros_gz_interfaces/include/ros_gz_interfaces/ros_gz_interfaces/msg
-- Up-to-date: /catkin_ws/rover_sim_ws/install/ros_gz_interfaces/include/ros_gz_interfaces/ros_gz_interfaces/msg/detail
-- Installing: /catkin_ws/rover_sim_ws/install/ros_gz_interfaces/include/ros_gz_interfaces/ros_gz_interfaces/msg/detail/entity__rosidl_typesupport_fastrtps_cpp.hpp
-- Installing: /catkin_ws/rover_sim_ws/install/ros_gz_interfaces/include/ros_gz_interfaces/ros_gz_interfaces/msg/detail/gui_camera__rosidl_typesupport_fastrtps_cpp.hpp
-- Installing: /catkin_ws/rover_sim_ws/install/ros_gz_interfaces/include/ros_gz_interfaces/ros_gz_interfaces/msg/detail/joint_wrench__rosidl_typesupport_fastrtps_cpp.hpp
-- Installing: /catkin_ws/rover_sim_ws/install/ros_gz_interfaces/include/ros_gz_interfaces/ros_gz_interfaces/msg/detail/world_reset__rosidl_typesupport_fastrtps_cpp.hpp
-- Installing: /catkin_ws/rover_sim_ws/install/ros_gz_interfaces/include/ros_gz_interfaces/ros_gz_interfaces/msg/detail/string_vec__rosidl_typesupport_fastrtps_cpp.hpp
-- Installing: /catkin_ws/rover_sim_ws/install/ros_gz_interfaces/include/ros_gz_interfaces/ros_gz_interfaces/msg/detail/track_visual__rosidl_typesupport_fastrtps_cpp.hpp
-- Installing: /catkin_ws/rover_sim_ws/install/ros_gz_interfaces/include/ros_gz_interfaces/ros_gz_interfaces/msg/detail/altimeter__rosidl_typesupport_fastrtps_cpp.hpp
-- Installing: /catkin_ws/rover_sim_ws/install/ros_gz_interfaces/include/ros_gz_interfaces/ros_gz_interfaces/msg/detail/dataframe__rosidl_typesupport_fastrtps_cpp.hpp
-- Installing: /catkin_ws/rover_sim_ws/install/ros_gz_interfaces/include/ros_gz_interfaces/ros_gz_interfaces/msg/detail/sensor_noise__rosidl_typesupport_fastrtps_cpp.hpp
-- Installing: /catkin_ws/rover_sim_ws/install/ros_gz_interfaces/include/ros_gz_interfaces/ros_gz_interfaces/msg/detail/float32_array__rosidl_typesupport_fastrtps_cpp.hpp
-- Installing: /catkin_ws/rover_sim_ws/install/ros_gz_interfaces/include/ros_gz_interfaces/ros_gz_interfaces/msg/detail/light__rosidl_typesupport_fastrtps_cpp.hpp
-- Installing: /catkin_ws/rover_sim_ws/install/ros_gz_interfaces/include/ros_gz_interfaces/ros_gz_interfaces/msg/detail/video_record__rosidl_typesupport_fastrtps_cpp.hpp
-- Installing: /catkin_ws/rover_sim_ws/install/ros_gz_interfaces/include/ros_gz_interfaces/ros_gz_interfaces/msg/detail/contact__rosidl_typesupport_fastrtps_cpp.hpp
-- Installing: /catkin_ws/rover_sim_ws/install/ros_gz_interfaces/include/ros_gz_interfaces/ros_gz_interfaces/msg/detail/entity_factory__rosidl_typesupport_fastrtps_cpp.hpp
-- Installing: /catkin_ws/rover_sim_ws/install/ros_gz_interfaces/include/ros_gz_interfaces/ros_gz_interfaces/msg/detail/world_control__rosidl_typesupport_fastrtps_cpp.hpp
-- Installing: /catkin_ws/rover_sim_ws/install/ros_gz_interfaces/include/ros_gz_interfaces/ros_gz_interfaces/msg/detail/dds_fastrtps
-- Installing: /catkin_ws/rover_sim_ws/install/ros_gz_interfaces/include/ros_gz_interfaces/ros_gz_interfaces/msg/detail/contacts__rosidl_typesupport_fastrtps_cpp.hpp
-- Installing: /catkin_ws/rover_sim_ws/install/ros_gz_interfaces/include/ros_gz_interfaces/ros_gz_interfaces/msg/detail/param_vec__rosidl_typesupport_fastrtps_cpp.hpp
-- Installing: /catkin_ws/rover_sim_ws/install/ros_gz_interfaces/include/ros_gz_interfaces/ros_gz_interfaces/msg/rosidl_typesupport_fastrtps_cpp__visibility_control.h
-- Up-to-date: /catkin_ws/rover_sim_ws/install/ros_gz_interfaces/include/ros_gz_interfaces/ros_gz_interfaces/srv
-- Up-to-date: /catkin_ws/rover_sim_ws/install/ros_gz_interfaces/include/ros_gz_interfaces/ros_gz_interfaces/srv/detail
-- Installing: /catkin_ws/rover_sim_ws/install/ros_gz_interfaces/include/ros_gz_interfaces/ros_gz_interfaces/srv/detail/control_world__rosidl_typesupport_fastrtps_cpp.hpp
-- Installing: /catkin_ws/rover_sim_ws/install/ros_gz_interfaces/include/ros_gz_interfaces/ros_gz_interfaces/srv/detail/spawn_entity__rosidl_typesupport_fastrtps_cpp.hpp
-- Installing: /catkin_ws/rover_sim_ws/install/ros_gz_interfaces/include/ros_gz_interfaces/ros_gz_interfaces/srv/detail/delete_entity__rosidl_typesupport_fastrtps_cpp.hpp
-- Installing: /catkin_ws/rover_sim_ws/install/ros_gz_interfaces/include/ros_gz_interfaces/ros_gz_interfaces/srv/detail/set_entity_pose__rosidl_typesupport_fastrtps_cpp.hpp
-- Installing: /catkin_ws/rover_sim_ws/install/ros_gz_interfaces/include/ros_gz_interfaces/ros_gz_interfaces/srv/detail/dds_fastrtps
-- Installing: /catkin_ws/rover_sim_ws/install/ros_gz_interfaces/lib/libros_gz_interfaces__rosidl_typesupport_fastrtps_cpp.so
-- Set runtime path of "/catkin_ws/rover_sim_ws/install/ros_gz_interfaces/lib/libros_gz_interfaces__rosidl_typesupport_fastrtps_cpp.so" to ""
-- Up-to-date: /catkin_ws/rover_sim_ws/install/ros_gz_interfaces/include/ros_gz_interfaces/ros_gz_interfaces
-- Up-to-date: /catkin_ws/rover_sim_ws/install/ros_gz_interfaces/include/ros_gz_interfaces/ros_gz_interfaces/msg
-- Up-to-date: /catkin_ws/rover_sim_ws/install/ros_gz_interfaces/include/ros_gz_interfaces/ros_gz_interfaces/msg/detail
-- Installing: /catkin_ws/rover_sim_ws/install/ros_gz_interfaces/include/ros_gz_interfaces/ros_gz_interfaces/msg/detail/entity__type_support.c
-- Installing: /catkin_ws/rover_sim_ws/install/ros_gz_interfaces/include/ros_gz_interfaces/ros_gz_interfaces/msg/detail/dataframe__type_support.c
-- Installing: /catkin_ws/rover_sim_ws/install/ros_gz_interfaces/include/ros_gz_interfaces/ros_gz_interfaces/msg/detail/entity__rosidl_typesupport_introspection_c.h
-- Installing: /catkin_ws/rover_sim_ws/install/ros_gz_interfaces/include/ros_gz_interfaces/ros_gz_interfaces/msg/detail/gui_camera__type_support.c
-- Installing: /catkin_ws/rover_sim_ws/install/ros_gz_interfaces/include/ros_gz_interfaces/ros_gz_interfaces/msg/detail/param_vec__rosidl_typesupport_introspection_c.h
-- Installing: /catkin_ws/rover_sim_ws/install/ros_gz_interfaces/include/ros_gz_interfaces/ros_gz_interfaces/msg/detail/altimeter__rosidl_typesupport_introspection_c.h
-- Installing: /catkin_ws/rover_sim_ws/install/ros_gz_interfaces/include/ros_gz_interfaces/ros_gz_interfaces/msg/detail/video_record__rosidl_typesupport_introspection_c.h
-- Installing: /catkin_ws/rover_sim_ws/install/ros_gz_interfaces/include/ros_gz_interfaces/ros_gz_interfaces/msg/detail/light__type_support.c
-- Installing: /catkin_ws/rover_sim_ws/install/ros_gz_interfaces/include/ros_gz_interfaces/ros_gz_interfaces/msg/detail/dataframe__rosidl_typesupport_introspection_c.h
-- Installing: /catkin_ws/rover_sim_ws/install/ros_gz_interfaces/include/ros_gz_interfaces/ros_gz_interfaces/msg/detail/track_visual__rosidl_typesupport_introspection_c.h
-- Installing: /catkin_ws/rover_sim_ws/install/ros_gz_interfaces/include/ros_gz_interfaces/ros_gz_interfaces/msg/detail/track_visual__type_support.c
-- Installing: /catkin_ws/rover_sim_ws/install/ros_gz_interfaces/include/ros_gz_interfaces/ros_gz_interfaces/msg/detail/altimeter__type_support.c
-- Installing: /catkin_ws/rover_sim_ws/install/ros_gz_interfaces/include/ros_gz_interfaces/ros_gz_interfaces/msg/detail/string_vec__type_support.c
-- Installing: /catkin_ws/rover_sim_ws/install/ros_gz_interfaces/include/ros_gz_interfaces/ros_gz_interfaces/msg/detail/gui_camera__rosidl_typesupport_introspection_c.h
-- Installing: /catkin_ws/rover_sim_ws/install/ros_gz_interfaces/include/ros_gz_interfaces/ros_gz_interfaces/msg/detail/video_record__type_support.c
-- Installing: /catkin_ws/rover_sim_ws/install/ros_gz_interfaces/include/ros_gz_interfaces/ros_gz_interfaces/msg/detail/float32_array__rosidl_typesupport_introspection_c.h
-- Installing: /catkin_ws/rover_sim_ws/install/ros_gz_interfaces/include/ros_gz_interfaces/ros_gz_interfaces/msg/detail/world_control__rosidl_typesupport_introspection_c.h
-- Installing: /catkin_ws/rover_sim_ws/install/ros_gz_interfaces/include/ros_gz_interfaces/ros_gz_interfaces/msg/detail/world_reset__type_support.c
-- Installing: /catkin_ws/rover_sim_ws/install/ros_gz_interfaces/include/ros_gz_interfaces/ros_gz_interfaces/msg/detail/sensor_noise__type_support.c
-- Installing: /catkin_ws/rover_sim_ws/install/ros_gz_interfaces/include/ros_gz_interfaces/ros_gz_interfaces/msg/detail/param_vec__type_support.c
-- Installing: /catkin_ws/rover_sim_ws/install/ros_gz_interfaces/include/ros_gz_interfaces/ros_gz_interfaces/msg/detail/world_control__type_support.c
-- Installing: /catkin_ws/rover_sim_ws/install/ros_gz_interfaces/include/ros_gz_interfaces/ros_gz_interfaces/msg/detail/joint_wrench__type_support.c
-- Installing: /catkin_ws/rover_sim_ws/install/ros_gz_interfaces/include/ros_gz_interfaces/ros_gz_interfaces/msg/detail/contact__type_support.c
-- Installing: /catkin_ws/rover_sim_ws/install/ros_gz_interfaces/include/ros_gz_interfaces/ros_gz_interfaces/msg/detail/float32_array__type_support.c
-- Installing: /catkin_ws/rover_sim_ws/install/ros_gz_interfaces/include/ros_gz_interfaces/ros_gz_interfaces/msg/detail/entity_factory__type_support.c
-- Installing: /catkin_ws/rover_sim_ws/install/ros_gz_interfaces/include/ros_gz_interfaces/ros_gz_interfaces/msg/detail/contacts__type_support.c
-- Installing: /catkin_ws/rover_sim_ws/install/ros_gz_interfaces/include/ros_gz_interfaces/ros_gz_interfaces/msg/detail/world_reset__rosidl_typesupport_introspection_c.h
-- Installing: /catkin_ws/rover_sim_ws/install/ros_gz_interfaces/include/ros_gz_interfaces/ros_gz_interfaces/msg/detail/contact__rosidl_typesupport_introspection_c.h
-- Installing: /catkin_ws/rover_sim_ws/install/ros_gz_interfaces/include/ros_gz_interfaces/ros_gz_interfaces/msg/detail/contacts__rosidl_typesupport_introspection_c.h
-- Installing: /catkin_ws/rover_sim_ws/install/ros_gz_interfaces/include/ros_gz_interfaces/ros_gz_interfaces/msg/detail/sensor_noise__rosidl_typesupport_introspection_c.h
-- Installing: /catkin_ws/rover_sim_ws/install/ros_gz_interfaces/include/ros_gz_interfaces/ros_gz_interfaces/msg/detail/light__rosidl_typesupport_introspection_c.h
-- Installing: /catkin_ws/rover_sim_ws/install/ros_gz_interfaces/include/ros_gz_interfaces/ros_gz_interfaces/msg/detail/entity_factory__rosidl_typesupport_introspection_c.h
-- Installing: /catkin_ws/rover_sim_ws/install/ros_gz_interfaces/include/ros_gz_interfaces/ros_gz_interfaces/msg/detail/joint_wrench__rosidl_typesupport_introspection_c.h
-- Installing: /catkin_ws/rover_sim_ws/install/ros_gz_interfaces/include/ros_gz_interfaces/ros_gz_interfaces/msg/detail/string_vec__rosidl_typesupport_introspection_c.h
-- Installing: /catkin_ws/rover_sim_ws/install/ros_gz_interfaces/include/ros_gz_interfaces/ros_gz_interfaces/msg/rosidl_typesupport_introspection_c__visibility_control.h
-- Up-to-date: /catkin_ws/rover_sim_ws/install/ros_gz_interfaces/include/ros_gz_interfaces/ros_gz_interfaces/srv
-- Up-to-date: /catkin_ws/rover_sim_ws/install/ros_gz_interfaces/include/ros_gz_interfaces/ros_gz_interfaces/srv/detail
-- Installing: /catkin_ws/rover_sim_ws/install/ros_gz_interfaces/include/ros_gz_interfaces/ros_gz_interfaces/srv/detail/control_world__type_support.c
-- Installing: /catkin_ws/rover_sim_ws/install/ros_gz_interfaces/include/ros_gz_interfaces/ros_gz_interfaces/srv/detail/delete_entity__type_support.c
-- Installing: /catkin_ws/rover_sim_ws/install/ros_gz_interfaces/include/ros_gz_interfaces/ros_gz_interfaces/srv/detail/set_entity_pose__rosidl_typesupport_introspection_c.h
-- Installing: /catkin_ws/rover_sim_ws/install/ros_gz_interfaces/include/ros_gz_interfaces/ros_gz_interfaces/srv/detail/set_entity_pose__type_support.c
-- Installing: /catkin_ws/rover_sim_ws/install/ros_gz_interfaces/include/ros_gz_interfaces/ros_gz_interfaces/srv/detail/delete_entity__rosidl_typesupport_introspection_c.h
-- Installing: /catkin_ws/rover_sim_ws/install/ros_gz_interfaces/include/ros_gz_interfaces/ros_gz_interfaces/srv/detail/control_world__rosidl_typesupport_introspection_c.h
-- Installing: /catkin_ws/rover_sim_ws/install/ros_gz_interfaces/include/ros_gz_interfaces/ros_gz_interfaces/srv/detail/spawn_entity__rosidl_typesupport_introspection_c.h
-- Installing: /catkin_ws/rover_sim_ws/install/ros_gz_interfaces/include/ros_gz_interfaces/ros_gz_interfaces/srv/detail/spawn_entity__type_support.c
-- Installing: /catkin_ws/rover_sim_ws/install/ros_gz_interfaces/lib/libros_gz_interfaces__rosidl_typesupport_introspection_c.so
-- Set runtime path of "/catkin_ws/rover_sim_ws/install/ros_gz_interfaces/lib/libros_gz_interfaces__rosidl_typesupport_introspection_c.so" to ""
-- Installing: /catkin_ws/rover_sim_ws/install/ros_gz_interfaces/lib/libros_gz_interfaces__rosidl_typesupport_c.so
-- Set runtime path of "/catkin_ws/rover_sim_ws/install/ros_gz_interfaces/lib/libros_gz_interfaces__rosidl_typesupport_c.so" to ""
-- Up-to-date: /catkin_ws/rover_sim_ws/install/ros_gz_interfaces/include/ros_gz_interfaces/ros_gz_interfaces
-- Up-to-date: /catkin_ws/rover_sim_ws/install/ros_gz_interfaces/include/ros_gz_interfaces/ros_gz_interfaces/msg
-- Up-to-date: /catkin_ws/rover_sim_ws/install/ros_gz_interfaces/include/ros_gz_interfaces/ros_gz_interfaces/msg/detail
-- Installing: /catkin_ws/rover_sim_ws/install/ros_gz_interfaces/include/ros_gz_interfaces/ros_gz_interfaces/msg/detail/joint_wrench__type_support.cpp
-- Installing: /catkin_ws/rover_sim_ws/install/ros_gz_interfaces/include/ros_gz_interfaces/ros_gz_interfaces/msg/detail/entity__type_support.cpp
-- Installing: /catkin_ws/rover_sim_ws/install/ros_gz_interfaces/include/ros_gz_interfaces/ros_gz_interfaces/msg/detail/entity__rosidl_typesupport_introspection_cpp.hpp
-- Installing: /catkin_ws/rover_sim_ws/install/ros_gz_interfaces/include/ros_gz_interfaces/ros_gz_interfaces/msg/detail/light__rosidl_typesupport_introspection_cpp.hpp
-- Installing: /catkin_ws/rover_sim_ws/install/ros_gz_interfaces/include/ros_gz_interfaces/ros_gz_interfaces/msg/detail/entity_factory__type_support.cpp
-- Installing: /catkin_ws/rover_sim_ws/install/ros_gz_interfaces/include/ros_gz_interfaces/ros_gz_interfaces/msg/detail/sensor_noise__rosidl_typesupport_introspection_cpp.hpp
-- Installing: /catkin_ws/rover_sim_ws/install/ros_gz_interfaces/include/ros_gz_interfaces/ros_gz_interfaces/msg/detail/contact__type_support.cpp
-- Installing: /catkin_ws/rover_sim_ws/install/ros_gz_interfaces/include/ros_gz_interfaces/ros_gz_interfaces/msg/detail/world_reset__rosidl_typesupport_introspection_cpp.hpp
-- Installing: /catkin_ws/rover_sim_ws/install/ros_gz_interfaces/include/ros_gz_interfaces/ros_gz_interfaces/msg/detail/contacts__rosidl_typesupport_introspection_cpp.hpp
-- Installing: /catkin_ws/rover_sim_ws/install/ros_gz_interfaces/include/ros_gz_interfaces/ros_gz_interfaces/msg/detail/float32_array__type_support.cpp
-- Installing: /catkin_ws/rover_sim_ws/install/ros_gz_interfaces/include/ros_gz_interfaces/ros_gz_interfaces/msg/detail/dataframe__type_support.cpp
-- Installing: /catkin_ws/rover_sim_ws/install/ros_gz_interfaces/include/ros_gz_interfaces/ros_gz_interfaces/msg/detail/track_visual__type_support.cpp
-- Installing: /catkin_ws/rover_sim_ws/install/ros_gz_interfaces/include/ros_gz_interfaces/ros_gz_interfaces/msg/detail/string_vec__rosidl_typesupport_introspection_cpp.hpp
-- Installing: /catkin_ws/rover_sim_ws/install/ros_gz_interfaces/include/ros_gz_interfaces/ros_gz_interfaces/msg/detail/light__type_support.cpp
-- Installing: /catkin_ws/rover_sim_ws/install/ros_gz_interfaces/include/ros_gz_interfaces/ros_gz_interfaces/msg/detail/track_visual__rosidl_typesupport_introspection_cpp.hpp
-- Installing: /catkin_ws/rover_sim_ws/install/ros_gz_interfaces/include/ros_gz_interfaces/ros_gz_interfaces/msg/detail/entity_factory__rosidl_typesupport_introspection_cpp.hpp
-- Installing: /catkin_ws/rover_sim_ws/install/ros_gz_interfaces/include/ros_gz_interfaces/ros_gz_interfaces/msg/detail/contacts__type_support.cpp
-- Installing: /catkin_ws/rover_sim_ws/install/ros_gz_interfaces/include/ros_gz_interfaces/ros_gz_interfaces/msg/detail/param_vec__type_support.cpp
-- Installing: /catkin_ws/rover_sim_ws/install/ros_gz_interfaces/include/ros_gz_interfaces/ros_gz_interfaces/msg/detail/altimeter__type_support.cpp
-- Installing: /catkin_ws/rover_sim_ws/install/ros_gz_interfaces/include/ros_gz_interfaces/ros_gz_interfaces/msg/detail/contact__rosidl_typesupport_introspection_cpp.hpp
-- Installing: /catkin_ws/rover_sim_ws/install/ros_gz_interfaces/include/ros_gz_interfaces/ros_gz_interfaces/msg/detail/sensor_noise__type_support.cpp
-- Installing: /catkin_ws/rover_sim_ws/install/ros_gz_interfaces/include/ros_gz_interfaces/ros_gz_interfaces/msg/detail/joint_wrench__rosidl_typesupport_introspection_cpp.hpp
-- Installing: /catkin_ws/rover_sim_ws/install/ros_gz_interfaces/include/ros_gz_interfaces/ros_gz_interfaces/msg/detail/gui_camera__rosidl_typesupport_introspection_cpp.hpp
-- Installing: /catkin_ws/rover_sim_ws/install/ros_gz_interfaces/include/ros_gz_interfaces/ros_gz_interfaces/msg/detail/string_vec__type_support.cpp
-- Installing: /catkin_ws/rover_sim_ws/install/ros_gz_interfaces/include/ros_gz_interfaces/ros_gz_interfaces/msg/detail/gui_camera__type_support.cpp
-- Installing: /catkin_ws/rover_sim_ws/install/ros_gz_interfaces/include/ros_gz_interfaces/ros_gz_interfaces/msg/detail/altimeter__rosidl_typesupport_introspection_cpp.hpp
-- Installing: /catkin_ws/rover_sim_ws/install/ros_gz_interfaces/include/ros_gz_interfaces/ros_gz_interfaces/msg/detail/dataframe__rosidl_typesupport_introspection_cpp.hpp
-- Installing: /catkin_ws/rover_sim_ws/install/ros_gz_interfaces/include/ros_gz_interfaces/ros_gz_interfaces/msg/detail/world_reset__type_support.cpp
-- Installing: /catkin_ws/rover_sim_ws/install/ros_gz_interfaces/include/ros_gz_interfaces/ros_gz_interfaces/msg/detail/float32_array__rosidl_typesupport_introspection_cpp.hpp
-- Installing: /catkin_ws/rover_sim_ws/install/ros_gz_interfaces/include/ros_gz_interfaces/ros_gz_interfaces/msg/detail/world_control__rosidl_typesupport_introspection_cpp.hpp
-- Installing: /catkin_ws/rover_sim_ws/install/ros_gz_interfaces/include/ros_gz_interfaces/ros_gz_interfaces/msg/detail/video_record__type_support.cpp
-- Installing: /catkin_ws/rover_sim_ws/install/ros_gz_interfaces/include/ros_gz_interfaces/ros_gz_interfaces/msg/detail/video_record__rosidl_typesupport_introspection_cpp.hpp
-- Installing: /catkin_ws/rover_sim_ws/install/ros_gz_interfaces/include/ros_gz_interfaces/ros_gz_interfaces/msg/detail/world_control__type_support.cpp
-- Installing: /catkin_ws/rover_sim_ws/install/ros_gz_interfaces/include/ros_gz_interfaces/ros_gz_interfaces/msg/detail/param_vec__rosidl_typesupport_introspection_cpp.hpp
-- Up-to-date: /catkin_ws/rover_sim_ws/install/ros_gz_interfaces/include/ros_gz_interfaces/ros_gz_interfaces/srv
-- Up-to-date: /catkin_ws/rover_sim_ws/install/ros_gz_interfaces/include/ros_gz_interfaces/ros_gz_interfaces/srv/detail
-- Installing: /catkin_ws/rover_sim_ws/install/ros_gz_interfaces/include/ros_gz_interfaces/ros_gz_interfaces/srv/detail/set_entity_pose__type_support.cpp
-- Installing: /catkin_ws/rover_sim_ws/install/ros_gz_interfaces/include/ros_gz_interfaces/ros_gz_interfaces/srv/detail/spawn_entity__type_support.cpp
-- Installing: /catkin_ws/rover_sim_ws/install/ros_gz_interfaces/include/ros_gz_interfaces/ros_gz_interfaces/srv/detail/control_world__rosidl_typesupport_introspection_cpp.hpp
-- Installing: /catkin_ws/rover_sim_ws/install/ros_gz_interfaces/include/ros_gz_interfaces/ros_gz_interfaces/srv/detail/delete_entity__type_support.cpp
-- Installing: /catkin_ws/rover_sim_ws/install/ros_gz_interfaces/include/ros_gz_interfaces/ros_gz_interfaces/srv/detail/delete_entity__rosidl_typesupport_introspection_cpp.hpp
-- Installing: /catkin_ws/rover_sim_ws/install/ros_gz_interfaces/include/ros_gz_interfaces/ros_gz_interfaces/srv/detail/spawn_entity__rosidl_typesupport_introspection_cpp.hpp
-- Installing: /catkin_ws/rover_sim_ws/install/ros_gz_interfaces/include/ros_gz_interfaces/ros_gz_interfaces/srv/detail/control_world__type_support.cpp
-- Installing: /catkin_ws/rover_sim_ws/install/ros_gz_interfaces/include/ros_gz_interfaces/ros_gz_interfaces/srv/detail/set_entity_pose__rosidl_typesupport_introspection_cpp.hpp
-- Installing: /catkin_ws/rover_sim_ws/install/ros_gz_interfaces/lib/libros_gz_interfaces__rosidl_typesupport_introspection_cpp.so
-- Set runtime path of "/catkin_ws/rover_sim_ws/install/ros_gz_interfaces/lib/libros_gz_interfaces__rosidl_typesupport_introspection_cpp.so" to ""
-- Installing: /catkin_ws/rover_sim_ws/install/ros_gz_interfaces/lib/libros_gz_interfaces__rosidl_typesupport_cpp.so
-- Set runtime path of "/catkin_ws/rover_sim_ws/install/ros_gz_interfaces/lib/libros_gz_interfaces__rosidl_typesupport_cpp.so" to ""
-- Installing: /catkin_ws/rover_sim_ws/install/ros_gz_interfaces/share/ros_gz_interfaces/environment/pythonpath.sh
-- Installing: /catkin_ws/rover_sim_ws/install/ros_gz_interfaces/share/ros_gz_interfaces/environment/pythonpath.dsv
-- Installing: /catkin_ws/rover_sim_ws/install/ros_gz_interfaces/local/lib/python3.10/dist-packages/ros_gz_interfaces-0.246.0-py3.10.egg-info
-- Installing: /catkin_ws/rover_sim_ws/install/ros_gz_interfaces/local/lib/python3.10/dist-packages/ros_gz_interfaces-0.246.0-py3.10.egg-info/dependency_links.txt
-- Installing: /catkin_ws/rover_sim_ws/install/ros_gz_interfaces/local/lib/python3.10/dist-packages/ros_gz_interfaces-0.246.0-py3.10.egg-info/PKG-INFO
-- Installing: /catkin_ws/rover_sim_ws/install/ros_gz_interfaces/local/lib/python3.10/dist-packages/ros_gz_interfaces-0.246.0-py3.10.egg-info/top_level.txt
-- Installing: /catkin_ws/rover_sim_ws/install/ros_gz_interfaces/local/lib/python3.10/dist-packages/ros_gz_interfaces-0.246.0-py3.10.egg-info/SOURCES.txt
-- Installing: /catkin_ws/rover_sim_ws/install/ros_gz_interfaces/local/lib/python3.10/dist-packages/ros_gz_interfaces
-- Installing: /catkin_ws/rover_sim_ws/install/ros_gz_interfaces/local/lib/python3.10/dist-packages/ros_gz_interfaces/__init__.py
-- Installing: /catkin_ws/rover_sim_ws/install/ros_gz_interfaces/local/lib/python3.10/dist-packages/ros_gz_interfaces/_ros_gz_interfaces_s.ep.rosidl_typesupport_c.c
-- Installing: /catkin_ws/rover_sim_ws/install/ros_gz_interfaces/local/lib/python3.10/dist-packages/ros_gz_interfaces/ros_gz_interfaces_s__rosidl_typesupport_c.cpython-310-x86_64-linux-gnu.so
-- Installing: /catkin_ws/rover_sim_ws/install/ros_gz_interfaces/local/lib/python3.10/dist-packages/ros_gz_interfaces/msg
-- Installing: /catkin_ws/rover_sim_ws/install/ros_gz_interfaces/local/lib/python3.10/dist-packages/ros_gz_interfaces/msg/_track_visual_s.c
-- Installing: /catkin_ws/rover_sim_ws/install/ros_gz_interfaces/local/lib/python3.10/dist-packages/ros_gz_interfaces/msg/_dataframe_s.c
-- Installing: /catkin_ws/rover_sim_ws/install/ros_gz_interfaces/local/lib/python3.10/dist-packages/ros_gz_interfaces/msg/_param_vec_s.c
-- Installing: /catkin_ws/rover_sim_ws/install/ros_gz_interfaces/local/lib/python3.10/dist-packages/ros_gz_interfaces/msg/__init__.py
-- Installing: /catkin_ws/rover_sim_ws/install/ros_gz_interfaces/local/lib/python3.10/dist-packages/ros_gz_interfaces/msg/_sensor_noise.py
-- Installing: /catkin_ws/rover_sim_ws/install/ros_gz_interfaces/local/lib/python3.10/dist-packages/ros_gz_interfaces/msg/_light_s.c
-- Installing: /catkin_ws/rover_sim_ws/install/ros_gz_interfaces/local/lib/python3.10/dist-packages/ros_gz_interfaces/msg/_world_control.py
-- Installing: /catkin_ws/rover_sim_ws/install/ros_gz_interfaces/local/lib/python3.10/dist-packages/ros_gz_interfaces/msg/_contacts.py
-- Installing: /catkin_ws/rover_sim_ws/install/ros_gz_interfaces/local/lib/python3.10/dist-packages/ros_gz_interfaces/msg/_string_vec.py
-- Installing: /catkin_ws/rover_sim_ws/install/ros_gz_interfaces/local/lib/python3.10/dist-packages/ros_gz_interfaces/msg/_track_visual.py
-- Installing: /catkin_ws/rover_sim_ws/install/ros_gz_interfaces/local/lib/python3.10/dist-packages/ros_gz_interfaces/msg/_float32_array.py
-- Installing: /catkin_ws/rover_sim_ws/install/ros_gz_interfaces/local/lib/python3.10/dist-packages/ros_gz_interfaces/msg/_entity_factory.py
-- Installing: /catkin_ws/rover_sim_ws/install/ros_gz_interfaces/local/lib/python3.10/dist-packages/ros_gz_interfaces/msg/_light.py
-- Installing: /catkin_ws/rover_sim_ws/install/ros_gz_interfaces/local/lib/python3.10/dist-packages/ros_gz_interfaces/msg/_sensor_noise_s.c
-- Installing: /catkin_ws/rover_sim_ws/install/ros_gz_interfaces/local/lib/python3.10/dist-packages/ros_gz_interfaces/msg/_altimeter_s.c
-- Installing: /catkin_ws/rover_sim_ws/install/ros_gz_interfaces/local/lib/python3.10/dist-packages/ros_gz_interfaces/msg/_float32_array_s.c
-- Installing: /catkin_ws/rover_sim_ws/install/ros_gz_interfaces/local/lib/python3.10/dist-packages/ros_gz_interfaces/msg/_world_reset.py
-- Installing: /catkin_ws/rover_sim_ws/install/ros_gz_interfaces/local/lib/python3.10/dist-packages/ros_gz_interfaces/msg/_joint_wrench_s.c
-- Installing: /catkin_ws/rover_sim_ws/install/ros_gz_interfaces/local/lib/python3.10/dist-packages/ros_gz_interfaces/msg/_contacts_s.c
-- Installing: /catkin_ws/rover_sim_ws/install/ros_gz_interfaces/local/lib/python3.10/dist-packages/ros_gz_interfaces/msg/_entity.py
-- Installing: /catkin_ws/rover_sim_ws/install/ros_gz_interfaces/local/lib/python3.10/dist-packages/ros_gz_interfaces/msg/_entity_s.c
-- Installing: /catkin_ws/rover_sim_ws/install/ros_gz_interfaces/local/lib/python3.10/dist-packages/ros_gz_interfaces/msg/_world_reset_s.c
-- Installing: /catkin_ws/rover_sim_ws/install/ros_gz_interfaces/local/lib/python3.10/dist-packages/ros_gz_interfaces/msg/_string_vec_s.c
-- Installing: /catkin_ws/rover_sim_ws/install/ros_gz_interfaces/local/lib/python3.10/dist-packages/ros_gz_interfaces/msg/_altimeter.py
-- Installing: /catkin_ws/rover_sim_ws/install/ros_gz_interfaces/local/lib/python3.10/dist-packages/ros_gz_interfaces/msg/_world_control_s.c
-- Installing: /catkin_ws/rover_sim_ws/install/ros_gz_interfaces/local/lib/python3.10/dist-packages/ros_gz_interfaces/msg/_contact_s.c
-- Installing: /catkin_ws/rover_sim_ws/install/ros_gz_interfaces/local/lib/python3.10/dist-packages/ros_gz_interfaces/msg/_joint_wrench.py
-- Installing: /catkin_ws/rover_sim_ws/install/ros_gz_interfaces/local/lib/python3.10/dist-packages/ros_gz_interfaces/msg/_dataframe.py
-- Installing: /catkin_ws/rover_sim_ws/install/ros_gz_interfaces/local/lib/python3.10/dist-packages/ros_gz_interfaces/msg/_param_vec.py
-- Installing: /catkin_ws/rover_sim_ws/install/ros_gz_interfaces/local/lib/python3.10/dist-packages/ros_gz_interfaces/msg/_gui_camera_s.c
-- Installing: /catkin_ws/rover_sim_ws/install/ros_gz_interfaces/local/lib/python3.10/dist-packages/ros_gz_interfaces/msg/_gui_camera.py
-- Installing: /catkin_ws/rover_sim_ws/install/ros_gz_interfaces/local/lib/python3.10/dist-packages/ros_gz_interfaces/msg/_video_record.py
-- Installing: /catkin_ws/rover_sim_ws/install/ros_gz_interfaces/local/lib/python3.10/dist-packages/ros_gz_interfaces/msg/_contact.py
-- Installing: /catkin_ws/rover_sim_ws/install/ros_gz_interfaces/local/lib/python3.10/dist-packages/ros_gz_interfaces/msg/_video_record_s.c
-- Installing: /catkin_ws/rover_sim_ws/install/ros_gz_interfaces/local/lib/python3.10/dist-packages/ros_gz_interfaces/msg/_entity_factory_s.c
-- Installing: /catkin_ws/rover_sim_ws/install/ros_gz_interfaces/local/lib/python3.10/dist-packages/ros_gz_interfaces/ros_gz_interfaces_s__rosidl_typesupport_introspection_c.cpython-310-x86_64-linux-gnu.so
-- Installing: /catkin_ws/rover_sim_ws/install/ros_gz_interfaces/local/lib/python3.10/dist-packages/ros_gz_interfaces/_ros_gz_interfaces_s.ep.rosidl_typesupport_introspection_c.c
-- Installing: /catkin_ws/rover_sim_ws/install/ros_gz_interfaces/local/lib/python3.10/dist-packages/ros_gz_interfaces/ros_gz_interfaces_s__rosidl_typesupport_fastrtps_c.cpython-310-x86_64-linux-gnu.so
-- Installing: /catkin_ws/rover_sim_ws/install/ros_gz_interfaces/local/lib/python3.10/dist-packages/ros_gz_interfaces/srv
-- Installing: /catkin_ws/rover_sim_ws/install/ros_gz_interfaces/local/lib/python3.10/dist-packages/ros_gz_interfaces/srv/__init__.py
-- Installing: /catkin_ws/rover_sim_ws/install/ros_gz_interfaces/local/lib/python3.10/dist-packages/ros_gz_interfaces/srv/_spawn_entity.py
-- Installing: /catkin_ws/rover_sim_ws/install/ros_gz_interfaces/local/lib/python3.10/dist-packages/ros_gz_interfaces/srv/_delete_entity_s.c
-- Installing: /catkin_ws/rover_sim_ws/install/ros_gz_interfaces/local/lib/python3.10/dist-packages/ros_gz_interfaces/srv/_set_entity_pose_s.c
-- Installing: /catkin_ws/rover_sim_ws/install/ros_gz_interfaces/local/lib/python3.10/dist-packages/ros_gz_interfaces/srv/_control_world.py
-- Installing: /catkin_ws/rover_sim_ws/install/ros_gz_interfaces/local/lib/python3.10/dist-packages/ros_gz_interfaces/srv/_set_entity_pose.py
-- Installing: /catkin_ws/rover_sim_ws/install/ros_gz_interfaces/local/lib/python3.10/dist-packages/ros_gz_interfaces/srv/_spawn_entity_s.c
-- Installing: /catkin_ws/rover_sim_ws/install/ros_gz_interfaces/local/lib/python3.10/dist-packages/ros_gz_interfaces/srv/_delete_entity.py
-- Installing: /catkin_ws/rover_sim_ws/install/ros_gz_interfaces/local/lib/python3.10/dist-packages/ros_gz_interfaces/srv/_control_world_s.c
-- Installing: /catkin_ws/rover_sim_ws/install/ros_gz_interfaces/local/lib/python3.10/dist-packages/ros_gz_interfaces/_ros_gz_interfaces_s.ep.rosidl_typesupport_fastrtps_c.c
-- Installing: /catkin_ws/rover_sim_ws/install/ros_gz_interfaces/local/lib/python3.10/dist-packages/ros_gz_interfaces/libros_gz_interfaces__rosidl_generator_py.so
Listing '/catkin_ws/rover_sim_ws/install/ros_gz_interfaces/local/lib/python3.10/dist-packages/ros_gz_interfaces'...
Compiling '/catkin_ws/rover_sim_ws/install/ros_gz_interfaces/local/lib/python3.10/dist-packages/ros_gz_interfaces/__init__.py'...
Listing '/catkin_ws/rover_sim_ws/install/ros_gz_interfaces/local/lib/python3.10/dist-packages/ros_gz_interfaces/msg'...
Compiling '/catkin_ws/rover_sim_ws/install/ros_gz_interfaces/local/lib/python3.10/dist-packages/ros_gz_interfaces/msg/__init__.py'...
Compiling '/catkin_ws/rover_sim_ws/install/ros_gz_interfaces/local/lib/python3.10/dist-packages/ros_gz_interfaces/msg/_altimeter.py'...
Compiling '/catkin_ws/rover_sim_ws/install/ros_gz_interfaces/local/lib/python3.10/dist-packages/ros_gz_interfaces/msg/_contact.py'...
Compiling '/catkin_ws/rover_sim_ws/install/ros_gz_interfaces/local/lib/python3.10/dist-packages/ros_gz_interfaces/msg/_contacts.py'...
Compiling '/catkin_ws/rover_sim_ws/install/ros_gz_interfaces/local/lib/python3.10/dist-packages/ros_gz_interfaces/msg/_dataframe.py'...
Compiling '/catkin_ws/rover_sim_ws/install/ros_gz_interfaces/local/lib/python3.10/dist-packages/ros_gz_interfaces/msg/_entity.py'...
Compiling '/catkin_ws/rover_sim_ws/install/ros_gz_interfaces/local/lib/python3.10/dist-packages/ros_gz_interfaces/msg/_entity_factory.py'...
Compiling '/catkin_ws/rover_sim_ws/install/ros_gz_interfaces/local/lib/python3.10/dist-packages/ros_gz_interfaces/msg/_float32_array.py'...
Compiling '/catkin_ws/rover_sim_ws/install/ros_gz_interfaces/local/lib/python3.10/dist-packages/ros_gz_interfaces/msg/_gui_camera.py'...
Compiling '/catkin_ws/rover_sim_ws/install/ros_gz_interfaces/local/lib/python3.10/dist-packages/ros_gz_interfaces/msg/_joint_wrench.py'...
Compiling '/catkin_ws/rover_sim_ws/install/ros_gz_interfaces/local/lib/python3.10/dist-packages/ros_gz_interfaces/msg/_light.py'...
Compiling '/catkin_ws/rover_sim_ws/install/ros_gz_interfaces/local/lib/python3.10/dist-packages/ros_gz_interfaces/msg/_param_vec.py'...
Compiling '/catkin_ws/rover_sim_ws/install/ros_gz_interfaces/local/lib/python3.10/dist-packages/ros_gz_interfaces/msg/_sensor_noise.py'...
Compiling '/catkin_ws/rover_sim_ws/install/ros_gz_interfaces/local/lib/python3.10/dist-packages/ros_gz_interfaces/msg/_string_vec.py'...
Compiling '/catkin_ws/rover_sim_ws/install/ros_gz_interfaces/local/lib/python3.10/dist-packages/ros_gz_interfaces/msg/_track_visual.py'...
Compiling '/catkin_ws/rover_sim_ws/install/ros_gz_interfaces/local/lib/python3.10/dist-packages/ros_gz_interfaces/msg/_video_record.py'...
Compiling '/catkin_ws/rover_sim_ws/install/ros_gz_interfaces/local/lib/python3.10/dist-packages/ros_gz_interfaces/msg/_world_control.py'...
Compiling '/catkin_ws/rover_sim_ws/install/ros_gz_interfaces/local/lib/python3.10/dist-packages/ros_gz_interfaces/msg/_world_reset.py'...
Listing '/catkin_ws/rover_sim_ws/install/ros_gz_interfaces/local/lib/python3.10/dist-packages/ros_gz_interfaces/srv'...
Compiling '/catkin_ws/rover_sim_ws/install/ros_gz_interfaces/local/lib/python3.10/dist-packages/ros_gz_interfaces/srv/__init__.py'...
Compiling '/catkin_ws/rover_sim_ws/install/ros_gz_interfaces/local/lib/python3.10/dist-packages/ros_gz_interfaces/srv/_control_world.py'...
Compiling '/catkin_ws/rover_sim_ws/install/ros_gz_interfaces/local/lib/python3.10/dist-packages/ros_gz_interfaces/srv/_delete_entity.py'...
Compiling '/catkin_ws/rover_sim_ws/install/ros_gz_interfaces/local/lib/python3.10/dist-packages/ros_gz_interfaces/srv/_set_entity_pose.py'...
Compiling '/catkin_ws/rover_sim_ws/install/ros_gz_interfaces/local/lib/python3.10/dist-packages/ros_gz_interfaces/srv/_spawn_entity.py'...
-- Installing: /catkin_ws/rover_sim_ws/install/ros_gz_interfaces/local/lib/python3.10/dist-packages/ros_gz_interfaces/ros_gz_interfaces_s__rosidl_typesupport_fastrtps_c.cpython-310-x86_64-linux-gnu.so
-- Set runtime path of "/catkin_ws/rover_sim_ws/install/ros_gz_interfaces/local/lib/python3.10/dist-packages/ros_gz_interfaces/ros_gz_interfaces_s__rosidl_typesupport_fastrtps_c.cpython-310-x86_64-linux-gnu.so" to ""
-- Installing: /catkin_ws/rover_sim_ws/install/ros_gz_interfaces/local/lib/python3.10/dist-packages/ros_gz_interfaces/ros_gz_interfaces_s__rosidl_typesupport_introspection_c.cpython-310-x86_64-linux-gnu.so
-- Set runtime path of "/catkin_ws/rover_sim_ws/install/ros_gz_interfaces/local/lib/python3.10/dist-packages/ros_gz_interfaces/ros_gz_interfaces_s__rosidl_typesupport_introspection_c.cpython-310-x86_64-linux-gnu.so" to ""
-- Installing: /catkin_ws/rover_sim_ws/install/ros_gz_interfaces/local/lib/python3.10/dist-packages/ros_gz_interfaces/ros_gz_interfaces_s__rosidl_typesupport_c.cpython-310-x86_64-linux-gnu.so
-- Set runtime path of "/catkin_ws/rover_sim_ws/install/ros_gz_interfaces/local/lib/python3.10/dist-packages/ros_gz_interfaces/ros_gz_interfaces_s__rosidl_typesupport_c.cpython-310-x86_64-linux-gnu.so" to ""
-- Installing: /catkin_ws/rover_sim_ws/install/ros_gz_interfaces/lib/libros_gz_interfaces__rosidl_generator_py.so
-- Set runtime path of "/catkin_ws/rover_sim_ws/install/ros_gz_interfaces/lib/libros_gz_interfaces__rosidl_generator_py.so" to ""
-- Installing: /catkin_ws/rover_sim_ws/install/ros_gz_interfaces/share/ros_gz_interfaces/msg/Altimeter.idl
-- Installing: /catkin_ws/rover_sim_ws/install/ros_gz_interfaces/share/ros_gz_interfaces/msg/Contact.idl
-- Installing: /catkin_ws/rover_sim_ws/install/ros_gz_interfaces/share/ros_gz_interfaces/msg/Contacts.idl
-- Installing: /catkin_ws/rover_sim_ws/install/ros_gz_interfaces/share/ros_gz_interfaces/msg/Dataframe.idl
-- Installing: /catkin_ws/rover_sim_ws/install/ros_gz_interfaces/share/ros_gz_interfaces/msg/Entity.idl
-- Installing: /catkin_ws/rover_sim_ws/install/ros_gz_interfaces/share/ros_gz_interfaces/msg/EntityFactory.idl
-- Installing: /catkin_ws/rover_sim_ws/install/ros_gz_interfaces/share/ros_gz_interfaces/msg/Float32Array.idl
-- Installing: /catkin_ws/rover_sim_ws/install/ros_gz_interfaces/share/ros_gz_interfaces/msg/GuiCamera.idl
-- Installing: /catkin_ws/rover_sim_ws/install/ros_gz_interfaces/share/ros_gz_interfaces/msg/JointWrench.idl
-- Installing: /catkin_ws/rover_sim_ws/install/ros_gz_interfaces/share/ros_gz_interfaces/msg/Light.idl
-- Installing: /catkin_ws/rover_sim_ws/install/ros_gz_interfaces/share/ros_gz_interfaces/msg/ParamVec.idl
-- Installing: /catkin_ws/rover_sim_ws/install/ros_gz_interfaces/share/ros_gz_interfaces/msg/SensorNoise.idl
-- Installing: /catkin_ws/rover_sim_ws/install/ros_gz_interfaces/share/ros_gz_interfaces/msg/StringVec.idl
-- Installing: /catkin_ws/rover_sim_ws/install/ros_gz_interfaces/share/ros_gz_interfaces/msg/TrackVisual.idl
-- Installing: /catkin_ws/rover_sim_ws/install/ros_gz_interfaces/share/ros_gz_interfaces/msg/VideoRecord.idl
-- Installing: /catkin_ws/rover_sim_ws/install/ros_gz_interfaces/share/ros_gz_interfaces/msg/WorldControl.idl
-- Installing: /catkin_ws/rover_sim_ws/install/ros_gz_interfaces/share/ros_gz_interfaces/msg/WorldReset.idl
-- Installing: /catkin_ws/rover_sim_ws/install/ros_gz_interfaces/share/ros_gz_interfaces/srv/ControlWorld.idl
-- Installing: /catkin_ws/rover_sim_ws/install/ros_gz_interfaces/share/ros_gz_interfaces/srv/DeleteEntity.idl
-- Installing: /catkin_ws/rover_sim_ws/install/ros_gz_interfaces/share/ros_gz_interfaces/srv/SetEntityPose.idl
-- Installing: /catkin_ws/rover_sim_ws/install/ros_gz_interfaces/share/ros_gz_interfaces/srv/SpawnEntity.idl
-- Installing: /catkin_ws/rover_sim_ws/install/ros_gz_interfaces/share/ros_gz_interfaces/msg/Altimeter.msg
-- Installing: /catkin_ws/rover_sim_ws/install/ros_gz_interfaces/share/ros_gz_interfaces/msg/Contact.msg
-- Installing: /catkin_ws/rover_sim_ws/install/ros_gz_interfaces/share/ros_gz_interfaces/msg/Contacts.msg
-- Installing: /catkin_ws/rover_sim_ws/install/ros_gz_interfaces/share/ros_gz_interfaces/msg/Dataframe.msg
-- Installing: /catkin_ws/rover_sim_ws/install/ros_gz_interfaces/share/ros_gz_interfaces/msg/Entity.msg
-- Installing: /catkin_ws/rover_sim_ws/install/ros_gz_interfaces/share/ros_gz_interfaces/msg/EntityFactory.msg
-- Installing: /catkin_ws/rover_sim_ws/install/ros_gz_interfaces/share/ros_gz_interfaces/msg/Float32Array.msg
-- Installing: /catkin_ws/rover_sim_ws/install/ros_gz_interfaces/share/ros_gz_interfaces/msg/GuiCamera.msg
-- Installing: /catkin_ws/rover_sim_ws/install/ros_gz_interfaces/share/ros_gz_interfaces/msg/JointWrench.msg
-- Installing: /catkin_ws/rover_sim_ws/install/ros_gz_interfaces/share/ros_gz_interfaces/msg/Light.msg
-- Installing: /catkin_ws/rover_sim_ws/install/ros_gz_interfaces/share/ros_gz_interfaces/msg/ParamVec.msg
-- Installing: /catkin_ws/rover_sim_ws/install/ros_gz_interfaces/share/ros_gz_interfaces/msg/SensorNoise.msg
-- Installing: /catkin_ws/rover_sim_ws/install/ros_gz_interfaces/share/ros_gz_interfaces/msg/StringVec.msg
-- Installing: /catkin_ws/rover_sim_ws/install/ros_gz_interfaces/share/ros_gz_interfaces/msg/TrackVisual.msg
-- Installing: /catkin_ws/rover_sim_ws/install/ros_gz_interfaces/share/ros_gz_interfaces/msg/VideoRecord.msg
-- Installing: /catkin_ws/rover_sim_ws/install/ros_gz_interfaces/share/ros_gz_interfaces/msg/WorldControl.msg
-- Installing: /catkin_ws/rover_sim_ws/install/ros_gz_interfaces/share/ros_gz_interfaces/msg/WorldReset.msg
-- Installing: /catkin_ws/rover_sim_ws/install/ros_gz_interfaces/share/ros_gz_interfaces/srv/ControlWorld.srv
-- Installing: /catkin_ws/rover_sim_ws/install/ros_gz_interfaces/share/ros_gz_interfaces/srv/ControlWorld_Request.msg
-- Installing: /catkin_ws/rover_sim_ws/install/ros_gz_interfaces/share/ros_gz_interfaces/srv/ControlWorld_Response.msg
-- Installing: /catkin_ws/rover_sim_ws/install/ros_gz_interfaces/share/ros_gz_interfaces/srv/DeleteEntity.srv
-- Installing: /catkin_ws/rover_sim_ws/install/ros_gz_interfaces/share/ros_gz_interfaces/srv/DeleteEntity_Request.msg
-- Installing: /catkin_ws/rover_sim_ws/install/ros_gz_interfaces/share/ros_gz_interfaces/srv/DeleteEntity_Response.msg
-- Installing: /catkin_ws/rover_sim_ws/install/ros_gz_interfaces/share/ros_gz_interfaces/srv/SetEntityPose.srv
-- Installing: /catkin_ws/rover_sim_ws/install/ros_gz_interfaces/share/ros_gz_interfaces/srv/SetEntityPose_Request.msg
-- Installing: /catkin_ws/rover_sim_ws/install/ros_gz_interfaces/share/ros_gz_interfaces/srv/SetEntityPose_Response.msg
-- Installing: /catkin_ws/rover_sim_ws/install/ros_gz_interfaces/share/ros_gz_interfaces/srv/SpawnEntity.srv
-- Installing: /catkin_ws/rover_sim_ws/install/ros_gz_interfaces/share/ros_gz_interfaces/srv/SpawnEntity_Request.msg
-- Installing: /catkin_ws/rover_sim_ws/install/ros_gz_interfaces/share/ros_gz_interfaces/srv/SpawnEntity_Response.msg
-- Installing: /catkin_ws/rover_sim_ws/install/ros_gz_interfaces/share/ament_index/resource_index/package_run_dependencies/ros_gz_interfaces
-- Installing: /catkin_ws/rover_sim_ws/install/ros_gz_interfaces/share/ament_index/resource_index/parent_prefix_path/ros_gz_interfaces
-- Installing: /catkin_ws/rover_sim_ws/install/ros_gz_interfaces/share/ros_gz_interfaces/environment/ament_prefix_path.sh
-- Installing: /catkin_ws/rover_sim_ws/install/ros_gz_interfaces/share/ros_gz_interfaces/environment/ament_prefix_path.dsv
-- Installing: /catkin_ws/rover_sim_ws/install/ros_gz_interfaces/share/ros_gz_interfaces/environment/path.sh
-- Installing: /catkin_ws/rover_sim_ws/install/ros_gz_interfaces/share/ros_gz_interfaces/environment/path.dsv
-- Installing: /catkin_ws/rover_sim_ws/install/ros_gz_interfaces/share/ros_gz_interfaces/local_setup.bash
-- Installing: /catkin_ws/rover_sim_ws/install/ros_gz_interfaces/share/ros_gz_interfaces/local_setup.sh
-- Installing: /catkin_ws/rover_sim_ws/install/ros_gz_interfaces/share/ros_gz_interfaces/local_setup.zsh
-- Installing: /catkin_ws/rover_sim_ws/install/ros_gz_interfaces/share/ros_gz_interfaces/local_setup.dsv
-- Installing: /catkin_ws/rover_sim_ws/install/ros_gz_interfaces/share/ros_gz_interfaces/package.dsv
-- Installing: /catkin_ws/rover_sim_ws/install/ros_gz_interfaces/share/ament_index/resource_index/packages/ros_gz_interfaces
-- Installing: /catkin_ws/rover_sim_ws/install/ros_gz_interfaces/share/ros_gz_interfaces/cmake/export_ros_gz_interfaces__rosidl_generator_cExport.cmake
-- Installing: /catkin_ws/rover_sim_ws/install/ros_gz_interfaces/share/ros_gz_interfaces/cmake/export_ros_gz_interfaces__rosidl_generator_cExport-noconfig.cmake
-- Installing: /catkin_ws/rover_sim_ws/install/ros_gz_interfaces/share/ros_gz_interfaces/cmake/export_ros_gz_interfaces__rosidl_typesupport_fastrtps_cExport.cmake
-- Installing: /catkin_ws/rover_sim_ws/install/ros_gz_interfaces/share/ros_gz_interfaces/cmake/export_ros_gz_interfaces__rosidl_typesupport_fastrtps_cExport-noconfig.cmake
-- Installing: /catkin_ws/rover_sim_ws/install/ros_gz_interfaces/share/ros_gz_interfaces/cmake/export_ros_gz_interfaces__rosidl_generator_cppExport.cmake
-- Installing: /catkin_ws/rover_sim_ws/install/ros_gz_interfaces/share/ros_gz_interfaces/cmake/export_ros_gz_interfaces__rosidl_typesupport_fastrtps_cppExport.cmake
-- Installing: /catkin_ws/rover_sim_ws/install/ros_gz_interfaces/share/ros_gz_interfaces/cmake/export_ros_gz_interfaces__rosidl_typesupport_fastrtps_cppExport-noconfig.cmake
-- Installing: /catkin_ws/rover_sim_ws/install/ros_gz_interfaces/share/ros_gz_interfaces/cmake/ros_gz_interfaces__rosidl_typesupport_introspection_cExport.cmake
-- Installing: /catkin_ws/rover_sim_ws/install/ros_gz_interfaces/share/ros_gz_interfaces/cmake/ros_gz_interfaces__rosidl_typesupport_introspection_cExport-noconfig.cmake
-- Installing: /catkin_ws/rover_sim_ws/install/ros_gz_interfaces/share/ros_gz_interfaces/cmake/ros_gz_interfaces__rosidl_typesupport_cExport.cmake
-- Installing: /catkin_ws/rover_sim_ws/install/ros_gz_interfaces/share/ros_gz_interfaces/cmake/ros_gz_interfaces__rosidl_typesupport_cExport-noconfig.cmake
-- Installing: /catkin_ws/rover_sim_ws/install/ros_gz_interfaces/share/ros_gz_interfaces/cmake/ros_gz_interfaces__rosidl_typesupport_introspection_cppExport.cmake
-- Installing: /catkin_ws/rover_sim_ws/install/ros_gz_interfaces/share/ros_gz_interfaces/cmake/ros_gz_interfaces__rosidl_typesupport_introspection_cppExport-noconfig.cmake
-- Installing: /catkin_ws/rover_sim_ws/install/ros_gz_interfaces/share/ros_gz_interfaces/cmake/ros_gz_interfaces__rosidl_typesupport_cppExport.cmake
-- Installing: /catkin_ws/rover_sim_ws/install/ros_gz_interfaces/share/ros_gz_interfaces/cmake/ros_gz_interfaces__rosidl_typesupport_cppExport-noconfig.cmake
-- Installing: /catkin_ws/rover_sim_ws/install/ros_gz_interfaces/share/ros_gz_interfaces/cmake/export_ros_gz_interfaces__rosidl_generator_pyExport.cmake
-- Installing: /catkin_ws/rover_sim_ws/install/ros_gz_interfaces/share/ros_gz_interfaces/cmake/export_ros_gz_interfaces__rosidl_generator_pyExport-noconfig.cmake
-- Installing: /catkin_ws/rover_sim_ws/install/ros_gz_interfaces/share/ros_gz_interfaces/cmake/rosidl_cmake-extras.cmake
-- Installing: /catkin_ws/rover_sim_ws/install/ros_gz_interfaces/share/ros_gz_interfaces/cmake/ament_cmake_export_dependencies-extras.cmake
-- Installing: /catkin_ws/rover_sim_ws/install/ros_gz_interfaces/share/ros_gz_interfaces/cmake/ament_cmake_export_include_directories-extras.cmake
-- Installing: /catkin_ws/rover_sim_ws/install/ros_gz_interfaces/share/ros_gz_interfaces/cmake/ament_cmake_export_libraries-extras.cmake
-- Installing: /catkin_ws/rover_sim_ws/install/ros_gz_interfaces/share/ros_gz_interfaces/cmake/ament_cmake_export_targets-extras.cmake
-- Installing: /catkin_ws/rover_sim_ws/install/ros_gz_interfaces/share/ros_gz_interfaces/cmake/rosidl_cmake_export_typesupport_targets-extras.cmake
-- Installing: /catkin_ws/rover_sim_ws/install/ros_gz_interfaces/share/ros_gz_interfaces/cmake/rosidl_cmake_export_typesupport_libraries-extras.cmake
-- Installing: /catkin_ws/rover_sim_ws/install/ros_gz_interfaces/share/ros_gz_interfaces/cmake/ros_gz_interfacesConfig.cmake
-- Installing: /catkin_ws/rover_sim_ws/install/ros_gz_interfaces/share/ros_gz_interfaces/cmake/ros_gz_interfacesConfig-version.cmake
-- Installing: /catkin_ws/rover_sim_ws/install/ros_gz_interfaces/share/ros_gz_interfaces/package.xml
