-- Install configuration: ""
-- Up-to-date: /catkin_ws/rover_sim_ws/install/rover_gz/share/rover_gz//launch
-- Installing: /catkin_ws/rover_sim_ws/install/rover_gz/share/rover_gz//launch/lunar_world.launch.py
-- Up-to-date: /catkin_ws/rover_sim_ws/install/rover_gz/share/rover_gz//launch/__pycache__
-- Installing: /catkin_ws/rover_sim_ws/install/rover_gz/share/rover_gz//launch/__pycache__/lunar_world.launch.cpython-310.pyc
-- Up-to-date: /catkin_ws/rover_sim_ws/install/rover_gz/share/rover_gz//worlds
-- Up-to-date: /catkin_ws/rover_sim_ws/install/rover_gz/share/rover_gz//worlds/moon.world
-- Up-to-date: /catkin_ws/rover_sim_ws/install/rover_gz/share/ament_index/resource_index/package_run_dependencies/rover_gz
-- Up-to-date: /catkin_ws/rover_sim_ws/install/rover_gz/share/ament_index/resource_index/parent_prefix_path/rover_gz
-- Up-to-date: /catkin_ws/rover_sim_ws/install/rover_gz/share/rover_gz/environment/ament_prefix_path.sh
-- Up-to-date: /catkin_ws/rover_sim_ws/install/rover_gz/share/rover_gz/environment/ament_prefix_path.dsv
-- Up-to-date: /catkin_ws/rover_sim_ws/install/rover_gz/share/rover_gz/environment/path.sh
-- Up-to-date: /catkin_ws/rover_sim_ws/install/rover_gz/share/rover_gz/environment/path.dsv
-- Up-to-date: /catkin_ws/rover_sim_ws/install/rover_gz/share/rover_gz/local_setup.bash
-- Up-to-date: /catkin_ws/rover_sim_ws/install/rover_gz/share/rover_gz/local_setup.sh
-- Up-to-date: /catkin_ws/rover_sim_ws/install/rover_gz/share/rover_gz/local_setup.zsh
-- Up-to-date: /catkin_ws/rover_sim_ws/install/rover_gz/share/rover_gz/local_setup.dsv
-- Installing: /catkin_ws/rover_sim_ws/install/rover_gz/share/rover_gz/package.dsv
-- Up-to-date: /catkin_ws/rover_sim_ws/install/rover_gz/share/ament_index/resource_index/packages/rover_gz
-- Up-to-date: /catkin_ws/rover_sim_ws/install/rover_gz/share/rover_gz/cmake/rover_gzConfig.cmake
-- Up-to-date: /catkin_ws/rover_sim_ws/install/rover_gz/share/rover_gz/cmake/rover_gzConfig-version.cmake
-- Up-to-date: /catkin_ws/rover_sim_ws/install/rover_gz/share/rover_gz/package.xml
