[0.062s] Invoking command in '/catkin_ws/rover_sim_ws/build/rover_gz': CMAKE_PREFIX_PATH=/opt/ros/humble /usr/bin/cmake --build /catkin_ws/rover_sim_ws/build/rover_gz -- -j8 -l8
[0.096s] Invoked command in '/catkin_ws/rover_sim_ws/build/rover_gz' returned '0': CMAKE_PREFIX_PATH=/opt/ros/humble /usr/bin/cmake --build /catkin_ws/rover_sim_ws/build/rover_gz -- -j8 -l8
[0.125s] Invoking command in '/catkin_ws/rover_sim_ws/build/rover_gz': CMAKE_PREFIX_PATH=/opt/ros/humble /usr/bin/cmake --install /catkin_ws/rover_sim_ws/build/rover_gz
[0.131s] -- Install configuration: ""
[0.132s] -- Installing: /catkin_ws/rover_sim_ws/install/rover_gz/share/ament_index/resource_index/package_run_dependencies/rover_gz
[0.132s] -- Installing: /catkin_ws/rover_sim_ws/install/rover_gz/share/ament_index/resource_index/parent_prefix_path/rover_gz
[0.132s] -- Installing: /catkin_ws/rover_sim_ws/install/rover_gz/share/rover_gz/environment/ament_prefix_path.sh
[0.133s] -- Installing: /catkin_ws/rover_sim_ws/install/rover_gz/share/rover_gz/environment/ament_prefix_path.dsv
[0.133s] -- Installing: /catkin_ws/rover_sim_ws/install/rover_gz/share/rover_gz/environment/path.sh
[0.133s] -- Installing: /catkin_ws/rover_sim_ws/install/rover_gz/share/rover_gz/environment/path.dsv
[0.133s] -- Installing: /catkin_ws/rover_sim_ws/install/rover_gz/share/rover_gz/local_setup.bash
[0.134s] -- Installing: /catkin_ws/rover_sim_ws/install/rover_gz/share/rover_gz/local_setup.sh
[0.134s] -- Installing: /catkin_ws/rover_sim_ws/install/rover_gz/share/rover_gz/local_setup.zsh
[0.134s] -- Installing: /catkin_ws/rover_sim_ws/install/rover_gz/share/rover_gz/local_setup.dsv
[0.134s] -- Installing: /catkin_ws/rover_sim_ws/install/rover_gz/share/rover_gz/package.dsv
[0.134s] -- Installing: /catkin_ws/rover_sim_ws/install/rover_gz/share/ament_index/resource_index/packages/rover_gz
[0.134s] -- Installing: /catkin_ws/rover_sim_ws/install/rover_gz/share/rover_gz/cmake/rover_gzConfig.cmake
[0.134s] -- Installing: /catkin_ws/rover_sim_ws/install/rover_gz/share/rover_gz/cmake/rover_gzConfig-version.cmake
[0.135s] -- Installing: /catkin_ws/rover_sim_ws/install/rover_gz/share/rover_gz/package.xml
[0.136s] Invoked command in '/catkin_ws/rover_sim_ws/build/rover_gz' returned '0': CMAKE_PREFIX_PATH=/opt/ros/humble /usr/bin/cmake --install /catkin_ws/rover_sim_ws/build/rover_gz
