[0.120s] Invoking command in '/catkin_ws/rover_sim_ws/build/turtlebot3_msgs': CMAKE_PREFIX_PATH=/opt/ros/humble /usr/bin/cmake /catkin_ws/rover_sim_ws/src/turtlebot3_msgs -DCMAKE_INSTALL_PREFIX=/catkin_ws/rover_sim_ws/install/turtlebot3_msgs
[0.233s] -- The C compiler identification is GNU 11.4.0
[0.303s] -- The CXX compiler identification is GNU 11.4.0
[0.311s] -- Detecting C compiler ABI info
[0.487s] -- Detecting C compiler ABI info - done
[0.497s] -- Check for working C compiler: /usr/bin/cc - skipped
[0.497s] -- Detecting C compile features
[0.497s] -- Detecting C compile features - done
[0.502s] -- Detecting CXX compiler ABI info
[0.772s] -- Detecting CXX compiler ABI info - done
[0.779s] -- Check for working CXX compiler: /usr/bin/c++ - skipped
[0.779s] -- Detecting CXX compile features
[0.780s] -- Detecting CXX compile features - done
[0.782s] -- Found action_msgs: 1.2.1 (/opt/ros/humble/share/action_msgs/cmake)
[1.071s] -- Found Python3: /usr/bin/python3.10 (found version "3.10.12") found components: Interpreter 
[1.272s] -- Found rosidl_generator_c: 3.1.5 (/opt/ros/humble/share/rosidl_generator_c/cmake)
[1.281s] -- Found rosidl_adapter: 3.1.5 (/opt/ros/humble/share/rosidl_adapter/cmake)
[1.294s] -- Found rosidl_generator_cpp: 3.1.5 (/opt/ros/humble/share/rosidl_generator_cpp/cmake)
[1.313s] -- Using all available rosidl_typesupport_c: rosidl_typesupport_fastrtps_c;rosidl_typesupport_introspection_c
[1.343s] -- Using all available rosidl_typesupport_cpp: rosidl_typesupport_fastrtps_cpp;rosidl_typesupport_introspection_cpp
[1.462s] -- Found rosidl_default_generators: 1.2.0 (/opt/ros/humble/share/rosidl_default_generators/cmake)
[1.482s] -- Found std_msgs: 4.2.3 (/opt/ros/humble/share/std_msgs/cmake)
[3.836s] -- Found ament_cmake_cppcheck: 0.12.9 (/opt/ros/humble/share/ament_cmake_cppcheck/cmake)
[3.845s] -- Found ament_cmake_cpplint: 0.12.9 (/opt/ros/humble/share/ament_cmake_cpplint/cmake)
[3.856s] -- Found ament_cmake_uncrustify: 0.12.9 (/opt/ros/humble/share/ament_cmake_uncrustify/cmake)
[3.870s] -- Found ament_cmake_ros: 0.10.0 (/opt/ros/humble/share/ament_cmake_ros/cmake)
[8.298s] -- Using all available rosidl_typesupport_c: rosidl_typesupport_fastrtps_c;rosidl_typesupport_introspection_c
[9.991s] -- Using all available rosidl_typesupport_cpp: rosidl_typesupport_fastrtps_cpp;rosidl_typesupport_introspection_cpp
[10.040s] -- Found PythonInterp: /usr/bin/python3 (found suitable version "3.10.12", minimum required is "3.6") 
[10.046s] -- Found python_cmake_module: 0.10.0 (/opt/ros/humble/share/python_cmake_module/cmake)
[10.106s] -- Found PythonLibs: /usr/lib/x86_64-linux-gnu/libpython3.10.so (found suitable version "3.10.12", minimum required is "3.5") 
[10.106s] -- Using PYTHON_EXECUTABLE: /usr/bin/python3
[10.106s] -- Using PYTHON_INCLUDE_DIRS: /usr/include/python3.10
[10.106s] -- Using PYTHON_LIBRARIES: /usr/lib/x86_64-linux-gnu/libpython3.10.so
[10.405s] -- Found PythonExtra: .so  
[10.867s] -- Found ament_cmake_flake8: 0.12.9 (/opt/ros/humble/share/ament_cmake_flake8/cmake)
[10.896s] -- Found ament_cmake_pep257: 0.12.9 (/opt/ros/humble/share/ament_cmake_pep257/cmake)
[16.394s] -- Configuring done
[16.991s] -- Generating done
[17.026s] -- Build files have been written to: /catkin_ws/rover_sim_ws/build/turtlebot3_msgs
[17.104s] Invoked command in '/catkin_ws/rover_sim_ws/build/turtlebot3_msgs' returned '0': CMAKE_PREFIX_PATH=/opt/ros/humble /usr/bin/cmake /catkin_ws/rover_sim_ws/src/turtlebot3_msgs -DCMAKE_INSTALL_PREFIX=/catkin_ws/rover_sim_ws/install/turtlebot3_msgs
[17.325s] Invoking command in '/catkin_ws/rover_sim_ws/build/turtlebot3_msgs': CMAKE_PREFIX_PATH=/opt/ros/humble /usr/bin/cmake --build /catkin_ws/rover_sim_ws/build/turtlebot3_msgs -- -j8 -l8
[17.536s] [  1%] [34m[1mGenerating C code for ROS interfaces[0m
[17.545s] [  2%] [34m[1mGenerating C++ code for ROS interfaces[0m
[17.601s] [  2%] Built target ament_cmake_python_copy_turtlebot3_msgs
[18.935s] running egg_info
[18.942s] creating turtlebot3_msgs.egg-info
[18.945s] writing turtlebot3_msgs.egg-info/PKG-INFO
[18.945s] writing dependency_links to turtlebot3_msgs.egg-info/dependency_links.txt
[18.945s] writing top-level names to turtlebot3_msgs.egg-info/top_level.txt
[18.945s] writing manifest file 'turtlebot3_msgs.egg-info/SOURCES.txt'
[18.961s] reading manifest file 'turtlebot3_msgs.egg-info/SOURCES.txt'
[18.962s] writing manifest file 'turtlebot3_msgs.egg-info/SOURCES.txt'
[19.152s] [  2%] Built target ament_cmake_python_build_turtlebot3_msgs_egg
[22.947s] [  2%] Built target turtlebot3_msgs__cpp
[23.086s] [  4%] [34m[1mGenerating C++ type support for eProsima Fast-RTPS[0m
[23.114s] [  5%] [34m[1mGenerating C++ type support dispatch for ROS interfaces[0m
[23.228s] [  7%] [34m[1mGenerating C++ introspection for ROS interfaces[0m
[23.408s] [  8%] [32mBuilding C object CMakeFiles/turtlebot3_msgs__rosidl_generator_c.dir/rosidl_generator_c/turtlebot3_msgs/msg/detail/sensor_state__functions.c.o[0m
[23.542s] [  9%] [32mBuilding C object CMakeFiles/turtlebot3_msgs__rosidl_generator_c.dir/rosidl_generator_c/turtlebot3_msgs/msg/detail/version_info__functions.c.o[0m
[23.549s] [ 11%] [32mBuilding C object CMakeFiles/turtlebot3_msgs__rosidl_generator_c.dir/rosidl_generator_c/turtlebot3_msgs/srv/detail/sound__functions.c.o[0m
[23.551s] [ 12%] [32mBuilding C object CMakeFiles/turtlebot3_msgs__rosidl_generator_c.dir/rosidl_generator_c/turtlebot3_msgs/msg/detail/sound__functions.c.o[0m
[23.561s] [ 14%] [32mBuilding C object CMakeFiles/turtlebot3_msgs__rosidl_generator_c.dir/rosidl_generator_c/turtlebot3_msgs/srv/detail/dqn__functions.c.o[0m
[25.059s] [ 15%] [32mBuilding C object CMakeFiles/turtlebot3_msgs__rosidl_generator_c.dir/rosidl_generator_c/turtlebot3_msgs/action/detail/patrol__functions.c.o[0m
[25.632s] [ 16%] [32m[1mLinking C shared library libturtlebot3_msgs__rosidl_generator_c.so[0m
[25.845s] [ 16%] Built target turtlebot3_msgs__rosidl_generator_c
[25.871s] [ 18%] [34m[1mGenerating C type support dispatch for ROS interfaces[0m
[25.881s] [ 19%] [34m[1mGenerating C type support for eProsima Fast-RTPS[0m
[25.889s] [ 21%] [34m[1mGenerating C introspection for ROS interfaces[0m
[25.912s] [ 22%] [32mBuilding CXX object CMakeFiles/turtlebot3_msgs__rosidl_typesupport_cpp.dir/rosidl_typesupport_cpp/turtlebot3_msgs/msg/sensor_state__type_support.cpp.o[0m
[25.941s] [ 23%] [32mBuilding CXX object CMakeFiles/turtlebot3_msgs__rosidl_typesupport_cpp.dir/rosidl_typesupport_cpp/turtlebot3_msgs/msg/sound__type_support.cpp.o[0m
[26.053s] [ 25%] [32mBuilding CXX object CMakeFiles/turtlebot3_msgs__rosidl_typesupport_cpp.dir/rosidl_typesupport_cpp/turtlebot3_msgs/msg/version_info__type_support.cpp.o[0m
[27.779s] [ 26%] [32mBuilding CXX object CMakeFiles/turtlebot3_msgs__rosidl_typesupport_introspection_cpp.dir/rosidl_typesupport_introspection_cpp/turtlebot3_msgs/msg/detail/sensor_state__type_support.cpp.o[0m
[28.762s] [ 28%] [32mBuilding CXX object CMakeFiles/turtlebot3_msgs__rosidl_typesupport_fastrtps_cpp.dir/rosidl_typesupport_fastrtps_cpp/turtlebot3_msgs/msg/detail/dds_fastrtps/sensor_state__type_support.cpp.o[0m
[30.819s] [ 29%] [32mBuilding CXX object CMakeFiles/turtlebot3_msgs__rosidl_typesupport_c.dir/rosidl_typesupport_c/turtlebot3_msgs/msg/sensor_state__type_support.cpp.o[0m
[30.858s] [ 30%] [32mBuilding CXX object CMakeFiles/turtlebot3_msgs__rosidl_typesupport_c.dir/rosidl_typesupport_c/turtlebot3_msgs/msg/sound__type_support.cpp.o[0m
[30.924s] [ 32%] [32mBuilding CXX object CMakeFiles/turtlebot3_msgs__rosidl_typesupport_cpp.dir/rosidl_typesupport_cpp/turtlebot3_msgs/srv/dqn__type_support.cpp.o[0m
[30.935s] [ 33%] [32mBuilding CXX object CMakeFiles/turtlebot3_msgs__rosidl_typesupport_cpp.dir/rosidl_typesupport_cpp/turtlebot3_msgs/srv/sound__type_support.cpp.o[0m
[31.126s] [ 35%] [32mBuilding CXX object CMakeFiles/turtlebot3_msgs__rosidl_typesupport_c.dir/rosidl_typesupport_c/turtlebot3_msgs/msg/version_info__type_support.cpp.o[0m
[31.138s] [ 36%] [32mBuilding C object CMakeFiles/turtlebot3_msgs__rosidl_typesupport_introspection_c.dir/rosidl_typesupport_introspection_c/turtlebot3_msgs/msg/detail/sensor_state__type_support.c.o[0m
[31.167s] [ 38%] [32mBuilding CXX object CMakeFiles/turtlebot3_msgs__rosidl_typesupport_cpp.dir/rosidl_typesupport_cpp/turtlebot3_msgs/action/patrol__type_support.cpp.o[0m
[31.350s] [ 39%] [32mBuilding CXX object CMakeFiles/turtlebot3_msgs__rosidl_typesupport_fastrtps_c.dir/rosidl_typesupport_fastrtps_c/turtlebot3_msgs/msg/detail/sensor_state__type_support_c.cpp.o[0m
[31.586s] [ 40%] [32mBuilding CXX object CMakeFiles/turtlebot3_msgs__rosidl_typesupport_c.dir/rosidl_typesupport_c/turtlebot3_msgs/srv/sound__type_support.cpp.o[0m
[31.823s] [ 42%] [32mBuilding CXX object CMakeFiles/turtlebot3_msgs__rosidl_typesupport_c.dir/rosidl_typesupport_c/turtlebot3_msgs/srv/dqn__type_support.cpp.o[0m
[31.841s] [ 43%] [32mBuilding C object CMakeFiles/turtlebot3_msgs__rosidl_typesupport_introspection_c.dir/rosidl_typesupport_introspection_c/turtlebot3_msgs/msg/detail/sound__type_support.c.o[0m
[32.128s] [ 45%] [32mBuilding CXX object CMakeFiles/turtlebot3_msgs__rosidl_typesupport_c.dir/rosidl_typesupport_c/turtlebot3_msgs/action/patrol__type_support.cpp.o[0m
[32.138s] [ 46%] [32mBuilding C object CMakeFiles/turtlebot3_msgs__rosidl_typesupport_introspection_c.dir/rosidl_typesupport_introspection_c/turtlebot3_msgs/msg/detail/version_info__type_support.c.o[0m
[32.466s] [ 47%] [32mBuilding CXX object CMakeFiles/turtlebot3_msgs__rosidl_typesupport_introspection_cpp.dir/rosidl_typesupport_introspection_cpp/turtlebot3_msgs/msg/detail/sound__type_support.cpp.o[0m
[32.539s] [ 49%] [32m[1mLinking CXX shared library libturtlebot3_msgs__rosidl_typesupport_c.so[0m
[32.609s] [ 50%] [32mBuilding C object CMakeFiles/turtlebot3_msgs__rosidl_typesupport_introspection_c.dir/rosidl_typesupport_introspection_c/turtlebot3_msgs/srv/detail/sound__type_support.c.o[0m
[32.917s] [ 52%] [32mBuilding C object CMakeFiles/turtlebot3_msgs__rosidl_typesupport_introspection_c.dir/rosidl_typesupport_introspection_c/turtlebot3_msgs/srv/detail/dqn__type_support.c.o[0m
[33.030s] [ 52%] Built target turtlebot3_msgs__rosidl_typesupport_c
[33.057s] [ 53%] [32mBuilding CXX object CMakeFiles/turtlebot3_msgs__rosidl_typesupport_introspection_cpp.dir/rosidl_typesupport_introspection_cpp/turtlebot3_msgs/msg/detail/version_info__type_support.cpp.o[0m
[33.092s] [ 54%] [32mBuilding C object CMakeFiles/turtlebot3_msgs__rosidl_typesupport_introspection_c.dir/rosidl_typesupport_introspection_c/turtlebot3_msgs/action/detail/patrol__type_support.c.o[0m
[33.126s] [ 56%] [32mBuilding CXX object CMakeFiles/turtlebot3_msgs__rosidl_typesupport_introspection_cpp.dir/rosidl_typesupport_introspection_cpp/turtlebot3_msgs/srv/detail/sound__type_support.cpp.o[0m
[33.354s] [ 57%] [32m[1mLinking C shared library libturtlebot3_msgs__rosidl_typesupport_introspection_c.so[0m
[33.383s] [ 59%] [32mBuilding CXX object CMakeFiles/turtlebot3_msgs__rosidl_typesupport_fastrtps_cpp.dir/rosidl_typesupport_fastrtps_cpp/turtlebot3_msgs/msg/detail/dds_fastrtps/sound__type_support.cpp.o[0m
[33.406s] [ 60%] [32mBuilding CXX object CMakeFiles/turtlebot3_msgs__rosidl_typesupport_introspection_cpp.dir/rosidl_typesupport_introspection_cpp/turtlebot3_msgs/srv/detail/dqn__type_support.cpp.o[0m
[33.540s] [ 61%] [32mBuilding CXX object CMakeFiles/turtlebot3_msgs__rosidl_typesupport_fastrtps_c.dir/rosidl_typesupport_fastrtps_c/turtlebot3_msgs/msg/detail/sound__type_support_c.cpp.o[0m
[33.594s] [ 61%] Built target turtlebot3_msgs__rosidl_typesupport_introspection_c
[33.626s] [ 63%] [32mBuilding CXX object CMakeFiles/turtlebot3_msgs__rosidl_typesupport_fastrtps_c.dir/rosidl_typesupport_fastrtps_c/turtlebot3_msgs/msg/detail/version_info__type_support_c.cpp.o[0m
[33.870s] [ 64%] [32m[1mLinking CXX shared library libturtlebot3_msgs__rosidl_typesupport_cpp.so[0m
[34.540s] [ 66%] [32mBuilding CXX object CMakeFiles/turtlebot3_msgs__rosidl_typesupport_introspection_cpp.dir/rosidl_typesupport_introspection_cpp/turtlebot3_msgs/action/detail/patrol__type_support.cpp.o[0m
[34.598s] [ 66%] Built target turtlebot3_msgs__rosidl_typesupport_cpp
[34.628s] [ 67%] [32mBuilding CXX object CMakeFiles/turtlebot3_msgs__rosidl_typesupport_fastrtps_cpp.dir/rosidl_typesupport_fastrtps_cpp/turtlebot3_msgs/msg/detail/dds_fastrtps/version_info__type_support.cpp.o[0m
[35.580s] [ 69%] [32mBuilding CXX object CMakeFiles/turtlebot3_msgs__rosidl_typesupport_fastrtps_cpp.dir/rosidl_typesupport_fastrtps_cpp/turtlebot3_msgs/srv/detail/dds_fastrtps/sound__type_support.cpp.o[0m
[36.348s] [ 70%] [32mBuilding CXX object CMakeFiles/turtlebot3_msgs__rosidl_typesupport_fastrtps_cpp.dir/rosidl_typesupport_fastrtps_cpp/turtlebot3_msgs/srv/detail/dds_fastrtps/dqn__type_support.cpp.o[0m
[36.691s] [ 71%] [32mBuilding CXX object CMakeFiles/turtlebot3_msgs__rosidl_typesupport_fastrtps_cpp.dir/rosidl_typesupport_fastrtps_cpp/turtlebot3_msgs/action/detail/dds_fastrtps/patrol__type_support.cpp.o[0m
[36.823s] [ 73%] [32mBuilding CXX object CMakeFiles/turtlebot3_msgs__rosidl_typesupport_fastrtps_c.dir/rosidl_typesupport_fastrtps_c/turtlebot3_msgs/srv/detail/sound__type_support_c.cpp.o[0m
[37.386s] [ 74%] [32mBuilding CXX object CMakeFiles/turtlebot3_msgs__rosidl_typesupport_fastrtps_c.dir/rosidl_typesupport_fastrtps_c/turtlebot3_msgs/srv/detail/dqn__type_support_c.cpp.o[0m
[37.605s] [ 76%] [32mBuilding CXX object CMakeFiles/turtlebot3_msgs__rosidl_typesupport_fastrtps_c.dir/rosidl_typesupport_fastrtps_c/turtlebot3_msgs/action/detail/patrol__type_support_c.cpp.o[0m
[40.610s] [ 77%] [32m[1mLinking CXX shared library libturtlebot3_msgs__rosidl_typesupport_fastrtps_cpp.so[0m
[40.785s] [ 78%] [32m[1mLinking CXX shared library libturtlebot3_msgs__rosidl_typesupport_introspection_cpp.so[0m
[40.865s] [ 78%] Built target turtlebot3_msgs__rosidl_typesupport_fastrtps_cpp
[40.916s] [ 80%] [32m[1mLinking CXX shared library libturtlebot3_msgs__rosidl_typesupport_fastrtps_c.so[0m
[41.014s] [ 80%] Built target turtlebot3_msgs__rosidl_typesupport_introspection_cpp
[41.108s] [ 80%] Built target turtlebot3_msgs__rosidl_typesupport_fastrtps_c
[41.140s] [ 80%] Built target turtlebot3_msgs
[41.171s] [ 81%] [34m[1mGenerating Python code for ROS interfaces[0m
[46.200s] [ 81%] Built target turtlebot3_msgs__py
[46.243s] [ 83%] [32mBuilding C object CMakeFiles/turtlebot3_msgs__rosidl_generator_py.dir/rosidl_generator_py/turtlebot3_msgs/msg/_sensor_state_s.c.o[0m
[46.246s] [ 84%] [32mBuilding C object CMakeFiles/turtlebot3_msgs__rosidl_generator_py.dir/rosidl_generator_py/turtlebot3_msgs/msg/_sound_s.c.o[0m
[46.254s] [ 85%] [32mBuilding C object CMakeFiles/turtlebot3_msgs__rosidl_generator_py.dir/rosidl_generator_py/turtlebot3_msgs/srv/_sound_s.c.o[0m
[46.255s] [ 87%] [32mBuilding C object CMakeFiles/turtlebot3_msgs__rosidl_generator_py.dir/rosidl_generator_py/turtlebot3_msgs/msg/_version_info_s.c.o[0m
[46.256s] [ 88%] [32mBuilding C object CMakeFiles/turtlebot3_msgs__rosidl_generator_py.dir/rosidl_generator_py/turtlebot3_msgs/srv/_dqn_s.c.o[0m
[46.275s] [ 90%] [32mBuilding C object CMakeFiles/turtlebot3_msgs__rosidl_generator_py.dir/rosidl_generator_py/turtlebot3_msgs/action/_patrol_s.c.o[0m
[47.354s] [ 91%] [32m[1mLinking C shared library rosidl_generator_py/turtlebot3_msgs/libturtlebot3_msgs__rosidl_generator_py.so[0m
[47.494s] [ 91%] Built target turtlebot3_msgs__rosidl_generator_py
[47.526s] [ 92%] [32mBuilding C object CMakeFiles/turtlebot3_msgs__rosidl_typesupport_fastrtps_c__pyext.dir/rosidl_generator_py/turtlebot3_msgs/_turtlebot3_msgs_s.ep.rosidl_typesupport_fastrtps_c.c.o[0m
[47.531s] [ 95%] [32mBuilding C object CMakeFiles/turtlebot3_msgs__rosidl_typesupport_c__pyext.dir/rosidl_generator_py/turtlebot3_msgs/_turtlebot3_msgs_s.ep.rosidl_typesupport_c.c.o[0m
[47.535s] [ 95%] [32mBuilding C object CMakeFiles/turtlebot3_msgs__rosidl_typesupport_introspection_c__pyext.dir/rosidl_generator_py/turtlebot3_msgs/_turtlebot3_msgs_s.ep.rosidl_typesupport_introspection_c.c.o[0m
[47.976s] [ 97%] [32m[1mLinking C shared library rosidl_generator_py/turtlebot3_msgs/turtlebot3_msgs_s__rosidl_typesupport_fastrtps_c.cpython-310-x86_64-linux-gnu.so[0m
[48.016s] [ 98%] [32m[1mLinking C shared library rosidl_generator_py/turtlebot3_msgs/turtlebot3_msgs_s__rosidl_typesupport_c.cpython-310-x86_64-linux-gnu.so[0m
[48.060s] [100%] [32m[1mLinking C shared library rosidl_generator_py/turtlebot3_msgs/turtlebot3_msgs_s__rosidl_typesupport_introspection_c.cpython-310-x86_64-linux-gnu.so[0m
[48.287s] [100%] Built target turtlebot3_msgs__rosidl_typesupport_fastrtps_c__pyext
[48.397s] [100%] Built target turtlebot3_msgs__rosidl_typesupport_c__pyext
[48.424s] [100%] Built target turtlebot3_msgs__rosidl_typesupport_introspection_c__pyext
[48.516s] Invoked command in '/catkin_ws/rover_sim_ws/build/turtlebot3_msgs' returned '0': CMAKE_PREFIX_PATH=/opt/ros/humble /usr/bin/cmake --build /catkin_ws/rover_sim_ws/build/turtlebot3_msgs -- -j8 -l8
[49.004s] Invoking command in '/catkin_ws/rover_sim_ws/build/turtlebot3_msgs': CMAKE_PREFIX_PATH=/opt/ros/humble /usr/bin/cmake --install /catkin_ws/rover_sim_ws/build/turtlebot3_msgs
[49.091s] -- Install configuration: ""
[49.104s] -- Installing: /catkin_ws/rover_sim_ws/install/turtlebot3_msgs/share/ament_index/resource_index/rosidl_interfaces/turtlebot3_msgs
[49.109s] -- Installing: /catkin_ws/rover_sim_ws/install/turtlebot3_msgs/include/turtlebot3_msgs/turtlebot3_msgs
[49.111s] -- Installing: /catkin_ws/rover_sim_ws/install/turtlebot3_msgs/include/turtlebot3_msgs/turtlebot3_msgs/action
[49.114s] -- Installing: /catkin_ws/rover_sim_ws/install/turtlebot3_msgs/include/turtlebot3_msgs/turtlebot3_msgs/action/patrol.h
[49.116s] -- Installing: /catkin_ws/rover_sim_ws/install/turtlebot3_msgs/include/turtlebot3_msgs/turtlebot3_msgs/action/detail
[49.116s] -- Installing: /catkin_ws/rover_sim_ws/install/turtlebot3_msgs/include/turtlebot3_msgs/turtlebot3_msgs/action/detail/patrol__struct.h
[49.117s] -- Installing: /catkin_ws/rover_sim_ws/install/turtlebot3_msgs/include/turtlebot3_msgs/turtlebot3_msgs/action/detail/patrol__functions.h
[49.118s] -- Installing: /catkin_ws/rover_sim_ws/install/turtlebot3_msgs/include/turtlebot3_msgs/turtlebot3_msgs/action/detail/patrol__type_support.h
[49.119s] -- Installing: /catkin_ws/rover_sim_ws/install/turtlebot3_msgs/include/turtlebot3_msgs/turtlebot3_msgs/action/detail/patrol__functions.c
[49.124s] -- Installing: /catkin_ws/rover_sim_ws/install/turtlebot3_msgs/include/turtlebot3_msgs/turtlebot3_msgs/msg
[49.125s] -- Installing: /catkin_ws/rover_sim_ws/install/turtlebot3_msgs/include/turtlebot3_msgs/turtlebot3_msgs/msg/version_info.h
[49.126s] -- Installing: /catkin_ws/rover_sim_ws/install/turtlebot3_msgs/include/turtlebot3_msgs/turtlebot3_msgs/msg/detail
[49.127s] -- Installing: /catkin_ws/rover_sim_ws/install/turtlebot3_msgs/include/turtlebot3_msgs/turtlebot3_msgs/msg/detail/version_info__functions.h
[49.128s] -- Installing: /catkin_ws/rover_sim_ws/install/turtlebot3_msgs/include/turtlebot3_msgs/turtlebot3_msgs/msg/detail/sensor_state__type_support.h
[49.128s] -- Installing: /catkin_ws/rover_sim_ws/install/turtlebot3_msgs/include/turtlebot3_msgs/turtlebot3_msgs/msg/detail/version_info__struct.h
[49.130s] -- Installing: /catkin_ws/rover_sim_ws/install/turtlebot3_msgs/include/turtlebot3_msgs/turtlebot3_msgs/msg/detail/sound__functions.c
[49.131s] -- Installing: /catkin_ws/rover_sim_ws/install/turtlebot3_msgs/include/turtlebot3_msgs/turtlebot3_msgs/msg/detail/sensor_state__struct.h
[49.131s] -- Installing: /catkin_ws/rover_sim_ws/install/turtlebot3_msgs/include/turtlebot3_msgs/turtlebot3_msgs/msg/detail/sound__type_support.h
[49.131s] -- Installing: /catkin_ws/rover_sim_ws/install/turtlebot3_msgs/include/turtlebot3_msgs/turtlebot3_msgs/msg/detail/sound__functions.h
[49.131s] -- Installing: /catkin_ws/rover_sim_ws/install/turtlebot3_msgs/include/turtlebot3_msgs/turtlebot3_msgs/msg/detail/version_info__type_support.h
[49.131s] -- Installing: /catkin_ws/rover_sim_ws/install/turtlebot3_msgs/include/turtlebot3_msgs/turtlebot3_msgs/msg/detail/version_info__functions.c
[49.133s] -- Installing: /catkin_ws/rover_sim_ws/install/turtlebot3_msgs/include/turtlebot3_msgs/turtlebot3_msgs/msg/detail/sound__struct.h
[49.133s] -- Installing: /catkin_ws/rover_sim_ws/install/turtlebot3_msgs/include/turtlebot3_msgs/turtlebot3_msgs/msg/detail/sensor_state__functions.c
[49.135s] -- Installing: /catkin_ws/rover_sim_ws/install/turtlebot3_msgs/include/turtlebot3_msgs/turtlebot3_msgs/msg/detail/sensor_state__functions.h
[49.136s] -- Installing: /catkin_ws/rover_sim_ws/install/turtlebot3_msgs/include/turtlebot3_msgs/turtlebot3_msgs/msg/sensor_state.h
[49.138s] -- Installing: /catkin_ws/rover_sim_ws/install/turtlebot3_msgs/include/turtlebot3_msgs/turtlebot3_msgs/msg/rosidl_generator_c__visibility_control.h
[49.138s] -- Installing: /catkin_ws/rover_sim_ws/install/turtlebot3_msgs/include/turtlebot3_msgs/turtlebot3_msgs/msg/sound.h
[49.140s] -- Installing: /catkin_ws/rover_sim_ws/install/turtlebot3_msgs/include/turtlebot3_msgs/turtlebot3_msgs/srv
[49.142s] -- Installing: /catkin_ws/rover_sim_ws/install/turtlebot3_msgs/include/turtlebot3_msgs/turtlebot3_msgs/srv/detail
[49.144s] -- Installing: /catkin_ws/rover_sim_ws/install/turtlebot3_msgs/include/turtlebot3_msgs/turtlebot3_msgs/srv/detail/sound__functions.c
[49.145s] -- Installing: /catkin_ws/rover_sim_ws/install/turtlebot3_msgs/include/turtlebot3_msgs/turtlebot3_msgs/srv/detail/sound__type_support.h
[49.146s] -- Installing: /catkin_ws/rover_sim_ws/install/turtlebot3_msgs/include/turtlebot3_msgs/turtlebot3_msgs/srv/detail/sound__functions.h
[49.148s] -- Installing: /catkin_ws/rover_sim_ws/install/turtlebot3_msgs/include/turtlebot3_msgs/turtlebot3_msgs/srv/detail/dqn__functions.c
[49.150s] -- Installing: /catkin_ws/rover_sim_ws/install/turtlebot3_msgs/include/turtlebot3_msgs/turtlebot3_msgs/srv/detail/sound__struct.h
[49.150s] -- Installing: /catkin_ws/rover_sim_ws/install/turtlebot3_msgs/include/turtlebot3_msgs/turtlebot3_msgs/srv/detail/dqn__type_support.h
[49.151s] -- Installing: /catkin_ws/rover_sim_ws/install/turtlebot3_msgs/include/turtlebot3_msgs/turtlebot3_msgs/srv/detail/dqn__struct.h
[49.152s] -- Installing: /catkin_ws/rover_sim_ws/install/turtlebot3_msgs/include/turtlebot3_msgs/turtlebot3_msgs/srv/detail/dqn__functions.h
[49.153s] -- Installing: /catkin_ws/rover_sim_ws/install/turtlebot3_msgs/include/turtlebot3_msgs/turtlebot3_msgs/srv/sound.h
[49.154s] -- Installing: /catkin_ws/rover_sim_ws/install/turtlebot3_msgs/include/turtlebot3_msgs/turtlebot3_msgs/srv/dqn.h
[49.158s] -- Installing: /catkin_ws/rover_sim_ws/install/turtlebot3_msgs/share/turtlebot3_msgs/environment/library_path.sh
[49.162s] -- Installing: /catkin_ws/rover_sim_ws/install/turtlebot3_msgs/share/turtlebot3_msgs/environment/library_path.dsv
[49.164s] -- Installing: /catkin_ws/rover_sim_ws/install/turtlebot3_msgs/lib/libturtlebot3_msgs__rosidl_generator_c.so
[49.189s] -- Set runtime path of "/catkin_ws/rover_sim_ws/install/turtlebot3_msgs/lib/libturtlebot3_msgs__rosidl_generator_c.so" to ""
[49.190s] -- Up-to-date: /catkin_ws/rover_sim_ws/install/turtlebot3_msgs/include/turtlebot3_msgs/turtlebot3_msgs
[49.190s] -- Up-to-date: /catkin_ws/rover_sim_ws/install/turtlebot3_msgs/include/turtlebot3_msgs/turtlebot3_msgs/action
[49.190s] -- Up-to-date: /catkin_ws/rover_sim_ws/install/turtlebot3_msgs/include/turtlebot3_msgs/turtlebot3_msgs/action/detail
[49.190s] -- Installing: /catkin_ws/rover_sim_ws/install/turtlebot3_msgs/include/turtlebot3_msgs/turtlebot3_msgs/action/detail/patrol__rosidl_typesupport_fastrtps_c.h
[49.192s] -- Up-to-date: /catkin_ws/rover_sim_ws/install/turtlebot3_msgs/include/turtlebot3_msgs/turtlebot3_msgs/msg
[49.192s] -- Up-to-date: /catkin_ws/rover_sim_ws/install/turtlebot3_msgs/include/turtlebot3_msgs/turtlebot3_msgs/msg/detail
[49.192s] -- Installing: /catkin_ws/rover_sim_ws/install/turtlebot3_msgs/include/turtlebot3_msgs/turtlebot3_msgs/msg/detail/sensor_state__rosidl_typesupport_fastrtps_c.h
[49.192s] -- Installing: /catkin_ws/rover_sim_ws/install/turtlebot3_msgs/include/turtlebot3_msgs/turtlebot3_msgs/msg/detail/version_info__rosidl_typesupport_fastrtps_c.h
[49.194s] -- Installing: /catkin_ws/rover_sim_ws/install/turtlebot3_msgs/include/turtlebot3_msgs/turtlebot3_msgs/msg/detail/sound__rosidl_typesupport_fastrtps_c.h
[49.194s] -- Installing: /catkin_ws/rover_sim_ws/install/turtlebot3_msgs/include/turtlebot3_msgs/turtlebot3_msgs/msg/rosidl_typesupport_fastrtps_c__visibility_control.h
[49.196s] -- Up-to-date: /catkin_ws/rover_sim_ws/install/turtlebot3_msgs/include/turtlebot3_msgs/turtlebot3_msgs/srv
[49.196s] -- Up-to-date: /catkin_ws/rover_sim_ws/install/turtlebot3_msgs/include/turtlebot3_msgs/turtlebot3_msgs/srv/detail
[49.196s] -- Installing: /catkin_ws/rover_sim_ws/install/turtlebot3_msgs/include/turtlebot3_msgs/turtlebot3_msgs/srv/detail/sound__rosidl_typesupport_fastrtps_c.h
[49.196s] -- Installing: /catkin_ws/rover_sim_ws/install/turtlebot3_msgs/include/turtlebot3_msgs/turtlebot3_msgs/srv/detail/dqn__rosidl_typesupport_fastrtps_c.h
[49.197s] -- Installing: /catkin_ws/rover_sim_ws/install/turtlebot3_msgs/lib/libturtlebot3_msgs__rosidl_typesupport_fastrtps_c.so
[49.213s] -- Set runtime path of "/catkin_ws/rover_sim_ws/install/turtlebot3_msgs/lib/libturtlebot3_msgs__rosidl_typesupport_fastrtps_c.so" to ""
[49.214s] -- Up-to-date: /catkin_ws/rover_sim_ws/install/turtlebot3_msgs/include/turtlebot3_msgs/turtlebot3_msgs
[49.214s] -- Up-to-date: /catkin_ws/rover_sim_ws/install/turtlebot3_msgs/include/turtlebot3_msgs/turtlebot3_msgs/action
[49.214s] -- Installing: /catkin_ws/rover_sim_ws/install/turtlebot3_msgs/include/turtlebot3_msgs/turtlebot3_msgs/action/patrol.hpp
[49.218s] -- Up-to-date: /catkin_ws/rover_sim_ws/install/turtlebot3_msgs/include/turtlebot3_msgs/turtlebot3_msgs/action/detail
[49.219s] -- Installing: /catkin_ws/rover_sim_ws/install/turtlebot3_msgs/include/turtlebot3_msgs/turtlebot3_msgs/action/detail/patrol__struct.hpp
[49.224s] -- Installing: /catkin_ws/rover_sim_ws/install/turtlebot3_msgs/include/turtlebot3_msgs/turtlebot3_msgs/action/detail/patrol__builder.hpp
[49.227s] -- Installing: /catkin_ws/rover_sim_ws/install/turtlebot3_msgs/include/turtlebot3_msgs/turtlebot3_msgs/action/detail/patrol__traits.hpp
[49.229s] -- Up-to-date: /catkin_ws/rover_sim_ws/install/turtlebot3_msgs/include/turtlebot3_msgs/turtlebot3_msgs/msg
[49.230s] -- Installing: /catkin_ws/rover_sim_ws/install/turtlebot3_msgs/include/turtlebot3_msgs/turtlebot3_msgs/msg/version_info.hpp
[49.231s] -- Up-to-date: /catkin_ws/rover_sim_ws/install/turtlebot3_msgs/include/turtlebot3_msgs/turtlebot3_msgs/msg/detail
[49.232s] -- Installing: /catkin_ws/rover_sim_ws/install/turtlebot3_msgs/include/turtlebot3_msgs/turtlebot3_msgs/msg/detail/version_info__builder.hpp
[49.232s] -- Installing: /catkin_ws/rover_sim_ws/install/turtlebot3_msgs/include/turtlebot3_msgs/turtlebot3_msgs/msg/detail/sensor_state__builder.hpp
[49.233s] -- Installing: /catkin_ws/rover_sim_ws/install/turtlebot3_msgs/include/turtlebot3_msgs/turtlebot3_msgs/msg/detail/sound__builder.hpp
[49.234s] -- Installing: /catkin_ws/rover_sim_ws/install/turtlebot3_msgs/include/turtlebot3_msgs/turtlebot3_msgs/msg/detail/version_info__struct.hpp
[49.235s] -- Installing: /catkin_ws/rover_sim_ws/install/turtlebot3_msgs/include/turtlebot3_msgs/turtlebot3_msgs/msg/detail/sensor_state__struct.hpp
[49.236s] -- Installing: /catkin_ws/rover_sim_ws/install/turtlebot3_msgs/include/turtlebot3_msgs/turtlebot3_msgs/msg/detail/sensor_state__traits.hpp
[49.238s] -- Installing: /catkin_ws/rover_sim_ws/install/turtlebot3_msgs/include/turtlebot3_msgs/turtlebot3_msgs/msg/detail/sound__struct.hpp
[49.238s] -- Installing: /catkin_ws/rover_sim_ws/install/turtlebot3_msgs/include/turtlebot3_msgs/turtlebot3_msgs/msg/detail/version_info__traits.hpp
[49.240s] -- Installing: /catkin_ws/rover_sim_ws/install/turtlebot3_msgs/include/turtlebot3_msgs/turtlebot3_msgs/msg/detail/sound__traits.hpp
[49.241s] -- Installing: /catkin_ws/rover_sim_ws/install/turtlebot3_msgs/include/turtlebot3_msgs/turtlebot3_msgs/msg/sound.hpp
[49.241s] -- Installing: /catkin_ws/rover_sim_ws/install/turtlebot3_msgs/include/turtlebot3_msgs/turtlebot3_msgs/msg/sensor_state.hpp
[49.242s] -- Up-to-date: /catkin_ws/rover_sim_ws/install/turtlebot3_msgs/include/turtlebot3_msgs/turtlebot3_msgs/srv
[49.243s] -- Installing: /catkin_ws/rover_sim_ws/install/turtlebot3_msgs/include/turtlebot3_msgs/turtlebot3_msgs/srv/dqn.hpp
[49.243s] -- Up-to-date: /catkin_ws/rover_sim_ws/install/turtlebot3_msgs/include/turtlebot3_msgs/turtlebot3_msgs/srv/detail
[49.243s] -- Installing: /catkin_ws/rover_sim_ws/install/turtlebot3_msgs/include/turtlebot3_msgs/turtlebot3_msgs/srv/detail/dqn__builder.hpp
[49.243s] -- Installing: /catkin_ws/rover_sim_ws/install/turtlebot3_msgs/include/turtlebot3_msgs/turtlebot3_msgs/srv/detail/sound__builder.hpp
[49.244s] -- Installing: /catkin_ws/rover_sim_ws/install/turtlebot3_msgs/include/turtlebot3_msgs/turtlebot3_msgs/srv/detail/dqn__struct.hpp
[49.245s] -- Installing: /catkin_ws/rover_sim_ws/install/turtlebot3_msgs/include/turtlebot3_msgs/turtlebot3_msgs/srv/detail/sound__struct.hpp
[49.245s] -- Installing: /catkin_ws/rover_sim_ws/install/turtlebot3_msgs/include/turtlebot3_msgs/turtlebot3_msgs/srv/detail/dqn__traits.hpp
[49.246s] -- Installing: /catkin_ws/rover_sim_ws/install/turtlebot3_msgs/include/turtlebot3_msgs/turtlebot3_msgs/srv/detail/sound__traits.hpp
[49.249s] -- Installing: /catkin_ws/rover_sim_ws/install/turtlebot3_msgs/include/turtlebot3_msgs/turtlebot3_msgs/srv/sound.hpp
[49.250s] -- Up-to-date: /catkin_ws/rover_sim_ws/install/turtlebot3_msgs/include/turtlebot3_msgs/turtlebot3_msgs
[49.250s] -- Up-to-date: /catkin_ws/rover_sim_ws/install/turtlebot3_msgs/include/turtlebot3_msgs/turtlebot3_msgs/action
[49.251s] -- Up-to-date: /catkin_ws/rover_sim_ws/install/turtlebot3_msgs/include/turtlebot3_msgs/turtlebot3_msgs/action/detail
[49.251s] -- Installing: /catkin_ws/rover_sim_ws/install/turtlebot3_msgs/include/turtlebot3_msgs/turtlebot3_msgs/action/detail/patrol__rosidl_typesupport_fastrtps_cpp.hpp
[49.252s] -- Installing: /catkin_ws/rover_sim_ws/install/turtlebot3_msgs/include/turtlebot3_msgs/turtlebot3_msgs/action/detail/dds_fastrtps
[49.252s] -- Up-to-date: /catkin_ws/rover_sim_ws/install/turtlebot3_msgs/include/turtlebot3_msgs/turtlebot3_msgs/msg
[49.252s] -- Up-to-date: /catkin_ws/rover_sim_ws/install/turtlebot3_msgs/include/turtlebot3_msgs/turtlebot3_msgs/msg/detail
[49.253s] -- Installing: /catkin_ws/rover_sim_ws/install/turtlebot3_msgs/include/turtlebot3_msgs/turtlebot3_msgs/msg/detail/sensor_state__rosidl_typesupport_fastrtps_cpp.hpp
[49.253s] -- Installing: /catkin_ws/rover_sim_ws/install/turtlebot3_msgs/include/turtlebot3_msgs/turtlebot3_msgs/msg/detail/sound__rosidl_typesupport_fastrtps_cpp.hpp
[49.254s] -- Installing: /catkin_ws/rover_sim_ws/install/turtlebot3_msgs/include/turtlebot3_msgs/turtlebot3_msgs/msg/detail/dds_fastrtps
[49.267s] -- Installing: /catkin_ws/rover_sim_ws/install/turtlebot3_msgs/include/turtlebot3_msgs/turtlebot3_msgs/msg/detail/version_info__rosidl_typesupport_fastrtps_cpp.hpp
[49.270s] -- Installing: /catkin_ws/rover_sim_ws/install/turtlebot3_msgs/include/turtlebot3_msgs/turtlebot3_msgs/msg/rosidl_typesupport_fastrtps_cpp__visibility_control.h
[49.271s] -- Up-to-date: /catkin_ws/rover_sim_ws/install/turtlebot3_msgs/include/turtlebot3_msgs/turtlebot3_msgs/srv
[49.271s] -- Up-to-date: /catkin_ws/rover_sim_ws/install/turtlebot3_msgs/include/turtlebot3_msgs/turtlebot3_msgs/srv/detail
[49.271s] -- Installing: /catkin_ws/rover_sim_ws/install/turtlebot3_msgs/include/turtlebot3_msgs/turtlebot3_msgs/srv/detail/dqn__rosidl_typesupport_fastrtps_cpp.hpp
[49.272s] -- Installing: /catkin_ws/rover_sim_ws/install/turtlebot3_msgs/include/turtlebot3_msgs/turtlebot3_msgs/srv/detail/sound__rosidl_typesupport_fastrtps_cpp.hpp
[49.277s] -- Installing: /catkin_ws/rover_sim_ws/install/turtlebot3_msgs/include/turtlebot3_msgs/turtlebot3_msgs/srv/detail/dds_fastrtps
[49.277s] -- Installing: /catkin_ws/rover_sim_ws/install/turtlebot3_msgs/lib/libturtlebot3_msgs__rosidl_typesupport_fastrtps_cpp.so
[49.314s] -- Set runtime path of "/catkin_ws/rover_sim_ws/install/turtlebot3_msgs/lib/libturtlebot3_msgs__rosidl_typesupport_fastrtps_cpp.so" to ""
[49.315s] -- Up-to-date: /catkin_ws/rover_sim_ws/install/turtlebot3_msgs/include/turtlebot3_msgs/turtlebot3_msgs
[49.317s] -- Up-to-date: /catkin_ws/rover_sim_ws/install/turtlebot3_msgs/include/turtlebot3_msgs/turtlebot3_msgs/action
[49.317s] -- Up-to-date: /catkin_ws/rover_sim_ws/install/turtlebot3_msgs/include/turtlebot3_msgs/turtlebot3_msgs/action/detail
[49.317s] -- Installing: /catkin_ws/rover_sim_ws/install/turtlebot3_msgs/include/turtlebot3_msgs/turtlebot3_msgs/action/detail/patrol__type_support.c
[49.322s] -- Installing: /catkin_ws/rover_sim_ws/install/turtlebot3_msgs/include/turtlebot3_msgs/turtlebot3_msgs/action/detail/patrol__rosidl_typesupport_introspection_c.h
[49.324s] -- Up-to-date: /catkin_ws/rover_sim_ws/install/turtlebot3_msgs/include/turtlebot3_msgs/turtlebot3_msgs/msg
[49.324s] -- Up-to-date: /catkin_ws/rover_sim_ws/install/turtlebot3_msgs/include/turtlebot3_msgs/turtlebot3_msgs/msg/detail
[49.325s] -- Installing: /catkin_ws/rover_sim_ws/install/turtlebot3_msgs/include/turtlebot3_msgs/turtlebot3_msgs/msg/detail/sound__type_support.c
[49.325s] -- Installing: /catkin_ws/rover_sim_ws/install/turtlebot3_msgs/include/turtlebot3_msgs/turtlebot3_msgs/msg/detail/version_info__rosidl_typesupport_introspection_c.h
[49.325s] -- Installing: /catkin_ws/rover_sim_ws/install/turtlebot3_msgs/include/turtlebot3_msgs/turtlebot3_msgs/msg/detail/version_info__type_support.c
[49.325s] -- Installing: /catkin_ws/rover_sim_ws/install/turtlebot3_msgs/include/turtlebot3_msgs/turtlebot3_msgs/msg/detail/sensor_state__type_support.c
[49.327s] -- Installing: /catkin_ws/rover_sim_ws/install/turtlebot3_msgs/include/turtlebot3_msgs/turtlebot3_msgs/msg/detail/sensor_state__rosidl_typesupport_introspection_c.h
[49.328s] -- Installing: /catkin_ws/rover_sim_ws/install/turtlebot3_msgs/include/turtlebot3_msgs/turtlebot3_msgs/msg/detail/sound__rosidl_typesupport_introspection_c.h
[49.329s] -- Installing: /catkin_ws/rover_sim_ws/install/turtlebot3_msgs/include/turtlebot3_msgs/turtlebot3_msgs/msg/rosidl_typesupport_introspection_c__visibility_control.h
[49.330s] -- Up-to-date: /catkin_ws/rover_sim_ws/install/turtlebot3_msgs/include/turtlebot3_msgs/turtlebot3_msgs/srv
[49.330s] -- Up-to-date: /catkin_ws/rover_sim_ws/install/turtlebot3_msgs/include/turtlebot3_msgs/turtlebot3_msgs/srv/detail
[49.331s] -- Installing: /catkin_ws/rover_sim_ws/install/turtlebot3_msgs/include/turtlebot3_msgs/turtlebot3_msgs/srv/detail/sound__type_support.c
[49.333s] -- Installing: /catkin_ws/rover_sim_ws/install/turtlebot3_msgs/include/turtlebot3_msgs/turtlebot3_msgs/srv/detail/dqn__rosidl_typesupport_introspection_c.h
[49.334s] -- Installing: /catkin_ws/rover_sim_ws/install/turtlebot3_msgs/include/turtlebot3_msgs/turtlebot3_msgs/srv/detail/dqn__type_support.c
[49.336s] -- Installing: /catkin_ws/rover_sim_ws/install/turtlebot3_msgs/include/turtlebot3_msgs/turtlebot3_msgs/srv/detail/sound__rosidl_typesupport_introspection_c.h
[49.337s] -- Installing: /catkin_ws/rover_sim_ws/install/turtlebot3_msgs/lib/libturtlebot3_msgs__rosidl_typesupport_introspection_c.so
[49.345s] -- Set runtime path of "/catkin_ws/rover_sim_ws/install/turtlebot3_msgs/lib/libturtlebot3_msgs__rosidl_typesupport_introspection_c.so" to ""
[49.345s] -- Installing: /catkin_ws/rover_sim_ws/install/turtlebot3_msgs/lib/libturtlebot3_msgs__rosidl_typesupport_c.so
[49.355s] -- Set runtime path of "/catkin_ws/rover_sim_ws/install/turtlebot3_msgs/lib/libturtlebot3_msgs__rosidl_typesupport_c.so" to ""
[49.355s] -- Up-to-date: /catkin_ws/rover_sim_ws/install/turtlebot3_msgs/include/turtlebot3_msgs/turtlebot3_msgs
[49.356s] -- Up-to-date: /catkin_ws/rover_sim_ws/install/turtlebot3_msgs/include/turtlebot3_msgs/turtlebot3_msgs/action
[49.356s] -- Up-to-date: /catkin_ws/rover_sim_ws/install/turtlebot3_msgs/include/turtlebot3_msgs/turtlebot3_msgs/action/detail
[49.356s] -- Installing: /catkin_ws/rover_sim_ws/install/turtlebot3_msgs/include/turtlebot3_msgs/turtlebot3_msgs/action/detail/patrol__type_support.cpp
[49.358s] -- Installing: /catkin_ws/rover_sim_ws/install/turtlebot3_msgs/include/turtlebot3_msgs/turtlebot3_msgs/action/detail/patrol__rosidl_typesupport_introspection_cpp.hpp
[49.358s] -- Up-to-date: /catkin_ws/rover_sim_ws/install/turtlebot3_msgs/include/turtlebot3_msgs/turtlebot3_msgs/msg
[49.359s] -- Up-to-date: /catkin_ws/rover_sim_ws/install/turtlebot3_msgs/include/turtlebot3_msgs/turtlebot3_msgs/msg/detail
[49.359s] -- Installing: /catkin_ws/rover_sim_ws/install/turtlebot3_msgs/include/turtlebot3_msgs/turtlebot3_msgs/msg/detail/sound__rosidl_typesupport_introspection_cpp.hpp
[49.360s] -- Installing: /catkin_ws/rover_sim_ws/install/turtlebot3_msgs/include/turtlebot3_msgs/turtlebot3_msgs/msg/detail/sound__type_support.cpp
[49.363s] -- Installing: /catkin_ws/rover_sim_ws/install/turtlebot3_msgs/include/turtlebot3_msgs/turtlebot3_msgs/msg/detail/sensor_state__type_support.cpp
[49.364s] -- Installing: /catkin_ws/rover_sim_ws/install/turtlebot3_msgs/include/turtlebot3_msgs/turtlebot3_msgs/msg/detail/version_info__rosidl_typesupport_introspection_cpp.hpp
[49.365s] -- Installing: /catkin_ws/rover_sim_ws/install/turtlebot3_msgs/include/turtlebot3_msgs/turtlebot3_msgs/msg/detail/version_info__type_support.cpp
[49.370s] -- Installing: /catkin_ws/rover_sim_ws/install/turtlebot3_msgs/include/turtlebot3_msgs/turtlebot3_msgs/msg/detail/sensor_state__rosidl_typesupport_introspection_cpp.hpp
[49.371s] -- Up-to-date: /catkin_ws/rover_sim_ws/install/turtlebot3_msgs/include/turtlebot3_msgs/turtlebot3_msgs/srv
[49.371s] -- Up-to-date: /catkin_ws/rover_sim_ws/install/turtlebot3_msgs/include/turtlebot3_msgs/turtlebot3_msgs/srv/detail
[49.371s] -- Installing: /catkin_ws/rover_sim_ws/install/turtlebot3_msgs/include/turtlebot3_msgs/turtlebot3_msgs/srv/detail/dqn__rosidl_typesupport_introspection_cpp.hpp
[49.371s] -- Installing: /catkin_ws/rover_sim_ws/install/turtlebot3_msgs/include/turtlebot3_msgs/turtlebot3_msgs/srv/detail/sound__rosidl_typesupport_introspection_cpp.hpp
[49.372s] -- Installing: /catkin_ws/rover_sim_ws/install/turtlebot3_msgs/include/turtlebot3_msgs/turtlebot3_msgs/srv/detail/sound__type_support.cpp
[49.373s] -- Installing: /catkin_ws/rover_sim_ws/install/turtlebot3_msgs/include/turtlebot3_msgs/turtlebot3_msgs/srv/detail/dqn__type_support.cpp
[49.373s] -- Installing: /catkin_ws/rover_sim_ws/install/turtlebot3_msgs/lib/libturtlebot3_msgs__rosidl_typesupport_introspection_cpp.so
[49.375s] -- Set runtime path of "/catkin_ws/rover_sim_ws/install/turtlebot3_msgs/lib/libturtlebot3_msgs__rosidl_typesupport_introspection_cpp.so" to ""
[49.376s] -- Installing: /catkin_ws/rover_sim_ws/install/turtlebot3_msgs/lib/libturtlebot3_msgs__rosidl_typesupport_cpp.so
[49.378s] -- Set runtime path of "/catkin_ws/rover_sim_ws/install/turtlebot3_msgs/lib/libturtlebot3_msgs__rosidl_typesupport_cpp.so" to ""
[49.379s] -- Installing: /catkin_ws/rover_sim_ws/install/turtlebot3_msgs/share/turtlebot3_msgs/environment/pythonpath.sh
[49.379s] -- Installing: /catkin_ws/rover_sim_ws/install/turtlebot3_msgs/share/turtlebot3_msgs/environment/pythonpath.dsv
[49.380s] -- Installing: /catkin_ws/rover_sim_ws/install/turtlebot3_msgs/local/lib/python3.10/dist-packages/turtlebot3_msgs-2.2.3-py3.10.egg-info
[49.389s] -- Installing: /catkin_ws/rover_sim_ws/install/turtlebot3_msgs/local/lib/python3.10/dist-packages/turtlebot3_msgs-2.2.3-py3.10.egg-info/dependency_links.txt
[49.390s] -- Installing: /catkin_ws/rover_sim_ws/install/turtlebot3_msgs/local/lib/python3.10/dist-packages/turtlebot3_msgs-2.2.3-py3.10.egg-info/PKG-INFO
[49.390s] -- Installing: /catkin_ws/rover_sim_ws/install/turtlebot3_msgs/local/lib/python3.10/dist-packages/turtlebot3_msgs-2.2.3-py3.10.egg-info/top_level.txt
[49.390s] -- Installing: /catkin_ws/rover_sim_ws/install/turtlebot3_msgs/local/lib/python3.10/dist-packages/turtlebot3_msgs-2.2.3-py3.10.egg-info/SOURCES.txt
[49.391s] -- Installing: /catkin_ws/rover_sim_ws/install/turtlebot3_msgs/local/lib/python3.10/dist-packages/turtlebot3_msgs
[49.391s] -- Installing: /catkin_ws/rover_sim_ws/install/turtlebot3_msgs/local/lib/python3.10/dist-packages/turtlebot3_msgs/turtlebot3_msgs_s__rosidl_typesupport_fastrtps_c.cpython-310-x86_64-linux-gnu.so
[49.396s] -- Installing: /catkin_ws/rover_sim_ws/install/turtlebot3_msgs/local/lib/python3.10/dist-packages/turtlebot3_msgs/__init__.py
[49.397s] -- Installing: /catkin_ws/rover_sim_ws/install/turtlebot3_msgs/local/lib/python3.10/dist-packages/turtlebot3_msgs/turtlebot3_msgs_s__rosidl_typesupport_introspection_c.cpython-310-x86_64-linux-gnu.so
[49.405s] -- Installing: /catkin_ws/rover_sim_ws/install/turtlebot3_msgs/local/lib/python3.10/dist-packages/turtlebot3_msgs/libturtlebot3_msgs__rosidl_generator_py.so
[49.413s] -- Installing: /catkin_ws/rover_sim_ws/install/turtlebot3_msgs/local/lib/python3.10/dist-packages/turtlebot3_msgs/_turtlebot3_msgs_s.ep.rosidl_typesupport_c.c
[49.431s] -- Installing: /catkin_ws/rover_sim_ws/install/turtlebot3_msgs/local/lib/python3.10/dist-packages/turtlebot3_msgs/action
[49.432s] -- Installing: /catkin_ws/rover_sim_ws/install/turtlebot3_msgs/local/lib/python3.10/dist-packages/turtlebot3_msgs/action/_patrol.py
[49.442s] -- Installing: /catkin_ws/rover_sim_ws/install/turtlebot3_msgs/local/lib/python3.10/dist-packages/turtlebot3_msgs/action/__init__.py
[49.444s] -- Installing: /catkin_ws/rover_sim_ws/install/turtlebot3_msgs/local/lib/python3.10/dist-packages/turtlebot3_msgs/action/_patrol_s.c
[49.446s] -- Installing: /catkin_ws/rover_sim_ws/install/turtlebot3_msgs/local/lib/python3.10/dist-packages/turtlebot3_msgs/turtlebot3_msgs_s__rosidl_typesupport_c.cpython-310-x86_64-linux-gnu.so
[49.456s] -- Installing: /catkin_ws/rover_sim_ws/install/turtlebot3_msgs/local/lib/python3.10/dist-packages/turtlebot3_msgs/msg
[49.457s] -- Installing: /catkin_ws/rover_sim_ws/install/turtlebot3_msgs/local/lib/python3.10/dist-packages/turtlebot3_msgs/msg/__init__.py
[49.459s] -- Installing: /catkin_ws/rover_sim_ws/install/turtlebot3_msgs/local/lib/python3.10/dist-packages/turtlebot3_msgs/msg/_sensor_state_s.c
[49.460s] -- Installing: /catkin_ws/rover_sim_ws/install/turtlebot3_msgs/local/lib/python3.10/dist-packages/turtlebot3_msgs/msg/_sound_s.c
[49.460s] -- Installing: /catkin_ws/rover_sim_ws/install/turtlebot3_msgs/local/lib/python3.10/dist-packages/turtlebot3_msgs/msg/_version_info_s.c
[49.461s] -- Installing: /catkin_ws/rover_sim_ws/install/turtlebot3_msgs/local/lib/python3.10/dist-packages/turtlebot3_msgs/msg/_version_info.py
[49.463s] -- Installing: /catkin_ws/rover_sim_ws/install/turtlebot3_msgs/local/lib/python3.10/dist-packages/turtlebot3_msgs/msg/_sound.py
[49.464s] -- Installing: /catkin_ws/rover_sim_ws/install/turtlebot3_msgs/local/lib/python3.10/dist-packages/turtlebot3_msgs/msg/_sensor_state.py
[49.471s] -- Installing: /catkin_ws/rover_sim_ws/install/turtlebot3_msgs/local/lib/python3.10/dist-packages/turtlebot3_msgs/_turtlebot3_msgs_s.ep.rosidl_typesupport_introspection_c.c
[49.474s] -- Installing: /catkin_ws/rover_sim_ws/install/turtlebot3_msgs/local/lib/python3.10/dist-packages/turtlebot3_msgs/srv
[49.475s] -- Installing: /catkin_ws/rover_sim_ws/install/turtlebot3_msgs/local/lib/python3.10/dist-packages/turtlebot3_msgs/srv/__init__.py
[49.476s] -- Installing: /catkin_ws/rover_sim_ws/install/turtlebot3_msgs/local/lib/python3.10/dist-packages/turtlebot3_msgs/srv/_sound_s.c
[49.476s] -- Installing: /catkin_ws/rover_sim_ws/install/turtlebot3_msgs/local/lib/python3.10/dist-packages/turtlebot3_msgs/srv/_dqn_s.c
[49.478s] -- Installing: /catkin_ws/rover_sim_ws/install/turtlebot3_msgs/local/lib/python3.10/dist-packages/turtlebot3_msgs/srv/_sound.py
[49.480s] -- Installing: /catkin_ws/rover_sim_ws/install/turtlebot3_msgs/local/lib/python3.10/dist-packages/turtlebot3_msgs/srv/_dqn.py
[49.482s] -- Installing: /catkin_ws/rover_sim_ws/install/turtlebot3_msgs/local/lib/python3.10/dist-packages/turtlebot3_msgs/_turtlebot3_msgs_s.ep.rosidl_typesupport_fastrtps_c.c
[50.102s] Listing '/catkin_ws/rover_sim_ws/install/turtlebot3_msgs/local/lib/python3.10/dist-packages/turtlebot3_msgs'...
[50.102s] Compiling '/catkin_ws/rover_sim_ws/install/turtlebot3_msgs/local/lib/python3.10/dist-packages/turtlebot3_msgs/__init__.py'...
[50.102s] Listing '/catkin_ws/rover_sim_ws/install/turtlebot3_msgs/local/lib/python3.10/dist-packages/turtlebot3_msgs/action'...
[50.102s] Compiling '/catkin_ws/rover_sim_ws/install/turtlebot3_msgs/local/lib/python3.10/dist-packages/turtlebot3_msgs/action/__init__.py'...
[50.103s] Compiling '/catkin_ws/rover_sim_ws/install/turtlebot3_msgs/local/lib/python3.10/dist-packages/turtlebot3_msgs/action/_patrol.py'...
[50.103s] Listing '/catkin_ws/rover_sim_ws/install/turtlebot3_msgs/local/lib/python3.10/dist-packages/turtlebot3_msgs/msg'...
[50.104s] Compiling '/catkin_ws/rover_sim_ws/install/turtlebot3_msgs/local/lib/python3.10/dist-packages/turtlebot3_msgs/msg/__init__.py'...
[50.104s] Compiling '/catkin_ws/rover_sim_ws/install/turtlebot3_msgs/local/lib/python3.10/dist-packages/turtlebot3_msgs/msg/_sensor_state.py'...
[50.104s] Compiling '/catkin_ws/rover_sim_ws/install/turtlebot3_msgs/local/lib/python3.10/dist-packages/turtlebot3_msgs/msg/_sound.py'...
[50.104s] Compiling '/catkin_ws/rover_sim_ws/install/turtlebot3_msgs/local/lib/python3.10/dist-packages/turtlebot3_msgs/msg/_version_info.py'...
[50.104s] Listing '/catkin_ws/rover_sim_ws/install/turtlebot3_msgs/local/lib/python3.10/dist-packages/turtlebot3_msgs/srv'...
[50.105s] Compiling '/catkin_ws/rover_sim_ws/install/turtlebot3_msgs/local/lib/python3.10/dist-packages/turtlebot3_msgs/srv/__init__.py'...
[50.105s] Compiling '/catkin_ws/rover_sim_ws/install/turtlebot3_msgs/local/lib/python3.10/dist-packages/turtlebot3_msgs/srv/_dqn.py'...
[50.105s] Compiling '/catkin_ws/rover_sim_ws/install/turtlebot3_msgs/local/lib/python3.10/dist-packages/turtlebot3_msgs/srv/_sound.py'...
[50.105s] -- Installing: /catkin_ws/rover_sim_ws/install/turtlebot3_msgs/local/lib/python3.10/dist-packages/turtlebot3_msgs/turtlebot3_msgs_s__rosidl_typesupport_fastrtps_c.cpython-310-x86_64-linux-gnu.so
[50.105s] -- Set runtime path of "/catkin_ws/rover_sim_ws/install/turtlebot3_msgs/local/lib/python3.10/dist-packages/turtlebot3_msgs/turtlebot3_msgs_s__rosidl_typesupport_fastrtps_c.cpython-310-x86_64-linux-gnu.so" to ""
[50.105s] -- Installing: /catkin_ws/rover_sim_ws/install/turtlebot3_msgs/local/lib/python3.10/dist-packages/turtlebot3_msgs/turtlebot3_msgs_s__rosidl_typesupport_introspection_c.cpython-310-x86_64-linux-gnu.so
[50.106s] -- Set runtime path of "/catkin_ws/rover_sim_ws/install/turtlebot3_msgs/local/lib/python3.10/dist-packages/turtlebot3_msgs/turtlebot3_msgs_s__rosidl_typesupport_introspection_c.cpython-310-x86_64-linux-gnu.so" to ""
[50.106s] -- Installing: /catkin_ws/rover_sim_ws/install/turtlebot3_msgs/local/lib/python3.10/dist-packages/turtlebot3_msgs/turtlebot3_msgs_s__rosidl_typesupport_c.cpython-310-x86_64-linux-gnu.so
[50.106s] -- Set runtime path of "/catkin_ws/rover_sim_ws/install/turtlebot3_msgs/local/lib/python3.10/dist-packages/turtlebot3_msgs/turtlebot3_msgs_s__rosidl_typesupport_c.cpython-310-x86_64-linux-gnu.so" to ""
[50.106s] -- Installing: /catkin_ws/rover_sim_ws/install/turtlebot3_msgs/lib/libturtlebot3_msgs__rosidl_generator_py.so
[50.107s] -- Set runtime path of "/catkin_ws/rover_sim_ws/install/turtlebot3_msgs/lib/libturtlebot3_msgs__rosidl_generator_py.so" to ""
[50.107s] -- Installing: /catkin_ws/rover_sim_ws/install/turtlebot3_msgs/share/turtlebot3_msgs/msg/SensorState.idl
[50.108s] -- Installing: /catkin_ws/rover_sim_ws/install/turtlebot3_msgs/share/turtlebot3_msgs/msg/Sound.idl
[50.108s] -- Installing: /catkin_ws/rover_sim_ws/install/turtlebot3_msgs/share/turtlebot3_msgs/msg/VersionInfo.idl
[50.108s] -- Installing: /catkin_ws/rover_sim_ws/install/turtlebot3_msgs/share/turtlebot3_msgs/srv/Sound.idl
[50.108s] -- Installing: /catkin_ws/rover_sim_ws/install/turtlebot3_msgs/share/turtlebot3_msgs/srv/Dqn.idl
[50.109s] -- Installing: /catkin_ws/rover_sim_ws/install/turtlebot3_msgs/share/turtlebot3_msgs/action/Patrol.idl
[50.110s] -- Installing: /catkin_ws/rover_sim_ws/install/turtlebot3_msgs/share/turtlebot3_msgs/msg/SensorState.msg
[50.110s] -- Installing: /catkin_ws/rover_sim_ws/install/turtlebot3_msgs/share/turtlebot3_msgs/msg/Sound.msg
[50.112s] -- Installing: /catkin_ws/rover_sim_ws/install/turtlebot3_msgs/share/turtlebot3_msgs/msg/VersionInfo.msg
[50.114s] -- Installing: /catkin_ws/rover_sim_ws/install/turtlebot3_msgs/share/turtlebot3_msgs/srv/Sound.srv
[50.115s] -- Installing: /catkin_ws/rover_sim_ws/install/turtlebot3_msgs/share/turtlebot3_msgs/srv/Sound_Request.msg
[50.116s] -- Installing: /catkin_ws/rover_sim_ws/install/turtlebot3_msgs/share/turtlebot3_msgs/srv/Sound_Response.msg
[50.120s] -- Installing: /catkin_ws/rover_sim_ws/install/turtlebot3_msgs/share/turtlebot3_msgs/srv/Dqn.srv
[50.121s] -- Installing: /catkin_ws/rover_sim_ws/install/turtlebot3_msgs/share/turtlebot3_msgs/srv/Dqn_Request.msg
[50.121s] -- Installing: /catkin_ws/rover_sim_ws/install/turtlebot3_msgs/share/turtlebot3_msgs/srv/Dqn_Response.msg
[50.121s] -- Installing: /catkin_ws/rover_sim_ws/install/turtlebot3_msgs/share/turtlebot3_msgs/action/Patrol.action
[50.123s] -- Installing: /catkin_ws/rover_sim_ws/install/turtlebot3_msgs/share/ament_index/resource_index/package_run_dependencies/turtlebot3_msgs
[50.124s] -- Installing: /catkin_ws/rover_sim_ws/install/turtlebot3_msgs/share/ament_index/resource_index/parent_prefix_path/turtlebot3_msgs
[50.126s] -- Installing: /catkin_ws/rover_sim_ws/install/turtlebot3_msgs/share/turtlebot3_msgs/environment/ament_prefix_path.sh
[50.126s] -- Installing: /catkin_ws/rover_sim_ws/install/turtlebot3_msgs/share/turtlebot3_msgs/environment/ament_prefix_path.dsv
[50.127s] -- Installing: /catkin_ws/rover_sim_ws/install/turtlebot3_msgs/share/turtlebot3_msgs/environment/path.sh
[50.128s] -- Installing: /catkin_ws/rover_sim_ws/install/turtlebot3_msgs/share/turtlebot3_msgs/environment/path.dsv
[50.128s] -- Installing: /catkin_ws/rover_sim_ws/install/turtlebot3_msgs/share/turtlebot3_msgs/local_setup.bash
[50.129s] -- Installing: /catkin_ws/rover_sim_ws/install/turtlebot3_msgs/share/turtlebot3_msgs/local_setup.sh
[50.129s] -- Installing: /catkin_ws/rover_sim_ws/install/turtlebot3_msgs/share/turtlebot3_msgs/local_setup.zsh
[50.131s] -- Installing: /catkin_ws/rover_sim_ws/install/turtlebot3_msgs/share/turtlebot3_msgs/local_setup.dsv
[50.131s] -- Installing: /catkin_ws/rover_sim_ws/install/turtlebot3_msgs/share/turtlebot3_msgs/package.dsv
[50.132s] -- Installing: /catkin_ws/rover_sim_ws/install/turtlebot3_msgs/share/ament_index/resource_index/packages/turtlebot3_msgs
[50.133s] -- Installing: /catkin_ws/rover_sim_ws/install/turtlebot3_msgs/share/turtlebot3_msgs/cmake/export_turtlebot3_msgs__rosidl_generator_cExport.cmake
[50.134s] -- Installing: /catkin_ws/rover_sim_ws/install/turtlebot3_msgs/share/turtlebot3_msgs/cmake/export_turtlebot3_msgs__rosidl_generator_cExport-noconfig.cmake
[50.135s] -- Installing: /catkin_ws/rover_sim_ws/install/turtlebot3_msgs/share/turtlebot3_msgs/cmake/export_turtlebot3_msgs__rosidl_typesupport_fastrtps_cExport.cmake
[50.136s] -- Installing: /catkin_ws/rover_sim_ws/install/turtlebot3_msgs/share/turtlebot3_msgs/cmake/export_turtlebot3_msgs__rosidl_typesupport_fastrtps_cExport-noconfig.cmake
[50.136s] -- Installing: /catkin_ws/rover_sim_ws/install/turtlebot3_msgs/share/turtlebot3_msgs/cmake/export_turtlebot3_msgs__rosidl_generator_cppExport.cmake
[50.137s] -- Installing: /catkin_ws/rover_sim_ws/install/turtlebot3_msgs/share/turtlebot3_msgs/cmake/export_turtlebot3_msgs__rosidl_typesupport_fastrtps_cppExport.cmake
[50.137s] -- Installing: /catkin_ws/rover_sim_ws/install/turtlebot3_msgs/share/turtlebot3_msgs/cmake/export_turtlebot3_msgs__rosidl_typesupport_fastrtps_cppExport-noconfig.cmake
[50.138s] -- Installing: /catkin_ws/rover_sim_ws/install/turtlebot3_msgs/share/turtlebot3_msgs/cmake/turtlebot3_msgs__rosidl_typesupport_introspection_cExport.cmake
[50.139s] -- Installing: /catkin_ws/rover_sim_ws/install/turtlebot3_msgs/share/turtlebot3_msgs/cmake/turtlebot3_msgs__rosidl_typesupport_introspection_cExport-noconfig.cmake
[50.139s] -- Installing: /catkin_ws/rover_sim_ws/install/turtlebot3_msgs/share/turtlebot3_msgs/cmake/turtlebot3_msgs__rosidl_typesupport_cExport.cmake
[50.140s] -- Installing: /catkin_ws/rover_sim_ws/install/turtlebot3_msgs/share/turtlebot3_msgs/cmake/turtlebot3_msgs__rosidl_typesupport_cExport-noconfig.cmake
[50.140s] -- Installing: /catkin_ws/rover_sim_ws/install/turtlebot3_msgs/share/turtlebot3_msgs/cmake/turtlebot3_msgs__rosidl_typesupport_introspection_cppExport.cmake
[50.141s] -- Installing: /catkin_ws/rover_sim_ws/install/turtlebot3_msgs/share/turtlebot3_msgs/cmake/turtlebot3_msgs__rosidl_typesupport_introspection_cppExport-noconfig.cmake
[50.142s] -- Installing: /catkin_ws/rover_sim_ws/install/turtlebot3_msgs/share/turtlebot3_msgs/cmake/turtlebot3_msgs__rosidl_typesupport_cppExport.cmake
[50.142s] -- Installing: /catkin_ws/rover_sim_ws/install/turtlebot3_msgs/share/turtlebot3_msgs/cmake/turtlebot3_msgs__rosidl_typesupport_cppExport-noconfig.cmake
[50.143s] -- Installing: /catkin_ws/rover_sim_ws/install/turtlebot3_msgs/share/turtlebot3_msgs/cmake/export_turtlebot3_msgs__rosidl_generator_pyExport.cmake
[50.144s] -- Installing: /catkin_ws/rover_sim_ws/install/turtlebot3_msgs/share/turtlebot3_msgs/cmake/export_turtlebot3_msgs__rosidl_generator_pyExport-noconfig.cmake
[50.144s] -- Installing: /catkin_ws/rover_sim_ws/install/turtlebot3_msgs/share/turtlebot3_msgs/cmake/rosidl_cmake-extras.cmake
[50.145s] -- Installing: /catkin_ws/rover_sim_ws/install/turtlebot3_msgs/share/turtlebot3_msgs/cmake/ament_cmake_export_dependencies-extras.cmake
[50.145s] -- Installing: /catkin_ws/rover_sim_ws/install/turtlebot3_msgs/share/turtlebot3_msgs/cmake/ament_cmake_export_include_directories-extras.cmake
[50.146s] -- Installing: /catkin_ws/rover_sim_ws/install/turtlebot3_msgs/share/turtlebot3_msgs/cmake/ament_cmake_export_libraries-extras.cmake
[50.147s] -- Installing: /catkin_ws/rover_sim_ws/install/turtlebot3_msgs/share/turtlebot3_msgs/cmake/ament_cmake_export_targets-extras.cmake
[50.147s] -- Installing: /catkin_ws/rover_sim_ws/install/turtlebot3_msgs/share/turtlebot3_msgs/cmake/rosidl_cmake_export_typesupport_targets-extras.cmake
[50.148s] -- Installing: /catkin_ws/rover_sim_ws/install/turtlebot3_msgs/share/turtlebot3_msgs/cmake/rosidl_cmake_export_typesupport_libraries-extras.cmake
[50.149s] -- Installing: /catkin_ws/rover_sim_ws/install/turtlebot3_msgs/share/turtlebot3_msgs/cmake/turtlebot3_msgsConfig.cmake
[50.149s] -- Installing: /catkin_ws/rover_sim_ws/install/turtlebot3_msgs/share/turtlebot3_msgs/cmake/turtlebot3_msgsConfig-version.cmake
[50.150s] -- Installing: /catkin_ws/rover_sim_ws/install/turtlebot3_msgs/share/turtlebot3_msgs/package.xml
[50.173s] Invoked command in '/catkin_ws/rover_sim_ws/build/turtlebot3_msgs' returned '0': CMAKE_PREFIX_PATH=/opt/ros/humble /usr/bin/cmake --install /catkin_ws/rover_sim_ws/build/turtlebot3_msgs
