[0.105s] Invoking command in '/catkin_ws/rover_sim_ws/build/gz_ros2_control': CMAKE_PREFIX_PATH=/opt/ros/humble /usr/bin/cmake /catkin_ws/rover_sim_ws/src/gz_ros2_control/gz_ros2_control -DCMAKE_INSTALL_PREFIX=/catkin_ws/rover_sim_ws/install/gz_ros2_control
[0.667s] -- The C compiler identification is GNU 11.4.0
[0.833s] -- The CXX compiler identification is GNU 11.4.0
[0.833s] -- Detecting C compiler ABI info
[0.833s] -- Detecting C compiler ABI info - done
[0.833s] -- Check for working C compiler: /usr/bin/cc - skipped
[0.834s] -- Detecting C compile features
[0.834s] -- Detecting C compile features - done
[0.834s] -- Detecting CXX compiler ABI info
[0.834s] -- Detecting CXX compiler ABI info - done
[0.835s] -- Check for working CXX compiler: /usr/bin/c++ - skipped
[0.835s] -- Detecting CXX compile features
[0.835s] -- Detecting CXX compile features - done
[0.835s] -- Found ament_cmake: 1.3.6 (/opt/ros/humble/share/ament_cmake/cmake)
[0.835s] -- Found Python3: /usr/bin/python3.10 (found version "3.10.12") found components: Interpreter 
[0.851s] -- Found ament_index_cpp: 1.4.0 (/opt/ros/humble/share/ament_index_cpp/cmake)
[0.853s] -- Found controller_manager: 2.36.0 (/opt/ros/humble/share/controller_manager/cmake)
[0.928s] -- Found rosidl_generator_c: 3.1.5 (/opt/ros/humble/share/rosidl_generator_c/cmake)
[0.937s] -- Found rosidl_adapter: 3.1.5 (/opt/ros/humble/share/rosidl_adapter/cmake)
[0.951s] -- Found rosidl_generator_cpp: 3.1.5 (/opt/ros/humble/share/rosidl_generator_cpp/cmake)
[0.971s] -- Using all available rosidl_typesupport_c: rosidl_typesupport_fastrtps_c;rosidl_typesupport_introspection_c
[1.003s] -- Using all available rosidl_typesupport_cpp: rosidl_typesupport_fastrtps_cpp;rosidl_typesupport_introspection_cpp
[1.813s] -- Found rmw_implementation_cmake: 6.1.1 (/opt/ros/humble/share/rmw_implementation_cmake/cmake)
[1.818s] -- Found rmw_fastrtps_cpp: 6.2.5 (/opt/ros/humble/share/rmw_fastrtps_cpp/cmake)
[1.883s] -- Found TinyXML2 via Config file: TinyXML2_DIR-NOTFOUND
[1.929s] -- Found OpenSSL: /usr/lib/x86_64-linux-gnu/libcrypto.so (found version "3.0.2")  
[1.935s] -- Found TinyXML2 via Config file: TinyXML2_DIR-NOTFOUND
[1.946s] -- Found FastRTPS: /opt/ros/humble/include  
[1.956s] -- Found TinyXML2 via Config file: TinyXML2_DIR-NOTFOUND
[1.963s] -- Found TinyXML2 via Config file: TinyXML2_DIR-NOTFOUND
[1.971s] -- Using RMW implementation 'rmw_fastrtps_cpp' as default
[1.995s] -- Looking for pthread.h
[2.073s] -- Looking for pthread.h - found
[2.073s] -- Performing Test CMAKE_HAVE_LIBC_PTHREAD
[2.148s] -- Performing Test CMAKE_HAVE_LIBC_PTHREAD - Success
[2.149s] -- Found Threads: TRUE  
[2.826s] -- Found yaml_cpp_vendor: 8.0.2 (/opt/ros/humble/share/yaml_cpp_vendor/cmake)
[2.853s] -- Looking for ignition-gazebo6 -- found version 6.15.0
[2.864s] -- Searching for dependencies of ignition-gazebo6
[2.868s] -- Looking for sdformat12 -- found version 12.7.2
[2.868s] -- Searching for dependencies of sdformat12
[2.873s] -- Checking for module 'tinyxml2'
[2.882s] --   Found tinyxml2, version 9.0.0
[2.909s] -- Looking for ignition-math6 -- found version 6.15.0
[2.910s] -- Searching for dependencies of ignition-math6
[2.916s] -- Looking for ignition-utils1 -- found version 1.5.1
[2.917s] -- Searching for dependencies of ignition-utils1
[2.923s] -- Looking for ignition-plugin1 -- found version 1.4.0
[2.923s] -- Searching for dependencies of ignition-plugin1
[2.925s] -- Searching for <ignition-plugin1> component [loader]
[2.928s] -- Looking for ignition-plugin1-loader -- found version 1.4.0
[2.929s] -- Searching for dependencies of ignition-plugin1-loader
[2.930s] -- Searching for <ignition-plugin1> component [register]
[2.932s] -- Looking for ignition-plugin1-register -- found version 1.4.0
[2.933s] -- Searching for dependencies of ignition-plugin1-register
[2.937s] -- Looking for ignition-transport11 -- found version 11.4.1
[2.938s] -- Searching for dependencies of ignition-transport11
[2.986s] -- Found Protobuf: /usr/lib/x86_64-linux-gnu/libprotobuf.so (found version "3.12.4") 
[2.997s] -- Config-file not installed for ZeroMQ -- checking for pkg-config
[3.001s] -- Checking for module 'libzmq >= 4'
[3.015s] --   Found libzmq , version 4.3.4
[3.039s] -- Found ZeroMQ: TRUE (Required is at least version "4") 
[3.046s] -- Checking for module 'uuid'
[3.054s] --   Found uuid, version 2.37.2
[3.074s] -- Found UUID: TRUE  
[3.074s] -- Looking for ignition-utils1 -- found version 1.5.1
[3.075s] -- Searching for dependencies of ignition-utils1
[3.075s] -- Searching for <ignition-utils1> component [cli]
[3.080s] -- Looking for ignition-utils1-cli -- found version 1.5.1
[3.080s] -- Searching for dependencies of ignition-utils1-cli
[3.085s] -- Looking for ignition-msgs8 -- found version 8.7.0
[3.085s] -- Searching for dependencies of ignition-msgs8
[3.103s] -- Found Protobuf: /usr/lib/x86_64-linux-gnu/libprotobuf.so (found suitable version "3.12.4", minimum required is "3") 
[3.104s] -- Looking for ignition-math6 -- found version 6.15.0
[3.114s] -- Searching for <ignition-transport11> component [log]
[3.119s] -- Looking for ignition-transport11-log -- found version 11.4.1
[3.119s] -- Searching for dependencies of ignition-transport11-log
[3.121s] -- Searching for <ignition-transport11> component [parameters]
[3.124s] -- Looking for ignition-transport11-parameters -- found version 11.4.1
[3.124s] -- Searching for dependencies of ignition-transport11-parameters
[3.126s] -- Looking for ignition-msgs8 -- found version 8.7.0
[3.134s] -- Looking for ignition-common4 -- found version 4.7.0
[3.134s] -- Searching for dependencies of ignition-common4
[3.136s] -- Looking for dlfcn.h - found
[3.137s] -- Looking for libdl - found
[3.139s] -- Found DL: TRUE  
[3.146s] -- Searching for <ignition-common4> component [profiler]
[3.150s] -- Looking for ignition-common4-profiler -- found version 4.7.0
[3.151s] -- Searching for dependencies of ignition-common4-profiler
[3.152s] -- Searching for <ignition-common4> component [events]
[3.157s] -- Looking for ignition-common4-events -- found version 4.7.0
[3.158s] -- Searching for dependencies of ignition-common4-events
[3.159s] -- Looking for ignition-math6 -- found version 6.15.0
[3.160s] -- Searching for <ignition-common4> component [av]
[3.163s] -- Looking for ignition-common4-av -- found version 4.7.0
[3.163s] -- Searching for dependencies of ignition-common4-av
[3.169s] -- Checking for module 'libswscale'
[3.178s] --   Found libswscale, version 5.9.100
[3.201s] -- Found SWSCALE: TRUE  
[3.205s] -- Checking for module 'libavdevice >= 56.4.100'
[3.217s] --   Found libavdevice , version 58.13.100
[3.242s] -- Found AVDEVICE: TRUE (Required is at least version "56.4.100") 
[3.247s] -- Checking for module 'libavformat'
[3.256s] --   Found libavformat, version 58.76.100
[3.276s] -- Found AVFORMAT: TRUE  
[3.281s] -- Checking for module 'libavcodec'
[3.289s] --   Found libavcodec, version 58.134.100
[3.310s] -- Found AVCODEC: TRUE  
[3.315s] -- Checking for module 'libavutil'
[3.323s] --   Found libavutil, version 56.70.100
[3.344s] -- Found AVUTIL: TRUE  
[3.351s] -- Looking for ignition-fuel_tools7 -- found version 7.3.0
[3.352s] -- Searching for dependencies of ignition-fuel_tools7
[3.415s] -- Found CURL: /usr/lib/x86_64-linux-gnu/libcurl.so (found version "7.81.0")  
[3.430s] -- Checking for module 'jsoncpp'
[3.442s] --   Found jsoncpp, version 1.9.5
[3.467s] -- Found JSONCPP: TRUE  
[3.474s] -- Checking for module 'libzip'
[3.486s] --   Found libzip, version 1.7.3
[3.509s] -- Found ZIP: TRUE  
[3.510s] -- Looking for ignition-common4 -- found version 4.7.0
[3.510s] -- Looking for ignition-math6 -- found version 6.15.0
[3.511s] -- Looking for ignition-msgs8 -- found version 8.7.0
[3.516s] -- Looking for ignition-gui6 -- found version 6.8.0
[3.516s] -- Searching for dependencies of ignition-gui6
[3.541s] -- Looking for ignition-math6 -- found version 6.15.0
[3.541s] -- Looking for ignition-common4 -- found version 4.7.0
[3.541s] -- Looking for ignition-plugin1 -- found version 1.4.0
[3.542s] -- Looking for ignition-transport11 -- found version 11.4.1
[3.548s] -- Looking for ignition-rendering6 -- found version 6.6.1
[3.549s] -- Searching for dependencies of ignition-rendering6
[3.549s] -- Looking for ignition-math6 -- found version 6.15.0
[3.550s] -- Searching for dependencies of ignition-math6
[3.550s] -- Searching for <ignition-math6> component [eigen3]
[3.553s] -- Looking for ignition-math6-eigen3 -- found version 6.15.0
[3.554s] -- Searching for dependencies of ignition-math6-eigen3
[3.567s] -- Looking for ignition-common4 -- found version 4.7.0
[3.567s] -- Searching for dependencies of ignition-common4
[3.567s] -- Looking for dlfcn.h - found
[3.567s] -- Looking for libdl - found
[3.574s] -- Searching for <ignition-common4> component [graphics]
[3.579s] -- Looking for ignition-common4-graphics -- found version 4.7.0
[3.580s] -- Searching for dependencies of ignition-common4-graphics
[3.580s] -- Looking for ignition-math6 -- found version 6.15.0
[3.580s] -- Looking for ignition-utils1 -- found version 1.5.1
[3.582s] -- Searching for <ignition-common4> component [events]
[3.582s] -- Looking for ignition-plugin1 -- found version 1.4.0
[3.583s] -- Searching for dependencies of ignition-plugin1
[3.583s] -- Searching for <ignition-plugin1> component [all]
[3.588s] -- Looking for all libraries of ignition-plugin1 -- found version 1.4.0
[3.588s] -- Looking for ignition-plugin1 -- found version 1.4.0
[3.592s] -- Looking for ignition-msgs8 -- found version 8.7.0
[3.651s] -- Looking for ignition-physics5 -- found version 5.3.2
[3.651s] -- Searching for dependencies of ignition-physics5
[3.652s] -- Looking for ignition-math6 -- found version 6.15.0
[3.652s] -- Looking for ignition-plugin1 -- found version 1.4.0
[3.652s] -- Looking for ignition-utils1 -- found version 1.5.1
[3.654s] -- Searching for <ignition-physics5> component [heightmap]
[3.657s] -- Looking for ignition-physics5-heightmap -- found version 5.3.2
[3.657s] -- Searching for dependencies of ignition-physics5-heightmap
[3.658s] -- Looking for ignition-common4 -- found version 4.7.0
[3.659s] -- Searching for <ignition-physics5> component [mesh]
[3.662s] -- Looking for ignition-physics5-mesh -- found version 5.3.2
[3.663s] -- Searching for dependencies of ignition-physics5-mesh
[3.663s] -- Looking for ignition-common4 -- found version 4.7.0
[3.664s] -- Searching for <ignition-physics5> component [sdf]
[3.667s] -- Looking for ignition-physics5-sdf -- found version 5.3.2
[3.667s] -- Searching for dependencies of ignition-physics5-sdf
[3.668s] -- Looking for sdformat12 -- found version 12.7.2
[3.672s] -- Looking for ignition-sensors6 -- found version 6.7.1
[3.673s] -- Searching for dependencies of ignition-sensors6
[3.689s] -- Found Protobuf: /usr/lib/x86_64-linux-gnu/libprotobuf.so (found version "3.12.4") 
[3.690s] -- Looking for ignition-math6 -- found version 6.15.0
[3.691s] -- Looking for ignition-common4 -- found version 4.7.0
[3.691s] -- Looking for ignition-transport11 -- found version 11.4.1
[3.692s] -- Looking for ignition-rendering6 -- found version 6.6.1
[3.693s] -- Looking for ignition-msgs8 -- found version 8.7.0
[3.693s] -- Looking for sdformat12 -- found version 12.7.2
[3.695s] -- Searching for <ignition-sensors6> component [air_pressure]
[3.698s] -- Looking for ignition-sensors6-air_pressure -- found version 6.7.1
[3.699s] -- Searching for dependencies of ignition-sensors6-air_pressure
[3.700s] -- Searching for <ignition-sensors6> component [altimeter]
[3.703s] -- Looking for ignition-sensors6-altimeter -- found version 6.7.1
[3.703s] -- Searching for dependencies of ignition-sensors6-altimeter
[3.704s] -- Searching for <ignition-sensors6> component [imu]
[3.708s] -- Looking for ignition-sensors6-imu -- found version 6.7.1
[3.708s] -- Searching for dependencies of ignition-sensors6-imu
[3.709s] -- Searching for <ignition-sensors6> component [force_torque]
[3.713s] -- Looking for ignition-sensors6-force_torque -- found version 6.7.1
[3.713s] -- Searching for dependencies of ignition-sensors6-force_torque
[3.714s] -- Searching for <ignition-sensors6> component [logical_camera]
[3.717s] -- Looking for ignition-sensors6-logical_camera -- found version 6.7.1
[3.717s] -- Searching for dependencies of ignition-sensors6-logical_camera
[3.718s] -- Searching for <ignition-sensors6> component [magnetometer]
[3.722s] -- Looking for ignition-sensors6-magnetometer -- found version 6.7.1
[3.722s] -- Searching for dependencies of ignition-sensors6-magnetometer
[3.723s] -- Searching for <ignition-sensors6> component [navsat]
[3.726s] -- Looking for ignition-sensors6-navsat -- found version 6.7.1
[3.727s] -- Searching for dependencies of ignition-sensors6-navsat
[3.728s] -- Searching for <ignition-sensors6> component [rendering]
[3.730s] -- Looking for ignition-sensors6-rendering -- found version 6.7.1
[3.731s] -- Searching for dependencies of ignition-sensors6-rendering
[3.732s] -- Searching for <ignition-sensors6> component [lidar]
[3.735s] -- Looking for ignition-sensors6-lidar -- found version 6.7.1
[3.736s] -- Searching for dependencies of ignition-sensors6-lidar
[3.736s] -- Looking for ignition-sensors6 -- found version 6.7.1
[3.737s] -- Searching for <ignition-sensors6> component [gpu_lidar]
[3.741s] -- Looking for ignition-sensors6-gpu_lidar -- found version 6.7.1
[3.742s] -- Searching for dependencies of ignition-sensors6-gpu_lidar
[3.742s] -- Looking for ignition-sensors6 -- found version 6.7.1
[3.743s] -- Searching for <ignition-sensors6> component [camera]
[3.746s] -- Looking for ignition-sensors6-camera -- found version 6.7.1
[3.747s] -- Searching for dependencies of ignition-sensors6-camera
[3.747s] -- Looking for ignition-sensors6 -- found version 6.7.1
[3.749s] -- Searching for <ignition-sensors6> component [boundingbox_camera]
[3.751s] -- Looking for ignition-sensors6-boundingbox_camera -- found version 6.7.1
[3.752s] -- Searching for dependencies of ignition-sensors6-boundingbox_camera
[3.753s] -- Searching for <ignition-sensors6> component [segmentation_camera]
[3.757s] -- Looking for ignition-sensors6-segmentation_camera -- found version 6.7.1
[3.758s] -- Searching for dependencies of ignition-sensors6-segmentation_camera
[3.759s] -- Searching for <ignition-sensors6> component [depth_camera]
[3.762s] -- Looking for ignition-sensors6-depth_camera -- found version 6.7.1
[3.762s] -- Searching for dependencies of ignition-sensors6-depth_camera
[3.763s] -- Looking for ignition-sensors6 -- found version 6.7.1
[3.764s] -- Searching for <ignition-sensors6> component [rgbd_camera]
[3.768s] -- Looking for ignition-sensors6-rgbd_camera -- found version 6.7.1
[3.769s] -- Searching for dependencies of ignition-sensors6-rgbd_camera
[3.769s] -- Looking for ignition-sensors6 -- found version 6.7.1
[3.771s] -- Searching for <ignition-sensors6> component [thermal_camera]
[3.774s] -- Looking for ignition-sensors6-thermal_camera -- found version 6.7.1
[3.774s] -- Searching for dependencies of ignition-sensors6-thermal_camera
[3.775s] -- Looking for ignition-sensors6 -- found version 6.7.1
[3.776s] -- Looking for ignition-rendering6 -- found version 6.6.1
[3.777s] -- Looking for ignition-math6 -- found version 6.15.0
[3.780s] -- Looking for ignition-utils1 -- found version 1.5.1
[3.799s] -- Compiling against Gazebo Fortress
[3.800s] -- Looking for ignition-plugin1 -- found version 1.4.0
[4.348s] -- Found ament_lint_auto: 0.12.9 (/opt/ros/humble/share/ament_lint_auto/cmake)
[4.452s] -- Added test 'copyright' to check source files copyright and LICENSE
[4.454s] -- Added test 'cppcheck' to perform static code analysis on C / C++ code
[4.455s] -- Configured cppcheck include dirs: /catkin_ws/rover_sim_ws/src/gz_ros2_control/gz_ros2_control/include
[4.455s] -- Configured cppcheck exclude dirs and/or files: 
[4.457s] -- Added test 'cpplint' to check C / C++ code against the Google style
[4.457s] -- Configured cpplint exclude dirs and/or files: 
[4.458s] -- Added test 'lint_cmake' to check CMake code style
[4.460s] -- Added test 'uncrustify' to check C / C++ code style
[4.460s] -- Configured uncrustify additional arguments: 
[4.461s] -- Added test 'xmllint' to check XML markup files
[4.465s] -- Configuring done
[4.585s] -- Generating done
[4.588s] -- Build files have been written to: /catkin_ws/rover_sim_ws/build/gz_ros2_control
[4.602s] Invoked command in '/catkin_ws/rover_sim_ws/build/gz_ros2_control' returned '0': CMAKE_PREFIX_PATH=/opt/ros/humble /usr/bin/cmake /catkin_ws/rover_sim_ws/src/gz_ros2_control/gz_ros2_control -DCMAKE_INSTALL_PREFIX=/catkin_ws/rover_sim_ws/install/gz_ros2_control
[4.604s] Invoking command in '/catkin_ws/rover_sim_ws/build/gz_ros2_control': CMAKE_PREFIX_PATH=/opt/ros/humble /usr/bin/cmake --build /catkin_ws/rover_sim_ws/build/gz_ros2_control -- -j8 -l8
[4.651s] [ 50%] [32mBuilding CXX object CMakeFiles/gz_ros2_control-system.dir/src/gz_ros2_control_plugin.cpp.o[0m
[4.651s] [ 50%] [32mBuilding CXX object CMakeFiles/gz_hardware_plugins.dir/src/gz_system.cpp.o[0m
[12.767s] [01m[K/catkin_ws/rover_sim_ws/src/gz_ros2_control/gz_ros2_control/src/gz_ros2_control_plugin.cpp:[m[K In member function ‘[01m[Kvirtual void gz_ros2_control::GazeboSimROS2ControlPlugin::Configure(const Entity&, const std::shared_ptr<const sdf::v12::Element>&, ignition::gazebo::v6::EntityComponentManager&, ignition::gazebo::v6::EventManager&)[m[K’:
[12.767s] [01m[K/catkin_ws/rover_sim_ws/src/gz_ros2_control/gz_ros2_control/src/gz_ros2_control_plugin.cpp:416:67:[m[K [01;31m[Kerror: [m[K‘[01m[K__gnu_cxx::__alloc_traits<std::allocator<hardware_interface::HardwareInfo>, hardware_interface::HardwareInfo>::value_type[m[K’ {aka ‘[01m[Kstruct hardware_interface::HardwareInfo[m[K’} has no member named ‘[01m[Khardware_plugin_name[m[K’
[12.767s]   416 |     std::string robot_hw_sim_type_str_ = control_hardware_info[i].[01;31m[Khardware_plugin_name[m[K;
[12.767s]       |                                                                   [01;31m[K^~~~~~~~~~~~~~~~~~~~[m[K
[15.377s] gmake[2]: *** [CMakeFiles/gz_ros2_control-system.dir/build.make:76: CMakeFiles/gz_ros2_control-system.dir/src/gz_ros2_control_plugin.cpp.o] Error 1
[15.377s] gmake[1]: *** [CMakeFiles/Makefile2:139: CMakeFiles/gz_ros2_control-system.dir/all] Error 2
[15.377s] gmake[1]: *** Waiting for unfinished jobs....
[17.900s] [ 75%] [32m[1mLinking CXX shared library libgz_hardware_plugins.so[0m
[18.501s] [ 75%] Built target gz_hardware_plugins
[18.502s] gmake: *** [Makefile:146: all] Error 2
[18.505s] Invoked command in '/catkin_ws/rover_sim_ws/build/gz_ros2_control' returned '2': CMAKE_PREFIX_PATH=/opt/ros/humble /usr/bin/cmake --build /catkin_ws/rover_sim_ws/build/gz_ros2_control -- -j8 -l8
