[0.155s] Invoking command in '/catkin_ws/rover_sim_ws/build/turtlebot3_msgs': CMAKE_PREFIX_PATH=${CMAKE_PREFIX_PATH}:/opt/ros/humble /usr/bin/cmake --build /catkin_ws/rover_sim_ws/build/turtlebot3_msgs -- -j8 -l8
[0.318s] [35m[1mConsolidate compiler generated dependencies of target turtlebot3_msgs__rosidl_generator_c[0m
[0.331s] [  1%] Built target turtlebot3_msgs__cpp
[0.374s] [ 12%] Built target turtlebot3_msgs__rosidl_generator_c
[0.380s] [35m[1mConsolidate compiler generated dependencies of target turtlebot3_msgs__rosidl_typesupport_cpp[0m
[0.406s] [35m[1mConsolidate compiler generated dependencies of target turtlebot3_msgs__rosidl_typesupport_fastrtps_cpp[0m
[0.408s] [ 12%] Built target ament_cmake_python_copy_turtlebot3_msgs
[0.444s] [35m[1mConsolidate compiler generated dependencies of target turtlebot3_msgs__rosidl_typesupport_introspection_cpp[0m
[0.453s] [35m[1mConsolidate compiler generated dependencies of target turtlebot3_msgs__rosidl_typesupport_fastrtps_c[0m
[0.469s] [35m[1mConsolidate compiler generated dependencies of target turtlebot3_msgs__rosidl_typesupport_c[0m
[0.475s] [ 23%] Built target turtlebot3_msgs__rosidl_typesupport_cpp
[0.477s] [35m[1mConsolidate compiler generated dependencies of target turtlebot3_msgs__rosidl_typesupport_introspection_c[0m
[0.484s] [ 35%] Built target turtlebot3_msgs__rosidl_typesupport_fastrtps_cpp
[0.500s] [ 46%] Built target turtlebot3_msgs__rosidl_typesupport_introspection_cpp
[0.502s] [ 57%] Built target turtlebot3_msgs__rosidl_typesupport_c
[0.508s] [ 69%] Built target turtlebot3_msgs__rosidl_typesupport_introspection_c
[0.514s] [ 80%] Built target turtlebot3_msgs__rosidl_typesupport_fastrtps_c
[0.565s] [ 80%] Built target turtlebot3_msgs
[0.616s] [ 81%] Built target turtlebot3_msgs__py
[0.642s] [35m[1mConsolidate compiler generated dependencies of target turtlebot3_msgs__rosidl_generator_py[0m
[0.683s] [ 91%] Built target turtlebot3_msgs__rosidl_generator_py
[0.706s] [35m[1mConsolidate compiler generated dependencies of target turtlebot3_msgs__rosidl_typesupport_fastrtps_c__pyext[0m
[0.708s] [35m[1mConsolidate compiler generated dependencies of target turtlebot3_msgs__rosidl_typesupport_c__pyext[0m
[0.710s] [35m[1mConsolidate compiler generated dependencies of target turtlebot3_msgs__rosidl_typesupport_introspection_c__pyext[0m
[0.736s] [ 94%] Built target turtlebot3_msgs__rosidl_typesupport_fastrtps_c__pyext
[0.762s] [ 97%] Built target turtlebot3_msgs__rosidl_typesupport_introspection_c__pyext
[0.771s] [100%] Built target turtlebot3_msgs__rosidl_typesupport_c__pyext
[1.001s] running egg_info
[1.003s] writing turtlebot3_msgs.egg-info/PKG-INFO
[1.003s] writing dependency_links to turtlebot3_msgs.egg-info/dependency_links.txt
[1.004s] writing top-level names to turtlebot3_msgs.egg-info/top_level.txt
[1.010s] reading manifest file 'turtlebot3_msgs.egg-info/SOURCES.txt'
[1.012s] writing manifest file 'turtlebot3_msgs.egg-info/SOURCES.txt'
[1.065s] [100%] Built target ament_cmake_python_build_turtlebot3_msgs_egg
[1.184s] Invoked command in '/catkin_ws/rover_sim_ws/build/turtlebot3_msgs' returned '0': CMAKE_PREFIX_PATH=${CMAKE_PREFIX_PATH}:/opt/ros/humble /usr/bin/cmake --build /catkin_ws/rover_sim_ws/build/turtlebot3_msgs -- -j8 -l8
[1.438s] Invoking command in '/catkin_ws/rover_sim_ws/build/turtlebot3_msgs': CMAKE_PREFIX_PATH=${CMAKE_PREFIX_PATH}:/opt/ros/humble /usr/bin/cmake --install /catkin_ws/rover_sim_ws/build/turtlebot3_msgs
[1.452s] -- Install configuration: ""
[1.452s] -- Up-to-date: /catkin_ws/rover_sim_ws/install/turtlebot3_msgs/share/ament_index/resource_index/rosidl_interfaces/turtlebot3_msgs
[1.454s] -- Up-to-date: /catkin_ws/rover_sim_ws/install/turtlebot3_msgs/include/turtlebot3_msgs/turtlebot3_msgs
[1.456s] -- Up-to-date: /catkin_ws/rover_sim_ws/install/turtlebot3_msgs/include/turtlebot3_msgs/turtlebot3_msgs/action
[1.456s] -- Up-to-date: /catkin_ws/rover_sim_ws/install/turtlebot3_msgs/include/turtlebot3_msgs/turtlebot3_msgs/action/patrol.h
[1.458s] -- Up-to-date: /catkin_ws/rover_sim_ws/install/turtlebot3_msgs/include/turtlebot3_msgs/turtlebot3_msgs/action/detail
[1.458s] -- Up-to-date: /catkin_ws/rover_sim_ws/install/turtlebot3_msgs/include/turtlebot3_msgs/turtlebot3_msgs/action/detail/patrol__struct.h
[1.459s] -- Up-to-date: /catkin_ws/rover_sim_ws/install/turtlebot3_msgs/include/turtlebot3_msgs/turtlebot3_msgs/action/detail/patrol__functions.h
[1.460s] -- Up-to-date: /catkin_ws/rover_sim_ws/install/turtlebot3_msgs/include/turtlebot3_msgs/turtlebot3_msgs/action/detail/patrol__type_support.h
[1.461s] -- Up-to-date: /catkin_ws/rover_sim_ws/install/turtlebot3_msgs/include/turtlebot3_msgs/turtlebot3_msgs/action/detail/patrol__functions.c
[1.462s] -- Up-to-date: /catkin_ws/rover_sim_ws/install/turtlebot3_msgs/include/turtlebot3_msgs/turtlebot3_msgs/msg
[1.462s] -- Up-to-date: /catkin_ws/rover_sim_ws/install/turtlebot3_msgs/include/turtlebot3_msgs/turtlebot3_msgs/msg/version_info.h
[1.462s] -- Up-to-date: /catkin_ws/rover_sim_ws/install/turtlebot3_msgs/include/turtlebot3_msgs/turtlebot3_msgs/msg/detail
[1.464s] -- Up-to-date: /catkin_ws/rover_sim_ws/install/turtlebot3_msgs/include/turtlebot3_msgs/turtlebot3_msgs/msg/detail/version_info__functions.h
[1.464s] -- Up-to-date: /catkin_ws/rover_sim_ws/install/turtlebot3_msgs/include/turtlebot3_msgs/turtlebot3_msgs/msg/detail/sensor_state__type_support.h
[1.465s] -- Up-to-date: /catkin_ws/rover_sim_ws/install/turtlebot3_msgs/include/turtlebot3_msgs/turtlebot3_msgs/msg/detail/version_info__struct.h
[1.465s] -- Up-to-date: /catkin_ws/rover_sim_ws/install/turtlebot3_msgs/include/turtlebot3_msgs/turtlebot3_msgs/msg/detail/sound__functions.c
[1.466s] -- Up-to-date: /catkin_ws/rover_sim_ws/install/turtlebot3_msgs/include/turtlebot3_msgs/turtlebot3_msgs/msg/detail/sensor_state__struct.h
[1.467s] -- Up-to-date: /catkin_ws/rover_sim_ws/install/turtlebot3_msgs/include/turtlebot3_msgs/turtlebot3_msgs/msg/detail/sound__type_support.h
[1.468s] -- Up-to-date: /catkin_ws/rover_sim_ws/install/turtlebot3_msgs/include/turtlebot3_msgs/turtlebot3_msgs/msg/detail/sound__functions.h
[1.468s] -- Up-to-date: /catkin_ws/rover_sim_ws/install/turtlebot3_msgs/include/turtlebot3_msgs/turtlebot3_msgs/msg/detail/version_info__type_support.h
[1.468s] -- Up-to-date: /catkin_ws/rover_sim_ws/install/turtlebot3_msgs/include/turtlebot3_msgs/turtlebot3_msgs/msg/detail/version_info__functions.c
[1.469s] -- Up-to-date: /catkin_ws/rover_sim_ws/install/turtlebot3_msgs/include/turtlebot3_msgs/turtlebot3_msgs/msg/detail/sound__struct.h
[1.469s] -- Up-to-date: /catkin_ws/rover_sim_ws/install/turtlebot3_msgs/include/turtlebot3_msgs/turtlebot3_msgs/msg/detail/sensor_state__functions.c
[1.469s] -- Up-to-date: /catkin_ws/rover_sim_ws/install/turtlebot3_msgs/include/turtlebot3_msgs/turtlebot3_msgs/msg/detail/sensor_state__functions.h
[1.469s] -- Up-to-date: /catkin_ws/rover_sim_ws/install/turtlebot3_msgs/include/turtlebot3_msgs/turtlebot3_msgs/msg/sensor_state.h
[1.470s] -- Up-to-date: /catkin_ws/rover_sim_ws/install/turtlebot3_msgs/include/turtlebot3_msgs/turtlebot3_msgs/msg/rosidl_generator_c__visibility_control.h
[1.471s] -- Up-to-date: /catkin_ws/rover_sim_ws/install/turtlebot3_msgs/include/turtlebot3_msgs/turtlebot3_msgs/msg/sound.h
[1.474s] -- Up-to-date: /catkin_ws/rover_sim_ws/install/turtlebot3_msgs/include/turtlebot3_msgs/turtlebot3_msgs/srv
[1.474s] -- Up-to-date: /catkin_ws/rover_sim_ws/install/turtlebot3_msgs/include/turtlebot3_msgs/turtlebot3_msgs/srv/detail
[1.475s] -- Up-to-date: /catkin_ws/rover_sim_ws/install/turtlebot3_msgs/include/turtlebot3_msgs/turtlebot3_msgs/srv/detail/sound__functions.c
[1.475s] -- Up-to-date: /catkin_ws/rover_sim_ws/install/turtlebot3_msgs/include/turtlebot3_msgs/turtlebot3_msgs/srv/detail/sound__type_support.h
[1.475s] -- Up-to-date: /catkin_ws/rover_sim_ws/install/turtlebot3_msgs/include/turtlebot3_msgs/turtlebot3_msgs/srv/detail/sound__functions.h
[1.476s] -- Up-to-date: /catkin_ws/rover_sim_ws/install/turtlebot3_msgs/include/turtlebot3_msgs/turtlebot3_msgs/srv/detail/dqn__functions.c
[1.476s] -- Up-to-date: /catkin_ws/rover_sim_ws/install/turtlebot3_msgs/include/turtlebot3_msgs/turtlebot3_msgs/srv/detail/sound__struct.h
[1.477s] -- Up-to-date: /catkin_ws/rover_sim_ws/install/turtlebot3_msgs/include/turtlebot3_msgs/turtlebot3_msgs/srv/detail/dqn__type_support.h
[1.477s] -- Up-to-date: /catkin_ws/rover_sim_ws/install/turtlebot3_msgs/include/turtlebot3_msgs/turtlebot3_msgs/srv/detail/dqn__struct.h
[1.477s] -- Up-to-date: /catkin_ws/rover_sim_ws/install/turtlebot3_msgs/include/turtlebot3_msgs/turtlebot3_msgs/srv/detail/dqn__functions.h
[1.478s] -- Up-to-date: /catkin_ws/rover_sim_ws/install/turtlebot3_msgs/include/turtlebot3_msgs/turtlebot3_msgs/srv/sound.h
[1.478s] -- Up-to-date: /catkin_ws/rover_sim_ws/install/turtlebot3_msgs/include/turtlebot3_msgs/turtlebot3_msgs/srv/dqn.h
[1.479s] -- Up-to-date: /catkin_ws/rover_sim_ws/install/turtlebot3_msgs/share/turtlebot3_msgs/environment/library_path.sh
[1.480s] -- Up-to-date: /catkin_ws/rover_sim_ws/install/turtlebot3_msgs/share/turtlebot3_msgs/environment/library_path.dsv
[1.483s] -- Up-to-date: /catkin_ws/rover_sim_ws/install/turtlebot3_msgs/lib/libturtlebot3_msgs__rosidl_generator_c.so
[1.484s] -- Up-to-date: /catkin_ws/rover_sim_ws/install/turtlebot3_msgs/include/turtlebot3_msgs/turtlebot3_msgs
[1.484s] -- Up-to-date: /catkin_ws/rover_sim_ws/install/turtlebot3_msgs/include/turtlebot3_msgs/turtlebot3_msgs/action
[1.485s] -- Up-to-date: /catkin_ws/rover_sim_ws/install/turtlebot3_msgs/include/turtlebot3_msgs/turtlebot3_msgs/action/detail
[1.485s] -- Up-to-date: /catkin_ws/rover_sim_ws/install/turtlebot3_msgs/include/turtlebot3_msgs/turtlebot3_msgs/action/detail/patrol__rosidl_typesupport_fastrtps_c.h
[1.485s] -- Up-to-date: /catkin_ws/rover_sim_ws/install/turtlebot3_msgs/include/turtlebot3_msgs/turtlebot3_msgs/msg
[1.486s] -- Up-to-date: /catkin_ws/rover_sim_ws/install/turtlebot3_msgs/include/turtlebot3_msgs/turtlebot3_msgs/msg/detail
[1.486s] -- Up-to-date: /catkin_ws/rover_sim_ws/install/turtlebot3_msgs/include/turtlebot3_msgs/turtlebot3_msgs/msg/detail/sensor_state__rosidl_typesupport_fastrtps_c.h
[1.487s] -- Up-to-date: /catkin_ws/rover_sim_ws/install/turtlebot3_msgs/include/turtlebot3_msgs/turtlebot3_msgs/msg/detail/version_info__rosidl_typesupport_fastrtps_c.h
[1.487s] -- Up-to-date: /catkin_ws/rover_sim_ws/install/turtlebot3_msgs/include/turtlebot3_msgs/turtlebot3_msgs/msg/detail/sound__rosidl_typesupport_fastrtps_c.h
[1.488s] -- Up-to-date: /catkin_ws/rover_sim_ws/install/turtlebot3_msgs/include/turtlebot3_msgs/turtlebot3_msgs/msg/rosidl_typesupport_fastrtps_c__visibility_control.h
[1.488s] -- Up-to-date: /catkin_ws/rover_sim_ws/install/turtlebot3_msgs/include/turtlebot3_msgs/turtlebot3_msgs/srv
[1.489s] -- Up-to-date: /catkin_ws/rover_sim_ws/install/turtlebot3_msgs/include/turtlebot3_msgs/turtlebot3_msgs/srv/detail
[1.489s] -- Up-to-date: /catkin_ws/rover_sim_ws/install/turtlebot3_msgs/include/turtlebot3_msgs/turtlebot3_msgs/srv/detail/sound__rosidl_typesupport_fastrtps_c.h
[1.489s] -- Up-to-date: /catkin_ws/rover_sim_ws/install/turtlebot3_msgs/include/turtlebot3_msgs/turtlebot3_msgs/srv/detail/dqn__rosidl_typesupport_fastrtps_c.h
[1.489s] -- Up-to-date: /catkin_ws/rover_sim_ws/install/turtlebot3_msgs/lib/libturtlebot3_msgs__rosidl_typesupport_fastrtps_c.so
[1.490s] -- Up-to-date: /catkin_ws/rover_sim_ws/install/turtlebot3_msgs/include/turtlebot3_msgs/turtlebot3_msgs
[1.490s] -- Up-to-date: /catkin_ws/rover_sim_ws/install/turtlebot3_msgs/include/turtlebot3_msgs/turtlebot3_msgs/action
[1.490s] -- Up-to-date: /catkin_ws/rover_sim_ws/install/turtlebot3_msgs/include/turtlebot3_msgs/turtlebot3_msgs/action/patrol.hpp
[1.490s] -- Up-to-date: /catkin_ws/rover_sim_ws/install/turtlebot3_msgs/include/turtlebot3_msgs/turtlebot3_msgs/action/detail
[1.491s] -- Up-to-date: /catkin_ws/rover_sim_ws/install/turtlebot3_msgs/include/turtlebot3_msgs/turtlebot3_msgs/action/detail/patrol__struct.hpp
[1.494s] -- Up-to-date: /catkin_ws/rover_sim_ws/install/turtlebot3_msgs/include/turtlebot3_msgs/turtlebot3_msgs/action/detail/patrol__builder.hpp
[1.494s] -- Up-to-date: /catkin_ws/rover_sim_ws/install/turtlebot3_msgs/include/turtlebot3_msgs/turtlebot3_msgs/action/detail/patrol__traits.hpp
[1.495s] -- Up-to-date: /catkin_ws/rover_sim_ws/install/turtlebot3_msgs/include/turtlebot3_msgs/turtlebot3_msgs/msg
[1.495s] -- Up-to-date: /catkin_ws/rover_sim_ws/install/turtlebot3_msgs/include/turtlebot3_msgs/turtlebot3_msgs/msg/version_info.hpp
[1.496s] -- Up-to-date: /catkin_ws/rover_sim_ws/install/turtlebot3_msgs/include/turtlebot3_msgs/turtlebot3_msgs/msg/detail
[1.496s] -- Up-to-date: /catkin_ws/rover_sim_ws/install/turtlebot3_msgs/include/turtlebot3_msgs/turtlebot3_msgs/msg/detail/version_info__builder.hpp
[1.496s] -- Up-to-date: /catkin_ws/rover_sim_ws/install/turtlebot3_msgs/include/turtlebot3_msgs/turtlebot3_msgs/msg/detail/sensor_state__builder.hpp
[1.497s] -- Up-to-date: /catkin_ws/rover_sim_ws/install/turtlebot3_msgs/include/turtlebot3_msgs/turtlebot3_msgs/msg/detail/sound__builder.hpp
[1.497s] -- Up-to-date: /catkin_ws/rover_sim_ws/install/turtlebot3_msgs/include/turtlebot3_msgs/turtlebot3_msgs/msg/detail/version_info__struct.hpp
[1.497s] -- Up-to-date: /catkin_ws/rover_sim_ws/install/turtlebot3_msgs/include/turtlebot3_msgs/turtlebot3_msgs/msg/detail/sensor_state__struct.hpp
[1.498s] -- Up-to-date: /catkin_ws/rover_sim_ws/install/turtlebot3_msgs/include/turtlebot3_msgs/turtlebot3_msgs/msg/detail/sensor_state__traits.hpp
[1.498s] -- Up-to-date: /catkin_ws/rover_sim_ws/install/turtlebot3_msgs/include/turtlebot3_msgs/turtlebot3_msgs/msg/detail/sound__struct.hpp
[1.498s] -- Up-to-date: /catkin_ws/rover_sim_ws/install/turtlebot3_msgs/include/turtlebot3_msgs/turtlebot3_msgs/msg/detail/version_info__traits.hpp
[1.499s] -- Up-to-date: /catkin_ws/rover_sim_ws/install/turtlebot3_msgs/include/turtlebot3_msgs/turtlebot3_msgs/msg/detail/sound__traits.hpp
[1.500s] -- Up-to-date: /catkin_ws/rover_sim_ws/install/turtlebot3_msgs/include/turtlebot3_msgs/turtlebot3_msgs/msg/sound.hpp
[1.500s] -- Up-to-date: /catkin_ws/rover_sim_ws/install/turtlebot3_msgs/include/turtlebot3_msgs/turtlebot3_msgs/msg/sensor_state.hpp
[1.500s] -- Up-to-date: /catkin_ws/rover_sim_ws/install/turtlebot3_msgs/include/turtlebot3_msgs/turtlebot3_msgs/srv
[1.501s] -- Up-to-date: /catkin_ws/rover_sim_ws/install/turtlebot3_msgs/include/turtlebot3_msgs/turtlebot3_msgs/srv/dqn.hpp
[1.501s] -- Up-to-date: /catkin_ws/rover_sim_ws/install/turtlebot3_msgs/include/turtlebot3_msgs/turtlebot3_msgs/srv/detail
[1.502s] -- Up-to-date: /catkin_ws/rover_sim_ws/install/turtlebot3_msgs/include/turtlebot3_msgs/turtlebot3_msgs/srv/detail/dqn__builder.hpp
[1.502s] -- Up-to-date: /catkin_ws/rover_sim_ws/install/turtlebot3_msgs/include/turtlebot3_msgs/turtlebot3_msgs/srv/detail/sound__builder.hpp
[1.503s] -- Up-to-date: /catkin_ws/rover_sim_ws/install/turtlebot3_msgs/include/turtlebot3_msgs/turtlebot3_msgs/srv/detail/dqn__struct.hpp
[1.503s] -- Up-to-date: /catkin_ws/rover_sim_ws/install/turtlebot3_msgs/include/turtlebot3_msgs/turtlebot3_msgs/srv/detail/sound__struct.hpp
[1.503s] -- Up-to-date: /catkin_ws/rover_sim_ws/install/turtlebot3_msgs/include/turtlebot3_msgs/turtlebot3_msgs/srv/detail/dqn__traits.hpp
[1.504s] -- Up-to-date: /catkin_ws/rover_sim_ws/install/turtlebot3_msgs/include/turtlebot3_msgs/turtlebot3_msgs/srv/detail/sound__traits.hpp
[1.504s] -- Up-to-date: /catkin_ws/rover_sim_ws/install/turtlebot3_msgs/include/turtlebot3_msgs/turtlebot3_msgs/srv/sound.hpp
[1.504s] -- Up-to-date: /catkin_ws/rover_sim_ws/install/turtlebot3_msgs/include/turtlebot3_msgs/turtlebot3_msgs
[1.504s] -- Up-to-date: /catkin_ws/rover_sim_ws/install/turtlebot3_msgs/include/turtlebot3_msgs/turtlebot3_msgs/action
[1.505s] -- Up-to-date: /catkin_ws/rover_sim_ws/install/turtlebot3_msgs/include/turtlebot3_msgs/turtlebot3_msgs/action/detail
[1.505s] -- Up-to-date: /catkin_ws/rover_sim_ws/install/turtlebot3_msgs/include/turtlebot3_msgs/turtlebot3_msgs/action/detail/patrol__rosidl_typesupport_fastrtps_cpp.hpp
[1.505s] -- Up-to-date: /catkin_ws/rover_sim_ws/install/turtlebot3_msgs/include/turtlebot3_msgs/turtlebot3_msgs/action/detail/dds_fastrtps
[1.506s] -- Up-to-date: /catkin_ws/rover_sim_ws/install/turtlebot3_msgs/include/turtlebot3_msgs/turtlebot3_msgs/msg
[1.506s] -- Up-to-date: /catkin_ws/rover_sim_ws/install/turtlebot3_msgs/include/turtlebot3_msgs/turtlebot3_msgs/msg/detail
[1.507s] -- Up-to-date: /catkin_ws/rover_sim_ws/install/turtlebot3_msgs/include/turtlebot3_msgs/turtlebot3_msgs/msg/detail/sensor_state__rosidl_typesupport_fastrtps_cpp.hpp
[1.508s] -- Up-to-date: /catkin_ws/rover_sim_ws/install/turtlebot3_msgs/include/turtlebot3_msgs/turtlebot3_msgs/msg/detail/sound__rosidl_typesupport_fastrtps_cpp.hpp
[1.508s] -- Up-to-date: /catkin_ws/rover_sim_ws/install/turtlebot3_msgs/include/turtlebot3_msgs/turtlebot3_msgs/msg/detail/dds_fastrtps
[1.508s] -- Up-to-date: /catkin_ws/rover_sim_ws/install/turtlebot3_msgs/include/turtlebot3_msgs/turtlebot3_msgs/msg/detail/version_info__rosidl_typesupport_fastrtps_cpp.hpp
[1.508s] -- Up-to-date: /catkin_ws/rover_sim_ws/install/turtlebot3_msgs/include/turtlebot3_msgs/turtlebot3_msgs/msg/rosidl_typesupport_fastrtps_cpp__visibility_control.h
[1.509s] -- Up-to-date: /catkin_ws/rover_sim_ws/install/turtlebot3_msgs/include/turtlebot3_msgs/turtlebot3_msgs/srv
[1.509s] -- Up-to-date: /catkin_ws/rover_sim_ws/install/turtlebot3_msgs/include/turtlebot3_msgs/turtlebot3_msgs/srv/detail
[1.509s] -- Up-to-date: /catkin_ws/rover_sim_ws/install/turtlebot3_msgs/include/turtlebot3_msgs/turtlebot3_msgs/srv/detail/dqn__rosidl_typesupport_fastrtps_cpp.hpp
[1.511s] -- Up-to-date: /catkin_ws/rover_sim_ws/install/turtlebot3_msgs/include/turtlebot3_msgs/turtlebot3_msgs/srv/detail/sound__rosidl_typesupport_fastrtps_cpp.hpp
[1.511s] -- Up-to-date: /catkin_ws/rover_sim_ws/install/turtlebot3_msgs/include/turtlebot3_msgs/turtlebot3_msgs/srv/detail/dds_fastrtps
[1.511s] -- Up-to-date: /catkin_ws/rover_sim_ws/install/turtlebot3_msgs/lib/libturtlebot3_msgs__rosidl_typesupport_fastrtps_cpp.so
[1.512s] -- Up-to-date: /catkin_ws/rover_sim_ws/install/turtlebot3_msgs/include/turtlebot3_msgs/turtlebot3_msgs
[1.513s] -- Up-to-date: /catkin_ws/rover_sim_ws/install/turtlebot3_msgs/include/turtlebot3_msgs/turtlebot3_msgs/action
[1.514s] -- Up-to-date: /catkin_ws/rover_sim_ws/install/turtlebot3_msgs/include/turtlebot3_msgs/turtlebot3_msgs/action/detail
[1.514s] -- Up-to-date: /catkin_ws/rover_sim_ws/install/turtlebot3_msgs/include/turtlebot3_msgs/turtlebot3_msgs/action/detail/patrol__type_support.c
[1.517s] -- Up-to-date: /catkin_ws/rover_sim_ws/install/turtlebot3_msgs/include/turtlebot3_msgs/turtlebot3_msgs/action/detail/patrol__rosidl_typesupport_introspection_c.h
[1.518s] -- Up-to-date: /catkin_ws/rover_sim_ws/install/turtlebot3_msgs/include/turtlebot3_msgs/turtlebot3_msgs/msg
[1.518s] -- Up-to-date: /catkin_ws/rover_sim_ws/install/turtlebot3_msgs/include/turtlebot3_msgs/turtlebot3_msgs/msg/detail
[1.518s] -- Up-to-date: /catkin_ws/rover_sim_ws/install/turtlebot3_msgs/include/turtlebot3_msgs/turtlebot3_msgs/msg/detail/sound__type_support.c
[1.519s] -- Up-to-date: /catkin_ws/rover_sim_ws/install/turtlebot3_msgs/include/turtlebot3_msgs/turtlebot3_msgs/msg/detail/version_info__rosidl_typesupport_introspection_c.h
[1.520s] -- Up-to-date: /catkin_ws/rover_sim_ws/install/turtlebot3_msgs/include/turtlebot3_msgs/turtlebot3_msgs/msg/detail/version_info__type_support.c
[1.521s] -- Up-to-date: /catkin_ws/rover_sim_ws/install/turtlebot3_msgs/include/turtlebot3_msgs/turtlebot3_msgs/msg/detail/sensor_state__type_support.c
[1.521s] -- Up-to-date: /catkin_ws/rover_sim_ws/install/turtlebot3_msgs/include/turtlebot3_msgs/turtlebot3_msgs/msg/detail/sensor_state__rosidl_typesupport_introspection_c.h
[1.523s] -- Up-to-date: /catkin_ws/rover_sim_ws/install/turtlebot3_msgs/include/turtlebot3_msgs/turtlebot3_msgs/msg/detail/sound__rosidl_typesupport_introspection_c.h
[1.523s] -- Up-to-date: /catkin_ws/rover_sim_ws/install/turtlebot3_msgs/include/turtlebot3_msgs/turtlebot3_msgs/msg/rosidl_typesupport_introspection_c__visibility_control.h
[1.524s] -- Up-to-date: /catkin_ws/rover_sim_ws/install/turtlebot3_msgs/include/turtlebot3_msgs/turtlebot3_msgs/srv
[1.524s] -- Up-to-date: /catkin_ws/rover_sim_ws/install/turtlebot3_msgs/include/turtlebot3_msgs/turtlebot3_msgs/srv/detail
[1.524s] -- Up-to-date: /catkin_ws/rover_sim_ws/install/turtlebot3_msgs/include/turtlebot3_msgs/turtlebot3_msgs/srv/detail/sound__type_support.c
[1.525s] -- Up-to-date: /catkin_ws/rover_sim_ws/install/turtlebot3_msgs/include/turtlebot3_msgs/turtlebot3_msgs/srv/detail/dqn__rosidl_typesupport_introspection_c.h
[1.526s] -- Up-to-date: /catkin_ws/rover_sim_ws/install/turtlebot3_msgs/include/turtlebot3_msgs/turtlebot3_msgs/srv/detail/dqn__type_support.c
[1.527s] -- Up-to-date: /catkin_ws/rover_sim_ws/install/turtlebot3_msgs/include/turtlebot3_msgs/turtlebot3_msgs/srv/detail/sound__rosidl_typesupport_introspection_c.h
[1.528s] -- Up-to-date: /catkin_ws/rover_sim_ws/install/turtlebot3_msgs/lib/libturtlebot3_msgs__rosidl_typesupport_introspection_c.so
[1.528s] -- Up-to-date: /catkin_ws/rover_sim_ws/install/turtlebot3_msgs/lib/libturtlebot3_msgs__rosidl_typesupport_c.so
[1.528s] -- Up-to-date: /catkin_ws/rover_sim_ws/install/turtlebot3_msgs/include/turtlebot3_msgs/turtlebot3_msgs
[1.529s] -- Up-to-date: /catkin_ws/rover_sim_ws/install/turtlebot3_msgs/include/turtlebot3_msgs/turtlebot3_msgs/action
[1.529s] -- Up-to-date: /catkin_ws/rover_sim_ws/install/turtlebot3_msgs/include/turtlebot3_msgs/turtlebot3_msgs/action/detail
[1.529s] -- Up-to-date: /catkin_ws/rover_sim_ws/install/turtlebot3_msgs/include/turtlebot3_msgs/turtlebot3_msgs/action/detail/patrol__type_support.cpp
[1.530s] -- Up-to-date: /catkin_ws/rover_sim_ws/install/turtlebot3_msgs/include/turtlebot3_msgs/turtlebot3_msgs/action/detail/patrol__rosidl_typesupport_introspection_cpp.hpp
[1.530s] -- Up-to-date: /catkin_ws/rover_sim_ws/install/turtlebot3_msgs/include/turtlebot3_msgs/turtlebot3_msgs/msg
[1.530s] -- Up-to-date: /catkin_ws/rover_sim_ws/install/turtlebot3_msgs/include/turtlebot3_msgs/turtlebot3_msgs/msg/detail
[1.531s] -- Up-to-date: /catkin_ws/rover_sim_ws/install/turtlebot3_msgs/include/turtlebot3_msgs/turtlebot3_msgs/msg/detail/sound__rosidl_typesupport_introspection_cpp.hpp
[1.531s] -- Up-to-date: /catkin_ws/rover_sim_ws/install/turtlebot3_msgs/include/turtlebot3_msgs/turtlebot3_msgs/msg/detail/sound__type_support.cpp
[1.532s] -- Up-to-date: /catkin_ws/rover_sim_ws/install/turtlebot3_msgs/include/turtlebot3_msgs/turtlebot3_msgs/msg/detail/sensor_state__type_support.cpp
[1.533s] -- Up-to-date: /catkin_ws/rover_sim_ws/install/turtlebot3_msgs/include/turtlebot3_msgs/turtlebot3_msgs/msg/detail/version_info__rosidl_typesupport_introspection_cpp.hpp
[1.534s] -- Up-to-date: /catkin_ws/rover_sim_ws/install/turtlebot3_msgs/include/turtlebot3_msgs/turtlebot3_msgs/msg/detail/version_info__type_support.cpp
[1.538s] -- Up-to-date: /catkin_ws/rover_sim_ws/install/turtlebot3_msgs/include/turtlebot3_msgs/turtlebot3_msgs/msg/detail/sensor_state__rosidl_typesupport_introspection_cpp.hpp
[1.538s] -- Up-to-date: /catkin_ws/rover_sim_ws/install/turtlebot3_msgs/include/turtlebot3_msgs/turtlebot3_msgs/srv
[1.538s] -- Up-to-date: /catkin_ws/rover_sim_ws/install/turtlebot3_msgs/include/turtlebot3_msgs/turtlebot3_msgs/srv/detail
[1.538s] -- Up-to-date: /catkin_ws/rover_sim_ws/install/turtlebot3_msgs/include/turtlebot3_msgs/turtlebot3_msgs/srv/detail/dqn__rosidl_typesupport_introspection_cpp.hpp
[1.539s] -- Up-to-date: /catkin_ws/rover_sim_ws/install/turtlebot3_msgs/include/turtlebot3_msgs/turtlebot3_msgs/srv/detail/sound__rosidl_typesupport_introspection_cpp.hpp
[1.539s] -- Up-to-date: /catkin_ws/rover_sim_ws/install/turtlebot3_msgs/include/turtlebot3_msgs/turtlebot3_msgs/srv/detail/sound__type_support.cpp
[1.539s] -- Up-to-date: /catkin_ws/rover_sim_ws/install/turtlebot3_msgs/include/turtlebot3_msgs/turtlebot3_msgs/srv/detail/dqn__type_support.cpp
[1.539s] -- Up-to-date: /catkin_ws/rover_sim_ws/install/turtlebot3_msgs/lib/libturtlebot3_msgs__rosidl_typesupport_introspection_cpp.so
[1.539s] -- Up-to-date: /catkin_ws/rover_sim_ws/install/turtlebot3_msgs/lib/libturtlebot3_msgs__rosidl_typesupport_cpp.so
[1.539s] -- Up-to-date: /catkin_ws/rover_sim_ws/install/turtlebot3_msgs/share/turtlebot3_msgs/environment/pythonpath.sh
[1.540s] -- Up-to-date: /catkin_ws/rover_sim_ws/install/turtlebot3_msgs/share/turtlebot3_msgs/environment/pythonpath.dsv
[1.540s] -- Up-to-date: /catkin_ws/rover_sim_ws/install/turtlebot3_msgs/local/lib/python3.10/dist-packages/turtlebot3_msgs-2.2.3-py3.10.egg-info
[1.540s] -- Installing: /catkin_ws/rover_sim_ws/install/turtlebot3_msgs/local/lib/python3.10/dist-packages/turtlebot3_msgs-2.2.3-py3.10.egg-info/dependency_links.txt
[1.541s] -- Installing: /catkin_ws/rover_sim_ws/install/turtlebot3_msgs/local/lib/python3.10/dist-packages/turtlebot3_msgs-2.2.3-py3.10.egg-info/PKG-INFO
[1.541s] -- Installing: /catkin_ws/rover_sim_ws/install/turtlebot3_msgs/local/lib/python3.10/dist-packages/turtlebot3_msgs-2.2.3-py3.10.egg-info/top_level.txt
[1.542s] -- Installing: /catkin_ws/rover_sim_ws/install/turtlebot3_msgs/local/lib/python3.10/dist-packages/turtlebot3_msgs-2.2.3-py3.10.egg-info/SOURCES.txt
[1.542s] -- Up-to-date: /catkin_ws/rover_sim_ws/install/turtlebot3_msgs/local/lib/python3.10/dist-packages/turtlebot3_msgs
[1.543s] -- Up-to-date: /catkin_ws/rover_sim_ws/install/turtlebot3_msgs/local/lib/python3.10/dist-packages/turtlebot3_msgs/turtlebot3_msgs_s__rosidl_typesupport_fastrtps_c.cpython-310-x86_64-linux-gnu.so
[1.543s] -- Up-to-date: /catkin_ws/rover_sim_ws/install/turtlebot3_msgs/local/lib/python3.10/dist-packages/turtlebot3_msgs/__init__.py
[1.544s] -- Up-to-date: /catkin_ws/rover_sim_ws/install/turtlebot3_msgs/local/lib/python3.10/dist-packages/turtlebot3_msgs/turtlebot3_msgs_s__rosidl_typesupport_introspection_c.cpython-310-x86_64-linux-gnu.so
[1.544s] -- Up-to-date: /catkin_ws/rover_sim_ws/install/turtlebot3_msgs/local/lib/python3.10/dist-packages/turtlebot3_msgs/libturtlebot3_msgs__rosidl_generator_py.so
[1.545s] -- Up-to-date: /catkin_ws/rover_sim_ws/install/turtlebot3_msgs/local/lib/python3.10/dist-packages/turtlebot3_msgs/_turtlebot3_msgs_s.ep.rosidl_typesupport_c.c
[1.547s] -- Up-to-date: /catkin_ws/rover_sim_ws/install/turtlebot3_msgs/local/lib/python3.10/dist-packages/turtlebot3_msgs/action
[1.548s] -- Up-to-date: /catkin_ws/rover_sim_ws/install/turtlebot3_msgs/local/lib/python3.10/dist-packages/turtlebot3_msgs/action/_patrol.py
[1.549s] -- Up-to-date: /catkin_ws/rover_sim_ws/install/turtlebot3_msgs/local/lib/python3.10/dist-packages/turtlebot3_msgs/action/__init__.py
[1.549s] -- Up-to-date: /catkin_ws/rover_sim_ws/install/turtlebot3_msgs/local/lib/python3.10/dist-packages/turtlebot3_msgs/action/_patrol_s.c
[1.552s] -- Up-to-date: /catkin_ws/rover_sim_ws/install/turtlebot3_msgs/local/lib/python3.10/dist-packages/turtlebot3_msgs/turtlebot3_msgs_s__rosidl_typesupport_c.cpython-310-x86_64-linux-gnu.so
[1.552s] -- Up-to-date: /catkin_ws/rover_sim_ws/install/turtlebot3_msgs/local/lib/python3.10/dist-packages/turtlebot3_msgs/msg
[1.554s] -- Up-to-date: /catkin_ws/rover_sim_ws/install/turtlebot3_msgs/local/lib/python3.10/dist-packages/turtlebot3_msgs/msg/__init__.py
[1.554s] -- Up-to-date: /catkin_ws/rover_sim_ws/install/turtlebot3_msgs/local/lib/python3.10/dist-packages/turtlebot3_msgs/msg/_sensor_state_s.c
[1.555s] -- Up-to-date: /catkin_ws/rover_sim_ws/install/turtlebot3_msgs/local/lib/python3.10/dist-packages/turtlebot3_msgs/msg/_sound_s.c
[1.561s] -- Up-to-date: /catkin_ws/rover_sim_ws/install/turtlebot3_msgs/local/lib/python3.10/dist-packages/turtlebot3_msgs/msg/_version_info_s.c
[1.561s] -- Up-to-date: /catkin_ws/rover_sim_ws/install/turtlebot3_msgs/local/lib/python3.10/dist-packages/turtlebot3_msgs/msg/_version_info.py
[1.561s] -- Up-to-date: /catkin_ws/rover_sim_ws/install/turtlebot3_msgs/local/lib/python3.10/dist-packages/turtlebot3_msgs/msg/_sound.py
[1.562s] -- Up-to-date: /catkin_ws/rover_sim_ws/install/turtlebot3_msgs/local/lib/python3.10/dist-packages/turtlebot3_msgs/msg/_sensor_state.py
[1.563s] -- Up-to-date: /catkin_ws/rover_sim_ws/install/turtlebot3_msgs/local/lib/python3.10/dist-packages/turtlebot3_msgs/_turtlebot3_msgs_s.ep.rosidl_typesupport_introspection_c.c
[1.564s] -- Up-to-date: /catkin_ws/rover_sim_ws/install/turtlebot3_msgs/local/lib/python3.10/dist-packages/turtlebot3_msgs/srv
[1.565s] -- Up-to-date: /catkin_ws/rover_sim_ws/install/turtlebot3_msgs/local/lib/python3.10/dist-packages/turtlebot3_msgs/srv/__init__.py
[1.565s] -- Up-to-date: /catkin_ws/rover_sim_ws/install/turtlebot3_msgs/local/lib/python3.10/dist-packages/turtlebot3_msgs/srv/_sound_s.c
[1.567s] -- Up-to-date: /catkin_ws/rover_sim_ws/install/turtlebot3_msgs/local/lib/python3.10/dist-packages/turtlebot3_msgs/srv/_dqn_s.c
[1.567s] -- Up-to-date: /catkin_ws/rover_sim_ws/install/turtlebot3_msgs/local/lib/python3.10/dist-packages/turtlebot3_msgs/srv/_sound.py
[1.567s] -- Up-to-date: /catkin_ws/rover_sim_ws/install/turtlebot3_msgs/local/lib/python3.10/dist-packages/turtlebot3_msgs/srv/_dqn.py
[1.568s] -- Up-to-date: /catkin_ws/rover_sim_ws/install/turtlebot3_msgs/local/lib/python3.10/dist-packages/turtlebot3_msgs/_turtlebot3_msgs_s.ep.rosidl_typesupport_fastrtps_c.c
[1.568s] Listing '/catkin_ws/rover_sim_ws/install/turtlebot3_msgs/local/lib/python3.10/dist-packages/turtlebot3_msgs'...
[1.569s] Listing '/catkin_ws/rover_sim_ws/install/turtlebot3_msgs/local/lib/python3.10/dist-packages/turtlebot3_msgs/action'...
[1.569s] Listing '/catkin_ws/rover_sim_ws/install/turtlebot3_msgs/local/lib/python3.10/dist-packages/turtlebot3_msgs/msg'...
[1.569s] Listing '/catkin_ws/rover_sim_ws/install/turtlebot3_msgs/local/lib/python3.10/dist-packages/turtlebot3_msgs/srv'...
[1.571s] -- Up-to-date: /catkin_ws/rover_sim_ws/install/turtlebot3_msgs/local/lib/python3.10/dist-packages/turtlebot3_msgs/turtlebot3_msgs_s__rosidl_typesupport_fastrtps_c.cpython-310-x86_64-linux-gnu.so
[1.571s] -- Up-to-date: /catkin_ws/rover_sim_ws/install/turtlebot3_msgs/local/lib/python3.10/dist-packages/turtlebot3_msgs/turtlebot3_msgs_s__rosidl_typesupport_introspection_c.cpython-310-x86_64-linux-gnu.so
[1.572s] -- Up-to-date: /catkin_ws/rover_sim_ws/install/turtlebot3_msgs/local/lib/python3.10/dist-packages/turtlebot3_msgs/turtlebot3_msgs_s__rosidl_typesupport_c.cpython-310-x86_64-linux-gnu.so
[1.572s] -- Up-to-date: /catkin_ws/rover_sim_ws/install/turtlebot3_msgs/lib/libturtlebot3_msgs__rosidl_generator_py.so
[1.572s] -- Up-to-date: /catkin_ws/rover_sim_ws/install/turtlebot3_msgs/share/turtlebot3_msgs/msg/SensorState.idl
[1.574s] -- Up-to-date: /catkin_ws/rover_sim_ws/install/turtlebot3_msgs/share/turtlebot3_msgs/msg/Sound.idl
[1.574s] -- Up-to-date: /catkin_ws/rover_sim_ws/install/turtlebot3_msgs/share/turtlebot3_msgs/msg/VersionInfo.idl
[1.575s] -- Up-to-date: /catkin_ws/rover_sim_ws/install/turtlebot3_msgs/share/turtlebot3_msgs/srv/Sound.idl
[1.575s] -- Up-to-date: /catkin_ws/rover_sim_ws/install/turtlebot3_msgs/share/turtlebot3_msgs/srv/Dqn.idl
[1.576s] -- Up-to-date: /catkin_ws/rover_sim_ws/install/turtlebot3_msgs/share/turtlebot3_msgs/action/Patrol.idl
[1.578s] -- Up-to-date: /catkin_ws/rover_sim_ws/install/turtlebot3_msgs/share/turtlebot3_msgs/msg/SensorState.msg
[1.581s] -- Up-to-date: /catkin_ws/rover_sim_ws/install/turtlebot3_msgs/share/turtlebot3_msgs/msg/Sound.msg
[1.585s] -- Up-to-date: /catkin_ws/rover_sim_ws/install/turtlebot3_msgs/share/turtlebot3_msgs/msg/VersionInfo.msg
[1.585s] -- Up-to-date: /catkin_ws/rover_sim_ws/install/turtlebot3_msgs/share/turtlebot3_msgs/srv/Sound.srv
[1.585s] -- Up-to-date: /catkin_ws/rover_sim_ws/install/turtlebot3_msgs/share/turtlebot3_msgs/srv/Sound_Request.msg
[1.586s] -- Up-to-date: /catkin_ws/rover_sim_ws/install/turtlebot3_msgs/share/turtlebot3_msgs/srv/Sound_Response.msg
[1.586s] -- Up-to-date: /catkin_ws/rover_sim_ws/install/turtlebot3_msgs/share/turtlebot3_msgs/srv/Dqn.srv
[1.587s] -- Up-to-date: /catkin_ws/rover_sim_ws/install/turtlebot3_msgs/share/turtlebot3_msgs/srv/Dqn_Request.msg
[1.587s] -- Up-to-date: /catkin_ws/rover_sim_ws/install/turtlebot3_msgs/share/turtlebot3_msgs/srv/Dqn_Response.msg
[1.588s] -- Up-to-date: /catkin_ws/rover_sim_ws/install/turtlebot3_msgs/share/turtlebot3_msgs/action/Patrol.action
[1.588s] -- Up-to-date: /catkin_ws/rover_sim_ws/install/turtlebot3_msgs/share/ament_index/resource_index/package_run_dependencies/turtlebot3_msgs
[1.589s] -- Up-to-date: /catkin_ws/rover_sim_ws/install/turtlebot3_msgs/share/ament_index/resource_index/parent_prefix_path/turtlebot3_msgs
[1.589s] -- Up-to-date: /catkin_ws/rover_sim_ws/install/turtlebot3_msgs/share/turtlebot3_msgs/environment/ament_prefix_path.sh
[1.590s] -- Up-to-date: /catkin_ws/rover_sim_ws/install/turtlebot3_msgs/share/turtlebot3_msgs/environment/ament_prefix_path.dsv
[1.590s] -- Up-to-date: /catkin_ws/rover_sim_ws/install/turtlebot3_msgs/share/turtlebot3_msgs/environment/path.sh
[1.592s] -- Up-to-date: /catkin_ws/rover_sim_ws/install/turtlebot3_msgs/share/turtlebot3_msgs/environment/path.dsv
[1.592s] -- Up-to-date: /catkin_ws/rover_sim_ws/install/turtlebot3_msgs/share/turtlebot3_msgs/local_setup.bash
[1.593s] -- Up-to-date: /catkin_ws/rover_sim_ws/install/turtlebot3_msgs/share/turtlebot3_msgs/local_setup.sh
[1.593s] -- Up-to-date: /catkin_ws/rover_sim_ws/install/turtlebot3_msgs/share/turtlebot3_msgs/local_setup.zsh
[1.594s] -- Up-to-date: /catkin_ws/rover_sim_ws/install/turtlebot3_msgs/share/turtlebot3_msgs/local_setup.dsv
[1.594s] -- Installing: /catkin_ws/rover_sim_ws/install/turtlebot3_msgs/share/turtlebot3_msgs/package.dsv
[1.594s] -- Up-to-date: /catkin_ws/rover_sim_ws/install/turtlebot3_msgs/share/ament_index/resource_index/packages/turtlebot3_msgs
[1.595s] -- Up-to-date: /catkin_ws/rover_sim_ws/install/turtlebot3_msgs/share/turtlebot3_msgs/cmake/export_turtlebot3_msgs__rosidl_generator_cExport.cmake
[1.595s] -- Up-to-date: /catkin_ws/rover_sim_ws/install/turtlebot3_msgs/share/turtlebot3_msgs/cmake/export_turtlebot3_msgs__rosidl_generator_cExport-noconfig.cmake
[1.596s] -- Up-to-date: /catkin_ws/rover_sim_ws/install/turtlebot3_msgs/share/turtlebot3_msgs/cmake/export_turtlebot3_msgs__rosidl_typesupport_fastrtps_cExport.cmake
[1.596s] -- Up-to-date: /catkin_ws/rover_sim_ws/install/turtlebot3_msgs/share/turtlebot3_msgs/cmake/export_turtlebot3_msgs__rosidl_typesupport_fastrtps_cExport-noconfig.cmake
[1.596s] -- Up-to-date: /catkin_ws/rover_sim_ws/install/turtlebot3_msgs/share/turtlebot3_msgs/cmake/export_turtlebot3_msgs__rosidl_generator_cppExport.cmake
[1.597s] -- Up-to-date: /catkin_ws/rover_sim_ws/install/turtlebot3_msgs/share/turtlebot3_msgs/cmake/export_turtlebot3_msgs__rosidl_typesupport_fastrtps_cppExport.cmake
[1.597s] -- Up-to-date: /catkin_ws/rover_sim_ws/install/turtlebot3_msgs/share/turtlebot3_msgs/cmake/export_turtlebot3_msgs__rosidl_typesupport_fastrtps_cppExport-noconfig.cmake
[1.597s] -- Up-to-date: /catkin_ws/rover_sim_ws/install/turtlebot3_msgs/share/turtlebot3_msgs/cmake/turtlebot3_msgs__rosidl_typesupport_introspection_cExport.cmake
[1.598s] -- Up-to-date: /catkin_ws/rover_sim_ws/install/turtlebot3_msgs/share/turtlebot3_msgs/cmake/turtlebot3_msgs__rosidl_typesupport_introspection_cExport-noconfig.cmake
[1.598s] -- Up-to-date: /catkin_ws/rover_sim_ws/install/turtlebot3_msgs/share/turtlebot3_msgs/cmake/turtlebot3_msgs__rosidl_typesupport_cExport.cmake
[1.598s] -- Up-to-date: /catkin_ws/rover_sim_ws/install/turtlebot3_msgs/share/turtlebot3_msgs/cmake/turtlebot3_msgs__rosidl_typesupport_cExport-noconfig.cmake
[1.599s] -- Up-to-date: /catkin_ws/rover_sim_ws/install/turtlebot3_msgs/share/turtlebot3_msgs/cmake/turtlebot3_msgs__rosidl_typesupport_introspection_cppExport.cmake
[1.599s] -- Up-to-date: /catkin_ws/rover_sim_ws/install/turtlebot3_msgs/share/turtlebot3_msgs/cmake/turtlebot3_msgs__rosidl_typesupport_introspection_cppExport-noconfig.cmake
[1.599s] -- Up-to-date: /catkin_ws/rover_sim_ws/install/turtlebot3_msgs/share/turtlebot3_msgs/cmake/turtlebot3_msgs__rosidl_typesupport_cppExport.cmake
[1.600s] -- Up-to-date: /catkin_ws/rover_sim_ws/install/turtlebot3_msgs/share/turtlebot3_msgs/cmake/turtlebot3_msgs__rosidl_typesupport_cppExport-noconfig.cmake
[1.600s] -- Up-to-date: /catkin_ws/rover_sim_ws/install/turtlebot3_msgs/share/turtlebot3_msgs/cmake/export_turtlebot3_msgs__rosidl_generator_pyExport.cmake
[1.601s] -- Up-to-date: /catkin_ws/rover_sim_ws/install/turtlebot3_msgs/share/turtlebot3_msgs/cmake/export_turtlebot3_msgs__rosidl_generator_pyExport-noconfig.cmake
[1.601s] -- Up-to-date: /catkin_ws/rover_sim_ws/install/turtlebot3_msgs/share/turtlebot3_msgs/cmake/rosidl_cmake-extras.cmake
[1.601s] -- Up-to-date: /catkin_ws/rover_sim_ws/install/turtlebot3_msgs/share/turtlebot3_msgs/cmake/ament_cmake_export_dependencies-extras.cmake
[1.602s] -- Up-to-date: /catkin_ws/rover_sim_ws/install/turtlebot3_msgs/share/turtlebot3_msgs/cmake/ament_cmake_export_include_directories-extras.cmake
[1.603s] -- Up-to-date: /catkin_ws/rover_sim_ws/install/turtlebot3_msgs/share/turtlebot3_msgs/cmake/ament_cmake_export_libraries-extras.cmake
[1.603s] -- Up-to-date: /catkin_ws/rover_sim_ws/install/turtlebot3_msgs/share/turtlebot3_msgs/cmake/ament_cmake_export_targets-extras.cmake
[1.604s] -- Up-to-date: /catkin_ws/rover_sim_ws/install/turtlebot3_msgs/share/turtlebot3_msgs/cmake/rosidl_cmake_export_typesupport_targets-extras.cmake
[1.604s] -- Up-to-date: /catkin_ws/rover_sim_ws/install/turtlebot3_msgs/share/turtlebot3_msgs/cmake/rosidl_cmake_export_typesupport_libraries-extras.cmake
[1.604s] -- Up-to-date: /catkin_ws/rover_sim_ws/install/turtlebot3_msgs/share/turtlebot3_msgs/cmake/turtlebot3_msgsConfig.cmake
[1.605s] -- Up-to-date: /catkin_ws/rover_sim_ws/install/turtlebot3_msgs/share/turtlebot3_msgs/cmake/turtlebot3_msgsConfig-version.cmake
[1.606s] -- Up-to-date: /catkin_ws/rover_sim_ws/install/turtlebot3_msgs/share/turtlebot3_msgs/package.xml
[1.715s] Invoked command in '/catkin_ws/rover_sim_ws/build/turtlebot3_msgs' returned '0': CMAKE_PREFIX_PATH=${CMAKE_PREFIX_PATH}:/opt/ros/humble /usr/bin/cmake --install /catkin_ws/rover_sim_ws/build/turtlebot3_msgs
