[0.070s] Invoking command in '/catkin_ws/rover_sim_ws/build/rover_gz': CMAKE_PREFIX_PATH=${CMAKE_PREFIX_PATH}:/catkin_ws/rover_sim_ws/install/ros_gz_interfaces:/opt/ros/humble /usr/bin/cmake --build /catkin_ws/rover_sim_ws/build/rover_gz -- -j8 -l8
[0.093s] -- Found ament_cmake: 1.3.6 (/opt/ros/humble/share/ament_cmake/cmake)
[0.248s] -- Found ament_lint_auto: 0.12.9 (/opt/ros/humble/share/ament_lint_auto/cmake)
[0.325s] -- Added test 'flake8' to check Python code syntax and style conventions
[0.326s] -- Added test 'lint_cmake' to check CMake code style
[0.326s] -- Added test 'pep257' to check Python code against some of the docstring style conventions in PEP 257
[0.327s] -- Added test 'xmllint' to check XML markup files
[0.328s] -- Configuring done
[0.332s] -- Generating done
[0.333s] -- Build files have been written to: /catkin_ws/rover_sim_ws/build/rover_gz
[0.352s] Invoked command in '/catkin_ws/rover_sim_ws/build/rover_gz' returned '0': CMAKE_PREFIX_PATH=${CMAKE_PREFIX_PATH}:/catkin_ws/rover_sim_ws/install/ros_gz_interfaces:/opt/ros/humble /usr/bin/cmake --build /catkin_ws/rover_sim_ws/build/rover_gz -- -j8 -l8
[0.379s] Invoking command in '/catkin_ws/rover_sim_ws/build/rover_gz': CMAKE_PREFIX_PATH=${CMAKE_PREFIX_PATH}:/catkin_ws/rover_sim_ws/install/ros_gz_interfaces:/opt/ros/humble /usr/bin/cmake --install /catkin_ws/rover_sim_ws/build/rover_gz
[0.385s] -- Install configuration: ""
[0.386s] -- Installing: /catkin_ws/rover_sim_ws/install/rover_gz/share/rover_gz//launch
[0.386s] -- Installing: /catkin_ws/rover_sim_ws/install/rover_gz/share/rover_gz//launch/lunar_world.launch.py
[0.386s] -- Installing: /catkin_ws/rover_sim_ws/install/rover_gz/share/rover_gz//launch/__pycache__
[0.386s] -- Installing: /catkin_ws/rover_sim_ws/install/rover_gz/share/rover_gz//launch/__pycache__/lunar_world.launch.cpython-310.pyc
[0.386s] [31mCMake Error at cmake_install.cmake:46 (file):
[0.387s]   file INSTALL cannot find "/catkin_ws/rover_sim_ws/src/rover_gz/models": No
[0.387s]   such file or directory.
[0.387s] 
[0.387s] [0m
[0.388s] Invoked command in '/catkin_ws/rover_sim_ws/build/rover_gz' returned '1': CMAKE_PREFIX_PATH=${CMAKE_PREFIX_PATH}:/catkin_ws/rover_sim_ws/install/ros_gz_interfaces:/opt/ros/humble /usr/bin/cmake --install /catkin_ws/rover_sim_ws/build/rover_gz
