[0.073s] Invoking command in '/catkin_ws/rover_sim_ws/build/ign_ros2_control_demos': AMENT_PREFIX_PATH=/catkin_ws/rover_sim_ws/install/ign_ros2_control:${AMENT_PREFIX_PATH} CMAKE_PREFIX_PATH=/catkin_ws/rover_sim_ws/install/ign_ros2_control:/opt/ros/humble LD_LIBRARY_PATH=/catkin_ws/rover_sim_ws/install/ign_ros2_control/lib:${LD_LIBRARY_PATH} /usr/bin/cmake /catkin_ws/rover_sim_ws/src/gz_ros2_control/ign_ros2_control_demos -DCMAKE_INSTALL_PREFIX=/catkin_ws/rover_sim_ws/install/ign_ros2_control_demos
[0.120s] -- The C compiler identification is GNU 11.4.0
[0.172s] -- The CXX compiler identification is GNU 11.4.0
[0.178s] -- Detecting C compiler ABI info
[0.247s] -- Detecting C compiler ABI info - done
[0.254s] -- Check for working C compiler: /usr/bin/cc - skipped
[0.254s] -- Detecting C compile features
[0.255s] -- Detecting C compile features - done
[0.259s] -- Detecting CXX compiler ABI info
[0.345s] -- Detecting CXX compiler ABI info - done
[0.355s] -- Check for working CXX compiler: /usr/bin/c++ - skipped
[0.355s] -- Detecting CXX compile features
[0.355s] -- Detecting CXX compile features - done
[0.358s] -- Found ament_cmake: 1.3.6 (/opt/ros/humble/share/ament_cmake/cmake)
[0.552s] -- Found Python3: /usr/bin/python3.10 (found version "3.10.12") found components: Interpreter 
[0.648s] -- Found control_msgs: 4.4.0 (/opt/ros/humble/share/control_msgs/cmake)
[0.685s] -- Found rosidl_generator_c: 3.1.5 (/opt/ros/humble/share/rosidl_generator_c/cmake)
[0.691s] -- Found rosidl_adapter: 3.1.5 (/opt/ros/humble/share/rosidl_adapter/cmake)
[0.700s] -- Found rosidl_generator_cpp: 3.1.5 (/opt/ros/humble/share/rosidl_generator_cpp/cmake)
[0.714s] -- Using all available rosidl_typesupport_c: rosidl_typesupport_fastrtps_c;rosidl_typesupport_introspection_c
[0.733s] -- Using all available rosidl_typesupport_cpp: rosidl_typesupport_fastrtps_cpp;rosidl_typesupport_introspection_cpp
[1.451s] -- Found rclcpp: 16.0.7 (/opt/ros/humble/share/rclcpp/cmake)
[1.522s] -- Found rmw_implementation_cmake: 6.1.1 (/opt/ros/humble/share/rmw_implementation_cmake/cmake)
[1.525s] -- Found rmw_fastrtps_cpp: 6.2.5 (/opt/ros/humble/share/rmw_fastrtps_cpp/cmake)
[1.636s] -- Found OpenSSL: /usr/lib/x86_64-linux-gnu/libcrypto.so (found version "3.0.2")  
[1.667s] -- Found FastRTPS: /opt/ros/humble/include  
[1.729s] -- Using RMW implementation 'rmw_fastrtps_cpp' as default
[1.740s] -- Looking for pthread.h
[1.813s] -- Looking for pthread.h - found
[1.814s] -- Performing Test CMAKE_HAVE_LIBC_PTHREAD
[1.880s] -- Performing Test CMAKE_HAVE_LIBC_PTHREAD - Success
[1.881s] -- Found Threads: TRUE  
[2.040s] -- Found rclcpp_action: 16.0.7 (/opt/ros/humble/share/rclcpp_action/cmake)
[2.092s] -- Found ament_cmake_gtest: 1.3.6 (/opt/ros/humble/share/ament_cmake_gtest/cmake)
[2.094s] -- Found ament_lint_auto: 0.12.9 (/opt/ros/humble/share/ament_lint_auto/cmake)
[2.184s] -- Added test 'copyright' to check source files copyright and LICENSE
[2.185s] -- Added test 'cppcheck' to perform static code analysis on C / C++ code
[2.185s] -- Configured cppcheck include dirs: 
[2.186s] -- Configured cppcheck exclude dirs and/or files: 
[2.187s] -- Added test 'cpplint' to check C / C++ code against the Google style
[2.187s] -- Configured cpplint exclude dirs and/or files: 
[2.187s] -- Added test 'flake8' to check Python code syntax and style conventions
[2.188s] -- Added test 'lint_cmake' to check CMake code style
[2.189s] -- Added test 'pep257' to check Python code against some of the docstring style conventions in PEP 257
[2.190s] -- Added test 'uncrustify' to check C / C++ code style
[2.190s] -- Configured uncrustify additional arguments: 
[2.191s] -- Added test 'xmllint' to check XML markup files
[2.192s] -- Configuring done
[2.235s] -- Generating done
[2.238s] -- Build files have been written to: /catkin_ws/rover_sim_ws/build/ign_ros2_control_demos
[2.254s] Invoked command in '/catkin_ws/rover_sim_ws/build/ign_ros2_control_demos' returned '0': AMENT_PREFIX_PATH=/catkin_ws/rover_sim_ws/install/ign_ros2_control:${AMENT_PREFIX_PATH} CMAKE_PREFIX_PATH=/catkin_ws/rover_sim_ws/install/ign_ros2_control:/opt/ros/humble LD_LIBRARY_PATH=/catkin_ws/rover_sim_ws/install/ign_ros2_control/lib:${LD_LIBRARY_PATH} /usr/bin/cmake /catkin_ws/rover_sim_ws/src/gz_ros2_control/ign_ros2_control_demos -DCMAKE_INSTALL_PREFIX=/catkin_ws/rover_sim_ws/install/ign_ros2_control_demos
[2.255s] Invoking command in '/catkin_ws/rover_sim_ws/build/ign_ros2_control_demos': AMENT_PREFIX_PATH=/catkin_ws/rover_sim_ws/install/ign_ros2_control:${AMENT_PREFIX_PATH} CMAKE_PREFIX_PATH=/catkin_ws/rover_sim_ws/install/ign_ros2_control:/opt/ros/humble LD_LIBRARY_PATH=/catkin_ws/rover_sim_ws/install/ign_ros2_control/lib:${LD_LIBRARY_PATH} /usr/bin/cmake --build /catkin_ws/rover_sim_ws/build/ign_ros2_control_demos -- -j8 -l8
[2.305s] [ 16%] [32mBuilding CXX object CMakeFiles/example_diff_drive.dir/examples/example_diff_drive.cpp.o[0m
[2.305s] [ 16%] [32mBuilding CXX object CMakeFiles/example_velocity.dir/examples/example_velocity.cpp.o[0m
[2.305s] [ 25%] [32mBuilding CXX object CMakeFiles/example_position.dir/examples/example_position.cpp.o[0m
[2.305s] [ 33%] [32mBuilding CXX object CMakeFiles/example_gripper.dir/examples/example_gripper.cpp.o[0m
[2.307s] [ 50%] [32mBuilding CXX object CMakeFiles/example_effort.dir/examples/example_effort.cpp.o[0m
[2.307s] [ 50%] [32mBuilding CXX object CMakeFiles/example_tricycle_drive.dir/examples/example_tricycle_drive.cpp.o[0m
[10.477s] [ 58%] [32m[1mLinking CXX executable example_tricycle_drive[0m
[10.623s] [ 66%] [32m[1mLinking CXX executable example_gripper[0m
[10.625s] [ 75%] [32m[1mLinking CXX executable example_velocity[0m
[10.647s] [ 83%] [32m[1mLinking CXX executable example_effort[0m
[10.745s] [ 91%] [32m[1mLinking CXX executable example_diff_drive[0m
[10.898s] [ 91%] Built target example_tricycle_drive
[10.991s] [ 91%] Built target example_gripper
[10.997s] [ 91%] Built target example_effort
[11.007s] [ 91%] Built target example_velocity
[11.083s] [ 91%] Built target example_diff_drive
[11.333s] [100%] [32m[1mLinking CXX executable example_position[0m
[11.574s] [100%] Built target example_position
[11.623s] Invoked command in '/catkin_ws/rover_sim_ws/build/ign_ros2_control_demos' returned '0': AMENT_PREFIX_PATH=/catkin_ws/rover_sim_ws/install/ign_ros2_control:${AMENT_PREFIX_PATH} CMAKE_PREFIX_PATH=/catkin_ws/rover_sim_ws/install/ign_ros2_control:/opt/ros/humble LD_LIBRARY_PATH=/catkin_ws/rover_sim_ws/install/ign_ros2_control/lib:${LD_LIBRARY_PATH} /usr/bin/cmake --build /catkin_ws/rover_sim_ws/build/ign_ros2_control_demos -- -j8 -l8
[11.656s] Invoking command in '/catkin_ws/rover_sim_ws/build/ign_ros2_control_demos': AMENT_PREFIX_PATH=/catkin_ws/rover_sim_ws/install/ign_ros2_control:${AMENT_PREFIX_PATH} CMAKE_PREFIX_PATH=/catkin_ws/rover_sim_ws/install/ign_ros2_control:/opt/ros/humble LD_LIBRARY_PATH=/catkin_ws/rover_sim_ws/install/ign_ros2_control/lib:${LD_LIBRARY_PATH} /usr/bin/cmake --install /catkin_ws/rover_sim_ws/build/ign_ros2_control_demos
[11.662s] -- Install configuration: ""
[11.662s] -- Installing: /catkin_ws/rover_sim_ws/install/ign_ros2_control_demos/share/ign_ros2_control_demos//launch
[11.663s] -- Installing: /catkin_ws/rover_sim_ws/install/ign_ros2_control_demos/share/ign_ros2_control_demos//launch/cart_example_position.launch.py
[11.664s] -- Installing: /catkin_ws/rover_sim_ws/install/ign_ros2_control_demos/share/ign_ros2_control_demos//launch/cart_example_velocity.launch.py
[11.664s] -- Installing: /catkin_ws/rover_sim_ws/install/ign_ros2_control_demos/share/ign_ros2_control_demos//launch/gripper_mimic_joint_example.launch.py
[11.664s] -- Installing: /catkin_ws/rover_sim_ws/install/ign_ros2_control_demos/share/ign_ros2_control_demos//launch/diff_drive_example.launch.py
[11.664s] -- Installing: /catkin_ws/rover_sim_ws/install/ign_ros2_control_demos/share/ign_ros2_control_demos//launch/tricycle_drive_example.launch.py
[11.665s] -- Installing: /catkin_ws/rover_sim_ws/install/ign_ros2_control_demos/share/ign_ros2_control_demos//launch/cart_example_effort.launch.py
[11.665s] -- Installing: /catkin_ws/rover_sim_ws/install/ign_ros2_control_demos/share/ign_ros2_control_demos//config
[11.665s] -- Installing: /catkin_ws/rover_sim_ws/install/ign_ros2_control_demos/share/ign_ros2_control_demos//config/diff_drive_controller_velocity.yaml
[11.665s] -- Installing: /catkin_ws/rover_sim_ws/install/ign_ros2_control_demos/share/ign_ros2_control_demos//config/tricycle_drive_controller.yaml
[11.665s] -- Installing: /catkin_ws/rover_sim_ws/install/ign_ros2_control_demos/share/ign_ros2_control_demos//config/cart_controller_position.yaml
[11.666s] -- Installing: /catkin_ws/rover_sim_ws/install/ign_ros2_control_demos/share/ign_ros2_control_demos//config/cart_controller_effort.yaml
[11.666s] -- Installing: /catkin_ws/rover_sim_ws/install/ign_ros2_control_demos/share/ign_ros2_control_demos//config/gripper_controller.yaml
[11.666s] -- Installing: /catkin_ws/rover_sim_ws/install/ign_ros2_control_demos/share/ign_ros2_control_demos//config/cart_controller_velocity.yaml
[11.666s] -- Installing: /catkin_ws/rover_sim_ws/install/ign_ros2_control_demos/share/ign_ros2_control_demos//urdf
[11.667s] -- Installing: /catkin_ws/rover_sim_ws/install/ign_ros2_control_demos/share/ign_ros2_control_demos//urdf/test_cart_velocity.xacro.urdf
[11.667s] -- Installing: /catkin_ws/rover_sim_ws/install/ign_ros2_control_demos/share/ign_ros2_control_demos//urdf/test_cart_position.xacro.urdf
[11.667s] -- Installing: /catkin_ws/rover_sim_ws/install/ign_ros2_control_demos/share/ign_ros2_control_demos//urdf/test_gripper_mimic_joint.xacro.urdf
[11.667s] -- Installing: /catkin_ws/rover_sim_ws/install/ign_ros2_control_demos/share/ign_ros2_control_demos//urdf/test_cart_effort.xacro.urdf
[11.667s] -- Installing: /catkin_ws/rover_sim_ws/install/ign_ros2_control_demos/share/ign_ros2_control_demos//urdf/test_tricycle_drive.xacro.urdf
[11.667s] -- Installing: /catkin_ws/rover_sim_ws/install/ign_ros2_control_demos/share/ign_ros2_control_demos//urdf/test_diff_drive.xacro.urdf
[11.667s] -- Installing: /catkin_ws/rover_sim_ws/install/ign_ros2_control_demos/lib/ign_ros2_control_demos/example_position
[11.668s] -- Set runtime path of "/catkin_ws/rover_sim_ws/install/ign_ros2_control_demos/lib/ign_ros2_control_demos/example_position" to ""
[11.668s] -- Installing: /catkin_ws/rover_sim_ws/install/ign_ros2_control_demos/lib/ign_ros2_control_demos/example_velocity
[11.669s] -- Set runtime path of "/catkin_ws/rover_sim_ws/install/ign_ros2_control_demos/lib/ign_ros2_control_demos/example_velocity" to ""
[11.670s] -- Installing: /catkin_ws/rover_sim_ws/install/ign_ros2_control_demos/lib/ign_ros2_control_demos/example_effort
[11.670s] -- Set runtime path of "/catkin_ws/rover_sim_ws/install/ign_ros2_control_demos/lib/ign_ros2_control_demos/example_effort" to ""
[11.671s] -- Installing: /catkin_ws/rover_sim_ws/install/ign_ros2_control_demos/lib/ign_ros2_control_demos/example_diff_drive
[11.672s] -- Set runtime path of "/catkin_ws/rover_sim_ws/install/ign_ros2_control_demos/lib/ign_ros2_control_demos/example_diff_drive" to ""
[11.672s] -- Installing: /catkin_ws/rover_sim_ws/install/ign_ros2_control_demos/lib/ign_ros2_control_demos/example_tricycle_drive
[11.673s] -- Set runtime path of "/catkin_ws/rover_sim_ws/install/ign_ros2_control_demos/lib/ign_ros2_control_demos/example_tricycle_drive" to ""
[11.673s] -- Installing: /catkin_ws/rover_sim_ws/install/ign_ros2_control_demos/lib/ign_ros2_control_demos/example_gripper
[11.674s] -- Set runtime path of "/catkin_ws/rover_sim_ws/install/ign_ros2_control_demos/lib/ign_ros2_control_demos/example_gripper" to ""
[11.674s] -- Installing: /catkin_ws/rover_sim_ws/install/ign_ros2_control_demos/share/ament_index/resource_index/package_run_dependencies/ign_ros2_control_demos
[11.675s] -- Installing: /catkin_ws/rover_sim_ws/install/ign_ros2_control_demos/share/ament_index/resource_index/parent_prefix_path/ign_ros2_control_demos
[11.675s] -- Installing: /catkin_ws/rover_sim_ws/install/ign_ros2_control_demos/share/ign_ros2_control_demos/environment/ament_prefix_path.sh
[11.675s] -- Installing: /catkin_ws/rover_sim_ws/install/ign_ros2_control_demos/share/ign_ros2_control_demos/environment/ament_prefix_path.dsv
[11.675s] -- Installing: /catkin_ws/rover_sim_ws/install/ign_ros2_control_demos/share/ign_ros2_control_demos/environment/path.sh
[11.676s] -- Installing: /catkin_ws/rover_sim_ws/install/ign_ros2_control_demos/share/ign_ros2_control_demos/environment/path.dsv
[11.676s] -- Installing: /catkin_ws/rover_sim_ws/install/ign_ros2_control_demos/share/ign_ros2_control_demos/local_setup.bash
[11.676s] -- Installing: /catkin_ws/rover_sim_ws/install/ign_ros2_control_demos/share/ign_ros2_control_demos/local_setup.sh
[11.676s] -- Installing: /catkin_ws/rover_sim_ws/install/ign_ros2_control_demos/share/ign_ros2_control_demos/local_setup.zsh
[11.677s] -- Installing: /catkin_ws/rover_sim_ws/install/ign_ros2_control_demos/share/ign_ros2_control_demos/local_setup.dsv
[11.677s] -- Installing: /catkin_ws/rover_sim_ws/install/ign_ros2_control_demos/share/ign_ros2_control_demos/package.dsv
[11.677s] -- Installing: /catkin_ws/rover_sim_ws/install/ign_ros2_control_demos/share/ament_index/resource_index/packages/ign_ros2_control_demos
[11.677s] -- Installing: /catkin_ws/rover_sim_ws/install/ign_ros2_control_demos/share/ign_ros2_control_demos/cmake/ign_ros2_control_demosConfig.cmake
[11.678s] -- Installing: /catkin_ws/rover_sim_ws/install/ign_ros2_control_demos/share/ign_ros2_control_demos/cmake/ign_ros2_control_demosConfig-version.cmake
[11.678s] -- Installing: /catkin_ws/rover_sim_ws/install/ign_ros2_control_demos/share/ign_ros2_control_demos/package.xml
[11.682s] Invoked command in '/catkin_ws/rover_sim_ws/build/ign_ros2_control_demos' returned '0': AMENT_PREFIX_PATH=/catkin_ws/rover_sim_ws/install/ign_ros2_control:${AMENT_PREFIX_PATH} CMAKE_PREFIX_PATH=/catkin_ws/rover_sim_ws/install/ign_ros2_control:/opt/ros/humble LD_LIBRARY_PATH=/catkin_ws/rover_sim_ws/install/ign_ros2_control/lib:${LD_LIBRARY_PATH} /usr/bin/cmake --install /catkin_ws/rover_sim_ws/build/ign_ros2_control_demos
