[0.131s] Invoking command in '/catkin_ws/rover_sim_ws/build/ign_ros2_control': CMAKE_PREFIX_PATH=${CMAKE_PREFIX_PATH}:/opt/ros/humble /usr/bin/cmake /catkin_ws/rover_sim_ws/src/gz_ros2_control/ign_ros2_control -DCMAKE_INSTALL_PREFIX=/catkin_ws/rover_sim_ws/install/ign_ros2_control
[0.197s] -- The C compiler identification is GNU 11.4.0
[0.252s] -- The CXX compiler identification is GNU 11.4.0
[0.259s] -- Detecting C compiler ABI info
[0.339s] -- Detecting C compiler ABI info - done
[0.346s] -- Check for working C compiler: /usr/bin/cc - skipped
[0.347s] -- Detecting C compile features
[0.347s] -- Detecting C compile features - done
[0.351s] -- Detecting CXX compiler ABI info
[0.432s] -- Detecting CXX compiler ABI info - done
[0.442s] -- Check for working CXX compiler: /usr/bin/c++ - skipped
[0.442s] -- Detecting CXX compile features
[0.442s] -- Detecting CXX compile features - done
[0.445s] -- Found ament_cmake: 1.3.6 (/opt/ros/humble/share/ament_cmake/cmake)
[0.619s] -- Found Python3: /usr/bin/python3.10 (found version "3.10.12") found components: Interpreter 
[0.704s] -- Found ament_index_cpp: 1.4.0 (/opt/ros/humble/share/ament_index_cpp/cmake)
[0.707s] -- Found controller_manager: 2.36.0 (/opt/ros/humble/share/controller_manager/cmake)
[0.761s] -- Found rosidl_generator_c: 3.1.5 (/opt/ros/humble/share/rosidl_generator_c/cmake)
[0.767s] -- Found rosidl_adapter: 3.1.5 (/opt/ros/humble/share/rosidl_adapter/cmake)
[0.775s] -- Found rosidl_generator_cpp: 3.1.5 (/opt/ros/humble/share/rosidl_generator_cpp/cmake)
[0.790s] -- Using all available rosidl_typesupport_c: rosidl_typesupport_fastrtps_c;rosidl_typesupport_introspection_c
[0.810s] -- Using all available rosidl_typesupport_cpp: rosidl_typesupport_fastrtps_cpp;rosidl_typesupport_introspection_cpp
[1.684s] -- Found rmw_implementation_cmake: 6.1.1 (/opt/ros/humble/share/rmw_implementation_cmake/cmake)
[1.688s] -- Found rmw_fastrtps_cpp: 6.2.5 (/opt/ros/humble/share/rmw_fastrtps_cpp/cmake)
[1.736s] -- Found TinyXML2 via Config file: TinyXML2_DIR-NOTFOUND
[1.783s] -- Found OpenSSL: /usr/lib/x86_64-linux-gnu/libcrypto.so (found version "3.0.2")  
[1.786s] -- Found TinyXML2 via Config file: TinyXML2_DIR-NOTFOUND
[1.800s] -- Found FastRTPS: /opt/ros/humble/include  
[1.812s] -- Found TinyXML2 via Config file: TinyXML2_DIR-NOTFOUND
[1.821s] -- Found TinyXML2 via Config file: TinyXML2_DIR-NOTFOUND
[1.831s] -- Using RMW implementation 'rmw_fastrtps_cpp' as default
[1.845s] -- Looking for pthread.h
[1.913s] -- Looking for pthread.h - found
[1.913s] -- Performing Test CMAKE_HAVE_LIBC_PTHREAD
[1.980s] -- Performing Test CMAKE_HAVE_LIBC_PTHREAD - Success
[1.981s] -- Found Threads: TRUE  
[2.728s] -- Found yaml_cpp_vendor: 8.0.2 (/opt/ros/humble/share/yaml_cpp_vendor/cmake)
[2.734s] -- Looking for ignition-gazebo6 -- found version 6.15.0
[2.740s] -- Searching for dependencies of ignition-gazebo6
[2.742s] -- Looking for sdformat12 -- found version 12.7.2
[2.743s] -- Searching for dependencies of sdformat12
[2.753s] -- Checking for module 'tinyxml2'
[2.770s] --   Found tinyxml2, version 9.0.0
[2.799s] -- Looking for ignition-math6 -- found version 6.15.0
[2.800s] -- Searching for dependencies of ignition-math6
[2.804s] -- Looking for ignition-utils1 -- found version 1.5.1
[2.804s] -- Searching for dependencies of ignition-utils1
[2.808s] -- Looking for ignition-plugin1 -- found version 1.4.0
[2.808s] -- Searching for dependencies of ignition-plugin1
[2.809s] -- Searching for <ignition-plugin1> component [loader]
[2.811s] -- Looking for ignition-plugin1-loader -- found version 1.4.0
[2.812s] -- Searching for dependencies of ignition-plugin1-loader
[2.812s] -- Searching for <ignition-plugin1> component [register]
[2.815s] -- Looking for ignition-plugin1-register -- found version 1.4.0
[2.815s] -- Searching for dependencies of ignition-plugin1-register
[2.818s] -- Looking for ignition-transport11 -- found version 11.4.1
[2.819s] -- Searching for dependencies of ignition-transport11
[2.844s] -- Found Protobuf: /usr/lib/x86_64-linux-gnu/libprotobuf.so (found version "3.12.4") 
[2.856s] -- Config-file not installed for ZeroMQ -- checking for pkg-config
[2.861s] -- Checking for module 'libzmq >= 4'
[2.872s] --   Found libzmq , version 4.3.4
[2.900s] -- Found ZeroMQ: TRUE (Required is at least version "4") 
[2.905s] -- Checking for module 'uuid'
[2.918s] --   Found uuid, version 2.37.2
[2.946s] -- Found UUID: TRUE  
[2.946s] -- Looking for ignition-utils1 -- found version 1.5.1
[2.947s] -- Searching for dependencies of ignition-utils1
[2.947s] -- Searching for <ignition-utils1> component [cli]
[2.949s] -- Looking for ignition-utils1-cli -- found version 1.5.1
[2.950s] -- Searching for dependencies of ignition-utils1-cli
[2.953s] -- Looking for ignition-msgs8 -- found version 8.7.0
[2.953s] -- Searching for dependencies of ignition-msgs8
[2.974s] -- Found Protobuf: /usr/lib/x86_64-linux-gnu/libprotobuf.so (found suitable version "3.12.4", minimum required is "3") 
[2.974s] -- Looking for ignition-math6 -- found version 6.15.0
[2.982s] -- Searching for <ignition-transport11> component [log]
[2.984s] -- Looking for ignition-transport11-log -- found version 11.4.1
[2.984s] -- Searching for dependencies of ignition-transport11-log
[2.985s] -- Searching for <ignition-transport11> component [parameters]
[2.988s] -- Looking for ignition-transport11-parameters -- found version 11.4.1
[2.988s] -- Searching for dependencies of ignition-transport11-parameters
[2.990s] -- Looking for ignition-msgs8 -- found version 8.7.0
[2.993s] -- Looking for ignition-common4 -- found version 4.7.0
[2.993s] -- Searching for dependencies of ignition-common4
[2.994s] -- Looking for dlfcn.h - found
[2.994s] -- Looking for libdl - found
[2.996s] -- Found DL: TRUE  
[3.004s] -- Searching for <ignition-common4> component [profiler]
[3.007s] -- Looking for ignition-common4-profiler -- found version 4.7.0
[3.007s] -- Searching for dependencies of ignition-common4-profiler
[3.008s] -- Searching for <ignition-common4> component [events]
[3.011s] -- Looking for ignition-common4-events -- found version 4.7.0
[3.012s] -- Searching for dependencies of ignition-common4-events
[3.012s] -- Looking for ignition-math6 -- found version 6.15.0
[3.013s] -- Searching for <ignition-common4> component [av]
[3.017s] -- Looking for ignition-common4-av -- found version 4.7.0
[3.017s] -- Searching for dependencies of ignition-common4-av
[3.032s] -- Checking for module 'libswscale'
[3.054s] --   Found libswscale, version 5.9.100
[3.097s] -- Found SWSCALE: TRUE  
[3.103s] -- Checking for module 'libavdevice >= 56.4.100'
[3.119s] --   Found libavdevice , version 58.13.100
[3.150s] -- Found AVDEVICE: TRUE (Required is at least version "56.4.100") 
[3.154s] -- Checking for module 'libavformat'
[3.169s] --   Found libavformat, version 58.76.100
[3.195s] -- Found AVFORMAT: TRUE  
[3.200s] -- Checking for module 'libavcodec'
[3.211s] --   Found libavcodec, version 58.134.100
[3.238s] -- Found AVCODEC: TRUE  
[3.243s] -- Checking for module 'libavutil'
[3.253s] --   Found libavutil, version 56.70.100
[3.285s] -- Found AVUTIL: TRUE  
[3.288s] -- Looking for ignition-fuel_tools7 -- found version 7.3.0
[3.288s] -- Searching for dependencies of ignition-fuel_tools7
[3.355s] -- Found CURL: /usr/lib/x86_64-linux-gnu/libcurl.so (found version "7.81.0")  
[3.365s] -- Checking for module 'jsoncpp'
[3.375s] --   Found jsoncpp, version 1.9.5
[3.406s] -- Found JSONCPP: TRUE  
[3.412s] -- Checking for module 'libzip'
[3.425s] --   Found libzip, version 1.7.3
[3.452s] -- Found ZIP: TRUE  
[3.453s] -- Looking for ignition-common4 -- found version 4.7.0
[3.453s] -- Looking for ignition-math6 -- found version 6.15.0
[3.453s] -- Looking for ignition-msgs8 -- found version 8.7.0
[3.457s] -- Looking for ignition-gui6 -- found version 6.8.0
[3.457s] -- Searching for dependencies of ignition-gui6
[3.486s] -- Looking for ignition-math6 -- found version 6.15.0
[3.487s] -- Looking for ignition-common4 -- found version 4.7.0
[3.487s] -- Looking for ignition-plugin1 -- found version 1.4.0
[3.488s] -- Looking for ignition-transport11 -- found version 11.4.1
[3.491s] -- Looking for ignition-rendering6 -- found version 6.6.1
[3.491s] -- Searching for dependencies of ignition-rendering6
[3.492s] -- Looking for ignition-math6 -- found version 6.15.0
[3.492s] -- Searching for dependencies of ignition-math6
[3.492s] -- Searching for <ignition-math6> component [eigen3]
[3.495s] -- Looking for ignition-math6-eigen3 -- found version 6.15.0
[3.495s] -- Searching for dependencies of ignition-math6-eigen3
[3.504s] -- Looking for ignition-common4 -- found version 4.7.0
[3.504s] -- Searching for dependencies of ignition-common4
[3.504s] -- Looking for dlfcn.h - found
[3.504s] -- Looking for libdl - found
[3.513s] -- Searching for <ignition-common4> component [graphics]
[3.516s] -- Looking for ignition-common4-graphics -- found version 4.7.0
[3.516s] -- Searching for dependencies of ignition-common4-graphics
[3.517s] -- Looking for ignition-math6 -- found version 6.15.0
[3.517s] -- Looking for ignition-utils1 -- found version 1.5.1
[3.518s] -- Searching for <ignition-common4> component [events]
[3.519s] -- Looking for ignition-plugin1 -- found version 1.4.0
[3.519s] -- Searching for dependencies of ignition-plugin1
[3.519s] -- Searching for <ignition-plugin1> component [all]
[3.522s] -- Looking for all libraries of ignition-plugin1 -- found version 1.4.0
[3.522s] -- Looking for ignition-plugin1 -- found version 1.4.0
[3.525s] -- Looking for ignition-msgs8 -- found version 8.7.0
[3.549s] -- Looking for ignition-physics5 -- found version 5.3.2
[3.549s] -- Searching for dependencies of ignition-physics5
[3.550s] -- Looking for ignition-math6 -- found version 6.15.0
[3.550s] -- Looking for ignition-plugin1 -- found version 1.4.0
[3.551s] -- Looking for ignition-utils1 -- found version 1.5.1
[3.552s] -- Searching for <ignition-physics5> component [heightmap]
[3.555s] -- Looking for ignition-physics5-heightmap -- found version 5.3.2
[3.556s] -- Searching for dependencies of ignition-physics5-heightmap
[3.556s] -- Looking for ignition-common4 -- found version 4.7.0
[3.557s] -- Searching for <ignition-physics5> component [mesh]
[3.559s] -- Looking for ignition-physics5-mesh -- found version 5.3.2
[3.560s] -- Searching for dependencies of ignition-physics5-mesh
[3.560s] -- Looking for ignition-common4 -- found version 4.7.0
[3.561s] -- Searching for <ignition-physics5> component [sdf]
[3.563s] -- Looking for ignition-physics5-sdf -- found version 5.3.2
[3.564s] -- Searching for dependencies of ignition-physics5-sdf
[3.564s] -- Looking for sdformat12 -- found version 12.7.2
[3.567s] -- Looking for ignition-sensors6 -- found version 6.7.1
[3.568s] -- Searching for dependencies of ignition-sensors6
[3.592s] -- Found Protobuf: /usr/lib/x86_64-linux-gnu/libprotobuf.so (found version "3.12.4") 
[3.593s] -- Looking for ignition-math6 -- found version 6.15.0
[3.593s] -- Looking for ignition-common4 -- found version 4.7.0
[3.594s] -- Looking for ignition-transport11 -- found version 11.4.1
[3.595s] -- Looking for ignition-rendering6 -- found version 6.6.1
[3.596s] -- Looking for ignition-msgs8 -- found version 8.7.0
[3.597s] -- Looking for sdformat12 -- found version 12.7.2
[3.598s] -- Searching for <ignition-sensors6> component [air_pressure]
[3.601s] -- Looking for ignition-sensors6-air_pressure -- found version 6.7.1
[3.601s] -- Searching for dependencies of ignition-sensors6-air_pressure
[3.603s] -- Searching for <ignition-sensors6> component [altimeter]
[3.606s] -- Looking for ignition-sensors6-altimeter -- found version 6.7.1
[3.607s] -- Searching for dependencies of ignition-sensors6-altimeter
[3.607s] -- Searching for <ignition-sensors6> component [imu]
[3.611s] -- Looking for ignition-sensors6-imu -- found version 6.7.1
[3.612s] -- Searching for dependencies of ignition-sensors6-imu
[3.612s] -- Searching for <ignition-sensors6> component [force_torque]
[3.616s] -- Looking for ignition-sensors6-force_torque -- found version 6.7.1
[3.616s] -- Searching for dependencies of ignition-sensors6-force_torque
[3.617s] -- Searching for <ignition-sensors6> component [logical_camera]
[3.621s] -- Looking for ignition-sensors6-logical_camera -- found version 6.7.1
[3.621s] -- Searching for dependencies of ignition-sensors6-logical_camera
[3.622s] -- Searching for <ignition-sensors6> component [magnetometer]
[3.625s] -- Looking for ignition-sensors6-magnetometer -- found version 6.7.1
[3.626s] -- Searching for dependencies of ignition-sensors6-magnetometer
[3.627s] -- Searching for <ignition-sensors6> component [navsat]
[3.630s] -- Looking for ignition-sensors6-navsat -- found version 6.7.1
[3.631s] -- Searching for dependencies of ignition-sensors6-navsat
[3.631s] -- Searching for <ignition-sensors6> component [rendering]
[3.635s] -- Looking for ignition-sensors6-rendering -- found version 6.7.1
[3.635s] -- Searching for dependencies of ignition-sensors6-rendering
[3.636s] -- Searching for <ignition-sensors6> component [lidar]
[3.639s] -- Looking for ignition-sensors6-lidar -- found version 6.7.1
[3.640s] -- Searching for dependencies of ignition-sensors6-lidar
[3.641s] -- Looking for ignition-sensors6 -- found version 6.7.1
[3.641s] -- Searching for <ignition-sensors6> component [gpu_lidar]
[3.645s] -- Looking for ignition-sensors6-gpu_lidar -- found version 6.7.1
[3.646s] -- Searching for dependencies of ignition-sensors6-gpu_lidar
[3.646s] -- Looking for ignition-sensors6 -- found version 6.7.1
[3.647s] -- Searching for <ignition-sensors6> component [camera]
[3.651s] -- Looking for ignition-sensors6-camera -- found version 6.7.1
[3.651s] -- Searching for dependencies of ignition-sensors6-camera
[3.652s] -- Looking for ignition-sensors6 -- found version 6.7.1
[3.653s] -- Searching for <ignition-sensors6> component [boundingbox_camera]
[3.657s] -- Looking for ignition-sensors6-boundingbox_camera -- found version 6.7.1
[3.657s] -- Searching for dependencies of ignition-sensors6-boundingbox_camera
[3.658s] -- Searching for <ignition-sensors6> component [segmentation_camera]
[3.661s] -- Looking for ignition-sensors6-segmentation_camera -- found version 6.7.1
[3.661s] -- Searching for dependencies of ignition-sensors6-segmentation_camera
[3.662s] -- Searching for <ignition-sensors6> component [depth_camera]
[3.666s] -- Looking for ignition-sensors6-depth_camera -- found version 6.7.1
[3.667s] -- Searching for dependencies of ignition-sensors6-depth_camera
[3.667s] -- Looking for ignition-sensors6 -- found version 6.7.1
[3.668s] -- Searching for <ignition-sensors6> component [rgbd_camera]
[3.675s] -- Looking for ignition-sensors6-rgbd_camera -- found version 6.7.1
[3.676s] -- Searching for dependencies of ignition-sensors6-rgbd_camera
[3.676s] -- Looking for ignition-sensors6 -- found version 6.7.1
[3.677s] -- Searching for <ignition-sensors6> component [thermal_camera]
[3.681s] -- Looking for ignition-sensors6-thermal_camera -- found version 6.7.1
[3.682s] -- Searching for dependencies of ignition-sensors6-thermal_camera
[3.683s] -- Looking for ignition-sensors6 -- found version 6.7.1
[3.685s] -- Looking for ignition-rendering6 -- found version 6.6.1
[3.686s] -- Looking for ignition-math6 -- found version 6.15.0
[3.690s] -- Looking for ignition-utils1 -- found version 1.5.1
[3.715s] -- Compiling against Ignition Fortress
[3.716s] -- Looking for ignition-plugin1 -- found version 1.4.0
[4.495s] -- Found ament_lint_auto: 0.12.9 (/opt/ros/humble/share/ament_lint_auto/cmake)
[4.644s] -- Added test 'copyright' to check source files copyright and LICENSE
[4.647s] -- Added test 'cppcheck' to perform static code analysis on C / C++ code
[4.647s] -- Configured cppcheck include dirs: /catkin_ws/rover_sim_ws/src/gz_ros2_control/ign_ros2_control/include
[4.647s] -- Configured cppcheck exclude dirs and/or files: 
[4.649s] -- Added test 'cpplint' to check C / C++ code against the Google style
[4.649s] -- Configured cpplint exclude dirs and/or files: 
[4.650s] -- Added test 'lint_cmake' to check CMake code style
[4.652s] -- Added test 'uncrustify' to check C / C++ code style
[4.652s] -- Configured uncrustify additional arguments: 
[4.653s] -- Added test 'xmllint' to check XML markup files
[4.658s] -- Configuring done
[4.742s] -- Generating done
[4.746s] -- Build files have been written to: /catkin_ws/rover_sim_ws/build/ign_ros2_control
[4.775s] Invoked command in '/catkin_ws/rover_sim_ws/build/ign_ros2_control' returned '0': CMAKE_PREFIX_PATH=${CMAKE_PREFIX_PATH}:/opt/ros/humble /usr/bin/cmake /catkin_ws/rover_sim_ws/src/gz_ros2_control/ign_ros2_control -DCMAKE_INSTALL_PREFIX=/catkin_ws/rover_sim_ws/install/ign_ros2_control
[4.778s] Invoking command in '/catkin_ws/rover_sim_ws/build/ign_ros2_control': CMAKE_PREFIX_PATH=${CMAKE_PREFIX_PATH}:/opt/ros/humble /usr/bin/cmake --build /catkin_ws/rover_sim_ws/build/ign_ros2_control -- -j8 -l8
[4.840s] [ 50%] [32mBuilding CXX object CMakeFiles/ign_hardware_plugins.dir/src/ign_system.cpp.o[0m
[4.840s] [ 50%] [32mBuilding CXX object CMakeFiles/ign_ros2_control-system.dir/src/ign_ros2_control_plugin.cpp.o[0m
[20.231s] [ 75%] [32m[1mLinking CXX shared library libign_hardware_plugins.so[0m
[20.834s] [ 75%] Built target ign_hardware_plugins
[22.192s] [100%] [32m[1mLinking CXX shared library libign_ros2_control-system.so[0m
[22.889s] [100%] Built target ign_ros2_control-system
[23.006s] Invoked command in '/catkin_ws/rover_sim_ws/build/ign_ros2_control' returned '0': CMAKE_PREFIX_PATH=${CMAKE_PREFIX_PATH}:/opt/ros/humble /usr/bin/cmake --build /catkin_ws/rover_sim_ws/build/ign_ros2_control -- -j8 -l8
[23.032s] Invoking command in '/catkin_ws/rover_sim_ws/build/ign_ros2_control': CMAKE_PREFIX_PATH=${CMAKE_PREFIX_PATH}:/opt/ros/humble /usr/bin/cmake --install /catkin_ws/rover_sim_ws/build/ign_ros2_control
[23.038s] -- Install configuration: ""
[23.039s] -- Installing: /catkin_ws/rover_sim_ws/install/ign_ros2_control/lib/libign_hardware_plugins.so
[23.042s] -- Set runtime path of "/catkin_ws/rover_sim_ws/install/ign_ros2_control/lib/libign_hardware_plugins.so" to ""
[23.042s] -- Installing: /catkin_ws/rover_sim_ws/install/ign_ros2_control/include
[23.042s] -- Installing: /catkin_ws/rover_sim_ws/install/ign_ros2_control/include/ign_ros2_control
[23.042s] -- Installing: /catkin_ws/rover_sim_ws/install/ign_ros2_control/include/ign_ros2_control/ign_ros2_control_plugin.hpp
[23.043s] -- Installing: /catkin_ws/rover_sim_ws/install/ign_ros2_control/include/ign_ros2_control/ign_system.hpp
[23.043s] -- Installing: /catkin_ws/rover_sim_ws/install/ign_ros2_control/include/ign_ros2_control/ign_system_interface.hpp
[23.043s] -- Installing: /catkin_ws/rover_sim_ws/install/ign_ros2_control/share/ign_ros2_control/environment/library_path.sh
[23.043s] -- Installing: /catkin_ws/rover_sim_ws/install/ign_ros2_control/share/ign_ros2_control/environment/library_path.dsv
[23.043s] -- Installing: /catkin_ws/rover_sim_ws/install/ign_ros2_control/lib/libign_ros2_control-system.so
[23.046s] -- Set runtime path of "/catkin_ws/rover_sim_ws/install/ign_ros2_control/lib/libign_ros2_control-system.so" to ""
[23.046s] -- Installing: /catkin_ws/rover_sim_ws/install/ign_ros2_control/share/ign_ros2_control/ign_hardware_plugins.xml
[23.047s] -- Installing: /catkin_ws/rover_sim_ws/install/ign_ros2_control/share/ament_index/resource_index/package_run_dependencies/ign_ros2_control
[23.047s] -- Installing: /catkin_ws/rover_sim_ws/install/ign_ros2_control/share/ament_index/resource_index/parent_prefix_path/ign_ros2_control
[23.047s] -- Installing: /catkin_ws/rover_sim_ws/install/ign_ros2_control/share/ign_ros2_control/environment/ament_prefix_path.sh
[23.047s] -- Installing: /catkin_ws/rover_sim_ws/install/ign_ros2_control/share/ign_ros2_control/environment/ament_prefix_path.dsv
[23.048s] -- Installing: /catkin_ws/rover_sim_ws/install/ign_ros2_control/share/ign_ros2_control/environment/path.sh
[23.048s] -- Installing: /catkin_ws/rover_sim_ws/install/ign_ros2_control/share/ign_ros2_control/environment/path.dsv
[23.048s] -- Installing: /catkin_ws/rover_sim_ws/install/ign_ros2_control/share/ign_ros2_control/local_setup.bash
[23.048s] -- Installing: /catkin_ws/rover_sim_ws/install/ign_ros2_control/share/ign_ros2_control/local_setup.sh
[23.048s] -- Installing: /catkin_ws/rover_sim_ws/install/ign_ros2_control/share/ign_ros2_control/local_setup.zsh
[23.048s] -- Installing: /catkin_ws/rover_sim_ws/install/ign_ros2_control/share/ign_ros2_control/local_setup.dsv
[23.049s] -- Installing: /catkin_ws/rover_sim_ws/install/ign_ros2_control/share/ign_ros2_control/package.dsv
[23.049s] -- Installing: /catkin_ws/rover_sim_ws/install/ign_ros2_control/share/ament_index/resource_index/packages/ign_ros2_control
[23.049s] -- Installing: /catkin_ws/rover_sim_ws/install/ign_ros2_control/share/ament_index/resource_index/ign_ros2_control__pluginlib__plugin/ign_ros2_control
[23.049s] -- Installing: /catkin_ws/rover_sim_ws/install/ign_ros2_control/share/ign_ros2_control/cmake/ament_cmake_export_include_directories-extras.cmake
[23.049s] -- Installing: /catkin_ws/rover_sim_ws/install/ign_ros2_control/share/ign_ros2_control/cmake/ament_cmake_export_libraries-extras.cmake
[23.049s] -- Installing: /catkin_ws/rover_sim_ws/install/ign_ros2_control/share/ign_ros2_control/cmake/ign_ros2_controlConfig.cmake
[23.050s] -- Installing: /catkin_ws/rover_sim_ws/install/ign_ros2_control/share/ign_ros2_control/cmake/ign_ros2_controlConfig-version.cmake
[23.050s] -- Installing: /catkin_ws/rover_sim_ws/install/ign_ros2_control/share/ign_ros2_control/package.xml
[23.052s] Invoked command in '/catkin_ws/rover_sim_ws/build/ign_ros2_control' returned '0': CMAKE_PREFIX_PATH=${CMAKE_PREFIX_PATH}:/opt/ros/humble /usr/bin/cmake --install /catkin_ws/rover_sim_ws/build/ign_ros2_control
