[0.129s] Invoking command in '/catkin_ws/rover_sim_ws/build/ign_ros2_control': CMAKE_PREFIX_PATH=${CMAKE_PREFIX_PATH}:/opt/ros/humble /usr/bin/cmake /catkin_ws/rover_sim_ws/src/gz_ros2_control/ign_ros2_control -DCMAKE_INSTALL_PREFIX=/catkin_ws/rover_sim_ws/install/ign_ros2_control
[0.179s] -- The C compiler identification is GNU 11.4.0
[0.237s] -- The CXX compiler identification is GNU 11.4.0
[0.243s] -- Detecting C compiler ABI info
[0.308s] -- Detecting C compiler ABI info - done
[0.315s] -- Check for working C compiler: /usr/bin/cc - skipped
[0.315s] -- Detecting C compile features
[0.316s] -- Detecting C compile features - done
[0.320s] -- Detecting CXX compiler ABI info
[0.393s] -- Detecting CXX compiler ABI info - done
[0.404s] -- Check for working CXX compiler: /usr/bin/c++ - skipped
[0.405s] -- Detecting CXX compile features
[0.405s] -- Detecting CXX compile features - done
[0.408s] -- Found ament_cmake: 1.3.6 (/opt/ros/humble/share/ament_cmake/cmake)
[0.605s] -- Found Python3: /usr/bin/python3.10 (found version "3.10.12") found components: Interpreter 
[0.697s] -- Found ament_index_cpp: 1.4.0 (/opt/ros/humble/share/ament_index_cpp/cmake)
[0.699s] -- Found controller_manager: 2.36.0 (/opt/ros/humble/share/controller_manager/cmake)
[0.754s] -- Found rosidl_generator_c: 3.1.5 (/opt/ros/humble/share/rosidl_generator_c/cmake)
[0.759s] -- Found rosidl_adapter: 3.1.5 (/opt/ros/humble/share/rosidl_adapter/cmake)
[0.767s] -- Found rosidl_generator_cpp: 3.1.5 (/opt/ros/humble/share/rosidl_generator_cpp/cmake)
[0.780s] -- Using all available rosidl_typesupport_c: rosidl_typesupport_fastrtps_c;rosidl_typesupport_introspection_c
[0.799s] -- Using all available rosidl_typesupport_cpp: rosidl_typesupport_fastrtps_cpp;rosidl_typesupport_introspection_cpp
[1.678s] -- Found rmw_implementation_cmake: 6.1.1 (/opt/ros/humble/share/rmw_implementation_cmake/cmake)
[1.683s] -- Found rmw_fastrtps_cpp: 6.2.5 (/opt/ros/humble/share/rmw_fastrtps_cpp/cmake)
[1.729s] -- Found TinyXML2 via Config file: TinyXML2_DIR-NOTFOUND
[1.787s] -- Found OpenSSL: /usr/lib/x86_64-linux-gnu/libcrypto.so (found version "3.0.2")  
[1.790s] -- Found TinyXML2 via Config file: TinyXML2_DIR-NOTFOUND
[1.804s] -- Found FastRTPS: /opt/ros/humble/include  
[1.814s] -- Found TinyXML2 via Config file: TinyXML2_DIR-NOTFOUND
[1.825s] -- Found TinyXML2 via Config file: TinyXML2_DIR-NOTFOUND
[1.835s] -- Using RMW implementation 'rmw_fastrtps_cpp' as default
[1.848s] -- Looking for pthread.h
[1.921s] -- Looking for pthread.h - found
[1.921s] -- Performing Test CMAKE_HAVE_LIBC_PTHREAD
[1.986s] -- Performing Test CMAKE_HAVE_LIBC_PTHREAD - Success
[1.987s] -- Found Threads: TRUE  
[2.838s] -- Found yaml_cpp_vendor: 8.0.2 (/opt/ros/humble/share/yaml_cpp_vendor/cmake)
[2.850s] -- Looking for ignition-gazebo6 -- found version 6.15.0
[2.897s] -- Searching for dependencies of ignition-gazebo6
[2.902s] -- Looking for sdformat12 -- found version 12.7.2
[2.903s] -- Searching for dependencies of sdformat12
[2.909s] -- Checking for module 'tinyxml2'
[2.924s] --   Found tinyxml2, version 9.0.0
[2.964s] -- Looking for ignition-math6 -- found version 6.15.0
[2.968s] -- Searching for dependencies of ignition-math6
[2.973s] -- Looking for ignition-utils1 -- found version 1.5.1
[2.973s] -- Searching for dependencies of ignition-utils1
[2.977s] -- Looking for ignition-plugin1 -- found version 1.4.0
[2.978s] -- Searching for dependencies of ignition-plugin1
[2.979s] -- Searching for <ignition-plugin1> component [loader]
[2.981s] -- Looking for ignition-plugin1-loader -- found version 1.4.0
[2.982s] -- Searching for dependencies of ignition-plugin1-loader
[2.983s] -- Searching for <ignition-plugin1> component [register]
[2.986s] -- Looking for ignition-plugin1-register -- found version 1.4.0
[2.987s] -- Searching for dependencies of ignition-plugin1-register
[2.993s] -- Looking for ignition-transport11 -- found version 11.4.1
[2.994s] -- Searching for dependencies of ignition-transport11
[3.039s] -- Found Protobuf: /usr/lib/x86_64-linux-gnu/libprotobuf.so (found version "3.12.4") 
[3.054s] -- Config-file not installed for ZeroMQ -- checking for pkg-config
[3.061s] -- Checking for module 'libzmq >= 4'
[3.074s] --   Found libzmq , version 4.3.4
[3.129s] -- Found ZeroMQ: TRUE (Required is at least version "4") 
[3.136s] -- Checking for module 'uuid'
[3.149s] --   Found uuid, version 2.37.2
[3.187s] -- Found UUID: TRUE  
[3.188s] -- Looking for ignition-utils1 -- found version 1.5.1
[3.189s] -- Searching for dependencies of ignition-utils1
[3.189s] -- Searching for <ignition-utils1> component [cli]
[3.191s] -- Looking for ignition-utils1-cli -- found version 1.5.1
[3.192s] -- Searching for dependencies of ignition-utils1-cli
[3.196s] -- Looking for ignition-msgs8 -- found version 8.7.0
[3.197s] -- Searching for dependencies of ignition-msgs8
[3.219s] -- Found Protobuf: /usr/lib/x86_64-linux-gnu/libprotobuf.so (found suitable version "3.12.4", minimum required is "3") 
[3.221s] -- Looking for ignition-math6 -- found version 6.15.0
[3.229s] -- Searching for <ignition-transport11> component [log]
[3.232s] -- Looking for ignition-transport11-log -- found version 11.4.1
[3.233s] -- Searching for dependencies of ignition-transport11-log
[3.234s] -- Searching for <ignition-transport11> component [parameters]
[3.240s] -- Looking for ignition-transport11-parameters -- found version 11.4.1
[3.242s] -- Searching for dependencies of ignition-transport11-parameters
[3.244s] -- Looking for ignition-msgs8 -- found version 8.7.0
[3.251s] -- Looking for ignition-common4 -- found version 4.7.0
[3.253s] -- Searching for dependencies of ignition-common4
[3.253s] -- Looking for dlfcn.h - found
[3.254s] -- Looking for libdl - found
[3.256s] -- Found DL: TRUE  
[3.263s] -- Searching for <ignition-common4> component [profiler]
[3.268s] -- Looking for ignition-common4-profiler -- found version 4.7.0
[3.276s] -- Searching for dependencies of ignition-common4-profiler
[3.277s] -- Searching for <ignition-common4> component [events]
[3.282s] -- Looking for ignition-common4-events -- found version 4.7.0
[3.283s] -- Searching for dependencies of ignition-common4-events
[3.284s] -- Looking for ignition-math6 -- found version 6.15.0
[3.285s] -- Searching for <ignition-common4> component [av]
[3.289s] -- Looking for ignition-common4-av -- found version 4.7.0
[3.289s] -- Searching for dependencies of ignition-common4-av
[3.292s] -- Checking for module 'libswscale'
[3.308s] --   Found libswscale, version 5.9.100
[3.342s] -- Found SWSCALE: TRUE  
[3.347s] -- Checking for module 'libavdevice >= 56.4.100'
[3.363s] --   Found libavdevice , version 58.13.100
[3.402s] -- Found AVDEVICE: TRUE (Required is at least version "56.4.100") 
[3.407s] -- Checking for module 'libavformat'
[3.415s] --   Found libavformat, version 58.76.100
[3.443s] -- Found AVFORMAT: TRUE  
[3.448s] -- Checking for module 'libavcodec'
[3.457s] --   Found libavcodec, version 58.134.100
[3.487s] -- Found AVCODEC: TRUE  
[3.493s] -- Checking for module 'libavutil'
[3.502s] --   Found libavutil, version 56.70.100
[3.529s] -- Found AVUTIL: TRUE  
[3.530s] -- Looking for ignition-fuel_tools7 -- found version 7.3.0
[3.530s] -- Searching for dependencies of ignition-fuel_tools7
[3.596s] -- Found CURL: /usr/lib/x86_64-linux-gnu/libcurl.so (found version "7.81.0")  
[3.604s] -- Checking for module 'jsoncpp'
[3.615s] --   Found jsoncpp, version 1.9.5
[3.643s] -- Found JSONCPP: TRUE  
[3.649s] -- Checking for module 'libzip'
[3.662s] --   Found libzip, version 1.7.3
[3.687s] -- Found ZIP: TRUE  
[3.688s] -- Looking for ignition-common4 -- found version 4.7.0
[3.688s] -- Looking for ignition-math6 -- found version 6.15.0
[3.689s] -- Looking for ignition-msgs8 -- found version 8.7.0
[3.695s] -- Looking for ignition-gui6 -- found version 6.8.0
[3.696s] -- Searching for dependencies of ignition-gui6
[3.724s] -- Looking for ignition-math6 -- found version 6.15.0
[3.724s] -- Looking for ignition-common4 -- found version 4.7.0
[3.725s] -- Looking for ignition-plugin1 -- found version 1.4.0
[3.725s] -- Looking for ignition-transport11 -- found version 11.4.1
[3.729s] -- Looking for ignition-rendering6 -- found version 6.6.1
[3.730s] -- Searching for dependencies of ignition-rendering6
[3.730s] -- Looking for ignition-math6 -- found version 6.15.0
[3.730s] -- Searching for dependencies of ignition-math6
[3.731s] -- Searching for <ignition-math6> component [eigen3]
[3.733s] -- Looking for ignition-math6-eigen3 -- found version 6.15.0
[3.733s] -- Searching for dependencies of ignition-math6-eigen3
[3.741s] -- Looking for ignition-common4 -- found version 4.7.0
[3.742s] -- Searching for dependencies of ignition-common4
[3.742s] -- Looking for dlfcn.h - found
[3.742s] -- Looking for libdl - found
[3.751s] -- Searching for <ignition-common4> component [graphics]
[3.753s] -- Looking for ignition-common4-graphics -- found version 4.7.0
[3.754s] -- Searching for dependencies of ignition-common4-graphics
[3.754s] -- Looking for ignition-math6 -- found version 6.15.0
[3.755s] -- Looking for ignition-utils1 -- found version 1.5.1
[3.755s] -- Searching for <ignition-common4> component [events]
[3.756s] -- Looking for ignition-plugin1 -- found version 1.4.0
[3.757s] -- Searching for dependencies of ignition-plugin1
[3.757s] -- Searching for <ignition-plugin1> component [all]
[3.759s] -- Looking for all libraries of ignition-plugin1 -- found version 1.4.0
[3.760s] -- Looking for ignition-plugin1 -- found version 1.4.0
[3.762s] -- Looking for ignition-msgs8 -- found version 8.7.0
[3.817s] -- Looking for ignition-physics5 -- found version 5.3.2
[3.818s] -- Searching for dependencies of ignition-physics5
[3.819s] -- Looking for ignition-math6 -- found version 6.15.0
[3.819s] -- Looking for ignition-plugin1 -- found version 1.4.0
[3.820s] -- Looking for ignition-utils1 -- found version 1.5.1
[3.821s] -- Searching for <ignition-physics5> component [heightmap]
[3.823s] -- Looking for ignition-physics5-heightmap -- found version 5.3.2
[3.824s] -- Searching for dependencies of ignition-physics5-heightmap
[3.824s] -- Looking for ignition-common4 -- found version 4.7.0
[3.825s] -- Searching for <ignition-physics5> component [mesh]
[3.827s] -- Looking for ignition-physics5-mesh -- found version 5.3.2
[3.827s] -- Searching for dependencies of ignition-physics5-mesh
[3.828s] -- Looking for ignition-common4 -- found version 4.7.0
[3.828s] -- Searching for <ignition-physics5> component [sdf]
[3.831s] -- Looking for ignition-physics5-sdf -- found version 5.3.2
[3.831s] -- Searching for dependencies of ignition-physics5-sdf
[3.831s] -- Looking for sdformat12 -- found version 12.7.2
[3.835s] -- Looking for ignition-sensors6 -- found version 6.7.1
[3.835s] -- Searching for dependencies of ignition-sensors6
[3.854s] -- Found Protobuf: /usr/lib/x86_64-linux-gnu/libprotobuf.so (found version "3.12.4") 
[3.855s] -- Looking for ignition-math6 -- found version 6.15.0
[3.855s] -- Looking for ignition-common4 -- found version 4.7.0
[3.856s] -- Looking for ignition-transport11 -- found version 11.4.1
[3.857s] -- Looking for ignition-rendering6 -- found version 6.6.1
[3.857s] -- Looking for ignition-msgs8 -- found version 8.7.0
[3.858s] -- Looking for sdformat12 -- found version 12.7.2
[3.858s] -- Searching for <ignition-sensors6> component [air_pressure]
[3.860s] -- Looking for ignition-sensors6-air_pressure -- found version 6.7.1
[3.861s] -- Searching for dependencies of ignition-sensors6-air_pressure
[3.861s] -- Searching for <ignition-sensors6> component [altimeter]
[3.864s] -- Looking for ignition-sensors6-altimeter -- found version 6.7.1
[3.864s] -- Searching for dependencies of ignition-sensors6-altimeter
[3.865s] -- Searching for <ignition-sensors6> component [imu]
[3.867s] -- Looking for ignition-sensors6-imu -- found version 6.7.1
[3.867s] -- Searching for dependencies of ignition-sensors6-imu
[3.868s] -- Searching for <ignition-sensors6> component [force_torque]
[3.870s] -- Looking for ignition-sensors6-force_torque -- found version 6.7.1
[3.871s] -- Searching for dependencies of ignition-sensors6-force_torque
[3.871s] -- Searching for <ignition-sensors6> component [logical_camera]
[3.876s] -- Looking for ignition-sensors6-logical_camera -- found version 6.7.1
[3.877s] -- Searching for dependencies of ignition-sensors6-logical_camera
[3.878s] -- Searching for <ignition-sensors6> component [magnetometer]
[3.880s] -- Looking for ignition-sensors6-magnetometer -- found version 6.7.1
[3.880s] -- Searching for dependencies of ignition-sensors6-magnetometer
[3.881s] -- Searching for <ignition-sensors6> component [navsat]
[3.883s] -- Looking for ignition-sensors6-navsat -- found version 6.7.1
[3.883s] -- Searching for dependencies of ignition-sensors6-navsat
[3.884s] -- Searching for <ignition-sensors6> component [rendering]
[3.886s] -- Looking for ignition-sensors6-rendering -- found version 6.7.1
[3.886s] -- Searching for dependencies of ignition-sensors6-rendering
[3.887s] -- Searching for <ignition-sensors6> component [lidar]
[3.889s] -- Looking for ignition-sensors6-lidar -- found version 6.7.1
[3.890s] -- Searching for dependencies of ignition-sensors6-lidar
[3.890s] -- Looking for ignition-sensors6 -- found version 6.7.1
[3.891s] -- Searching for <ignition-sensors6> component [gpu_lidar]
[3.894s] -- Looking for ignition-sensors6-gpu_lidar -- found version 6.7.1
[3.895s] -- Searching for dependencies of ignition-sensors6-gpu_lidar
[3.895s] -- Looking for ignition-sensors6 -- found version 6.7.1
[3.896s] -- Searching for <ignition-sensors6> component [camera]
[3.898s] -- Looking for ignition-sensors6-camera -- found version 6.7.1
[3.899s] -- Searching for dependencies of ignition-sensors6-camera
[3.899s] -- Looking for ignition-sensors6 -- found version 6.7.1
[3.900s] -- Searching for <ignition-sensors6> component [boundingbox_camera]
[3.902s] -- Looking for ignition-sensors6-boundingbox_camera -- found version 6.7.1
[3.902s] -- Searching for dependencies of ignition-sensors6-boundingbox_camera
[3.903s] -- Searching for <ignition-sensors6> component [segmentation_camera]
[3.905s] -- Looking for ignition-sensors6-segmentation_camera -- found version 6.7.1
[3.905s] -- Searching for dependencies of ignition-sensors6-segmentation_camera
[3.906s] -- Searching for <ignition-sensors6> component [depth_camera]
[3.909s] -- Looking for ignition-sensors6-depth_camera -- found version 6.7.1
[3.910s] -- Searching for dependencies of ignition-sensors6-depth_camera
[3.910s] -- Looking for ignition-sensors6 -- found version 6.7.1
[3.911s] -- Searching for <ignition-sensors6> component [rgbd_camera]
[3.914s] -- Looking for ignition-sensors6-rgbd_camera -- found version 6.7.1
[3.915s] -- Searching for dependencies of ignition-sensors6-rgbd_camera
[3.915s] -- Looking for ignition-sensors6 -- found version 6.7.1
[3.916s] -- Searching for <ignition-sensors6> component [thermal_camera]
[3.918s] -- Looking for ignition-sensors6-thermal_camera -- found version 6.7.1
[3.918s] -- Searching for dependencies of ignition-sensors6-thermal_camera
[3.919s] -- Looking for ignition-sensors6 -- found version 6.7.1
[3.919s] -- Looking for ignition-rendering6 -- found version 6.6.1
[3.920s] -- Looking for ignition-math6 -- found version 6.15.0
[3.922s] -- Looking for ignition-utils1 -- found version 1.5.1
[3.942s] -- Compiling against Ignition Fortress
[3.943s] -- Looking for ignition-plugin1 -- found version 1.4.0
[4.540s] -- Found ament_lint_auto: 0.12.9 (/opt/ros/humble/share/ament_lint_auto/cmake)
[4.634s] -- Added test 'copyright' to check source files copyright and LICENSE
[4.635s] -- Added test 'cppcheck' to perform static code analysis on C / C++ code
[4.636s] -- Configured cppcheck include dirs: /catkin_ws/rover_sim_ws/src/gz_ros2_control/ign_ros2_control/include
[4.636s] -- Configured cppcheck exclude dirs and/or files: 
[4.637s] -- Added test 'cpplint' to check C / C++ code against the Google style
[4.637s] -- Configured cpplint exclude dirs and/or files: 
[4.638s] -- Added test 'lint_cmake' to check CMake code style
[4.638s] -- Added test 'uncrustify' to check C / C++ code style
[4.639s] -- Configured uncrustify additional arguments: 
[4.639s] -- Added test 'xmllint' to check XML markup files
[4.642s] -- Configuring done
[4.690s] -- Generating done
[4.697s] -- Build files have been written to: /catkin_ws/rover_sim_ws/build/ign_ros2_control
[4.714s] Invoked command in '/catkin_ws/rover_sim_ws/build/ign_ros2_control' returned '0': CMAKE_PREFIX_PATH=${CMAKE_PREFIX_PATH}:/opt/ros/humble /usr/bin/cmake /catkin_ws/rover_sim_ws/src/gz_ros2_control/ign_ros2_control -DCMAKE_INSTALL_PREFIX=/catkin_ws/rover_sim_ws/install/ign_ros2_control
[4.717s] Invoking command in '/catkin_ws/rover_sim_ws/build/ign_ros2_control': CMAKE_PREFIX_PATH=${CMAKE_PREFIX_PATH}:/opt/ros/humble /usr/bin/cmake --build /catkin_ws/rover_sim_ws/build/ign_ros2_control -- -j8 -l8
[4.769s] [ 50%] [32mBuilding CXX object CMakeFiles/ign_ros2_control-system.dir/src/ign_ros2_control_plugin.cpp.o[0m
[4.769s] [ 50%] [32mBuilding CXX object CMakeFiles/ign_hardware_plugins.dir/src/ign_system.cpp.o[0m
[19.583s] [ 75%] [32m[1mLinking CXX shared library libign_hardware_plugins.so[0m
[20.306s] [ 75%] Built target ign_hardware_plugins
[20.432s] [100%] [32m[1mLinking CXX shared library libign_ros2_control-system.so[0m
[21.081s] [100%] Built target ign_ros2_control-system
[21.095s] Invoked command in '/catkin_ws/rover_sim_ws/build/ign_ros2_control' returned '0': CMAKE_PREFIX_PATH=${CMAKE_PREFIX_PATH}:/opt/ros/humble /usr/bin/cmake --build /catkin_ws/rover_sim_ws/build/ign_ros2_control -- -j8 -l8
[21.129s] Invoking command in '/catkin_ws/rover_sim_ws/build/ign_ros2_control': CMAKE_PREFIX_PATH=${CMAKE_PREFIX_PATH}:/opt/ros/humble /usr/bin/cmake --install /catkin_ws/rover_sim_ws/build/ign_ros2_control
[21.137s] -- Install configuration: ""
[21.137s] -- Installing: /catkin_ws/rover_sim_ws/install/ign_ros2_control/lib/libign_hardware_plugins.so
[21.145s] -- Set runtime path of "/catkin_ws/rover_sim_ws/install/ign_ros2_control/lib/libign_hardware_plugins.so" to ""
[21.145s] -- Installing: /catkin_ws/rover_sim_ws/install/ign_ros2_control/include
[21.145s] -- Installing: /catkin_ws/rover_sim_ws/install/ign_ros2_control/include/ign_ros2_control
[21.146s] -- Installing: /catkin_ws/rover_sim_ws/install/ign_ros2_control/include/ign_ros2_control/ign_ros2_control_plugin.hpp
[21.146s] -- Installing: /catkin_ws/rover_sim_ws/install/ign_ros2_control/include/ign_ros2_control/ign_system.hpp
[21.146s] -- Installing: /catkin_ws/rover_sim_ws/install/ign_ros2_control/include/ign_ros2_control/ign_system_interface.hpp
[21.146s] -- Installing: /catkin_ws/rover_sim_ws/install/ign_ros2_control/share/ign_ros2_control/environment/library_path.sh
[21.147s] -- Installing: /catkin_ws/rover_sim_ws/install/ign_ros2_control/share/ign_ros2_control/environment/library_path.dsv
[21.147s] -- Installing: /catkin_ws/rover_sim_ws/install/ign_ros2_control/lib/libign_ros2_control-system.so
[21.155s] -- Set runtime path of "/catkin_ws/rover_sim_ws/install/ign_ros2_control/lib/libign_ros2_control-system.so" to ""
[21.155s] -- Installing: /catkin_ws/rover_sim_ws/install/ign_ros2_control/share/ign_ros2_control/ign_hardware_plugins.xml
[21.156s] -- Installing: /catkin_ws/rover_sim_ws/install/ign_ros2_control/share/ament_index/resource_index/package_run_dependencies/ign_ros2_control
[21.156s] -- Installing: /catkin_ws/rover_sim_ws/install/ign_ros2_control/share/ament_index/resource_index/parent_prefix_path/ign_ros2_control
[21.157s] -- Installing: /catkin_ws/rover_sim_ws/install/ign_ros2_control/share/ign_ros2_control/environment/ament_prefix_path.sh
[21.157s] -- Installing: /catkin_ws/rover_sim_ws/install/ign_ros2_control/share/ign_ros2_control/environment/ament_prefix_path.dsv
[21.157s] -- Installing: /catkin_ws/rover_sim_ws/install/ign_ros2_control/share/ign_ros2_control/environment/path.sh
[21.158s] -- Installing: /catkin_ws/rover_sim_ws/install/ign_ros2_control/share/ign_ros2_control/environment/path.dsv
[21.158s] -- Installing: /catkin_ws/rover_sim_ws/install/ign_ros2_control/share/ign_ros2_control/local_setup.bash
[21.158s] -- Installing: /catkin_ws/rover_sim_ws/install/ign_ros2_control/share/ign_ros2_control/local_setup.sh
[21.159s] -- Installing: /catkin_ws/rover_sim_ws/install/ign_ros2_control/share/ign_ros2_control/local_setup.zsh
[21.159s] -- Installing: /catkin_ws/rover_sim_ws/install/ign_ros2_control/share/ign_ros2_control/local_setup.dsv
[21.159s] -- Installing: /catkin_ws/rover_sim_ws/install/ign_ros2_control/share/ign_ros2_control/package.dsv
[21.159s] -- Installing: /catkin_ws/rover_sim_ws/install/ign_ros2_control/share/ament_index/resource_index/packages/ign_ros2_control
[21.160s] -- Installing: /catkin_ws/rover_sim_ws/install/ign_ros2_control/share/ament_index/resource_index/ign_ros2_control__pluginlib__plugin/ign_ros2_control
[21.160s] -- Installing: /catkin_ws/rover_sim_ws/install/ign_ros2_control/share/ign_ros2_control/cmake/ament_cmake_export_include_directories-extras.cmake
[21.160s] -- Installing: /catkin_ws/rover_sim_ws/install/ign_ros2_control/share/ign_ros2_control/cmake/ament_cmake_export_libraries-extras.cmake
[21.161s] -- Installing: /catkin_ws/rover_sim_ws/install/ign_ros2_control/share/ign_ros2_control/cmake/ign_ros2_controlConfig.cmake
[21.161s] -- Installing: /catkin_ws/rover_sim_ws/install/ign_ros2_control/share/ign_ros2_control/cmake/ign_ros2_controlConfig-version.cmake
[21.161s] -- Installing: /catkin_ws/rover_sim_ws/install/ign_ros2_control/share/ign_ros2_control/package.xml
[21.165s] Invoked command in '/catkin_ws/rover_sim_ws/build/ign_ros2_control' returned '0': CMAKE_PREFIX_PATH=${CMAKE_PREFIX_PATH}:/opt/ros/humble /usr/bin/cmake --install /catkin_ws/rover_sim_ws/build/ign_ros2_control
