[0.145s] Invoking command in '/catkin_ws/rover_sim_ws/build/turtlebot3_gazebo': CMAKE_PREFIX_PATH=${CMAKE_PREFIX_PATH}:/opt/ros/humble /usr/bin/cmake --build /catkin_ws/rover_sim_ws/build/turtlebot3_gazebo -- -j8 -l8
[0.167s] -- Found ament_cmake: 1.3.6 (/opt/ros/humble/share/ament_cmake/cmake)
[0.456s] [33mCMake Warning (dev) at /usr/share/cmake-3.22/Modules/FindPackageHandleStandardArgs.cmake:438 (message):
[0.456s]   The package name passed to `find_package_handle_standard_args` (PkgConfig)
[0.456s]   does not match the name of the calling package (gazebo).  This can lead to
[0.457s]   problems in calling code that expects `find_package` result variables
[0.457s]   (e.g., `_FOUND`) to follow a certain pattern.
[0.457s] Call Stack (most recent call first):
[0.457s]   /usr/share/cmake-3.22/Modules/FindPkgConfig.cmake:99 (find_package_handle_standard_args)
[0.457s]   /usr/lib/x86_64-linux-gnu/cmake/gazebo/gazebo-config.cmake:72 (include)
[0.457s]   CMakeLists.txt:23 (find_package)
[0.457s] This warning is for project developers.  Use -Wno-dev to suppress it.
[0.457s] [0m
[0.509s] -- Found DART: /usr/include (Required is at least version "6.6") found components: dart 
[0.559s] -- Found Protobuf: /usr/lib/x86_64-linux-gnu/libprotobuf.so (found version "3.12.4") 
[0.565s] -- Looking for ignition-math6 -- found version 6.15.0
[0.575s] -- Searching for dependencies of ignition-math6
[0.579s] -- Looking for OGRE...
[0.586s] -- Found Ogre Ghadamon (1.9.0)
[0.587s] -- Found OGRE: optimized;/usr/lib/x86_64-linux-gnu/libOgreMain.so;debug;/usr/lib/x86_64-linux-gnu/libOgreMain.so
[0.598s] -- Looking for OGRE_Paging...
[0.599s] -- Found OGRE_Paging: optimized;/usr/lib/x86_64-linux-gnu/libOgrePaging.so;debug;/usr/lib/x86_64-linux-gnu/libOgrePaging.so
[0.599s] -- Looking for OGRE_Terrain...
[0.599s] -- Found OGRE_Terrain: optimized;/usr/lib/x86_64-linux-gnu/libOgreTerrain.so;debug;/usr/lib/x86_64-linux-gnu/libOgreTerrain.so
[0.599s] -- Looking for OGRE_Property...
[0.600s] -- Found OGRE_Property: optimized;/usr/lib/x86_64-linux-gnu/libOgreProperty.so;debug;/usr/lib/x86_64-linux-gnu/libOgreProperty.so
[0.600s] -- Looking for OGRE_RTShaderSystem...
[0.600s] -- Found OGRE_RTShaderSystem: optimized;/usr/lib/x86_64-linux-gnu/libOgreRTShaderSystem.so;debug;/usr/lib/x86_64-linux-gnu/libOgreRTShaderSystem.so
[0.600s] -- Looking for OGRE_Volume...
[0.600s] -- Found OGRE_Volume: optimized;/usr/lib/x86_64-linux-gnu/libOgreVolume.so;debug;/usr/lib/x86_64-linux-gnu/libOgreVolume.so
[0.600s] -- Looking for OGRE_Overlay...
[0.600s] -- Found OGRE_Overlay: optimized;/usr/lib/x86_64-linux-gnu/libOgreOverlay.so;debug;/usr/lib/x86_64-linux-gnu/libOgreOverlay.so
[0.733s] -- Looking for ignition-math6 -- found version 6.15.0
[0.733s] -- Looking for ignition-transport8 -- found version 8.2.1
[0.734s] -- Searching for dependencies of ignition-transport8
[0.759s] -- Found Protobuf: /usr/lib/x86_64-linux-gnu/libprotobuf.so (found suitable version "3.12.4", minimum required is "3") 
[0.775s] -- Config-file not installed for ZeroMQ -- checking for pkg-config
[0.779s] -- Checking for module 'libzmq >= 4'
[0.794s] --   Found libzmq , version 4.3.4
[0.832s] -- Checking for module 'uuid'
[0.844s] --   Found uuid, version 2.37.2
[0.890s] -- Looking for ignition-msgs5 -- found version 5.8.1
[0.890s] -- Searching for dependencies of ignition-msgs5
[0.900s] -- Looking for ignition-math6 -- found version 6.15.0
[0.907s] -- Checking for module 'tinyxml2'
[0.922s] --   Found tinyxml2, version 9.0.0
[0.949s] -- Looking for ignition-msgs5 -- found version 5.8.1
[0.950s] -- Looking for ignition-common3 -- found version 3.14.0
[0.952s] -- Searching for dependencies of ignition-common3
[0.952s] -- Looking for dlfcn.h - found
[0.952s] -- Looking for libdl - found
[0.980s] -- Searching for <ignition-common3> component [graphics]
[0.981s] -- Looking for ignition-common3-graphics -- found version 3.14.0
[0.981s] -- Searching for dependencies of ignition-common3-graphics
[0.981s] -- Looking for ignition-math6 -- found version 6.15.0
[0.981s] -- Looking for ignition-fuel_tools4 -- found version 4.4.0
[0.982s] -- Searching for dependencies of ignition-fuel_tools4
[1.018s] -- Checking for module 'jsoncpp'
[1.029s] --   Found jsoncpp, version 1.9.5
[1.065s] -- Checking for module 'libzip'
[1.083s] --   Found libzip, version 1.7.3
[1.149s] -- Looking for ignition-common3 -- found version 3.14.0
[1.150s] -- Looking for ignition-math6 -- found version 6.15.0
[1.150s] -- Looking for ignition-msgs5 -- found version 5.8.1
[1.188s] [31mCMake Error at CMakeLists.txt:24 (find_package):
[1.188s]   By not providing "Findgazebo_ros_pkgs.cmake" in CMAKE_MODULE_PATH this
[1.188s]   project has asked CMake to find a package configuration file provided by
[1.189s]   "gazebo_ros_pkgs", but CMake did not find one.
[1.189s] 
[1.189s]   Could not find a package configuration file provided by "gazebo_ros_pkgs"
[1.190s]   with any of the following names:
[1.190s] 
[1.190s]     gazebo_ros_pkgsConfig.cmake
[1.190s]     gazebo_ros_pkgs-config.cmake
[1.190s] 
[1.190s]   Add the installation prefix of "gazebo_ros_pkgs" to CMAKE_PREFIX_PATH or
[1.190s]   set "gazebo_ros_pkgs_DIR" to a directory containing one of the above files.
[1.190s]   If "gazebo_ros_pkgs" provides a separate development package or SDK, be
[1.190s]   sure it has been installed.
[1.191s] 
[1.191s] [0m
[1.192s] -- Configuring incomplete, errors occurred!
[1.192s] See also "/catkin_ws/rover_sim_ws/build/turtlebot3_gazebo/CMakeFiles/CMakeOutput.log".
[1.193s] gmake: *** [Makefile:390: cmake_check_build_system] Error 1
[1.193s] Invoked command in '/catkin_ws/rover_sim_ws/build/turtlebot3_gazebo' returned '2': CMAKE_PREFIX_PATH=${CMAKE_PREFIX_PATH}:/opt/ros/humble /usr/bin/cmake --build /catkin_ws/rover_sim_ws/build/turtlebot3_gazebo -- -j8 -l8
