[0.057s] Invoking command in '/catkin_ws/rover_sim_ws/build/turtlebot3_gazebo': CMAKE_PREFIX_PATH=/opt/ros/humble /usr/bin/cmake /catkin_ws/rover_sim_ws/src/turtlebot3_simulations/turtlebot3_gazebo -DCMAKE_INSTALL_PREFIX=/catkin_ws/rover_sim_ws/install/turtlebot3_gazebo
[0.078s] -- Found ament_cmake: 1.3.6 (/opt/ros/humble/share/ament_cmake/cmake)
[0.297s] [33mCMake Warning (dev) at /usr/share/cmake-3.22/Modules/FindPackageHandleStandardArgs.cmake:438 (message):
[0.298s]   The package name passed to `find_package_handle_standard_args` (PkgConfig)
[0.298s]   does not match the name of the calling package (gazebo).  This can lead to
[0.298s]   problems in calling code that expects `find_package` result variables
[0.298s]   (e.g., `_FOUND`) to follow a certain pattern.
[0.298s] Call Stack (most recent call first):
[0.298s]   /usr/share/cmake-3.22/Modules/FindPkgConfig.cmake:99 (find_package_handle_standard_args)
[0.298s]   /usr/lib/x86_64-linux-gnu/cmake/gazebo/gazebo-config.cmake:72 (include)
[0.298s]   CMakeLists.txt:23 (find_package)
[0.298s] This warning is for project developers.  Use -Wno-dev to suppress it.
[0.298s] [0m
[0.327s] -- Found DART: /usr/include (Required is at least version "6.6") found components: dart 
[0.379s] -- Found Protobuf: /usr/lib/x86_64-linux-gnu/libprotobuf.so (found version "3.12.4") 
[0.381s] -- Looking for ignition-math6 -- found version 6.15.0
[0.389s] -- Searching for dependencies of ignition-math6
[0.391s] -- Looking for OGRE...
[0.398s] -- Found Ogre Ghadamon (1.9.0)
[0.398s] -- Found OGRE: optimized;/usr/lib/x86_64-linux-gnu/libOgreMain.so;debug;/usr/lib/x86_64-linux-gnu/libOgreMain.so
[0.415s] -- Looking for OGRE_Paging...
[0.415s] -- Found OGRE_Paging: optimized;/usr/lib/x86_64-linux-gnu/libOgrePaging.so;debug;/usr/lib/x86_64-linux-gnu/libOgrePaging.so
[0.415s] -- Looking for OGRE_Terrain...
[0.416s] -- Found OGRE_Terrain: optimized;/usr/lib/x86_64-linux-gnu/libOgreTerrain.so;debug;/usr/lib/x86_64-linux-gnu/libOgreTerrain.so
[0.416s] -- Looking for OGRE_Property...
[0.416s] -- Found OGRE_Property: optimized;/usr/lib/x86_64-linux-gnu/libOgreProperty.so;debug;/usr/lib/x86_64-linux-gnu/libOgreProperty.so
[0.416s] -- Looking for OGRE_RTShaderSystem...
[0.417s] -- Found OGRE_RTShaderSystem: optimized;/usr/lib/x86_64-linux-gnu/libOgreRTShaderSystem.so;debug;/usr/lib/x86_64-linux-gnu/libOgreRTShaderSystem.so
[0.417s] -- Looking for OGRE_Volume...
[0.417s] -- Found OGRE_Volume: optimized;/usr/lib/x86_64-linux-gnu/libOgreVolume.so;debug;/usr/lib/x86_64-linux-gnu/libOgreVolume.so
[0.417s] -- Looking for OGRE_Overlay...
[0.417s] -- Found OGRE_Overlay: optimized;/usr/lib/x86_64-linux-gnu/libOgreOverlay.so;debug;/usr/lib/x86_64-linux-gnu/libOgreOverlay.so
[0.524s] -- Looking for ignition-math6 -- found version 6.15.0
[0.524s] -- Looking for ignition-transport8 -- found version 8.2.1
[0.525s] -- Searching for dependencies of ignition-transport8
[0.545s] -- Found Protobuf: /usr/lib/x86_64-linux-gnu/libprotobuf.so (found suitable version "3.12.4", minimum required is "3") 
[0.558s] -- Config-file not installed for ZeroMQ -- checking for pkg-config
[0.562s] -- Checking for module 'libzmq >= 4'
[0.573s] --   Found libzmq , version 4.3.4
[0.605s] -- Checking for module 'uuid'
[0.615s] --   Found uuid, version 2.37.2
[0.641s] -- Looking for ignition-msgs5 -- found version 5.8.1
[0.641s] -- Searching for dependencies of ignition-msgs5
[0.663s] -- Looking for ignition-math6 -- found version 6.15.0
[0.668s] -- Checking for module 'tinyxml2'
[0.680s] --   Found tinyxml2, version 9.0.0
[0.712s] -- Looking for ignition-msgs5 -- found version 5.8.1
[0.712s] -- Looking for ignition-common3 -- found version 3.14.0
[0.713s] -- Searching for dependencies of ignition-common3
[0.713s] -- Looking for dlfcn.h - found
[0.713s] -- Looking for libdl - found
[0.725s] -- Searching for <ignition-common3> component [graphics]
[0.726s] -- Looking for ignition-common3-graphics -- found version 3.14.0
[0.726s] -- Searching for dependencies of ignition-common3-graphics
[0.727s] -- Looking for ignition-math6 -- found version 6.15.0
[0.728s] -- Looking for ignition-fuel_tools4 -- found version 4.4.0
[0.729s] -- Searching for dependencies of ignition-fuel_tools4
[0.773s] -- Checking for module 'jsoncpp'
[0.783s] --   Found jsoncpp, version 1.9.5
[0.811s] -- Checking for module 'libzip'
[0.823s] --   Found libzip, version 1.7.3
[0.852s] -- Looking for ignition-common3 -- found version 3.14.0
[0.853s] -- Looking for ignition-math6 -- found version 6.15.0
[0.853s] -- Looking for ignition-msgs5 -- found version 5.8.1
[0.856s] -- Found gazebo_ros_pkgs: 3.7.0 (/opt/ros/humble/share/gazebo_ros_pkgs/cmake)
[0.858s] -- Found geometry_msgs: 4.2.3 (/opt/ros/humble/share/geometry_msgs/cmake)
[0.896s] -- Found rosidl_generator_c: 3.1.5 (/opt/ros/humble/share/rosidl_generator_c/cmake)
[0.905s] -- Found rosidl_adapter: 3.1.5 (/opt/ros/humble/share/rosidl_adapter/cmake)
[0.914s] -- Found rosidl_generator_cpp: 3.1.5 (/opt/ros/humble/share/rosidl_generator_cpp/cmake)
[0.930s] -- Using all available rosidl_typesupport_c: rosidl_typesupport_fastrtps_c;rosidl_typesupport_introspection_c
[0.954s] -- Using all available rosidl_typesupport_cpp: rosidl_typesupport_fastrtps_cpp;rosidl_typesupport_introspection_cpp
[1.090s] -- Found nav_msgs: 4.2.3 (/opt/ros/humble/share/nav_msgs/cmake)
[1.200s] -- Found rclcpp: 16.0.7 (/opt/ros/humble/share/rclcpp/cmake)
[1.311s] -- Found rmw_implementation_cmake: 6.1.1 (/opt/ros/humble/share/rmw_implementation_cmake/cmake)
[1.316s] -- Found rmw_fastrtps_cpp: 6.2.5 (/opt/ros/humble/share/rmw_fastrtps_cpp/cmake)
[1.448s] -- Found OpenSSL: /usr/lib/x86_64-linux-gnu/libcrypto.so (found version "3.0.2")  
[1.475s] -- Found FastRTPS: /opt/ros/humble/include  
[1.531s] -- Using RMW implementation 'rmw_fastrtps_cpp' as default
[1.542s] -- Found Threads: TRUE  
[1.704s] -- Found sensor_msgs: 4.2.3 (/opt/ros/humble/share/sensor_msgs/cmake)
[1.803s] -- Found tf2: 0.25.5 (/opt/ros/humble/share/tf2/cmake)
[1.911s] -- Configuring done
[2.029s] -- Generating done
[2.033s] -- Build files have been written to: /catkin_ws/rover_sim_ws/build/turtlebot3_gazebo
