[0.089s] Invoking command in '/catkin_ws/rover_sim_ws/build/turtlebot3_msgs': CMAKE_PREFIX_PATH=${CMAKE_PREFIX_PATH}:/opt/ros/humble /usr/bin/cmake --build /catkin_ws/rover_sim_ws/build/turtlebot3_msgs -- -j8 -l8
[0.182s] [  1%] Built target turtlebot3_msgs__cpp
[0.194s] [ 12%] Built target turtlebot3_msgs__rosidl_generator_c
[0.255s] [ 23%] Built target turtlebot3_msgs__rosidl_typesupport_cpp
[0.255s] [ 23%] Built target ament_cmake_python_copy_turtlebot3_msgs
[0.260s] [ 35%] Built target turtlebot3_msgs__rosidl_typesupport_introspection_cpp
[0.261s] [ 46%] Built target turtlebot3_msgs__rosidl_typesupport_introspection_c
[0.271s] [ 57%] Built target turtlebot3_msgs__rosidl_typesupport_fastrtps_c
[0.272s] [ 73%] Built target turtlebot3_msgs__rosidl_typesupport_c
[0.272s] [ 80%] Built target turtlebot3_msgs__rosidl_typesupport_fastrtps_cpp
[0.294s] [ 80%] Built target turtlebot3_msgs
[0.317s] [ 81%] Built target turtlebot3_msgs__py
[0.348s] [ 91%] Built target turtlebot3_msgs__rosidl_generator_py
[0.374s] [ 97%] Built target turtlebot3_msgs__rosidl_typesupport_fastrtps_c__pyext
[0.374s] [ 97%] Built target turtlebot3_msgs__rosidl_typesupport_c__pyext
[0.374s] [100%] Built target turtlebot3_msgs__rosidl_typesupport_introspection_c__pyext
[0.553s] running egg_info
[0.554s] writing turtlebot3_msgs.egg-info/PKG-INFO
[0.555s] writing dependency_links to turtlebot3_msgs.egg-info/dependency_links.txt
[0.555s] writing top-level names to turtlebot3_msgs.egg-info/top_level.txt
[0.560s] reading manifest file 'turtlebot3_msgs.egg-info/SOURCES.txt'
[0.562s] writing manifest file 'turtlebot3_msgs.egg-info/SOURCES.txt'
[0.599s] [100%] Built target ament_cmake_python_build_turtlebot3_msgs_egg
[0.646s] Invoked command in '/catkin_ws/rover_sim_ws/build/turtlebot3_msgs' returned '0': CMAKE_PREFIX_PATH=${CMAKE_PREFIX_PATH}:/opt/ros/humble /usr/bin/cmake --build /catkin_ws/rover_sim_ws/build/turtlebot3_msgs -- -j8 -l8
[0.778s] Invoking command in '/catkin_ws/rover_sim_ws/build/turtlebot3_msgs': CMAKE_PREFIX_PATH=${CMAKE_PREFIX_PATH}:/opt/ros/humble /usr/bin/cmake --install /catkin_ws/rover_sim_ws/build/turtlebot3_msgs
[0.786s] -- Install configuration: ""
[0.786s] -- Up-to-date: /catkin_ws/rover_sim_ws/install/turtlebot3_msgs/share/ament_index/resource_index/rosidl_interfaces/turtlebot3_msgs
[0.786s] -- Up-to-date: /catkin_ws/rover_sim_ws/install/turtlebot3_msgs/include/turtlebot3_msgs/turtlebot3_msgs
[0.787s] -- Up-to-date: /catkin_ws/rover_sim_ws/install/turtlebot3_msgs/include/turtlebot3_msgs/turtlebot3_msgs/action
[0.788s] -- Up-to-date: /catkin_ws/rover_sim_ws/install/turtlebot3_msgs/include/turtlebot3_msgs/turtlebot3_msgs/action/patrol.h
[0.788s] -- Up-to-date: /catkin_ws/rover_sim_ws/install/turtlebot3_msgs/include/turtlebot3_msgs/turtlebot3_msgs/action/detail
[0.788s] -- Up-to-date: /catkin_ws/rover_sim_ws/install/turtlebot3_msgs/include/turtlebot3_msgs/turtlebot3_msgs/action/detail/patrol__struct.h
[0.788s] -- Up-to-date: /catkin_ws/rover_sim_ws/install/turtlebot3_msgs/include/turtlebot3_msgs/turtlebot3_msgs/action/detail/patrol__functions.h
[0.789s] -- Up-to-date: /catkin_ws/rover_sim_ws/install/turtlebot3_msgs/include/turtlebot3_msgs/turtlebot3_msgs/action/detail/patrol__type_support.h
[0.789s] -- Up-to-date: /catkin_ws/rover_sim_ws/install/turtlebot3_msgs/include/turtlebot3_msgs/turtlebot3_msgs/action/detail/patrol__functions.c
[0.789s] -- Up-to-date: /catkin_ws/rover_sim_ws/install/turtlebot3_msgs/include/turtlebot3_msgs/turtlebot3_msgs/msg
[0.790s] -- Up-to-date: /catkin_ws/rover_sim_ws/install/turtlebot3_msgs/include/turtlebot3_msgs/turtlebot3_msgs/msg/version_info.h
[0.790s] -- Up-to-date: /catkin_ws/rover_sim_ws/install/turtlebot3_msgs/include/turtlebot3_msgs/turtlebot3_msgs/msg/detail
[0.790s] -- Up-to-date: /catkin_ws/rover_sim_ws/install/turtlebot3_msgs/include/turtlebot3_msgs/turtlebot3_msgs/msg/detail/version_info__functions.h
[0.790s] -- Up-to-date: /catkin_ws/rover_sim_ws/install/turtlebot3_msgs/include/turtlebot3_msgs/turtlebot3_msgs/msg/detail/sensor_state__type_support.h
[0.791s] -- Up-to-date: /catkin_ws/rover_sim_ws/install/turtlebot3_msgs/include/turtlebot3_msgs/turtlebot3_msgs/msg/detail/version_info__struct.h
[0.791s] -- Up-to-date: /catkin_ws/rover_sim_ws/install/turtlebot3_msgs/include/turtlebot3_msgs/turtlebot3_msgs/msg/detail/sound__functions.c
[0.791s] -- Up-to-date: /catkin_ws/rover_sim_ws/install/turtlebot3_msgs/include/turtlebot3_msgs/turtlebot3_msgs/msg/detail/sensor_state__struct.h
[0.791s] -- Up-to-date: /catkin_ws/rover_sim_ws/install/turtlebot3_msgs/include/turtlebot3_msgs/turtlebot3_msgs/msg/detail/sound__type_support.h
[0.792s] -- Up-to-date: /catkin_ws/rover_sim_ws/install/turtlebot3_msgs/include/turtlebot3_msgs/turtlebot3_msgs/msg/detail/sound__functions.h
[0.792s] -- Up-to-date: /catkin_ws/rover_sim_ws/install/turtlebot3_msgs/include/turtlebot3_msgs/turtlebot3_msgs/msg/detail/version_info__type_support.h
[0.793s] -- Up-to-date: /catkin_ws/rover_sim_ws/install/turtlebot3_msgs/include/turtlebot3_msgs/turtlebot3_msgs/msg/detail/version_info__functions.c
[0.793s] -- Up-to-date: /catkin_ws/rover_sim_ws/install/turtlebot3_msgs/include/turtlebot3_msgs/turtlebot3_msgs/msg/detail/sound__struct.h
[0.793s] -- Up-to-date: /catkin_ws/rover_sim_ws/install/turtlebot3_msgs/include/turtlebot3_msgs/turtlebot3_msgs/msg/detail/sensor_state__functions.c
[0.793s] -- Up-to-date: /catkin_ws/rover_sim_ws/install/turtlebot3_msgs/include/turtlebot3_msgs/turtlebot3_msgs/msg/detail/sensor_state__functions.h
[0.794s] -- Up-to-date: /catkin_ws/rover_sim_ws/install/turtlebot3_msgs/include/turtlebot3_msgs/turtlebot3_msgs/msg/sensor_state.h
[0.794s] -- Up-to-date: /catkin_ws/rover_sim_ws/install/turtlebot3_msgs/include/turtlebot3_msgs/turtlebot3_msgs/msg/rosidl_generator_c__visibility_control.h
[0.795s] -- Up-to-date: /catkin_ws/rover_sim_ws/install/turtlebot3_msgs/include/turtlebot3_msgs/turtlebot3_msgs/msg/sound.h
[0.795s] -- Up-to-date: /catkin_ws/rover_sim_ws/install/turtlebot3_msgs/include/turtlebot3_msgs/turtlebot3_msgs/srv
[0.795s] -- Up-to-date: /catkin_ws/rover_sim_ws/install/turtlebot3_msgs/include/turtlebot3_msgs/turtlebot3_msgs/srv/detail
[0.795s] -- Up-to-date: /catkin_ws/rover_sim_ws/install/turtlebot3_msgs/include/turtlebot3_msgs/turtlebot3_msgs/srv/detail/sound__functions.c
[0.795s] -- Up-to-date: /catkin_ws/rover_sim_ws/install/turtlebot3_msgs/include/turtlebot3_msgs/turtlebot3_msgs/srv/detail/sound__type_support.h
[0.796s] -- Up-to-date: /catkin_ws/rover_sim_ws/install/turtlebot3_msgs/include/turtlebot3_msgs/turtlebot3_msgs/srv/detail/sound__functions.h
[0.796s] -- Up-to-date: /catkin_ws/rover_sim_ws/install/turtlebot3_msgs/include/turtlebot3_msgs/turtlebot3_msgs/srv/detail/dqn__functions.c
[0.796s] -- Up-to-date: /catkin_ws/rover_sim_ws/install/turtlebot3_msgs/include/turtlebot3_msgs/turtlebot3_msgs/srv/detail/sound__struct.h
[0.796s] -- Up-to-date: /catkin_ws/rover_sim_ws/install/turtlebot3_msgs/include/turtlebot3_msgs/turtlebot3_msgs/srv/detail/dqn__type_support.h
[0.796s] -- Up-to-date: /catkin_ws/rover_sim_ws/install/turtlebot3_msgs/include/turtlebot3_msgs/turtlebot3_msgs/srv/detail/dqn__struct.h
[0.796s] -- Up-to-date: /catkin_ws/rover_sim_ws/install/turtlebot3_msgs/include/turtlebot3_msgs/turtlebot3_msgs/srv/detail/dqn__functions.h
[0.797s] -- Up-to-date: /catkin_ws/rover_sim_ws/install/turtlebot3_msgs/include/turtlebot3_msgs/turtlebot3_msgs/srv/sound.h
[0.797s] -- Up-to-date: /catkin_ws/rover_sim_ws/install/turtlebot3_msgs/include/turtlebot3_msgs/turtlebot3_msgs/srv/dqn.h
[0.797s] -- Up-to-date: /catkin_ws/rover_sim_ws/install/turtlebot3_msgs/share/turtlebot3_msgs/environment/library_path.sh
[0.797s] -- Up-to-date: /catkin_ws/rover_sim_ws/install/turtlebot3_msgs/share/turtlebot3_msgs/environment/library_path.dsv
[0.797s] -- Up-to-date: /catkin_ws/rover_sim_ws/install/turtlebot3_msgs/lib/libturtlebot3_msgs__rosidl_generator_c.so
[0.798s] -- Up-to-date: /catkin_ws/rover_sim_ws/install/turtlebot3_msgs/include/turtlebot3_msgs/turtlebot3_msgs
[0.798s] -- Up-to-date: /catkin_ws/rover_sim_ws/install/turtlebot3_msgs/include/turtlebot3_msgs/turtlebot3_msgs/action
[0.798s] -- Up-to-date: /catkin_ws/rover_sim_ws/install/turtlebot3_msgs/include/turtlebot3_msgs/turtlebot3_msgs/action/detail
[0.799s] -- Up-to-date: /catkin_ws/rover_sim_ws/install/turtlebot3_msgs/include/turtlebot3_msgs/turtlebot3_msgs/action/detail/patrol__rosidl_typesupport_fastrtps_c.h
[0.799s] -- Up-to-date: /catkin_ws/rover_sim_ws/install/turtlebot3_msgs/include/turtlebot3_msgs/turtlebot3_msgs/msg
[0.800s] -- Up-to-date: /catkin_ws/rover_sim_ws/install/turtlebot3_msgs/include/turtlebot3_msgs/turtlebot3_msgs/msg/detail
[0.800s] -- Up-to-date: /catkin_ws/rover_sim_ws/install/turtlebot3_msgs/include/turtlebot3_msgs/turtlebot3_msgs/msg/detail/sensor_state__rosidl_typesupport_fastrtps_c.h
[0.800s] -- Up-to-date: /catkin_ws/rover_sim_ws/install/turtlebot3_msgs/include/turtlebot3_msgs/turtlebot3_msgs/msg/detail/version_info__rosidl_typesupport_fastrtps_c.h
[0.801s] -- Up-to-date: /catkin_ws/rover_sim_ws/install/turtlebot3_msgs/include/turtlebot3_msgs/turtlebot3_msgs/msg/detail/sound__rosidl_typesupport_fastrtps_c.h
[0.801s] -- Up-to-date: /catkin_ws/rover_sim_ws/install/turtlebot3_msgs/include/turtlebot3_msgs/turtlebot3_msgs/msg/rosidl_typesupport_fastrtps_c__visibility_control.h
[0.801s] -- Up-to-date: /catkin_ws/rover_sim_ws/install/turtlebot3_msgs/include/turtlebot3_msgs/turtlebot3_msgs/srv
[0.801s] -- Up-to-date: /catkin_ws/rover_sim_ws/install/turtlebot3_msgs/include/turtlebot3_msgs/turtlebot3_msgs/srv/detail
[0.801s] -- Up-to-date: /catkin_ws/rover_sim_ws/install/turtlebot3_msgs/include/turtlebot3_msgs/turtlebot3_msgs/srv/detail/sound__rosidl_typesupport_fastrtps_c.h
[0.801s] -- Up-to-date: /catkin_ws/rover_sim_ws/install/turtlebot3_msgs/include/turtlebot3_msgs/turtlebot3_msgs/srv/detail/dqn__rosidl_typesupport_fastrtps_c.h
[0.802s] -- Up-to-date: /catkin_ws/rover_sim_ws/install/turtlebot3_msgs/lib/libturtlebot3_msgs__rosidl_typesupport_fastrtps_c.so
[0.802s] -- Up-to-date: /catkin_ws/rover_sim_ws/install/turtlebot3_msgs/include/turtlebot3_msgs/turtlebot3_msgs
[0.802s] -- Up-to-date: /catkin_ws/rover_sim_ws/install/turtlebot3_msgs/include/turtlebot3_msgs/turtlebot3_msgs/action
[0.802s] -- Up-to-date: /catkin_ws/rover_sim_ws/install/turtlebot3_msgs/include/turtlebot3_msgs/turtlebot3_msgs/action/patrol.hpp
[0.802s] -- Up-to-date: /catkin_ws/rover_sim_ws/install/turtlebot3_msgs/include/turtlebot3_msgs/turtlebot3_msgs/action/detail
[0.803s] -- Up-to-date: /catkin_ws/rover_sim_ws/install/turtlebot3_msgs/include/turtlebot3_msgs/turtlebot3_msgs/action/detail/patrol__struct.hpp
[0.803s] -- Up-to-date: /catkin_ws/rover_sim_ws/install/turtlebot3_msgs/include/turtlebot3_msgs/turtlebot3_msgs/action/detail/patrol__builder.hpp
[0.803s] -- Up-to-date: /catkin_ws/rover_sim_ws/install/turtlebot3_msgs/include/turtlebot3_msgs/turtlebot3_msgs/action/detail/patrol__traits.hpp
[0.803s] -- Up-to-date: /catkin_ws/rover_sim_ws/install/turtlebot3_msgs/include/turtlebot3_msgs/turtlebot3_msgs/msg
[0.804s] -- Up-to-date: /catkin_ws/rover_sim_ws/install/turtlebot3_msgs/include/turtlebot3_msgs/turtlebot3_msgs/msg/version_info.hpp
[0.804s] -- Up-to-date: /catkin_ws/rover_sim_ws/install/turtlebot3_msgs/include/turtlebot3_msgs/turtlebot3_msgs/msg/detail
[0.804s] -- Up-to-date: /catkin_ws/rover_sim_ws/install/turtlebot3_msgs/include/turtlebot3_msgs/turtlebot3_msgs/msg/detail/version_info__builder.hpp
[0.804s] -- Up-to-date: /catkin_ws/rover_sim_ws/install/turtlebot3_msgs/include/turtlebot3_msgs/turtlebot3_msgs/msg/detail/sensor_state__builder.hpp
[0.805s] -- Up-to-date: /catkin_ws/rover_sim_ws/install/turtlebot3_msgs/include/turtlebot3_msgs/turtlebot3_msgs/msg/detail/sound__builder.hpp
[0.805s] -- Up-to-date: /catkin_ws/rover_sim_ws/install/turtlebot3_msgs/include/turtlebot3_msgs/turtlebot3_msgs/msg/detail/version_info__struct.hpp
[0.806s] -- Up-to-date: /catkin_ws/rover_sim_ws/install/turtlebot3_msgs/include/turtlebot3_msgs/turtlebot3_msgs/msg/detail/sensor_state__struct.hpp
[0.806s] -- Up-to-date: /catkin_ws/rover_sim_ws/install/turtlebot3_msgs/include/turtlebot3_msgs/turtlebot3_msgs/msg/detail/sensor_state__traits.hpp
[0.806s] -- Up-to-date: /catkin_ws/rover_sim_ws/install/turtlebot3_msgs/include/turtlebot3_msgs/turtlebot3_msgs/msg/detail/sound__struct.hpp
[0.806s] -- Up-to-date: /catkin_ws/rover_sim_ws/install/turtlebot3_msgs/include/turtlebot3_msgs/turtlebot3_msgs/msg/detail/version_info__traits.hpp
[0.807s] -- Up-to-date: /catkin_ws/rover_sim_ws/install/turtlebot3_msgs/include/turtlebot3_msgs/turtlebot3_msgs/msg/detail/sound__traits.hpp
[0.807s] -- Up-to-date: /catkin_ws/rover_sim_ws/install/turtlebot3_msgs/include/turtlebot3_msgs/turtlebot3_msgs/msg/sound.hpp
[0.807s] -- Up-to-date: /catkin_ws/rover_sim_ws/install/turtlebot3_msgs/include/turtlebot3_msgs/turtlebot3_msgs/msg/sensor_state.hpp
[0.807s] -- Up-to-date: /catkin_ws/rover_sim_ws/install/turtlebot3_msgs/include/turtlebot3_msgs/turtlebot3_msgs/srv
[0.807s] -- Up-to-date: /catkin_ws/rover_sim_ws/install/turtlebot3_msgs/include/turtlebot3_msgs/turtlebot3_msgs/srv/dqn.hpp
[0.807s] -- Up-to-date: /catkin_ws/rover_sim_ws/install/turtlebot3_msgs/include/turtlebot3_msgs/turtlebot3_msgs/srv/detail
[0.808s] -- Up-to-date: /catkin_ws/rover_sim_ws/install/turtlebot3_msgs/include/turtlebot3_msgs/turtlebot3_msgs/srv/detail/dqn__builder.hpp
[0.808s] -- Up-to-date: /catkin_ws/rover_sim_ws/install/turtlebot3_msgs/include/turtlebot3_msgs/turtlebot3_msgs/srv/detail/sound__builder.hpp
[0.808s] -- Up-to-date: /catkin_ws/rover_sim_ws/install/turtlebot3_msgs/include/turtlebot3_msgs/turtlebot3_msgs/srv/detail/dqn__struct.hpp
[0.808s] -- Up-to-date: /catkin_ws/rover_sim_ws/install/turtlebot3_msgs/include/turtlebot3_msgs/turtlebot3_msgs/srv/detail/sound__struct.hpp
[0.809s] -- Up-to-date: /catkin_ws/rover_sim_ws/install/turtlebot3_msgs/include/turtlebot3_msgs/turtlebot3_msgs/srv/detail/dqn__traits.hpp
[0.810s] -- Up-to-date: /catkin_ws/rover_sim_ws/install/turtlebot3_msgs/include/turtlebot3_msgs/turtlebot3_msgs/srv/detail/sound__traits.hpp
[0.810s] -- Up-to-date: /catkin_ws/rover_sim_ws/install/turtlebot3_msgs/include/turtlebot3_msgs/turtlebot3_msgs/srv/sound.hpp
[0.810s] -- Up-to-date: /catkin_ws/rover_sim_ws/install/turtlebot3_msgs/include/turtlebot3_msgs/turtlebot3_msgs
[0.810s] -- Up-to-date: /catkin_ws/rover_sim_ws/install/turtlebot3_msgs/include/turtlebot3_msgs/turtlebot3_msgs/action
[0.811s] -- Up-to-date: /catkin_ws/rover_sim_ws/install/turtlebot3_msgs/include/turtlebot3_msgs/turtlebot3_msgs/action/detail
[0.811s] -- Up-to-date: /catkin_ws/rover_sim_ws/install/turtlebot3_msgs/include/turtlebot3_msgs/turtlebot3_msgs/action/detail/patrol__rosidl_typesupport_fastrtps_cpp.hpp
[0.811s] -- Up-to-date: /catkin_ws/rover_sim_ws/install/turtlebot3_msgs/include/turtlebot3_msgs/turtlebot3_msgs/action/detail/dds_fastrtps
[0.811s] -- Up-to-date: /catkin_ws/rover_sim_ws/install/turtlebot3_msgs/include/turtlebot3_msgs/turtlebot3_msgs/msg
[0.812s] -- Up-to-date: /catkin_ws/rover_sim_ws/install/turtlebot3_msgs/include/turtlebot3_msgs/turtlebot3_msgs/msg/detail
[0.812s] -- Up-to-date: /catkin_ws/rover_sim_ws/install/turtlebot3_msgs/include/turtlebot3_msgs/turtlebot3_msgs/msg/detail/sensor_state__rosidl_typesupport_fastrtps_cpp.hpp
[0.812s] -- Up-to-date: /catkin_ws/rover_sim_ws/install/turtlebot3_msgs/include/turtlebot3_msgs/turtlebot3_msgs/msg/detail/sound__rosidl_typesupport_fastrtps_cpp.hpp
[0.812s] -- Up-to-date: /catkin_ws/rover_sim_ws/install/turtlebot3_msgs/include/turtlebot3_msgs/turtlebot3_msgs/msg/detail/dds_fastrtps
[0.812s] -- Up-to-date: /catkin_ws/rover_sim_ws/install/turtlebot3_msgs/include/turtlebot3_msgs/turtlebot3_msgs/msg/detail/version_info__rosidl_typesupport_fastrtps_cpp.hpp
[0.813s] -- Up-to-date: /catkin_ws/rover_sim_ws/install/turtlebot3_msgs/include/turtlebot3_msgs/turtlebot3_msgs/msg/rosidl_typesupport_fastrtps_cpp__visibility_control.h
[0.813s] -- Up-to-date: /catkin_ws/rover_sim_ws/install/turtlebot3_msgs/include/turtlebot3_msgs/turtlebot3_msgs/srv
[0.813s] -- Up-to-date: /catkin_ws/rover_sim_ws/install/turtlebot3_msgs/include/turtlebot3_msgs/turtlebot3_msgs/srv/detail
[0.813s] -- Up-to-date: /catkin_ws/rover_sim_ws/install/turtlebot3_msgs/include/turtlebot3_msgs/turtlebot3_msgs/srv/detail/dqn__rosidl_typesupport_fastrtps_cpp.hpp
[0.814s] -- Up-to-date: /catkin_ws/rover_sim_ws/install/turtlebot3_msgs/include/turtlebot3_msgs/turtlebot3_msgs/srv/detail/sound__rosidl_typesupport_fastrtps_cpp.hpp
[0.814s] -- Up-to-date: /catkin_ws/rover_sim_ws/install/turtlebot3_msgs/include/turtlebot3_msgs/turtlebot3_msgs/srv/detail/dds_fastrtps
[0.814s] -- Up-to-date: /catkin_ws/rover_sim_ws/install/turtlebot3_msgs/lib/libturtlebot3_msgs__rosidl_typesupport_fastrtps_cpp.so
[0.814s] -- Up-to-date: /catkin_ws/rover_sim_ws/install/turtlebot3_msgs/include/turtlebot3_msgs/turtlebot3_msgs
[0.815s] -- Up-to-date: /catkin_ws/rover_sim_ws/install/turtlebot3_msgs/include/turtlebot3_msgs/turtlebot3_msgs/action
[0.815s] -- Up-to-date: /catkin_ws/rover_sim_ws/install/turtlebot3_msgs/include/turtlebot3_msgs/turtlebot3_msgs/action/detail
[0.815s] -- Up-to-date: /catkin_ws/rover_sim_ws/install/turtlebot3_msgs/include/turtlebot3_msgs/turtlebot3_msgs/action/detail/patrol__type_support.c
[0.815s] -- Up-to-date: /catkin_ws/rover_sim_ws/install/turtlebot3_msgs/include/turtlebot3_msgs/turtlebot3_msgs/action/detail/patrol__rosidl_typesupport_introspection_c.h
[0.815s] -- Up-to-date: /catkin_ws/rover_sim_ws/install/turtlebot3_msgs/include/turtlebot3_msgs/turtlebot3_msgs/msg
[0.815s] -- Up-to-date: /catkin_ws/rover_sim_ws/install/turtlebot3_msgs/include/turtlebot3_msgs/turtlebot3_msgs/msg/detail
[0.816s] -- Up-to-date: /catkin_ws/rover_sim_ws/install/turtlebot3_msgs/include/turtlebot3_msgs/turtlebot3_msgs/msg/detail/sound__type_support.c
[0.816s] -- Up-to-date: /catkin_ws/rover_sim_ws/install/turtlebot3_msgs/include/turtlebot3_msgs/turtlebot3_msgs/msg/detail/version_info__rosidl_typesupport_introspection_c.h
[0.816s] -- Up-to-date: /catkin_ws/rover_sim_ws/install/turtlebot3_msgs/include/turtlebot3_msgs/turtlebot3_msgs/msg/detail/version_info__type_support.c
[0.816s] -- Up-to-date: /catkin_ws/rover_sim_ws/install/turtlebot3_msgs/include/turtlebot3_msgs/turtlebot3_msgs/msg/detail/sensor_state__type_support.c
[0.816s] -- Up-to-date: /catkin_ws/rover_sim_ws/install/turtlebot3_msgs/include/turtlebot3_msgs/turtlebot3_msgs/msg/detail/sensor_state__rosidl_typesupport_introspection_c.h
[0.817s] -- Up-to-date: /catkin_ws/rover_sim_ws/install/turtlebot3_msgs/include/turtlebot3_msgs/turtlebot3_msgs/msg/detail/sound__rosidl_typesupport_introspection_c.h
[0.817s] -- Up-to-date: /catkin_ws/rover_sim_ws/install/turtlebot3_msgs/include/turtlebot3_msgs/turtlebot3_msgs/msg/rosidl_typesupport_introspection_c__visibility_control.h
[0.817s] -- Up-to-date: /catkin_ws/rover_sim_ws/install/turtlebot3_msgs/include/turtlebot3_msgs/turtlebot3_msgs/srv
[0.817s] -- Up-to-date: /catkin_ws/rover_sim_ws/install/turtlebot3_msgs/include/turtlebot3_msgs/turtlebot3_msgs/srv/detail
[0.818s] -- Up-to-date: /catkin_ws/rover_sim_ws/install/turtlebot3_msgs/include/turtlebot3_msgs/turtlebot3_msgs/srv/detail/sound__type_support.c
[0.818s] -- Up-to-date: /catkin_ws/rover_sim_ws/install/turtlebot3_msgs/include/turtlebot3_msgs/turtlebot3_msgs/srv/detail/dqn__rosidl_typesupport_introspection_c.h
[0.818s] -- Up-to-date: /catkin_ws/rover_sim_ws/install/turtlebot3_msgs/include/turtlebot3_msgs/turtlebot3_msgs/srv/detail/dqn__type_support.c
[0.818s] -- Up-to-date: /catkin_ws/rover_sim_ws/install/turtlebot3_msgs/include/turtlebot3_msgs/turtlebot3_msgs/srv/detail/sound__rosidl_typesupport_introspection_c.h
[0.818s] -- Up-to-date: /catkin_ws/rover_sim_ws/install/turtlebot3_msgs/lib/libturtlebot3_msgs__rosidl_typesupport_introspection_c.so
[0.818s] -- Up-to-date: /catkin_ws/rover_sim_ws/install/turtlebot3_msgs/lib/libturtlebot3_msgs__rosidl_typesupport_c.so
[0.819s] -- Up-to-date: /catkin_ws/rover_sim_ws/install/turtlebot3_msgs/include/turtlebot3_msgs/turtlebot3_msgs
[0.819s] -- Up-to-date: /catkin_ws/rover_sim_ws/install/turtlebot3_msgs/include/turtlebot3_msgs/turtlebot3_msgs/action
[0.820s] -- Up-to-date: /catkin_ws/rover_sim_ws/install/turtlebot3_msgs/include/turtlebot3_msgs/turtlebot3_msgs/action/detail
[0.820s] -- Up-to-date: /catkin_ws/rover_sim_ws/install/turtlebot3_msgs/include/turtlebot3_msgs/turtlebot3_msgs/action/detail/patrol__type_support.cpp
[0.820s] -- Up-to-date: /catkin_ws/rover_sim_ws/install/turtlebot3_msgs/include/turtlebot3_msgs/turtlebot3_msgs/action/detail/patrol__rosidl_typesupport_introspection_cpp.hpp
[0.820s] -- Up-to-date: /catkin_ws/rover_sim_ws/install/turtlebot3_msgs/include/turtlebot3_msgs/turtlebot3_msgs/msg
[0.821s] -- Up-to-date: /catkin_ws/rover_sim_ws/install/turtlebot3_msgs/include/turtlebot3_msgs/turtlebot3_msgs/msg/detail
[0.821s] -- Up-to-date: /catkin_ws/rover_sim_ws/install/turtlebot3_msgs/include/turtlebot3_msgs/turtlebot3_msgs/msg/detail/sound__rosidl_typesupport_introspection_cpp.hpp
[0.821s] -- Up-to-date: /catkin_ws/rover_sim_ws/install/turtlebot3_msgs/include/turtlebot3_msgs/turtlebot3_msgs/msg/detail/sound__type_support.cpp
[0.821s] -- Up-to-date: /catkin_ws/rover_sim_ws/install/turtlebot3_msgs/include/turtlebot3_msgs/turtlebot3_msgs/msg/detail/sensor_state__type_support.cpp
[0.821s] -- Up-to-date: /catkin_ws/rover_sim_ws/install/turtlebot3_msgs/include/turtlebot3_msgs/turtlebot3_msgs/msg/detail/version_info__rosidl_typesupport_introspection_cpp.hpp
[0.821s] -- Up-to-date: /catkin_ws/rover_sim_ws/install/turtlebot3_msgs/include/turtlebot3_msgs/turtlebot3_msgs/msg/detail/version_info__type_support.cpp
[0.822s] -- Up-to-date: /catkin_ws/rover_sim_ws/install/turtlebot3_msgs/include/turtlebot3_msgs/turtlebot3_msgs/msg/detail/sensor_state__rosidl_typesupport_introspection_cpp.hpp
[0.822s] -- Up-to-date: /catkin_ws/rover_sim_ws/install/turtlebot3_msgs/include/turtlebot3_msgs/turtlebot3_msgs/srv
[0.822s] -- Up-to-date: /catkin_ws/rover_sim_ws/install/turtlebot3_msgs/include/turtlebot3_msgs/turtlebot3_msgs/srv/detail
[0.822s] -- Up-to-date: /catkin_ws/rover_sim_ws/install/turtlebot3_msgs/include/turtlebot3_msgs/turtlebot3_msgs/srv/detail/dqn__rosidl_typesupport_introspection_cpp.hpp
[0.823s] -- Up-to-date: /catkin_ws/rover_sim_ws/install/turtlebot3_msgs/include/turtlebot3_msgs/turtlebot3_msgs/srv/detail/sound__rosidl_typesupport_introspection_cpp.hpp
[0.823s] -- Up-to-date: /catkin_ws/rover_sim_ws/install/turtlebot3_msgs/include/turtlebot3_msgs/turtlebot3_msgs/srv/detail/sound__type_support.cpp
[0.823s] -- Up-to-date: /catkin_ws/rover_sim_ws/install/turtlebot3_msgs/include/turtlebot3_msgs/turtlebot3_msgs/srv/detail/dqn__type_support.cpp
[0.823s] -- Up-to-date: /catkin_ws/rover_sim_ws/install/turtlebot3_msgs/lib/libturtlebot3_msgs__rosidl_typesupport_introspection_cpp.so
[0.824s] -- Up-to-date: /catkin_ws/rover_sim_ws/install/turtlebot3_msgs/lib/libturtlebot3_msgs__rosidl_typesupport_cpp.so
[0.824s] -- Up-to-date: /catkin_ws/rover_sim_ws/install/turtlebot3_msgs/share/turtlebot3_msgs/environment/pythonpath.sh
[0.824s] -- Up-to-date: /catkin_ws/rover_sim_ws/install/turtlebot3_msgs/share/turtlebot3_msgs/environment/pythonpath.dsv
[0.824s] -- Up-to-date: /catkin_ws/rover_sim_ws/install/turtlebot3_msgs/local/lib/python3.10/dist-packages/turtlebot3_msgs-2.2.3-py3.10.egg-info
[0.824s] -- Installing: /catkin_ws/rover_sim_ws/install/turtlebot3_msgs/local/lib/python3.10/dist-packages/turtlebot3_msgs-2.2.3-py3.10.egg-info/dependency_links.txt
[0.824s] -- Installing: /catkin_ws/rover_sim_ws/install/turtlebot3_msgs/local/lib/python3.10/dist-packages/turtlebot3_msgs-2.2.3-py3.10.egg-info/PKG-INFO
[0.825s] -- Installing: /catkin_ws/rover_sim_ws/install/turtlebot3_msgs/local/lib/python3.10/dist-packages/turtlebot3_msgs-2.2.3-py3.10.egg-info/top_level.txt
[0.825s] -- Installing: /catkin_ws/rover_sim_ws/install/turtlebot3_msgs/local/lib/python3.10/dist-packages/turtlebot3_msgs-2.2.3-py3.10.egg-info/SOURCES.txt
[0.825s] -- Up-to-date: /catkin_ws/rover_sim_ws/install/turtlebot3_msgs/local/lib/python3.10/dist-packages/turtlebot3_msgs
[0.825s] -- Up-to-date: /catkin_ws/rover_sim_ws/install/turtlebot3_msgs/local/lib/python3.10/dist-packages/turtlebot3_msgs/turtlebot3_msgs_s__rosidl_typesupport_fastrtps_c.cpython-310-x86_64-linux-gnu.so
[0.826s] -- Up-to-date: /catkin_ws/rover_sim_ws/install/turtlebot3_msgs/local/lib/python3.10/dist-packages/turtlebot3_msgs/__init__.py
[0.827s] -- Up-to-date: /catkin_ws/rover_sim_ws/install/turtlebot3_msgs/local/lib/python3.10/dist-packages/turtlebot3_msgs/turtlebot3_msgs_s__rosidl_typesupport_introspection_c.cpython-310-x86_64-linux-gnu.so
[0.827s] -- Up-to-date: /catkin_ws/rover_sim_ws/install/turtlebot3_msgs/local/lib/python3.10/dist-packages/turtlebot3_msgs/libturtlebot3_msgs__rosidl_generator_py.so
[0.827s] -- Up-to-date: /catkin_ws/rover_sim_ws/install/turtlebot3_msgs/local/lib/python3.10/dist-packages/turtlebot3_msgs/_turtlebot3_msgs_s.ep.rosidl_typesupport_c.c
[0.828s] -- Up-to-date: /catkin_ws/rover_sim_ws/install/turtlebot3_msgs/local/lib/python3.10/dist-packages/turtlebot3_msgs/action
[0.828s] -- Up-to-date: /catkin_ws/rover_sim_ws/install/turtlebot3_msgs/local/lib/python3.10/dist-packages/turtlebot3_msgs/action/_patrol.py
[0.828s] -- Up-to-date: /catkin_ws/rover_sim_ws/install/turtlebot3_msgs/local/lib/python3.10/dist-packages/turtlebot3_msgs/action/__init__.py
[0.828s] -- Up-to-date: /catkin_ws/rover_sim_ws/install/turtlebot3_msgs/local/lib/python3.10/dist-packages/turtlebot3_msgs/action/_patrol_s.c
[0.828s] -- Up-to-date: /catkin_ws/rover_sim_ws/install/turtlebot3_msgs/local/lib/python3.10/dist-packages/turtlebot3_msgs/turtlebot3_msgs_s__rosidl_typesupport_c.cpython-310-x86_64-linux-gnu.so
[0.829s] -- Up-to-date: /catkin_ws/rover_sim_ws/install/turtlebot3_msgs/local/lib/python3.10/dist-packages/turtlebot3_msgs/msg
[0.829s] -- Up-to-date: /catkin_ws/rover_sim_ws/install/turtlebot3_msgs/local/lib/python3.10/dist-packages/turtlebot3_msgs/msg/__init__.py
[0.829s] -- Up-to-date: /catkin_ws/rover_sim_ws/install/turtlebot3_msgs/local/lib/python3.10/dist-packages/turtlebot3_msgs/msg/_sensor_state_s.c
[0.830s] -- Up-to-date: /catkin_ws/rover_sim_ws/install/turtlebot3_msgs/local/lib/python3.10/dist-packages/turtlebot3_msgs/msg/_sound_s.c
[0.830s] -- Up-to-date: /catkin_ws/rover_sim_ws/install/turtlebot3_msgs/local/lib/python3.10/dist-packages/turtlebot3_msgs/msg/_version_info_s.c
[0.830s] -- Up-to-date: /catkin_ws/rover_sim_ws/install/turtlebot3_msgs/local/lib/python3.10/dist-packages/turtlebot3_msgs/msg/_version_info.py
[0.830s] -- Up-to-date: /catkin_ws/rover_sim_ws/install/turtlebot3_msgs/local/lib/python3.10/dist-packages/turtlebot3_msgs/msg/_sound.py
[0.830s] -- Up-to-date: /catkin_ws/rover_sim_ws/install/turtlebot3_msgs/local/lib/python3.10/dist-packages/turtlebot3_msgs/msg/_sensor_state.py
[0.831s] -- Up-to-date: /catkin_ws/rover_sim_ws/install/turtlebot3_msgs/local/lib/python3.10/dist-packages/turtlebot3_msgs/_turtlebot3_msgs_s.ep.rosidl_typesupport_introspection_c.c
[0.831s] -- Up-to-date: /catkin_ws/rover_sim_ws/install/turtlebot3_msgs/local/lib/python3.10/dist-packages/turtlebot3_msgs/srv
[0.831s] -- Up-to-date: /catkin_ws/rover_sim_ws/install/turtlebot3_msgs/local/lib/python3.10/dist-packages/turtlebot3_msgs/srv/__init__.py
[0.832s] -- Up-to-date: /catkin_ws/rover_sim_ws/install/turtlebot3_msgs/local/lib/python3.10/dist-packages/turtlebot3_msgs/srv/_sound_s.c
[0.832s] -- Up-to-date: /catkin_ws/rover_sim_ws/install/turtlebot3_msgs/local/lib/python3.10/dist-packages/turtlebot3_msgs/srv/_dqn_s.c
[0.832s] -- Up-to-date: /catkin_ws/rover_sim_ws/install/turtlebot3_msgs/local/lib/python3.10/dist-packages/turtlebot3_msgs/srv/_sound.py
[0.832s] -- Up-to-date: /catkin_ws/rover_sim_ws/install/turtlebot3_msgs/local/lib/python3.10/dist-packages/turtlebot3_msgs/srv/_dqn.py
[0.833s] -- Up-to-date: /catkin_ws/rover_sim_ws/install/turtlebot3_msgs/local/lib/python3.10/dist-packages/turtlebot3_msgs/_turtlebot3_msgs_s.ep.rosidl_typesupport_fastrtps_c.c
[0.847s] Listing '/catkin_ws/rover_sim_ws/install/turtlebot3_msgs/local/lib/python3.10/dist-packages/turtlebot3_msgs'...
[0.847s] Listing '/catkin_ws/rover_sim_ws/install/turtlebot3_msgs/local/lib/python3.10/dist-packages/turtlebot3_msgs/action'...
[0.848s] Listing '/catkin_ws/rover_sim_ws/install/turtlebot3_msgs/local/lib/python3.10/dist-packages/turtlebot3_msgs/msg'...
[0.848s] Listing '/catkin_ws/rover_sim_ws/install/turtlebot3_msgs/local/lib/python3.10/dist-packages/turtlebot3_msgs/srv'...
[0.850s] -- Up-to-date: /catkin_ws/rover_sim_ws/install/turtlebot3_msgs/local/lib/python3.10/dist-packages/turtlebot3_msgs/turtlebot3_msgs_s__rosidl_typesupport_fastrtps_c.cpython-310-x86_64-linux-gnu.so
[0.851s] -- Up-to-date: /catkin_ws/rover_sim_ws/install/turtlebot3_msgs/local/lib/python3.10/dist-packages/turtlebot3_msgs/turtlebot3_msgs_s__rosidl_typesupport_introspection_c.cpython-310-x86_64-linux-gnu.so
[0.852s] -- Up-to-date: /catkin_ws/rover_sim_ws/install/turtlebot3_msgs/local/lib/python3.10/dist-packages/turtlebot3_msgs/turtlebot3_msgs_s__rosidl_typesupport_c.cpython-310-x86_64-linux-gnu.so
[0.852s] -- Up-to-date: /catkin_ws/rover_sim_ws/install/turtlebot3_msgs/lib/libturtlebot3_msgs__rosidl_generator_py.so
[0.853s] -- Up-to-date: /catkin_ws/rover_sim_ws/install/turtlebot3_msgs/share/turtlebot3_msgs/msg/SensorState.idl
[0.853s] -- Up-to-date: /catkin_ws/rover_sim_ws/install/turtlebot3_msgs/share/turtlebot3_msgs/msg/Sound.idl
[0.853s] -- Up-to-date: /catkin_ws/rover_sim_ws/install/turtlebot3_msgs/share/turtlebot3_msgs/msg/VersionInfo.idl
[0.854s] -- Up-to-date: /catkin_ws/rover_sim_ws/install/turtlebot3_msgs/share/turtlebot3_msgs/srv/Sound.idl
[0.854s] -- Up-to-date: /catkin_ws/rover_sim_ws/install/turtlebot3_msgs/share/turtlebot3_msgs/srv/Dqn.idl
[0.854s] -- Up-to-date: /catkin_ws/rover_sim_ws/install/turtlebot3_msgs/share/turtlebot3_msgs/action/Patrol.idl
[0.854s] -- Up-to-date: /catkin_ws/rover_sim_ws/install/turtlebot3_msgs/share/turtlebot3_msgs/msg/SensorState.msg
[0.854s] -- Up-to-date: /catkin_ws/rover_sim_ws/install/turtlebot3_msgs/share/turtlebot3_msgs/msg/Sound.msg
[0.855s] -- Up-to-date: /catkin_ws/rover_sim_ws/install/turtlebot3_msgs/share/turtlebot3_msgs/msg/VersionInfo.msg
[0.855s] -- Up-to-date: /catkin_ws/rover_sim_ws/install/turtlebot3_msgs/share/turtlebot3_msgs/srv/Sound.srv
[0.855s] -- Up-to-date: /catkin_ws/rover_sim_ws/install/turtlebot3_msgs/share/turtlebot3_msgs/srv/Sound_Request.msg
[0.856s] -- Up-to-date: /catkin_ws/rover_sim_ws/install/turtlebot3_msgs/share/turtlebot3_msgs/srv/Sound_Response.msg
[0.856s] -- Up-to-date: /catkin_ws/rover_sim_ws/install/turtlebot3_msgs/share/turtlebot3_msgs/srv/Dqn.srv
[0.856s] -- Up-to-date: /catkin_ws/rover_sim_ws/install/turtlebot3_msgs/share/turtlebot3_msgs/srv/Dqn_Request.msg
[0.856s] -- Up-to-date: /catkin_ws/rover_sim_ws/install/turtlebot3_msgs/share/turtlebot3_msgs/srv/Dqn_Response.msg
[0.856s] -- Up-to-date: /catkin_ws/rover_sim_ws/install/turtlebot3_msgs/share/turtlebot3_msgs/action/Patrol.action
[0.856s] -- Up-to-date: /catkin_ws/rover_sim_ws/install/turtlebot3_msgs/share/ament_index/resource_index/package_run_dependencies/turtlebot3_msgs
[0.857s] -- Up-to-date: /catkin_ws/rover_sim_ws/install/turtlebot3_msgs/share/ament_index/resource_index/parent_prefix_path/turtlebot3_msgs
[0.857s] -- Up-to-date: /catkin_ws/rover_sim_ws/install/turtlebot3_msgs/share/turtlebot3_msgs/environment/ament_prefix_path.sh
[0.858s] -- Up-to-date: /catkin_ws/rover_sim_ws/install/turtlebot3_msgs/share/turtlebot3_msgs/environment/ament_prefix_path.dsv
[0.858s] -- Up-to-date: /catkin_ws/rover_sim_ws/install/turtlebot3_msgs/share/turtlebot3_msgs/environment/path.sh
[0.858s] -- Up-to-date: /catkin_ws/rover_sim_ws/install/turtlebot3_msgs/share/turtlebot3_msgs/environment/path.dsv
[0.858s] -- Up-to-date: /catkin_ws/rover_sim_ws/install/turtlebot3_msgs/share/turtlebot3_msgs/local_setup.bash
[0.858s] -- Up-to-date: /catkin_ws/rover_sim_ws/install/turtlebot3_msgs/share/turtlebot3_msgs/local_setup.sh
[0.859s] -- Up-to-date: /catkin_ws/rover_sim_ws/install/turtlebot3_msgs/share/turtlebot3_msgs/local_setup.zsh
[0.859s] -- Up-to-date: /catkin_ws/rover_sim_ws/install/turtlebot3_msgs/share/turtlebot3_msgs/local_setup.dsv
[0.859s] -- Installing: /catkin_ws/rover_sim_ws/install/turtlebot3_msgs/share/turtlebot3_msgs/package.dsv
[0.859s] -- Up-to-date: /catkin_ws/rover_sim_ws/install/turtlebot3_msgs/share/ament_index/resource_index/packages/turtlebot3_msgs
[0.860s] -- Up-to-date: /catkin_ws/rover_sim_ws/install/turtlebot3_msgs/share/turtlebot3_msgs/cmake/export_turtlebot3_msgs__rosidl_generator_cExport.cmake
[0.860s] -- Up-to-date: /catkin_ws/rover_sim_ws/install/turtlebot3_msgs/share/turtlebot3_msgs/cmake/export_turtlebot3_msgs__rosidl_generator_cExport-noconfig.cmake
[0.860s] -- Up-to-date: /catkin_ws/rover_sim_ws/install/turtlebot3_msgs/share/turtlebot3_msgs/cmake/export_turtlebot3_msgs__rosidl_typesupport_fastrtps_cExport.cmake
[0.861s] -- Up-to-date: /catkin_ws/rover_sim_ws/install/turtlebot3_msgs/share/turtlebot3_msgs/cmake/export_turtlebot3_msgs__rosidl_typesupport_fastrtps_cExport-noconfig.cmake
[0.861s] -- Up-to-date: /catkin_ws/rover_sim_ws/install/turtlebot3_msgs/share/turtlebot3_msgs/cmake/export_turtlebot3_msgs__rosidl_generator_cppExport.cmake
[0.861s] -- Up-to-date: /catkin_ws/rover_sim_ws/install/turtlebot3_msgs/share/turtlebot3_msgs/cmake/export_turtlebot3_msgs__rosidl_typesupport_fastrtps_cppExport.cmake
[0.861s] -- Up-to-date: /catkin_ws/rover_sim_ws/install/turtlebot3_msgs/share/turtlebot3_msgs/cmake/export_turtlebot3_msgs__rosidl_typesupport_fastrtps_cppExport-noconfig.cmake
[0.861s] -- Up-to-date: /catkin_ws/rover_sim_ws/install/turtlebot3_msgs/share/turtlebot3_msgs/cmake/turtlebot3_msgs__rosidl_typesupport_introspection_cExport.cmake
[0.862s] -- Up-to-date: /catkin_ws/rover_sim_ws/install/turtlebot3_msgs/share/turtlebot3_msgs/cmake/turtlebot3_msgs__rosidl_typesupport_introspection_cExport-noconfig.cmake
[0.862s] -- Up-to-date: /catkin_ws/rover_sim_ws/install/turtlebot3_msgs/share/turtlebot3_msgs/cmake/turtlebot3_msgs__rosidl_typesupport_cExport.cmake
[0.862s] -- Up-to-date: /catkin_ws/rover_sim_ws/install/turtlebot3_msgs/share/turtlebot3_msgs/cmake/turtlebot3_msgs__rosidl_typesupport_cExport-noconfig.cmake
[0.862s] -- Up-to-date: /catkin_ws/rover_sim_ws/install/turtlebot3_msgs/share/turtlebot3_msgs/cmake/turtlebot3_msgs__rosidl_typesupport_introspection_cppExport.cmake
[0.862s] -- Up-to-date: /catkin_ws/rover_sim_ws/install/turtlebot3_msgs/share/turtlebot3_msgs/cmake/turtlebot3_msgs__rosidl_typesupport_introspection_cppExport-noconfig.cmake
[0.863s] -- Up-to-date: /catkin_ws/rover_sim_ws/install/turtlebot3_msgs/share/turtlebot3_msgs/cmake/turtlebot3_msgs__rosidl_typesupport_cppExport.cmake
[0.863s] -- Up-to-date: /catkin_ws/rover_sim_ws/install/turtlebot3_msgs/share/turtlebot3_msgs/cmake/turtlebot3_msgs__rosidl_typesupport_cppExport-noconfig.cmake
[0.863s] -- Up-to-date: /catkin_ws/rover_sim_ws/install/turtlebot3_msgs/share/turtlebot3_msgs/cmake/export_turtlebot3_msgs__rosidl_generator_pyExport.cmake
[0.863s] -- Up-to-date: /catkin_ws/rover_sim_ws/install/turtlebot3_msgs/share/turtlebot3_msgs/cmake/export_turtlebot3_msgs__rosidl_generator_pyExport-noconfig.cmake
[0.863s] -- Up-to-date: /catkin_ws/rover_sim_ws/install/turtlebot3_msgs/share/turtlebot3_msgs/cmake/rosidl_cmake-extras.cmake
[0.863s] -- Up-to-date: /catkin_ws/rover_sim_ws/install/turtlebot3_msgs/share/turtlebot3_msgs/cmake/ament_cmake_export_dependencies-extras.cmake
[0.864s] -- Up-to-date: /catkin_ws/rover_sim_ws/install/turtlebot3_msgs/share/turtlebot3_msgs/cmake/ament_cmake_export_include_directories-extras.cmake
[0.864s] -- Up-to-date: /catkin_ws/rover_sim_ws/install/turtlebot3_msgs/share/turtlebot3_msgs/cmake/ament_cmake_export_libraries-extras.cmake
[0.864s] -- Up-to-date: /catkin_ws/rover_sim_ws/install/turtlebot3_msgs/share/turtlebot3_msgs/cmake/ament_cmake_export_targets-extras.cmake
[0.864s] -- Up-to-date: /catkin_ws/rover_sim_ws/install/turtlebot3_msgs/share/turtlebot3_msgs/cmake/rosidl_cmake_export_typesupport_targets-extras.cmake
[0.864s] -- Up-to-date: /catkin_ws/rover_sim_ws/install/turtlebot3_msgs/share/turtlebot3_msgs/cmake/rosidl_cmake_export_typesupport_libraries-extras.cmake
[0.865s] -- Up-to-date: /catkin_ws/rover_sim_ws/install/turtlebot3_msgs/share/turtlebot3_msgs/cmake/turtlebot3_msgsConfig.cmake
[0.865s] -- Up-to-date: /catkin_ws/rover_sim_ws/install/turtlebot3_msgs/share/turtlebot3_msgs/cmake/turtlebot3_msgsConfig-version.cmake
[0.865s] -- Up-to-date: /catkin_ws/rover_sim_ws/install/turtlebot3_msgs/share/turtlebot3_msgs/package.xml
[0.915s] Invoked command in '/catkin_ws/rover_sim_ws/build/turtlebot3_msgs' returned '0': CMAKE_PREFIX_PATH=${CMAKE_PREFIX_PATH}:/opt/ros/humble /usr/bin/cmake --install /catkin_ws/rover_sim_ws/build/turtlebot3_msgs
