[0.076s] Invoking command in '/catkin_ws/rover_sim_ws/src/rover_gz/build/rover_gz': CMAKE_PREFIX_PATH=${CMAKE_PREFIX_PATH}:/catkin_ws/rover_sim_ws/install/ros_gz_interfaces:/opt/ros/humble /usr/bin/cmake /catkin_ws/rover_sim_ws/src/rover_gz -DCMAKE_INSTALL_PREFIX=/catkin_ws/rover_sim_ws/src/rover_gz/install/rover_gz
[0.287s] -- The C compiler identification is GNU 11.4.0
[0.421s] -- The CXX compiler identification is GNU 11.4.0
[0.437s] -- Detecting C compiler ABI info
[0.530s] -- Detecting C compiler ABI info - done
[0.539s] -- Check for working C compiler: /usr/bin/cc - skipped
[0.539s] -- Detecting C compile features
[0.540s] -- Detecting C compile features - done
[0.545s] -- Detecting CXX compiler ABI info
[0.636s] -- Detecting CXX compiler ABI info - done
[0.645s] -- Check for working CXX compiler: /usr/bin/c++ - skipped
[0.645s] -- Detecting CXX compile features
[0.646s] -- Detecting CXX compile features - done
[0.652s] -- Found ament_cmake: 1.3.6 (/opt/ros/humble/share/ament_cmake/cmake)
[0.839s] -- Found Python3: /usr/bin/python3.10 (found version "3.10.12") found components: Interpreter 
[0.948s] -- Found ament_lint_auto: 0.12.9 (/opt/ros/humble/share/ament_lint_auto/cmake)
[1.209s] -- Added test 'cppcheck' to perform static code analysis on C / C++ code
[1.209s] -- Configured cppcheck include dirs: 
[1.209s] -- Configured cppcheck exclude dirs and/or files: 
[1.219s] -- Added test 'flake8' to check Python code syntax and style conventions
[1.238s] -- Added test 'lint_cmake' to check CMake code style
[1.248s] -- Added test 'pep257' to check Python code against some of the docstring style conventions in PEP 257
[1.325s] -- Added test 'uncrustify' to check C / C++ code style
[1.325s] -- Configured uncrustify additional arguments: 
[1.336s] -- Added test 'xmllint' to check XML markup files
[1.337s] -- Configuring done
[1.342s] -- Generating done
[1.343s] -- Build files have been written to: /catkin_ws/rover_sim_ws/src/rover_gz/build/rover_gz
[1.350s] Invoked command in '/catkin_ws/rover_sim_ws/src/rover_gz/build/rover_gz' returned '0': CMAKE_PREFIX_PATH=${CMAKE_PREFIX_PATH}:/catkin_ws/rover_sim_ws/install/ros_gz_interfaces:/opt/ros/humble /usr/bin/cmake /catkin_ws/rover_sim_ws/src/rover_gz -DCMAKE_INSTALL_PREFIX=/catkin_ws/rover_sim_ws/src/rover_gz/install/rover_gz
[1.351s] Invoking command in '/catkin_ws/rover_sim_ws/src/rover_gz/build/rover_gz': CMAKE_PREFIX_PATH=${CMAKE_PREFIX_PATH}:/catkin_ws/rover_sim_ws/install/ros_gz_interfaces:/opt/ros/humble /usr/bin/cmake --build /catkin_ws/rover_sim_ws/src/rover_gz/build/rover_gz -- -j8 -l8
[1.385s] Invoked command in '/catkin_ws/rover_sim_ws/src/rover_gz/build/rover_gz' returned '0': CMAKE_PREFIX_PATH=${CMAKE_PREFIX_PATH}:/catkin_ws/rover_sim_ws/install/ros_gz_interfaces:/opt/ros/humble /usr/bin/cmake --build /catkin_ws/rover_sim_ws/src/rover_gz/build/rover_gz -- -j8 -l8
[1.416s] Invoking command in '/catkin_ws/rover_sim_ws/src/rover_gz/build/rover_gz': CMAKE_PREFIX_PATH=${CMAKE_PREFIX_PATH}:/catkin_ws/rover_sim_ws/install/ros_gz_interfaces:/opt/ros/humble /usr/bin/cmake --install /catkin_ws/rover_sim_ws/src/rover_gz/build/rover_gz
[1.423s] -- Install configuration: ""
[1.423s] -- Installing: /catkin_ws/rover_sim_ws/src/rover_gz/install/rover_gz/share/rover_gz//launch
[1.424s] -- Installing: /catkin_ws/rover_sim_ws/src/rover_gz/install/rover_gz/share/rover_gz//launch/lunar_world.launch.py
[1.424s] -- Installing: /catkin_ws/rover_sim_ws/src/rover_gz/install/rover_gz/share/rover_gz//launch/__pycache__
[1.424s] -- Installing: /catkin_ws/rover_sim_ws/src/rover_gz/install/rover_gz/share/rover_gz//launch/__pycache__/lunar_world.launch.cpython-310.pyc
[1.424s] -- Installing: /catkin_ws/rover_sim_ws/src/rover_gz/install/rover_gz/share/rover_gz//worlds
[1.424s] -- Installing: /catkin_ws/rover_sim_ws/src/rover_gz/install/rover_gz/share/rover_gz//worlds/moon.world
[1.425s] -- Installing: /catkin_ws/rover_sim_ws/src/rover_gz/install/rover_gz/share/ament_index/resource_index/package_run_dependencies/rover_gz
[1.425s] -- Installing: /catkin_ws/rover_sim_ws/src/rover_gz/install/rover_gz/share/ament_index/resource_index/parent_prefix_path/rover_gz
[1.425s] -- Installing: /catkin_ws/rover_sim_ws/src/rover_gz/install/rover_gz/share/rover_gz/environment/ament_prefix_path.sh
[1.425s] -- Installing: /catkin_ws/rover_sim_ws/src/rover_gz/install/rover_gz/share/rover_gz/environment/ament_prefix_path.dsv
[1.426s] -- Installing: /catkin_ws/rover_sim_ws/src/rover_gz/install/rover_gz/share/rover_gz/environment/path.sh
[1.426s] -- Installing: /catkin_ws/rover_sim_ws/src/rover_gz/install/rover_gz/share/rover_gz/environment/path.dsv
[1.426s] -- Installing: /catkin_ws/rover_sim_ws/src/rover_gz/install/rover_gz/share/rover_gz/local_setup.bash
[1.426s] -- Installing: /catkin_ws/rover_sim_ws/src/rover_gz/install/rover_gz/share/rover_gz/local_setup.sh
[1.426s] -- Installing: /catkin_ws/rover_sim_ws/src/rover_gz/install/rover_gz/share/rover_gz/local_setup.zsh
[1.427s] -- Installing: /catkin_ws/rover_sim_ws/src/rover_gz/install/rover_gz/share/rover_gz/local_setup.dsv
[1.427s] -- Installing: /catkin_ws/rover_sim_ws/src/rover_gz/install/rover_gz/share/rover_gz/package.dsv
[1.427s] -- Installing: /catkin_ws/rover_sim_ws/src/rover_gz/install/rover_gz/share/ament_index/resource_index/packages/rover_gz
[1.427s] -- Installing: /catkin_ws/rover_sim_ws/src/rover_gz/install/rover_gz/share/rover_gz/cmake/rover_gzConfig.cmake
[1.427s] -- Installing: /catkin_ws/rover_sim_ws/src/rover_gz/install/rover_gz/share/rover_gz/cmake/rover_gzConfig-version.cmake
[1.427s] -- Installing: /catkin_ws/rover_sim_ws/src/rover_gz/install/rover_gz/share/rover_gz/package.xml
[1.430s] Invoked command in '/catkin_ws/rover_sim_ws/src/rover_gz/build/rover_gz' returned '0': CMAKE_PREFIX_PATH=${CMAKE_PREFIX_PATH}:/catkin_ws/rover_sim_ws/install/ros_gz_interfaces:/opt/ros/humble /usr/bin/cmake --install /catkin_ws/rover_sim_ws/src/rover_gz/build/rover_gz
