[0.065s] Invoking command in '/catkin_ws/rover_sim_ws/build/turtlebot3_msgs': CMAKE_PREFIX_PATH=${CMAKE_PREFIX_PATH}:/opt/ros/humble /usr/bin/cmake --build /catkin_ws/rover_sim_ws/build/turtlebot3_msgs -- -j8 -l8
[0.105s] [  1%] Built target turtlebot3_msgs__cpp
[0.109s] [ 12%] Built target turtlebot3_msgs__rosidl_generator_c
[0.127s] [ 12%] Built target ament_cmake_python_copy_turtlebot3_msgs
[0.146s] [ 23%] Built target turtlebot3_msgs__rosidl_typesupport_fastrtps_c
[0.150s] [ 36%] Built target turtlebot3_msgs__rosidl_typesupport_c
[0.150s] [ 46%] Built target turtlebot3_msgs__rosidl_typesupport_introspection_c
[0.161s] [ 57%] Built target turtlebot3_msgs__rosidl_typesupport_introspection_cpp
[0.161s] [ 69%] Built target turtlebot3_msgs__rosidl_typesupport_cpp
[0.163s] [ 80%] Built target turtlebot3_msgs__rosidl_typesupport_fastrtps_cpp
[0.197s] [ 80%] Built target turtlebot3_msgs
[0.232s] [ 81%] Built target turtlebot3_msgs__py
[0.253s] [ 91%] Built target turtlebot3_msgs__rosidl_generator_py
[0.274s] [ 94%] Built target turtlebot3_msgs__rosidl_typesupport_fastrtps_c__pyext
[0.275s] [ 98%] Built target turtlebot3_msgs__rosidl_typesupport_introspection_c__pyext
[0.275s] [100%] Built target turtlebot3_msgs__rosidl_typesupport_c__pyext
[0.408s] running egg_info
[0.409s] writing turtlebot3_msgs.egg-info/PKG-INFO
[0.409s] writing dependency_links to turtlebot3_msgs.egg-info/dependency_links.txt
[0.409s] writing top-level names to turtlebot3_msgs.egg-info/top_level.txt
[0.413s] reading manifest file 'turtlebot3_msgs.egg-info/SOURCES.txt'
[0.413s] writing manifest file 'turtlebot3_msgs.egg-info/SOURCES.txt'
[0.449s] [100%] Built target ament_cmake_python_build_turtlebot3_msgs_egg
[0.466s] Invoked command in '/catkin_ws/rover_sim_ws/build/turtlebot3_msgs' returned '0': CMAKE_PREFIX_PATH=${CMAKE_PREFIX_PATH}:/opt/ros/humble /usr/bin/cmake --build /catkin_ws/rover_sim_ws/build/turtlebot3_msgs -- -j8 -l8
[0.575s] Invoking command in '/catkin_ws/rover_sim_ws/build/turtlebot3_msgs': CMAKE_PREFIX_PATH=${CMAKE_PREFIX_PATH}:/opt/ros/humble /usr/bin/cmake --install /catkin_ws/rover_sim_ws/build/turtlebot3_msgs
[0.581s] -- Install configuration: ""
[0.582s] -- Up-to-date: /catkin_ws/rover_sim_ws/install/turtlebot3_msgs/share/ament_index/resource_index/rosidl_interfaces/turtlebot3_msgs
[0.583s] -- Up-to-date: /catkin_ws/rover_sim_ws/install/turtlebot3_msgs/include/turtlebot3_msgs/turtlebot3_msgs
[0.583s] -- Up-to-date: /catkin_ws/rover_sim_ws/install/turtlebot3_msgs/include/turtlebot3_msgs/turtlebot3_msgs/action
[0.583s] -- Up-to-date: /catkin_ws/rover_sim_ws/install/turtlebot3_msgs/include/turtlebot3_msgs/turtlebot3_msgs/action/patrol.h
[0.584s] -- Up-to-date: /catkin_ws/rover_sim_ws/install/turtlebot3_msgs/include/turtlebot3_msgs/turtlebot3_msgs/action/detail
[0.584s] -- Up-to-date: /catkin_ws/rover_sim_ws/install/turtlebot3_msgs/include/turtlebot3_msgs/turtlebot3_msgs/action/detail/patrol__struct.h
[0.585s] -- Up-to-date: /catkin_ws/rover_sim_ws/install/turtlebot3_msgs/include/turtlebot3_msgs/turtlebot3_msgs/action/detail/patrol__functions.h
[0.586s] -- Up-to-date: /catkin_ws/rover_sim_ws/install/turtlebot3_msgs/include/turtlebot3_msgs/turtlebot3_msgs/action/detail/patrol__type_support.h
[0.586s] -- Up-to-date: /catkin_ws/rover_sim_ws/install/turtlebot3_msgs/include/turtlebot3_msgs/turtlebot3_msgs/action/detail/patrol__functions.c
[0.586s] -- Up-to-date: /catkin_ws/rover_sim_ws/install/turtlebot3_msgs/include/turtlebot3_msgs/turtlebot3_msgs/msg
[0.587s] -- Up-to-date: /catkin_ws/rover_sim_ws/install/turtlebot3_msgs/include/turtlebot3_msgs/turtlebot3_msgs/msg/version_info.h
[0.587s] -- Up-to-date: /catkin_ws/rover_sim_ws/install/turtlebot3_msgs/include/turtlebot3_msgs/turtlebot3_msgs/msg/detail
[0.588s] -- Up-to-date: /catkin_ws/rover_sim_ws/install/turtlebot3_msgs/include/turtlebot3_msgs/turtlebot3_msgs/msg/detail/version_info__functions.h
[0.588s] -- Up-to-date: /catkin_ws/rover_sim_ws/install/turtlebot3_msgs/include/turtlebot3_msgs/turtlebot3_msgs/msg/detail/sensor_state__type_support.h
[0.588s] -- Up-to-date: /catkin_ws/rover_sim_ws/install/turtlebot3_msgs/include/turtlebot3_msgs/turtlebot3_msgs/msg/detail/version_info__struct.h
[0.589s] -- Up-to-date: /catkin_ws/rover_sim_ws/install/turtlebot3_msgs/include/turtlebot3_msgs/turtlebot3_msgs/msg/detail/sound__functions.c
[0.589s] -- Up-to-date: /catkin_ws/rover_sim_ws/install/turtlebot3_msgs/include/turtlebot3_msgs/turtlebot3_msgs/msg/detail/sensor_state__struct.h
[0.589s] -- Up-to-date: /catkin_ws/rover_sim_ws/install/turtlebot3_msgs/include/turtlebot3_msgs/turtlebot3_msgs/msg/detail/sound__type_support.h
[0.590s] -- Up-to-date: /catkin_ws/rover_sim_ws/install/turtlebot3_msgs/include/turtlebot3_msgs/turtlebot3_msgs/msg/detail/sound__functions.h
[0.590s] -- Up-to-date: /catkin_ws/rover_sim_ws/install/turtlebot3_msgs/include/turtlebot3_msgs/turtlebot3_msgs/msg/detail/version_info__type_support.h
[0.590s] -- Up-to-date: /catkin_ws/rover_sim_ws/install/turtlebot3_msgs/include/turtlebot3_msgs/turtlebot3_msgs/msg/detail/version_info__functions.c
[0.590s] -- Up-to-date: /catkin_ws/rover_sim_ws/install/turtlebot3_msgs/include/turtlebot3_msgs/turtlebot3_msgs/msg/detail/sound__struct.h
[0.591s] -- Up-to-date: /catkin_ws/rover_sim_ws/install/turtlebot3_msgs/include/turtlebot3_msgs/turtlebot3_msgs/msg/detail/sensor_state__functions.c
[0.592s] -- Up-to-date: /catkin_ws/rover_sim_ws/install/turtlebot3_msgs/include/turtlebot3_msgs/turtlebot3_msgs/msg/detail/sensor_state__functions.h
[0.592s] -- Up-to-date: /catkin_ws/rover_sim_ws/install/turtlebot3_msgs/include/turtlebot3_msgs/turtlebot3_msgs/msg/sensor_state.h
[0.592s] -- Up-to-date: /catkin_ws/rover_sim_ws/install/turtlebot3_msgs/include/turtlebot3_msgs/turtlebot3_msgs/msg/rosidl_generator_c__visibility_control.h
[0.592s] -- Up-to-date: /catkin_ws/rover_sim_ws/install/turtlebot3_msgs/include/turtlebot3_msgs/turtlebot3_msgs/msg/sound.h
[0.593s] -- Up-to-date: /catkin_ws/rover_sim_ws/install/turtlebot3_msgs/include/turtlebot3_msgs/turtlebot3_msgs/srv
[0.594s] -- Up-to-date: /catkin_ws/rover_sim_ws/install/turtlebot3_msgs/include/turtlebot3_msgs/turtlebot3_msgs/srv/detail
[0.594s] -- Up-to-date: /catkin_ws/rover_sim_ws/install/turtlebot3_msgs/include/turtlebot3_msgs/turtlebot3_msgs/srv/detail/sound__functions.c
[0.594s] -- Up-to-date: /catkin_ws/rover_sim_ws/install/turtlebot3_msgs/include/turtlebot3_msgs/turtlebot3_msgs/srv/detail/sound__type_support.h
[0.594s] -- Up-to-date: /catkin_ws/rover_sim_ws/install/turtlebot3_msgs/include/turtlebot3_msgs/turtlebot3_msgs/srv/detail/sound__functions.h
[0.595s] -- Up-to-date: /catkin_ws/rover_sim_ws/install/turtlebot3_msgs/include/turtlebot3_msgs/turtlebot3_msgs/srv/detail/dqn__functions.c
[0.595s] -- Up-to-date: /catkin_ws/rover_sim_ws/install/turtlebot3_msgs/include/turtlebot3_msgs/turtlebot3_msgs/srv/detail/sound__struct.h
[0.595s] -- Up-to-date: /catkin_ws/rover_sim_ws/install/turtlebot3_msgs/include/turtlebot3_msgs/turtlebot3_msgs/srv/detail/dqn__type_support.h
[0.595s] -- Up-to-date: /catkin_ws/rover_sim_ws/install/turtlebot3_msgs/include/turtlebot3_msgs/turtlebot3_msgs/srv/detail/dqn__struct.h
[0.595s] -- Up-to-date: /catkin_ws/rover_sim_ws/install/turtlebot3_msgs/include/turtlebot3_msgs/turtlebot3_msgs/srv/detail/dqn__functions.h
[0.595s] -- Up-to-date: /catkin_ws/rover_sim_ws/install/turtlebot3_msgs/include/turtlebot3_msgs/turtlebot3_msgs/srv/sound.h
[0.596s] -- Up-to-date: /catkin_ws/rover_sim_ws/install/turtlebot3_msgs/include/turtlebot3_msgs/turtlebot3_msgs/srv/dqn.h
[0.596s] -- Up-to-date: /catkin_ws/rover_sim_ws/install/turtlebot3_msgs/share/turtlebot3_msgs/environment/library_path.sh
[0.596s] -- Up-to-date: /catkin_ws/rover_sim_ws/install/turtlebot3_msgs/share/turtlebot3_msgs/environment/library_path.dsv
[0.596s] -- Up-to-date: /catkin_ws/rover_sim_ws/install/turtlebot3_msgs/lib/libturtlebot3_msgs__rosidl_generator_c.so
[0.596s] -- Up-to-date: /catkin_ws/rover_sim_ws/install/turtlebot3_msgs/include/turtlebot3_msgs/turtlebot3_msgs
[0.596s] -- Up-to-date: /catkin_ws/rover_sim_ws/install/turtlebot3_msgs/include/turtlebot3_msgs/turtlebot3_msgs/action
[0.596s] -- Up-to-date: /catkin_ws/rover_sim_ws/install/turtlebot3_msgs/include/turtlebot3_msgs/turtlebot3_msgs/action/detail
[0.596s] -- Up-to-date: /catkin_ws/rover_sim_ws/install/turtlebot3_msgs/include/turtlebot3_msgs/turtlebot3_msgs/action/detail/patrol__rosidl_typesupport_fastrtps_c.h
[0.596s] -- Up-to-date: /catkin_ws/rover_sim_ws/install/turtlebot3_msgs/include/turtlebot3_msgs/turtlebot3_msgs/msg
[0.596s] -- Up-to-date: /catkin_ws/rover_sim_ws/install/turtlebot3_msgs/include/turtlebot3_msgs/turtlebot3_msgs/msg/detail
[0.596s] -- Up-to-date: /catkin_ws/rover_sim_ws/install/turtlebot3_msgs/include/turtlebot3_msgs/turtlebot3_msgs/msg/detail/sensor_state__rosidl_typesupport_fastrtps_c.h
[0.597s] -- Up-to-date: /catkin_ws/rover_sim_ws/install/turtlebot3_msgs/include/turtlebot3_msgs/turtlebot3_msgs/msg/detail/version_info__rosidl_typesupport_fastrtps_c.h
[0.597s] -- Up-to-date: /catkin_ws/rover_sim_ws/install/turtlebot3_msgs/include/turtlebot3_msgs/turtlebot3_msgs/msg/detail/sound__rosidl_typesupport_fastrtps_c.h
[0.597s] -- Up-to-date: /catkin_ws/rover_sim_ws/install/turtlebot3_msgs/include/turtlebot3_msgs/turtlebot3_msgs/msg/rosidl_typesupport_fastrtps_c__visibility_control.h
[0.597s] -- Up-to-date: /catkin_ws/rover_sim_ws/install/turtlebot3_msgs/include/turtlebot3_msgs/turtlebot3_msgs/srv
[0.597s] -- Up-to-date: /catkin_ws/rover_sim_ws/install/turtlebot3_msgs/include/turtlebot3_msgs/turtlebot3_msgs/srv/detail
[0.597s] -- Up-to-date: /catkin_ws/rover_sim_ws/install/turtlebot3_msgs/include/turtlebot3_msgs/turtlebot3_msgs/srv/detail/sound__rosidl_typesupport_fastrtps_c.h
[0.597s] -- Up-to-date: /catkin_ws/rover_sim_ws/install/turtlebot3_msgs/include/turtlebot3_msgs/turtlebot3_msgs/srv/detail/dqn__rosidl_typesupport_fastrtps_c.h
[0.597s] -- Up-to-date: /catkin_ws/rover_sim_ws/install/turtlebot3_msgs/lib/libturtlebot3_msgs__rosidl_typesupport_fastrtps_c.so
[0.597s] -- Up-to-date: /catkin_ws/rover_sim_ws/install/turtlebot3_msgs/include/turtlebot3_msgs/turtlebot3_msgs
[0.597s] -- Up-to-date: /catkin_ws/rover_sim_ws/install/turtlebot3_msgs/include/turtlebot3_msgs/turtlebot3_msgs/action
[0.597s] -- Up-to-date: /catkin_ws/rover_sim_ws/install/turtlebot3_msgs/include/turtlebot3_msgs/turtlebot3_msgs/action/patrol.hpp
[0.597s] -- Up-to-date: /catkin_ws/rover_sim_ws/install/turtlebot3_msgs/include/turtlebot3_msgs/turtlebot3_msgs/action/detail
[0.598s] -- Up-to-date: /catkin_ws/rover_sim_ws/install/turtlebot3_msgs/include/turtlebot3_msgs/turtlebot3_msgs/action/detail/patrol__struct.hpp
[0.598s] -- Up-to-date: /catkin_ws/rover_sim_ws/install/turtlebot3_msgs/include/turtlebot3_msgs/turtlebot3_msgs/action/detail/patrol__builder.hpp
[0.598s] -- Up-to-date: /catkin_ws/rover_sim_ws/install/turtlebot3_msgs/include/turtlebot3_msgs/turtlebot3_msgs/action/detail/patrol__traits.hpp
[0.598s] -- Up-to-date: /catkin_ws/rover_sim_ws/install/turtlebot3_msgs/include/turtlebot3_msgs/turtlebot3_msgs/msg
[0.598s] -- Up-to-date: /catkin_ws/rover_sim_ws/install/turtlebot3_msgs/include/turtlebot3_msgs/turtlebot3_msgs/msg/version_info.hpp
[0.598s] -- Up-to-date: /catkin_ws/rover_sim_ws/install/turtlebot3_msgs/include/turtlebot3_msgs/turtlebot3_msgs/msg/detail
[0.608s] -- Up-to-date: /catkin_ws/rover_sim_ws/install/turtlebot3_msgs/include/turtlebot3_msgs/turtlebot3_msgs/msg/detail/version_info__builder.hpp
[0.608s] -- Up-to-date: /catkin_ws/rover_sim_ws/install/turtlebot3_msgs/include/turtlebot3_msgs/turtlebot3_msgs/msg/detail/sensor_state__builder.hpp
[0.609s] -- Up-to-date: /catkin_ws/rover_sim_ws/install/turtlebot3_msgs/include/turtlebot3_msgs/turtlebot3_msgs/msg/detail/sound__builder.hpp
[0.610s] -- Up-to-date: /catkin_ws/rover_sim_ws/install/turtlebot3_msgs/include/turtlebot3_msgs/turtlebot3_msgs/msg/detail/version_info__struct.hpp
[0.610s] -- Up-to-date: /catkin_ws/rover_sim_ws/install/turtlebot3_msgs/include/turtlebot3_msgs/turtlebot3_msgs/msg/detail/sensor_state__struct.hpp
[0.610s] -- Up-to-date: /catkin_ws/rover_sim_ws/install/turtlebot3_msgs/include/turtlebot3_msgs/turtlebot3_msgs/msg/detail/sensor_state__traits.hpp
[0.610s] -- Up-to-date: /catkin_ws/rover_sim_ws/install/turtlebot3_msgs/include/turtlebot3_msgs/turtlebot3_msgs/msg/detail/sound__struct.hpp
[0.612s] -- Up-to-date: /catkin_ws/rover_sim_ws/install/turtlebot3_msgs/include/turtlebot3_msgs/turtlebot3_msgs/msg/detail/version_info__traits.hpp
[0.612s] -- Up-to-date: /catkin_ws/rover_sim_ws/install/turtlebot3_msgs/include/turtlebot3_msgs/turtlebot3_msgs/msg/detail/sound__traits.hpp
[0.612s] -- Up-to-date: /catkin_ws/rover_sim_ws/install/turtlebot3_msgs/include/turtlebot3_msgs/turtlebot3_msgs/msg/sound.hpp
[0.612s] -- Up-to-date: /catkin_ws/rover_sim_ws/install/turtlebot3_msgs/include/turtlebot3_msgs/turtlebot3_msgs/msg/sensor_state.hpp
[0.612s] -- Up-to-date: /catkin_ws/rover_sim_ws/install/turtlebot3_msgs/include/turtlebot3_msgs/turtlebot3_msgs/srv
[0.613s] -- Up-to-date: /catkin_ws/rover_sim_ws/install/turtlebot3_msgs/include/turtlebot3_msgs/turtlebot3_msgs/srv/dqn.hpp
[0.613s] -- Up-to-date: /catkin_ws/rover_sim_ws/install/turtlebot3_msgs/include/turtlebot3_msgs/turtlebot3_msgs/srv/detail
[0.613s] -- Up-to-date: /catkin_ws/rover_sim_ws/install/turtlebot3_msgs/include/turtlebot3_msgs/turtlebot3_msgs/srv/detail/dqn__builder.hpp
[0.613s] -- Up-to-date: /catkin_ws/rover_sim_ws/install/turtlebot3_msgs/include/turtlebot3_msgs/turtlebot3_msgs/srv/detail/sound__builder.hpp
[0.613s] -- Up-to-date: /catkin_ws/rover_sim_ws/install/turtlebot3_msgs/include/turtlebot3_msgs/turtlebot3_msgs/srv/detail/dqn__struct.hpp
[0.613s] -- Up-to-date: /catkin_ws/rover_sim_ws/install/turtlebot3_msgs/include/turtlebot3_msgs/turtlebot3_msgs/srv/detail/sound__struct.hpp
[0.613s] -- Up-to-date: /catkin_ws/rover_sim_ws/install/turtlebot3_msgs/include/turtlebot3_msgs/turtlebot3_msgs/srv/detail/dqn__traits.hpp
[0.613s] -- Up-to-date: /catkin_ws/rover_sim_ws/install/turtlebot3_msgs/include/turtlebot3_msgs/turtlebot3_msgs/srv/detail/sound__traits.hpp
[0.613s] -- Up-to-date: /catkin_ws/rover_sim_ws/install/turtlebot3_msgs/include/turtlebot3_msgs/turtlebot3_msgs/srv/sound.hpp
[0.613s] -- Up-to-date: /catkin_ws/rover_sim_ws/install/turtlebot3_msgs/include/turtlebot3_msgs/turtlebot3_msgs
[0.613s] -- Up-to-date: /catkin_ws/rover_sim_ws/install/turtlebot3_msgs/include/turtlebot3_msgs/turtlebot3_msgs/action
[0.614s] -- Up-to-date: /catkin_ws/rover_sim_ws/install/turtlebot3_msgs/include/turtlebot3_msgs/turtlebot3_msgs/action/detail
[0.614s] -- Up-to-date: /catkin_ws/rover_sim_ws/install/turtlebot3_msgs/include/turtlebot3_msgs/turtlebot3_msgs/action/detail/patrol__rosidl_typesupport_fastrtps_cpp.hpp
[0.614s] -- Up-to-date: /catkin_ws/rover_sim_ws/install/turtlebot3_msgs/include/turtlebot3_msgs/turtlebot3_msgs/action/detail/dds_fastrtps
[0.614s] -- Up-to-date: /catkin_ws/rover_sim_ws/install/turtlebot3_msgs/include/turtlebot3_msgs/turtlebot3_msgs/msg
[0.614s] -- Up-to-date: /catkin_ws/rover_sim_ws/install/turtlebot3_msgs/include/turtlebot3_msgs/turtlebot3_msgs/msg/detail
[0.614s] -- Up-to-date: /catkin_ws/rover_sim_ws/install/turtlebot3_msgs/include/turtlebot3_msgs/turtlebot3_msgs/msg/detail/sensor_state__rosidl_typesupport_fastrtps_cpp.hpp
[0.614s] -- Up-to-date: /catkin_ws/rover_sim_ws/install/turtlebot3_msgs/include/turtlebot3_msgs/turtlebot3_msgs/msg/detail/sound__rosidl_typesupport_fastrtps_cpp.hpp
[0.614s] -- Up-to-date: /catkin_ws/rover_sim_ws/install/turtlebot3_msgs/include/turtlebot3_msgs/turtlebot3_msgs/msg/detail/dds_fastrtps
[0.614s] -- Up-to-date: /catkin_ws/rover_sim_ws/install/turtlebot3_msgs/include/turtlebot3_msgs/turtlebot3_msgs/msg/detail/version_info__rosidl_typesupport_fastrtps_cpp.hpp
[0.614s] -- Up-to-date: /catkin_ws/rover_sim_ws/install/turtlebot3_msgs/include/turtlebot3_msgs/turtlebot3_msgs/msg/rosidl_typesupport_fastrtps_cpp__visibility_control.h
[0.615s] -- Up-to-date: /catkin_ws/rover_sim_ws/install/turtlebot3_msgs/include/turtlebot3_msgs/turtlebot3_msgs/srv
[0.615s] -- Up-to-date: /catkin_ws/rover_sim_ws/install/turtlebot3_msgs/include/turtlebot3_msgs/turtlebot3_msgs/srv/detail
[0.615s] -- Up-to-date: /catkin_ws/rover_sim_ws/install/turtlebot3_msgs/include/turtlebot3_msgs/turtlebot3_msgs/srv/detail/dqn__rosidl_typesupport_fastrtps_cpp.hpp
[0.615s] -- Up-to-date: /catkin_ws/rover_sim_ws/install/turtlebot3_msgs/include/turtlebot3_msgs/turtlebot3_msgs/srv/detail/sound__rosidl_typesupport_fastrtps_cpp.hpp
[0.615s] -- Up-to-date: /catkin_ws/rover_sim_ws/install/turtlebot3_msgs/include/turtlebot3_msgs/turtlebot3_msgs/srv/detail/dds_fastrtps
[0.615s] -- Up-to-date: /catkin_ws/rover_sim_ws/install/turtlebot3_msgs/lib/libturtlebot3_msgs__rosidl_typesupport_fastrtps_cpp.so
[0.615s] -- Up-to-date: /catkin_ws/rover_sim_ws/install/turtlebot3_msgs/include/turtlebot3_msgs/turtlebot3_msgs
[0.615s] -- Up-to-date: /catkin_ws/rover_sim_ws/install/turtlebot3_msgs/include/turtlebot3_msgs/turtlebot3_msgs/action
[0.615s] -- Up-to-date: /catkin_ws/rover_sim_ws/install/turtlebot3_msgs/include/turtlebot3_msgs/turtlebot3_msgs/action/detail
[0.615s] -- Up-to-date: /catkin_ws/rover_sim_ws/install/turtlebot3_msgs/include/turtlebot3_msgs/turtlebot3_msgs/action/detail/patrol__type_support.c
[0.616s] -- Up-to-date: /catkin_ws/rover_sim_ws/install/turtlebot3_msgs/include/turtlebot3_msgs/turtlebot3_msgs/action/detail/patrol__rosidl_typesupport_introspection_c.h
[0.616s] -- Up-to-date: /catkin_ws/rover_sim_ws/install/turtlebot3_msgs/include/turtlebot3_msgs/turtlebot3_msgs/msg
[0.617s] -- Up-to-date: /catkin_ws/rover_sim_ws/install/turtlebot3_msgs/include/turtlebot3_msgs/turtlebot3_msgs/msg/detail
[0.617s] -- Up-to-date: /catkin_ws/rover_sim_ws/install/turtlebot3_msgs/include/turtlebot3_msgs/turtlebot3_msgs/msg/detail/sound__type_support.c
[0.617s] -- Up-to-date: /catkin_ws/rover_sim_ws/install/turtlebot3_msgs/include/turtlebot3_msgs/turtlebot3_msgs/msg/detail/version_info__rosidl_typesupport_introspection_c.h
[0.617s] -- Up-to-date: /catkin_ws/rover_sim_ws/install/turtlebot3_msgs/include/turtlebot3_msgs/turtlebot3_msgs/msg/detail/version_info__type_support.c
[0.617s] -- Up-to-date: /catkin_ws/rover_sim_ws/install/turtlebot3_msgs/include/turtlebot3_msgs/turtlebot3_msgs/msg/detail/sensor_state__type_support.c
[0.617s] -- Up-to-date: /catkin_ws/rover_sim_ws/install/turtlebot3_msgs/include/turtlebot3_msgs/turtlebot3_msgs/msg/detail/sensor_state__rosidl_typesupport_introspection_c.h
[0.618s] -- Up-to-date: /catkin_ws/rover_sim_ws/install/turtlebot3_msgs/include/turtlebot3_msgs/turtlebot3_msgs/msg/detail/sound__rosidl_typesupport_introspection_c.h
[0.618s] -- Up-to-date: /catkin_ws/rover_sim_ws/install/turtlebot3_msgs/include/turtlebot3_msgs/turtlebot3_msgs/msg/rosidl_typesupport_introspection_c__visibility_control.h
[0.618s] -- Up-to-date: /catkin_ws/rover_sim_ws/install/turtlebot3_msgs/include/turtlebot3_msgs/turtlebot3_msgs/srv
[0.619s] -- Up-to-date: /catkin_ws/rover_sim_ws/install/turtlebot3_msgs/include/turtlebot3_msgs/turtlebot3_msgs/srv/detail
[0.619s] -- Up-to-date: /catkin_ws/rover_sim_ws/install/turtlebot3_msgs/include/turtlebot3_msgs/turtlebot3_msgs/srv/detail/sound__type_support.c
[0.619s] -- Up-to-date: /catkin_ws/rover_sim_ws/install/turtlebot3_msgs/include/turtlebot3_msgs/turtlebot3_msgs/srv/detail/dqn__rosidl_typesupport_introspection_c.h
[0.619s] -- Up-to-date: /catkin_ws/rover_sim_ws/install/turtlebot3_msgs/include/turtlebot3_msgs/turtlebot3_msgs/srv/detail/dqn__type_support.c
[0.619s] -- Up-to-date: /catkin_ws/rover_sim_ws/install/turtlebot3_msgs/include/turtlebot3_msgs/turtlebot3_msgs/srv/detail/sound__rosidl_typesupport_introspection_c.h
[0.619s] -- Up-to-date: /catkin_ws/rover_sim_ws/install/turtlebot3_msgs/lib/libturtlebot3_msgs__rosidl_typesupport_introspection_c.so
[0.619s] -- Up-to-date: /catkin_ws/rover_sim_ws/install/turtlebot3_msgs/lib/libturtlebot3_msgs__rosidl_typesupport_c.so
[0.620s] -- Up-to-date: /catkin_ws/rover_sim_ws/install/turtlebot3_msgs/include/turtlebot3_msgs/turtlebot3_msgs
[0.620s] -- Up-to-date: /catkin_ws/rover_sim_ws/install/turtlebot3_msgs/include/turtlebot3_msgs/turtlebot3_msgs/action
[0.621s] -- Up-to-date: /catkin_ws/rover_sim_ws/install/turtlebot3_msgs/include/turtlebot3_msgs/turtlebot3_msgs/action/detail
[0.621s] -- Up-to-date: /catkin_ws/rover_sim_ws/install/turtlebot3_msgs/include/turtlebot3_msgs/turtlebot3_msgs/action/detail/patrol__type_support.cpp
[0.621s] -- Up-to-date: /catkin_ws/rover_sim_ws/install/turtlebot3_msgs/include/turtlebot3_msgs/turtlebot3_msgs/action/detail/patrol__rosidl_typesupport_introspection_cpp.hpp
[0.622s] -- Up-to-date: /catkin_ws/rover_sim_ws/install/turtlebot3_msgs/include/turtlebot3_msgs/turtlebot3_msgs/msg
[0.622s] -- Up-to-date: /catkin_ws/rover_sim_ws/install/turtlebot3_msgs/include/turtlebot3_msgs/turtlebot3_msgs/msg/detail
[0.622s] -- Up-to-date: /catkin_ws/rover_sim_ws/install/turtlebot3_msgs/include/turtlebot3_msgs/turtlebot3_msgs/msg/detail/sound__rosidl_typesupport_introspection_cpp.hpp
[0.623s] -- Up-to-date: /catkin_ws/rover_sim_ws/install/turtlebot3_msgs/include/turtlebot3_msgs/turtlebot3_msgs/msg/detail/sound__type_support.cpp
[0.623s] -- Up-to-date: /catkin_ws/rover_sim_ws/install/turtlebot3_msgs/include/turtlebot3_msgs/turtlebot3_msgs/msg/detail/sensor_state__type_support.cpp
[0.623s] -- Up-to-date: /catkin_ws/rover_sim_ws/install/turtlebot3_msgs/include/turtlebot3_msgs/turtlebot3_msgs/msg/detail/version_info__rosidl_typesupport_introspection_cpp.hpp
[0.623s] -- Up-to-date: /catkin_ws/rover_sim_ws/install/turtlebot3_msgs/include/turtlebot3_msgs/turtlebot3_msgs/msg/detail/version_info__type_support.cpp
[0.625s] -- Up-to-date: /catkin_ws/rover_sim_ws/install/turtlebot3_msgs/include/turtlebot3_msgs/turtlebot3_msgs/msg/detail/sensor_state__rosidl_typesupport_introspection_cpp.hpp
[0.625s] -- Up-to-date: /catkin_ws/rover_sim_ws/install/turtlebot3_msgs/include/turtlebot3_msgs/turtlebot3_msgs/srv
[0.625s] -- Up-to-date: /catkin_ws/rover_sim_ws/install/turtlebot3_msgs/include/turtlebot3_msgs/turtlebot3_msgs/srv/detail
[0.625s] -- Up-to-date: /catkin_ws/rover_sim_ws/install/turtlebot3_msgs/include/turtlebot3_msgs/turtlebot3_msgs/srv/detail/dqn__rosidl_typesupport_introspection_cpp.hpp
[0.625s] -- Up-to-date: /catkin_ws/rover_sim_ws/install/turtlebot3_msgs/include/turtlebot3_msgs/turtlebot3_msgs/srv/detail/sound__rosidl_typesupport_introspection_cpp.hpp
[0.626s] -- Up-to-date: /catkin_ws/rover_sim_ws/install/turtlebot3_msgs/include/turtlebot3_msgs/turtlebot3_msgs/srv/detail/sound__type_support.cpp
[0.627s] -- Up-to-date: /catkin_ws/rover_sim_ws/install/turtlebot3_msgs/include/turtlebot3_msgs/turtlebot3_msgs/srv/detail/dqn__type_support.cpp
[0.628s] -- Up-to-date: /catkin_ws/rover_sim_ws/install/turtlebot3_msgs/lib/libturtlebot3_msgs__rosidl_typesupport_introspection_cpp.so
[0.628s] -- Up-to-date: /catkin_ws/rover_sim_ws/install/turtlebot3_msgs/lib/libturtlebot3_msgs__rosidl_typesupport_cpp.so
[0.629s] -- Up-to-date: /catkin_ws/rover_sim_ws/install/turtlebot3_msgs/share/turtlebot3_msgs/environment/pythonpath.sh
[0.629s] -- Up-to-date: /catkin_ws/rover_sim_ws/install/turtlebot3_msgs/share/turtlebot3_msgs/environment/pythonpath.dsv
[0.629s] -- Up-to-date: /catkin_ws/rover_sim_ws/install/turtlebot3_msgs/local/lib/python3.10/dist-packages/turtlebot3_msgs-2.2.3-py3.10.egg-info
[0.629s] -- Installing: /catkin_ws/rover_sim_ws/install/turtlebot3_msgs/local/lib/python3.10/dist-packages/turtlebot3_msgs-2.2.3-py3.10.egg-info/dependency_links.txt
[0.629s] -- Installing: /catkin_ws/rover_sim_ws/install/turtlebot3_msgs/local/lib/python3.10/dist-packages/turtlebot3_msgs-2.2.3-py3.10.egg-info/PKG-INFO
[0.630s] -- Installing: /catkin_ws/rover_sim_ws/install/turtlebot3_msgs/local/lib/python3.10/dist-packages/turtlebot3_msgs-2.2.3-py3.10.egg-info/top_level.txt
[0.630s] -- Installing: /catkin_ws/rover_sim_ws/install/turtlebot3_msgs/local/lib/python3.10/dist-packages/turtlebot3_msgs-2.2.3-py3.10.egg-info/SOURCES.txt
[0.630s] -- Up-to-date: /catkin_ws/rover_sim_ws/install/turtlebot3_msgs/local/lib/python3.10/dist-packages/turtlebot3_msgs
[0.630s] -- Up-to-date: /catkin_ws/rover_sim_ws/install/turtlebot3_msgs/local/lib/python3.10/dist-packages/turtlebot3_msgs/turtlebot3_msgs_s__rosidl_typesupport_fastrtps_c.cpython-310-x86_64-linux-gnu.so
[0.630s] -- Up-to-date: /catkin_ws/rover_sim_ws/install/turtlebot3_msgs/local/lib/python3.10/dist-packages/turtlebot3_msgs/__init__.py
[0.630s] -- Up-to-date: /catkin_ws/rover_sim_ws/install/turtlebot3_msgs/local/lib/python3.10/dist-packages/turtlebot3_msgs/turtlebot3_msgs_s__rosidl_typesupport_introspection_c.cpython-310-x86_64-linux-gnu.so
[0.631s] -- Up-to-date: /catkin_ws/rover_sim_ws/install/turtlebot3_msgs/local/lib/python3.10/dist-packages/turtlebot3_msgs/libturtlebot3_msgs__rosidl_generator_py.so
[0.631s] -- Up-to-date: /catkin_ws/rover_sim_ws/install/turtlebot3_msgs/local/lib/python3.10/dist-packages/turtlebot3_msgs/_turtlebot3_msgs_s.ep.rosidl_typesupport_c.c
[0.631s] -- Up-to-date: /catkin_ws/rover_sim_ws/install/turtlebot3_msgs/local/lib/python3.10/dist-packages/turtlebot3_msgs/action
[0.632s] -- Up-to-date: /catkin_ws/rover_sim_ws/install/turtlebot3_msgs/local/lib/python3.10/dist-packages/turtlebot3_msgs/action/_patrol.py
[0.632s] -- Up-to-date: /catkin_ws/rover_sim_ws/install/turtlebot3_msgs/local/lib/python3.10/dist-packages/turtlebot3_msgs/action/__init__.py
[0.632s] -- Up-to-date: /catkin_ws/rover_sim_ws/install/turtlebot3_msgs/local/lib/python3.10/dist-packages/turtlebot3_msgs/action/_patrol_s.c
[0.632s] -- Up-to-date: /catkin_ws/rover_sim_ws/install/turtlebot3_msgs/local/lib/python3.10/dist-packages/turtlebot3_msgs/turtlebot3_msgs_s__rosidl_typesupport_c.cpython-310-x86_64-linux-gnu.so
[0.632s] -- Up-to-date: /catkin_ws/rover_sim_ws/install/turtlebot3_msgs/local/lib/python3.10/dist-packages/turtlebot3_msgs/msg
[0.632s] -- Up-to-date: /catkin_ws/rover_sim_ws/install/turtlebot3_msgs/local/lib/python3.10/dist-packages/turtlebot3_msgs/msg/__init__.py
[0.633s] -- Up-to-date: /catkin_ws/rover_sim_ws/install/turtlebot3_msgs/local/lib/python3.10/dist-packages/turtlebot3_msgs/msg/_sensor_state_s.c
[0.633s] -- Up-to-date: /catkin_ws/rover_sim_ws/install/turtlebot3_msgs/local/lib/python3.10/dist-packages/turtlebot3_msgs/msg/_sound_s.c
[0.633s] -- Up-to-date: /catkin_ws/rover_sim_ws/install/turtlebot3_msgs/local/lib/python3.10/dist-packages/turtlebot3_msgs/msg/_version_info_s.c
[0.633s] -- Up-to-date: /catkin_ws/rover_sim_ws/install/turtlebot3_msgs/local/lib/python3.10/dist-packages/turtlebot3_msgs/msg/_version_info.py
[0.633s] -- Up-to-date: /catkin_ws/rover_sim_ws/install/turtlebot3_msgs/local/lib/python3.10/dist-packages/turtlebot3_msgs/msg/_sound.py
[0.633s] -- Up-to-date: /catkin_ws/rover_sim_ws/install/turtlebot3_msgs/local/lib/python3.10/dist-packages/turtlebot3_msgs/msg/_sensor_state.py
[0.634s] -- Up-to-date: /catkin_ws/rover_sim_ws/install/turtlebot3_msgs/local/lib/python3.10/dist-packages/turtlebot3_msgs/_turtlebot3_msgs_s.ep.rosidl_typesupport_introspection_c.c
[0.634s] -- Up-to-date: /catkin_ws/rover_sim_ws/install/turtlebot3_msgs/local/lib/python3.10/dist-packages/turtlebot3_msgs/srv
[0.634s] -- Up-to-date: /catkin_ws/rover_sim_ws/install/turtlebot3_msgs/local/lib/python3.10/dist-packages/turtlebot3_msgs/srv/__init__.py
[0.634s] -- Up-to-date: /catkin_ws/rover_sim_ws/install/turtlebot3_msgs/local/lib/python3.10/dist-packages/turtlebot3_msgs/srv/_sound_s.c
[0.635s] -- Up-to-date: /catkin_ws/rover_sim_ws/install/turtlebot3_msgs/local/lib/python3.10/dist-packages/turtlebot3_msgs/srv/_dqn_s.c
[0.635s] -- Up-to-date: /catkin_ws/rover_sim_ws/install/turtlebot3_msgs/local/lib/python3.10/dist-packages/turtlebot3_msgs/srv/_sound.py
[0.635s] -- Up-to-date: /catkin_ws/rover_sim_ws/install/turtlebot3_msgs/local/lib/python3.10/dist-packages/turtlebot3_msgs/srv/_dqn.py
[0.635s] -- Up-to-date: /catkin_ws/rover_sim_ws/install/turtlebot3_msgs/local/lib/python3.10/dist-packages/turtlebot3_msgs/_turtlebot3_msgs_s.ep.rosidl_typesupport_fastrtps_c.c
[0.635s] Listing '/catkin_ws/rover_sim_ws/install/turtlebot3_msgs/local/lib/python3.10/dist-packages/turtlebot3_msgs'...
[0.635s] Listing '/catkin_ws/rover_sim_ws/install/turtlebot3_msgs/local/lib/python3.10/dist-packages/turtlebot3_msgs/action'...
[0.636s] Listing '/catkin_ws/rover_sim_ws/install/turtlebot3_msgs/local/lib/python3.10/dist-packages/turtlebot3_msgs/msg'...
[0.636s] Listing '/catkin_ws/rover_sim_ws/install/turtlebot3_msgs/local/lib/python3.10/dist-packages/turtlebot3_msgs/srv'...
[0.636s] -- Up-to-date: /catkin_ws/rover_sim_ws/install/turtlebot3_msgs/local/lib/python3.10/dist-packages/turtlebot3_msgs/turtlebot3_msgs_s__rosidl_typesupport_fastrtps_c.cpython-310-x86_64-linux-gnu.so
[0.636s] -- Up-to-date: /catkin_ws/rover_sim_ws/install/turtlebot3_msgs/local/lib/python3.10/dist-packages/turtlebot3_msgs/turtlebot3_msgs_s__rosidl_typesupport_introspection_c.cpython-310-x86_64-linux-gnu.so
[0.636s] -- Up-to-date: /catkin_ws/rover_sim_ws/install/turtlebot3_msgs/local/lib/python3.10/dist-packages/turtlebot3_msgs/turtlebot3_msgs_s__rosidl_typesupport_c.cpython-310-x86_64-linux-gnu.so
[0.636s] -- Up-to-date: /catkin_ws/rover_sim_ws/install/turtlebot3_msgs/lib/libturtlebot3_msgs__rosidl_generator_py.so
[0.637s] -- Up-to-date: /catkin_ws/rover_sim_ws/install/turtlebot3_msgs/share/turtlebot3_msgs/msg/SensorState.idl
[0.637s] -- Up-to-date: /catkin_ws/rover_sim_ws/install/turtlebot3_msgs/share/turtlebot3_msgs/msg/Sound.idl
[0.637s] -- Up-to-date: /catkin_ws/rover_sim_ws/install/turtlebot3_msgs/share/turtlebot3_msgs/msg/VersionInfo.idl
[0.638s] -- Up-to-date: /catkin_ws/rover_sim_ws/install/turtlebot3_msgs/share/turtlebot3_msgs/srv/Sound.idl
[0.638s] -- Up-to-date: /catkin_ws/rover_sim_ws/install/turtlebot3_msgs/share/turtlebot3_msgs/srv/Dqn.idl
[0.638s] -- Up-to-date: /catkin_ws/rover_sim_ws/install/turtlebot3_msgs/share/turtlebot3_msgs/action/Patrol.idl
[0.638s] -- Up-to-date: /catkin_ws/rover_sim_ws/install/turtlebot3_msgs/share/turtlebot3_msgs/msg/SensorState.msg
[0.639s] -- Up-to-date: /catkin_ws/rover_sim_ws/install/turtlebot3_msgs/share/turtlebot3_msgs/msg/Sound.msg
[0.639s] -- Up-to-date: /catkin_ws/rover_sim_ws/install/turtlebot3_msgs/share/turtlebot3_msgs/msg/VersionInfo.msg
[0.639s] -- Up-to-date: /catkin_ws/rover_sim_ws/install/turtlebot3_msgs/share/turtlebot3_msgs/srv/Sound.srv
[0.639s] -- Up-to-date: /catkin_ws/rover_sim_ws/install/turtlebot3_msgs/share/turtlebot3_msgs/srv/Sound_Request.msg
[0.639s] -- Up-to-date: /catkin_ws/rover_sim_ws/install/turtlebot3_msgs/share/turtlebot3_msgs/srv/Sound_Response.msg
[0.639s] -- Up-to-date: /catkin_ws/rover_sim_ws/install/turtlebot3_msgs/share/turtlebot3_msgs/srv/Dqn.srv
[0.640s] -- Up-to-date: /catkin_ws/rover_sim_ws/install/turtlebot3_msgs/share/turtlebot3_msgs/srv/Dqn_Request.msg
[0.640s] -- Up-to-date: /catkin_ws/rover_sim_ws/install/turtlebot3_msgs/share/turtlebot3_msgs/srv/Dqn_Response.msg
[0.640s] -- Up-to-date: /catkin_ws/rover_sim_ws/install/turtlebot3_msgs/share/turtlebot3_msgs/action/Patrol.action
[0.641s] -- Up-to-date: /catkin_ws/rover_sim_ws/install/turtlebot3_msgs/share/ament_index/resource_index/package_run_dependencies/turtlebot3_msgs
[0.641s] -- Up-to-date: /catkin_ws/rover_sim_ws/install/turtlebot3_msgs/share/ament_index/resource_index/parent_prefix_path/turtlebot3_msgs
[0.641s] -- Up-to-date: /catkin_ws/rover_sim_ws/install/turtlebot3_msgs/share/turtlebot3_msgs/environment/ament_prefix_path.sh
[0.641s] -- Up-to-date: /catkin_ws/rover_sim_ws/install/turtlebot3_msgs/share/turtlebot3_msgs/environment/ament_prefix_path.dsv
[0.641s] -- Up-to-date: /catkin_ws/rover_sim_ws/install/turtlebot3_msgs/share/turtlebot3_msgs/environment/path.sh
[0.642s] -- Up-to-date: /catkin_ws/rover_sim_ws/install/turtlebot3_msgs/share/turtlebot3_msgs/environment/path.dsv
[0.642s] -- Up-to-date: /catkin_ws/rover_sim_ws/install/turtlebot3_msgs/share/turtlebot3_msgs/local_setup.bash
[0.642s] -- Up-to-date: /catkin_ws/rover_sim_ws/install/turtlebot3_msgs/share/turtlebot3_msgs/local_setup.sh
[0.642s] -- Up-to-date: /catkin_ws/rover_sim_ws/install/turtlebot3_msgs/share/turtlebot3_msgs/local_setup.zsh
[0.642s] -- Up-to-date: /catkin_ws/rover_sim_ws/install/turtlebot3_msgs/share/turtlebot3_msgs/local_setup.dsv
[0.643s] -- Installing: /catkin_ws/rover_sim_ws/install/turtlebot3_msgs/share/turtlebot3_msgs/package.dsv
[0.643s] -- Up-to-date: /catkin_ws/rover_sim_ws/install/turtlebot3_msgs/share/ament_index/resource_index/packages/turtlebot3_msgs
[0.643s] -- Up-to-date: /catkin_ws/rover_sim_ws/install/turtlebot3_msgs/share/turtlebot3_msgs/cmake/export_turtlebot3_msgs__rosidl_generator_cExport.cmake
[0.644s] -- Up-to-date: /catkin_ws/rover_sim_ws/install/turtlebot3_msgs/share/turtlebot3_msgs/cmake/export_turtlebot3_msgs__rosidl_generator_cExport-noconfig.cmake
[0.644s] -- Up-to-date: /catkin_ws/rover_sim_ws/install/turtlebot3_msgs/share/turtlebot3_msgs/cmake/export_turtlebot3_msgs__rosidl_typesupport_fastrtps_cExport.cmake
[0.644s] -- Up-to-date: /catkin_ws/rover_sim_ws/install/turtlebot3_msgs/share/turtlebot3_msgs/cmake/export_turtlebot3_msgs__rosidl_typesupport_fastrtps_cExport-noconfig.cmake
[0.644s] -- Up-to-date: /catkin_ws/rover_sim_ws/install/turtlebot3_msgs/share/turtlebot3_msgs/cmake/export_turtlebot3_msgs__rosidl_generator_cppExport.cmake
[0.644s] -- Up-to-date: /catkin_ws/rover_sim_ws/install/turtlebot3_msgs/share/turtlebot3_msgs/cmake/export_turtlebot3_msgs__rosidl_typesupport_fastrtps_cppExport.cmake
[0.644s] -- Up-to-date: /catkin_ws/rover_sim_ws/install/turtlebot3_msgs/share/turtlebot3_msgs/cmake/export_turtlebot3_msgs__rosidl_typesupport_fastrtps_cppExport-noconfig.cmake
[0.645s] -- Up-to-date: /catkin_ws/rover_sim_ws/install/turtlebot3_msgs/share/turtlebot3_msgs/cmake/turtlebot3_msgs__rosidl_typesupport_introspection_cExport.cmake
[0.645s] -- Up-to-date: /catkin_ws/rover_sim_ws/install/turtlebot3_msgs/share/turtlebot3_msgs/cmake/turtlebot3_msgs__rosidl_typesupport_introspection_cExport-noconfig.cmake
[0.645s] -- Up-to-date: /catkin_ws/rover_sim_ws/install/turtlebot3_msgs/share/turtlebot3_msgs/cmake/turtlebot3_msgs__rosidl_typesupport_cExport.cmake
[0.645s] -- Up-to-date: /catkin_ws/rover_sim_ws/install/turtlebot3_msgs/share/turtlebot3_msgs/cmake/turtlebot3_msgs__rosidl_typesupport_cExport-noconfig.cmake
[0.645s] -- Up-to-date: /catkin_ws/rover_sim_ws/install/turtlebot3_msgs/share/turtlebot3_msgs/cmake/turtlebot3_msgs__rosidl_typesupport_introspection_cppExport.cmake
[0.645s] -- Up-to-date: /catkin_ws/rover_sim_ws/install/turtlebot3_msgs/share/turtlebot3_msgs/cmake/turtlebot3_msgs__rosidl_typesupport_introspection_cppExport-noconfig.cmake
[0.645s] -- Up-to-date: /catkin_ws/rover_sim_ws/install/turtlebot3_msgs/share/turtlebot3_msgs/cmake/turtlebot3_msgs__rosidl_typesupport_cppExport.cmake
[0.646s] -- Up-to-date: /catkin_ws/rover_sim_ws/install/turtlebot3_msgs/share/turtlebot3_msgs/cmake/turtlebot3_msgs__rosidl_typesupport_cppExport-noconfig.cmake
[0.646s] -- Up-to-date: /catkin_ws/rover_sim_ws/install/turtlebot3_msgs/share/turtlebot3_msgs/cmake/export_turtlebot3_msgs__rosidl_generator_pyExport.cmake
[0.646s] -- Up-to-date: /catkin_ws/rover_sim_ws/install/turtlebot3_msgs/share/turtlebot3_msgs/cmake/export_turtlebot3_msgs__rosidl_generator_pyExport-noconfig.cmake
[0.646s] -- Up-to-date: /catkin_ws/rover_sim_ws/install/turtlebot3_msgs/share/turtlebot3_msgs/cmake/rosidl_cmake-extras.cmake
[0.646s] -- Up-to-date: /catkin_ws/rover_sim_ws/install/turtlebot3_msgs/share/turtlebot3_msgs/cmake/ament_cmake_export_dependencies-extras.cmake
[0.646s] -- Up-to-date: /catkin_ws/rover_sim_ws/install/turtlebot3_msgs/share/turtlebot3_msgs/cmake/ament_cmake_export_include_directories-extras.cmake
[0.647s] -- Up-to-date: /catkin_ws/rover_sim_ws/install/turtlebot3_msgs/share/turtlebot3_msgs/cmake/ament_cmake_export_libraries-extras.cmake
[0.647s] -- Up-to-date: /catkin_ws/rover_sim_ws/install/turtlebot3_msgs/share/turtlebot3_msgs/cmake/ament_cmake_export_targets-extras.cmake
[0.647s] -- Up-to-date: /catkin_ws/rover_sim_ws/install/turtlebot3_msgs/share/turtlebot3_msgs/cmake/rosidl_cmake_export_typesupport_targets-extras.cmake
[0.648s] -- Up-to-date: /catkin_ws/rover_sim_ws/install/turtlebot3_msgs/share/turtlebot3_msgs/cmake/rosidl_cmake_export_typesupport_libraries-extras.cmake
[0.648s] -- Up-to-date: /catkin_ws/rover_sim_ws/install/turtlebot3_msgs/share/turtlebot3_msgs/cmake/turtlebot3_msgsConfig.cmake
[0.648s] -- Up-to-date: /catkin_ws/rover_sim_ws/install/turtlebot3_msgs/share/turtlebot3_msgs/cmake/turtlebot3_msgsConfig-version.cmake
[0.648s] -- Up-to-date: /catkin_ws/rover_sim_ws/install/turtlebot3_msgs/share/turtlebot3_msgs/package.xml
[0.697s] Invoked command in '/catkin_ws/rover_sim_ws/build/turtlebot3_msgs' returned '0': CMAKE_PREFIX_PATH=${CMAKE_PREFIX_PATH}:/opt/ros/humble /usr/bin/cmake --install /catkin_ws/rover_sim_ws/build/turtlebot3_msgs
