[0.115s] Invoking command in '/catkin_ws/rover_sim_ws/build/turtlebot3_simulations': CMAKE_PREFIX_PATH=/catkin_ws/rover_sim_ws/install/turtlebot3_gazebo:/catkin_ws/rover_sim_ws/install/turtlebot3_simulations:/catkin_ws/rover_sim_ws/install/turtlebot3_fake_node:/catkin_ws/rover_sim_ws/install/turtlebot3_msgs:/opt/ros/humble /usr/bin/cmake --build /catkin_ws/rover_sim_ws/build/turtlebot3_simulations -- -j8 -l8
[0.177s] Invoked command in '/catkin_ws/rover_sim_ws/build/turtlebot3_simulations' returned '0': CMAKE_PREFIX_PATH=/catkin_ws/rover_sim_ws/install/turtlebot3_gazebo:/catkin_ws/rover_sim_ws/install/turtlebot3_simulations:/catkin_ws/rover_sim_ws/install/turtlebot3_fake_node:/catkin_ws/rover_sim_ws/install/turtlebot3_msgs:/opt/ros/humble /usr/bin/cmake --build /catkin_ws/rover_sim_ws/build/turtlebot3_simulations -- -j8 -l8
[0.214s] Invoking command in '/catkin_ws/rover_sim_ws/build/turtlebot3_simulations': CMAKE_PREFIX_PATH=/catkin_ws/rover_sim_ws/install/turtlebot3_gazebo:/catkin_ws/rover_sim_ws/install/turtlebot3_simulations:/catkin_ws/rover_sim_ws/install/turtlebot3_fake_node:/catkin_ws/rover_sim_ws/install/turtlebot3_msgs:/opt/ros/humble /usr/bin/cmake --install /catkin_ws/rover_sim_ws/build/turtlebot3_simulations
[0.227s] -- Install configuration: ""
[0.228s] -- Up-to-date: /catkin_ws/rover_sim_ws/install/turtlebot3_simulations/share/ament_index/resource_index/package_run_dependencies/turtlebot3_simulations
[0.229s] -- Up-to-date: /catkin_ws/rover_sim_ws/install/turtlebot3_simulations/share/ament_index/resource_index/parent_prefix_path/turtlebot3_simulations
[0.229s] -- Up-to-date: /catkin_ws/rover_sim_ws/install/turtlebot3_simulations/share/turtlebot3_simulations/environment/ament_prefix_path.sh
[0.229s] -- Up-to-date: /catkin_ws/rover_sim_ws/install/turtlebot3_simulations/share/turtlebot3_simulations/environment/ament_prefix_path.dsv
[0.230s] -- Up-to-date: /catkin_ws/rover_sim_ws/install/turtlebot3_simulations/share/turtlebot3_simulations/environment/path.sh
[0.231s] -- Up-to-date: /catkin_ws/rover_sim_ws/install/turtlebot3_simulations/share/turtlebot3_simulations/environment/path.dsv
[0.231s] -- Up-to-date: /catkin_ws/rover_sim_ws/install/turtlebot3_simulations/share/turtlebot3_simulations/local_setup.bash
[0.231s] -- Up-to-date: /catkin_ws/rover_sim_ws/install/turtlebot3_simulations/share/turtlebot3_simulations/local_setup.sh
[0.232s] -- Up-to-date: /catkin_ws/rover_sim_ws/install/turtlebot3_simulations/share/turtlebot3_simulations/local_setup.zsh
[0.233s] -- Up-to-date: /catkin_ws/rover_sim_ws/install/turtlebot3_simulations/share/turtlebot3_simulations/local_setup.dsv
[0.233s] -- Up-to-date: /catkin_ws/rover_sim_ws/install/turtlebot3_simulations/share/turtlebot3_simulations/package.dsv
[0.233s] -- Up-to-date: /catkin_ws/rover_sim_ws/install/turtlebot3_simulations/share/ament_index/resource_index/packages/turtlebot3_simulations
[0.234s] -- Up-to-date: /catkin_ws/rover_sim_ws/install/turtlebot3_simulations/share/turtlebot3_simulations/cmake/turtlebot3_simulationsConfig.cmake
[0.234s] -- Up-to-date: /catkin_ws/rover_sim_ws/install/turtlebot3_simulations/share/turtlebot3_simulations/cmake/turtlebot3_simulationsConfig-version.cmake
[0.235s] -- Up-to-date: /catkin_ws/rover_sim_ws/install/turtlebot3_simulations/share/turtlebot3_simulations/package.xml
[0.236s] Invoked command in '/catkin_ws/rover_sim_ws/build/turtlebot3_simulations' returned '0': CMAKE_PREFIX_PATH=/catkin_ws/rover_sim_ws/install/turtlebot3_gazebo:/catkin_ws/rover_sim_ws/install/turtlebot3_simulations:/catkin_ws/rover_sim_ws/install/turtlebot3_fake_node:/catkin_ws/rover_sim_ws/install/turtlebot3_msgs:/opt/ros/humble /usr/bin/cmake --install /catkin_ws/rover_sim_ws/build/turtlebot3_simulations
