[0.100s] Invoking command in '/catkin_ws/rover_sim_ws/build/ign_ros2_control': CMAKE_PREFIX_PATH=/opt/ros/humble /usr/bin/cmake /catkin_ws/rover_sim_ws/src/gz_ros2_control/ign_ros2_control -DCMAKE_INSTALL_PREFIX=/catkin_ws/rover_sim_ws/install/ign_ros2_control
[0.706s] -- The C compiler identification is GNU 11.4.0
[0.987s] -- The CXX compiler identification is GNU 11.4.0
[0.988s] -- Detecting C compiler ABI info
[0.988s] -- Detecting C compiler ABI info - done
[0.988s] -- Check for working C compiler: /usr/bin/cc - skipped
[0.988s] -- Detecting C compile features
[0.988s] -- Detecting C compile features - done
[0.989s] -- Detecting CXX compiler ABI info
[0.989s] -- Detecting CXX compiler ABI info - done
[0.989s] -- Check for working CXX compiler: /usr/bin/c++ - skipped
[0.989s] -- Detecting CXX compile features
[0.989s] -- Detecting CXX compile features - done
[0.989s] -- Found ament_cmake: 1.3.6 (/opt/ros/humble/share/ament_cmake/cmake)
[0.990s] -- Found Python3: /usr/bin/python3.10 (found version "3.10.12") found components: Interpreter 
[0.990s] -- Found ament_index_cpp: 1.4.0 (/opt/ros/humble/share/ament_index_cpp/cmake)
[0.990s] -- Found controller_manager: 2.36.0 (/opt/ros/humble/share/controller_manager/cmake)
[0.990s] -- Found rosidl_generator_c: 3.1.5 (/opt/ros/humble/share/rosidl_generator_c/cmake)
[0.990s] -- Found rosidl_adapter: 3.1.5 (/opt/ros/humble/share/rosidl_adapter/cmake)
[0.990s] -- Found rosidl_generator_cpp: 3.1.5 (/opt/ros/humble/share/rosidl_generator_cpp/cmake)
[0.991s] -- Using all available rosidl_typesupport_c: rosidl_typesupport_fastrtps_c;rosidl_typesupport_introspection_c
[0.991s] -- Using all available rosidl_typesupport_cpp: rosidl_typesupport_fastrtps_cpp;rosidl_typesupport_introspection_cpp
[1.835s] -- Found rmw_implementation_cmake: 6.1.1 (/opt/ros/humble/share/rmw_implementation_cmake/cmake)
[1.839s] -- Found rmw_fastrtps_cpp: 6.2.5 (/opt/ros/humble/share/rmw_fastrtps_cpp/cmake)
[1.885s] -- Found TinyXML2 via Config file: TinyXML2_DIR-NOTFOUND
[1.925s] -- Found OpenSSL: /usr/lib/x86_64-linux-gnu/libcrypto.so (found version "3.0.2")  
[1.929s] -- Found TinyXML2 via Config file: TinyXML2_DIR-NOTFOUND
[1.941s] -- Found FastRTPS: /opt/ros/humble/include  
[1.950s] -- Found TinyXML2 via Config file: TinyXML2_DIR-NOTFOUND
[1.959s] -- Found TinyXML2 via Config file: TinyXML2_DIR-NOTFOUND
[1.968s] -- Using RMW implementation 'rmw_fastrtps_cpp' as default
[1.979s] -- Looking for pthread.h
[2.045s] -- Looking for pthread.h - found
[2.046s] -- Performing Test CMAKE_HAVE_LIBC_PTHREAD
[2.116s] -- Performing Test CMAKE_HAVE_LIBC_PTHREAD - Success
[2.117s] -- Found Threads: TRUE  
[2.820s] -- Found yaml_cpp_vendor: 8.0.2 (/opt/ros/humble/share/yaml_cpp_vendor/cmake)
[2.829s] -- Looking for ignition-gazebo6 -- found version 6.15.0
[2.836s] -- Searching for dependencies of ignition-gazebo6
[2.838s] -- Looking for sdformat12 -- found version 12.7.2
[2.839s] -- Searching for dependencies of sdformat12
[2.843s] -- Checking for module 'tinyxml2'
[2.852s] --   Found tinyxml2, version 9.0.0
[2.876s] -- Looking for ignition-math6 -- found version 6.15.0
[2.876s] -- Searching for dependencies of ignition-math6
[2.880s] -- Looking for ignition-utils1 -- found version 1.5.1
[2.880s] -- Searching for dependencies of ignition-utils1
[2.883s] -- Looking for ignition-plugin1 -- found version 1.4.0
[2.884s] -- Searching for dependencies of ignition-plugin1
[2.885s] -- Searching for <ignition-plugin1> component [loader]
[2.890s] -- Looking for ignition-plugin1-loader -- found version 1.4.0
[2.890s] -- Searching for dependencies of ignition-plugin1-loader
[2.891s] -- Searching for <ignition-plugin1> component [register]
[2.895s] -- Looking for ignition-plugin1-register -- found version 1.4.0
[2.895s] -- Searching for dependencies of ignition-plugin1-register
[2.898s] -- Looking for ignition-transport11 -- found version 11.4.1
[2.898s] -- Searching for dependencies of ignition-transport11
[2.935s] -- Found Protobuf: /usr/lib/x86_64-linux-gnu/libprotobuf.so (found version "3.12.4") 
[2.949s] -- Config-file not installed for ZeroMQ -- checking for pkg-config
[2.953s] -- Checking for module 'libzmq >= 4'
[2.964s] --   Found libzmq , version 4.3.4
[2.990s] -- Found ZeroMQ: TRUE (Required is at least version "4") 
[2.997s] -- Checking for module 'uuid'
[3.005s] --   Found uuid, version 2.37.2
[3.027s] -- Found UUID: TRUE  
[3.027s] -- Looking for ignition-utils1 -- found version 1.5.1
[3.028s] -- Searching for dependencies of ignition-utils1
[3.028s] -- Searching for <ignition-utils1> component [cli]
[3.031s] -- Looking for ignition-utils1-cli -- found version 1.5.1
[3.031s] -- Searching for dependencies of ignition-utils1-cli
[3.034s] -- Looking for ignition-msgs8 -- found version 8.7.0
[3.034s] -- Searching for dependencies of ignition-msgs8
[3.052s] -- Found Protobuf: /usr/lib/x86_64-linux-gnu/libprotobuf.so (found suitable version "3.12.4", minimum required is "3") 
[3.053s] -- Looking for ignition-math6 -- found version 6.15.0
[3.062s] -- Searching for <ignition-transport11> component [log]
[3.064s] -- Looking for ignition-transport11-log -- found version 11.4.1
[3.064s] -- Searching for dependencies of ignition-transport11-log
[3.065s] -- Searching for <ignition-transport11> component [parameters]
[3.067s] -- Looking for ignition-transport11-parameters -- found version 11.4.1
[3.067s] -- Searching for dependencies of ignition-transport11-parameters
[3.069s] -- Looking for ignition-msgs8 -- found version 8.7.0
[3.071s] -- Looking for ignition-common4 -- found version 4.7.0
[3.071s] -- Searching for dependencies of ignition-common4
[3.072s] -- Looking for dlfcn.h - found
[3.072s] -- Looking for libdl - found
[3.073s] -- Found DL: TRUE  
[3.082s] -- Searching for <ignition-common4> component [profiler]
[3.084s] -- Looking for ignition-common4-profiler -- found version 4.7.0
[3.084s] -- Searching for dependencies of ignition-common4-profiler
[3.085s] -- Searching for <ignition-common4> component [events]
[3.087s] -- Looking for ignition-common4-events -- found version 4.7.0
[3.088s] -- Searching for dependencies of ignition-common4-events
[3.088s] -- Looking for ignition-math6 -- found version 6.15.0
[3.089s] -- Searching for <ignition-common4> component [av]
[3.092s] -- Looking for ignition-common4-av -- found version 4.7.0
[3.092s] -- Searching for dependencies of ignition-common4-av
[3.099s] -- Checking for module 'libswscale'
[3.107s] --   Found libswscale, version 5.9.100
[3.132s] -- Found SWSCALE: TRUE  
[3.136s] -- Checking for module 'libavdevice >= 56.4.100'
[3.145s] --   Found libavdevice , version 58.13.100
[3.174s] -- Found AVDEVICE: TRUE (Required is at least version "56.4.100") 
[3.179s] -- Checking for module 'libavformat'
[3.188s] --   Found libavformat, version 58.76.100
[3.212s] -- Found AVFORMAT: TRUE  
[3.217s] -- Checking for module 'libavcodec'
[3.225s] --   Found libavcodec, version 58.134.100
[3.248s] -- Found AVCODEC: TRUE  
[3.253s] -- Checking for module 'libavutil'
[3.262s] --   Found libavutil, version 56.70.100
[3.285s] -- Found AVUTIL: TRUE  
[3.288s] -- Looking for ignition-fuel_tools7 -- found version 7.3.0
[3.289s] -- Searching for dependencies of ignition-fuel_tools7
[3.347s] -- Found CURL: /usr/lib/x86_64-linux-gnu/libcurl.so (found version "7.81.0")  
[3.355s] -- Checking for module 'jsoncpp'
[3.365s] --   Found jsoncpp, version 1.9.5
[3.387s] -- Found JSONCPP: TRUE  
[3.392s] -- Checking for module 'libzip'
[3.401s] --   Found libzip, version 1.7.3
[3.428s] -- Found ZIP: TRUE  
[3.429s] -- Looking for ignition-common4 -- found version 4.7.0
[3.429s] -- Looking for ignition-math6 -- found version 6.15.0
[3.429s] -- Looking for ignition-msgs8 -- found version 8.7.0
[3.433s] -- Looking for ignition-gui6 -- found version 6.8.0
[3.433s] -- Searching for dependencies of ignition-gui6
[3.458s] -- Looking for ignition-math6 -- found version 6.15.0
[3.459s] -- Looking for ignition-common4 -- found version 4.7.0
[3.459s] -- Looking for ignition-plugin1 -- found version 1.4.0
[3.460s] -- Looking for ignition-transport11 -- found version 11.4.1
[3.462s] -- Looking for ignition-rendering6 -- found version 6.6.1
[3.463s] -- Searching for dependencies of ignition-rendering6
[3.463s] -- Looking for ignition-math6 -- found version 6.15.0
[3.464s] -- Searching for dependencies of ignition-math6
[3.464s] -- Searching for <ignition-math6> component [eigen3]
[3.466s] -- Looking for ignition-math6-eigen3 -- found version 6.15.0
[3.467s] -- Searching for dependencies of ignition-math6-eigen3
[3.476s] -- Looking for ignition-common4 -- found version 4.7.0
[3.477s] -- Searching for dependencies of ignition-common4
[3.477s] -- Looking for dlfcn.h - found
[3.477s] -- Looking for libdl - found
[3.485s] -- Searching for <ignition-common4> component [graphics]
[3.488s] -- Looking for ignition-common4-graphics -- found version 4.7.0
[3.490s] -- Searching for dependencies of ignition-common4-graphics
[3.490s] -- Looking for ignition-math6 -- found version 6.15.0
[3.491s] -- Looking for ignition-utils1 -- found version 1.5.1
[3.492s] -- Searching for <ignition-common4> component [events]
[3.493s] -- Looking for ignition-plugin1 -- found version 1.4.0
[3.494s] -- Searching for dependencies of ignition-plugin1
[3.494s] -- Searching for <ignition-plugin1> component [all]
[3.496s] -- Looking for all libraries of ignition-plugin1 -- found version 1.4.0
[3.497s] -- Looking for ignition-plugin1 -- found version 1.4.0
[3.500s] -- Looking for ignition-msgs8 -- found version 8.7.0
[3.530s] -- Looking for ignition-physics5 -- found version 5.3.2
[3.531s] -- Searching for dependencies of ignition-physics5
[3.531s] -- Looking for ignition-math6 -- found version 6.15.0
[3.531s] -- Looking for ignition-plugin1 -- found version 1.4.0
[3.532s] -- Looking for ignition-utils1 -- found version 1.5.1
[3.533s] -- Searching for <ignition-physics5> component [heightmap]
[3.536s] -- Looking for ignition-physics5-heightmap -- found version 5.3.2
[3.536s] -- Searching for dependencies of ignition-physics5-heightmap
[3.537s] -- Looking for ignition-common4 -- found version 4.7.0
[3.537s] -- Searching for <ignition-physics5> component [mesh]
[3.540s] -- Looking for ignition-physics5-mesh -- found version 5.3.2
[3.541s] -- Searching for dependencies of ignition-physics5-mesh
[3.541s] -- Looking for ignition-common4 -- found version 4.7.0
[3.542s] -- Searching for <ignition-physics5> component [sdf]
[3.545s] -- Looking for ignition-physics5-sdf -- found version 5.3.2
[3.545s] -- Searching for dependencies of ignition-physics5-sdf
[3.546s] -- Looking for sdformat12 -- found version 12.7.2
[3.549s] -- Looking for ignition-sensors6 -- found version 6.7.1
[3.549s] -- Searching for dependencies of ignition-sensors6
[3.569s] -- Found Protobuf: /usr/lib/x86_64-linux-gnu/libprotobuf.so (found version "3.12.4") 
[3.570s] -- Looking for ignition-math6 -- found version 6.15.0
[3.571s] -- Looking for ignition-common4 -- found version 4.7.0
[3.571s] -- Looking for ignition-transport11 -- found version 11.4.1
[3.572s] -- Looking for ignition-rendering6 -- found version 6.6.1
[3.572s] -- Looking for ignition-msgs8 -- found version 8.7.0
[3.573s] -- Looking for sdformat12 -- found version 12.7.2
[3.574s] -- Searching for <ignition-sensors6> component [air_pressure]
[3.579s] -- Looking for ignition-sensors6-air_pressure -- found version 6.7.1
[3.579s] -- Searching for dependencies of ignition-sensors6-air_pressure
[3.580s] -- Searching for <ignition-sensors6> component [altimeter]
[3.582s] -- Looking for ignition-sensors6-altimeter -- found version 6.7.1
[3.583s] -- Searching for dependencies of ignition-sensors6-altimeter
[3.583s] -- Searching for <ignition-sensors6> component [imu]
[3.586s] -- Looking for ignition-sensors6-imu -- found version 6.7.1
[3.586s] -- Searching for dependencies of ignition-sensors6-imu
[3.587s] -- Searching for <ignition-sensors6> component [force_torque]
[3.589s] -- Looking for ignition-sensors6-force_torque -- found version 6.7.1
[3.590s] -- Searching for dependencies of ignition-sensors6-force_torque
[3.591s] -- Searching for <ignition-sensors6> component [logical_camera]
[3.595s] -- Looking for ignition-sensors6-logical_camera -- found version 6.7.1
[3.596s] -- Searching for dependencies of ignition-sensors6-logical_camera
[3.597s] -- Searching for <ignition-sensors6> component [magnetometer]
[3.599s] -- Looking for ignition-sensors6-magnetometer -- found version 6.7.1
[3.600s] -- Searching for dependencies of ignition-sensors6-magnetometer
[3.600s] -- Searching for <ignition-sensors6> component [navsat]
[3.603s] -- Looking for ignition-sensors6-navsat -- found version 6.7.1
[3.603s] -- Searching for dependencies of ignition-sensors6-navsat
[3.604s] -- Searching for <ignition-sensors6> component [rendering]
[3.606s] -- Looking for ignition-sensors6-rendering -- found version 6.7.1
[3.607s] -- Searching for dependencies of ignition-sensors6-rendering
[3.607s] -- Searching for <ignition-sensors6> component [lidar]
[3.610s] -- Looking for ignition-sensors6-lidar -- found version 6.7.1
[3.611s] -- Searching for dependencies of ignition-sensors6-lidar
[3.612s] -- Looking for ignition-sensors6 -- found version 6.7.1
[3.613s] -- Searching for <ignition-sensors6> component [gpu_lidar]
[3.615s] -- Looking for ignition-sensors6-gpu_lidar -- found version 6.7.1
[3.615s] -- Searching for dependencies of ignition-sensors6-gpu_lidar
[3.616s] -- Looking for ignition-sensors6 -- found version 6.7.1
[3.616s] -- Searching for <ignition-sensors6> component [camera]
[3.619s] -- Looking for ignition-sensors6-camera -- found version 6.7.1
[3.619s] -- Searching for dependencies of ignition-sensors6-camera
[3.620s] -- Looking for ignition-sensors6 -- found version 6.7.1
[3.620s] -- Searching for <ignition-sensors6> component [boundingbox_camera]
[3.623s] -- Looking for ignition-sensors6-boundingbox_camera -- found version 6.7.1
[3.623s] -- Searching for dependencies of ignition-sensors6-boundingbox_camera
[3.624s] -- Searching for <ignition-sensors6> component [segmentation_camera]
[3.626s] -- Looking for ignition-sensors6-segmentation_camera -- found version 6.7.1
[3.627s] -- Searching for dependencies of ignition-sensors6-segmentation_camera
[3.628s] -- Searching for <ignition-sensors6> component [depth_camera]
[3.630s] -- Looking for ignition-sensors6-depth_camera -- found version 6.7.1
[3.631s] -- Searching for dependencies of ignition-sensors6-depth_camera
[3.631s] -- Looking for ignition-sensors6 -- found version 6.7.1
[3.632s] -- Searching for <ignition-sensors6> component [rgbd_camera]
[3.636s] -- Looking for ignition-sensors6-rgbd_camera -- found version 6.7.1
[3.636s] -- Searching for dependencies of ignition-sensors6-rgbd_camera
[3.637s] -- Looking for ignition-sensors6 -- found version 6.7.1
[3.638s] -- Searching for <ignition-sensors6> component [thermal_camera]
[3.640s] -- Looking for ignition-sensors6-thermal_camera -- found version 6.7.1
[3.641s] -- Searching for dependencies of ignition-sensors6-thermal_camera
[3.641s] -- Looking for ignition-sensors6 -- found version 6.7.1
[3.643s] -- Looking for ignition-rendering6 -- found version 6.6.1
[3.643s] -- Looking for ignition-math6 -- found version 6.15.0
[3.646s] -- Looking for ignition-utils1 -- found version 1.5.1
[3.666s] -- Compiling against Ignition Fortress
[3.666s] -- Looking for ignition-plugin1 -- found version 1.4.0
[4.251s] -- Found ament_lint_auto: 0.12.9 (/opt/ros/humble/share/ament_lint_auto/cmake)
[4.352s] -- Added test 'copyright' to check source files copyright and LICENSE
[4.353s] -- Added test 'cppcheck' to perform static code analysis on C / C++ code
[4.353s] -- Configured cppcheck include dirs: /catkin_ws/rover_sim_ws/src/gz_ros2_control/ign_ros2_control/include
[4.353s] -- Configured cppcheck exclude dirs and/or files: 
[4.354s] -- Added test 'cpplint' to check C / C++ code against the Google style
[4.354s] -- Configured cpplint exclude dirs and/or files: 
[4.355s] -- Added test 'lint_cmake' to check CMake code style
[4.356s] -- Added test 'uncrustify' to check C / C++ code style
[4.356s] -- Configured uncrustify additional arguments: 
[4.357s] -- Added test 'xmllint' to check XML markup files
[4.360s] -- Configuring done
[4.432s] -- Generating done
[4.434s] -- Build files have been written to: /catkin_ws/rover_sim_ws/build/ign_ros2_control
[4.450s] Invoked command in '/catkin_ws/rover_sim_ws/build/ign_ros2_control' returned '0': CMAKE_PREFIX_PATH=/opt/ros/humble /usr/bin/cmake /catkin_ws/rover_sim_ws/src/gz_ros2_control/ign_ros2_control -DCMAKE_INSTALL_PREFIX=/catkin_ws/rover_sim_ws/install/ign_ros2_control
[4.453s] Invoking command in '/catkin_ws/rover_sim_ws/build/ign_ros2_control': CMAKE_PREFIX_PATH=/opt/ros/humble /usr/bin/cmake --build /catkin_ws/rover_sim_ws/build/ign_ros2_control -- -j8 -l8
[4.501s] [ 50%] [32mBuilding CXX object CMakeFiles/ign_hardware_plugins.dir/src/ign_system.cpp.o[0m
[4.501s] [ 50%] [32mBuilding CXX object CMakeFiles/ign_ros2_control-system.dir/src/ign_ros2_control_plugin.cpp.o[0m
[18.768s] [ 75%] [32m[1mLinking CXX shared library libign_hardware_plugins.so[0m
[19.469s] [ 75%] Built target ign_hardware_plugins
[19.604s] [100%] [32m[1mLinking CXX shared library libign_ros2_control-system.so[0m
[20.251s] [100%] Built target ign_ros2_control-system
[20.261s] Invoked command in '/catkin_ws/rover_sim_ws/build/ign_ros2_control' returned '0': CMAKE_PREFIX_PATH=/opt/ros/humble /usr/bin/cmake --build /catkin_ws/rover_sim_ws/build/ign_ros2_control -- -j8 -l8
[20.288s] Invoking command in '/catkin_ws/rover_sim_ws/build/ign_ros2_control': CMAKE_PREFIX_PATH=/opt/ros/humble /usr/bin/cmake --install /catkin_ws/rover_sim_ws/build/ign_ros2_control
[20.294s] -- Install configuration: ""
[20.294s] -- Installing: /catkin_ws/rover_sim_ws/install/ign_ros2_control/lib/libign_hardware_plugins.so
[20.297s] -- Set runtime path of "/catkin_ws/rover_sim_ws/install/ign_ros2_control/lib/libign_hardware_plugins.so" to ""
[20.298s] -- Installing: /catkin_ws/rover_sim_ws/install/ign_ros2_control/include
[20.298s] -- Installing: /catkin_ws/rover_sim_ws/install/ign_ros2_control/include/ign_ros2_control
[20.299s] -- Installing: /catkin_ws/rover_sim_ws/install/ign_ros2_control/include/ign_ros2_control/ign_ros2_control_plugin.hpp
[20.299s] -- Installing: /catkin_ws/rover_sim_ws/install/ign_ros2_control/include/ign_ros2_control/ign_system.hpp
[20.299s] -- Installing: /catkin_ws/rover_sim_ws/install/ign_ros2_control/include/ign_ros2_control/ign_system_interface.hpp
[20.300s] -- Installing: /catkin_ws/rover_sim_ws/install/ign_ros2_control/share/ign_ros2_control/environment/library_path.sh
[20.300s] -- Installing: /catkin_ws/rover_sim_ws/install/ign_ros2_control/share/ign_ros2_control/environment/library_path.dsv
[20.300s] -- Installing: /catkin_ws/rover_sim_ws/install/ign_ros2_control/lib/libign_ros2_control-system.so
[20.304s] -- Set runtime path of "/catkin_ws/rover_sim_ws/install/ign_ros2_control/lib/libign_ros2_control-system.so" to ""
[20.304s] -- Installing: /catkin_ws/rover_sim_ws/install/ign_ros2_control/share/ign_ros2_control/ign_hardware_plugins.xml
[20.305s] -- Installing: /catkin_ws/rover_sim_ws/install/ign_ros2_control/share/ament_index/resource_index/package_run_dependencies/ign_ros2_control
[20.305s] -- Installing: /catkin_ws/rover_sim_ws/install/ign_ros2_control/share/ament_index/resource_index/parent_prefix_path/ign_ros2_control
[20.306s] -- Installing: /catkin_ws/rover_sim_ws/install/ign_ros2_control/share/ign_ros2_control/environment/ament_prefix_path.sh
[20.306s] -- Installing: /catkin_ws/rover_sim_ws/install/ign_ros2_control/share/ign_ros2_control/environment/ament_prefix_path.dsv
[20.306s] -- Installing: /catkin_ws/rover_sim_ws/install/ign_ros2_control/share/ign_ros2_control/environment/path.sh
[20.307s] -- Installing: /catkin_ws/rover_sim_ws/install/ign_ros2_control/share/ign_ros2_control/environment/path.dsv
[20.307s] -- Installing: /catkin_ws/rover_sim_ws/install/ign_ros2_control/share/ign_ros2_control/local_setup.bash
[20.307s] -- Installing: /catkin_ws/rover_sim_ws/install/ign_ros2_control/share/ign_ros2_control/local_setup.sh
[20.307s] -- Installing: /catkin_ws/rover_sim_ws/install/ign_ros2_control/share/ign_ros2_control/local_setup.zsh
[20.308s] -- Installing: /catkin_ws/rover_sim_ws/install/ign_ros2_control/share/ign_ros2_control/local_setup.dsv
[20.308s] -- Installing: /catkin_ws/rover_sim_ws/install/ign_ros2_control/share/ign_ros2_control/package.dsv
[20.308s] -- Installing: /catkin_ws/rover_sim_ws/install/ign_ros2_control/share/ament_index/resource_index/packages/ign_ros2_control
[20.308s] -- Installing: /catkin_ws/rover_sim_ws/install/ign_ros2_control/share/ament_index/resource_index/ign_ros2_control__pluginlib__plugin/ign_ros2_control
[20.308s] -- Installing: /catkin_ws/rover_sim_ws/install/ign_ros2_control/share/ign_ros2_control/cmake/ament_cmake_export_include_directories-extras.cmake
[20.309s] -- Installing: /catkin_ws/rover_sim_ws/install/ign_ros2_control/share/ign_ros2_control/cmake/ament_cmake_export_libraries-extras.cmake
[20.309s] -- Installing: /catkin_ws/rover_sim_ws/install/ign_ros2_control/share/ign_ros2_control/cmake/ign_ros2_controlConfig.cmake
[20.309s] -- Installing: /catkin_ws/rover_sim_ws/install/ign_ros2_control/share/ign_ros2_control/cmake/ign_ros2_controlConfig-version.cmake
[20.309s] -- Installing: /catkin_ws/rover_sim_ws/install/ign_ros2_control/share/ign_ros2_control/package.xml
[20.312s] Invoked command in '/catkin_ws/rover_sim_ws/build/ign_ros2_control' returned '0': CMAKE_PREFIX_PATH=/opt/ros/humble /usr/bin/cmake --install /catkin_ws/rover_sim_ws/build/ign_ros2_control
