[0.118s] Invoking command in '/catkin_ws/rover_sim_ws/build/ign_ros2_control': CMAKE_PREFIX_PATH=${CMAKE_PREFIX_PATH}:/opt/ros/humble /usr/bin/cmake /catkin_ws/rover_sim_ws/src/gz_ros2_control/ign_ros2_control -DCMAKE_INSTALL_PREFIX=/catkin_ws/rover_sim_ws/install/ign_ros2_control
[0.245s] -- The C compiler identification is GNU 11.4.0
[0.318s] -- The CXX compiler identification is GNU 11.4.0
[0.328s] -- Detecting C compiler ABI info
[0.389s] -- Detecting C compiler ABI info - done
[0.401s] -- Check for working C compiler: /usr/bin/cc - skipped
[0.402s] -- Detecting C compile features
[0.403s] -- Detecting C compile features - done
[0.407s] -- Detecting CXX compiler ABI info
[0.501s] -- Detecting CXX compiler ABI info - done
[0.516s] -- Check for working CXX compiler: /usr/bin/c++ - skipped
[0.519s] -- Detecting CXX compile features
[0.519s] -- Detecting CXX compile features - done
[0.522s] -- Found ament_cmake: 1.3.6 (/opt/ros/humble/share/ament_cmake/cmake)
[0.684s] -- Found Python3: /usr/bin/python3.10 (found version "3.10.12") found components: Interpreter 
[0.778s] -- Found ament_index_cpp: 1.4.0 (/opt/ros/humble/share/ament_index_cpp/cmake)
[0.782s] -- Found controller_manager: 2.36.0 (/opt/ros/humble/share/controller_manager/cmake)
[0.848s] -- Found rosidl_generator_c: 3.1.5 (/opt/ros/humble/share/rosidl_generator_c/cmake)
[0.855s] -- Found rosidl_adapter: 3.1.5 (/opt/ros/humble/share/rosidl_adapter/cmake)
[0.867s] -- Found rosidl_generator_cpp: 3.1.5 (/opt/ros/humble/share/rosidl_generator_cpp/cmake)
[0.889s] -- Using all available rosidl_typesupport_c: rosidl_typesupport_fastrtps_c;rosidl_typesupport_introspection_c
[0.915s] -- Using all available rosidl_typesupport_cpp: rosidl_typesupport_fastrtps_cpp;rosidl_typesupport_introspection_cpp
[1.748s] -- Found rmw_implementation_cmake: 6.1.1 (/opt/ros/humble/share/rmw_implementation_cmake/cmake)
[1.754s] -- Found rmw_fastrtps_cpp: 6.2.5 (/opt/ros/humble/share/rmw_fastrtps_cpp/cmake)
[1.814s] -- Found TinyXML2 via Config file: TinyXML2_DIR-NOTFOUND
[1.869s] -- Found OpenSSL: /usr/lib/x86_64-linux-gnu/libcrypto.so (found version "3.0.2")  
[1.872s] -- Found TinyXML2 via Config file: TinyXML2_DIR-NOTFOUND
[1.884s] -- Found FastRTPS: /opt/ros/humble/include  
[1.894s] -- Found TinyXML2 via Config file: TinyXML2_DIR-NOTFOUND
[1.902s] -- Found TinyXML2 via Config file: TinyXML2_DIR-NOTFOUND
[1.911s] -- Using RMW implementation 'rmw_fastrtps_cpp' as default
[1.926s] -- Looking for pthread.h
[2.019s] -- Looking for pthread.h - found
[2.020s] -- Performing Test CMAKE_HAVE_LIBC_PTHREAD
[2.101s] -- Performing Test CMAKE_HAVE_LIBC_PTHREAD - Success
[2.102s] -- Found Threads: TRUE  
[2.977s] -- Found yaml_cpp_vendor: 8.0.2 (/opt/ros/humble/share/yaml_cpp_vendor/cmake)
[3.218s] -- Looking for ignition-gazebo6 -- found version 6.15.0
[3.293s] -- Searching for dependencies of ignition-gazebo6
[3.301s] -- Looking for sdformat12 -- found version 12.7.2
[3.301s] -- Searching for dependencies of sdformat12
[3.308s] -- Checking for module 'tinyxml2'
[3.321s] --   Found tinyxml2, version 9.0.0
[3.368s] -- Looking for ignition-math6 -- found version 6.15.0
[3.368s] -- Searching for dependencies of ignition-math6
[3.381s] -- Looking for ignition-utils1 -- found version 1.5.1
[3.382s] -- Searching for dependencies of ignition-utils1
[3.406s] -- Looking for ignition-plugin1 -- found version 1.4.0
[3.406s] -- Searching for dependencies of ignition-plugin1
[3.412s] -- Searching for <ignition-plugin1> component [loader]
[3.418s] -- Looking for ignition-plugin1-loader -- found version 1.4.0
[3.418s] -- Searching for dependencies of ignition-plugin1-loader
[3.424s] -- Searching for <ignition-plugin1> component [register]
[3.430s] -- Looking for ignition-plugin1-register -- found version 1.4.0
[3.430s] -- Searching for dependencies of ignition-plugin1-register
[3.451s] -- Looking for ignition-transport11 -- found version 11.4.1
[3.451s] -- Searching for dependencies of ignition-transport11
[3.546s] -- Found Protobuf: /usr/lib/x86_64-linux-gnu/libprotobuf.so (found version "3.12.4") 
[3.559s] -- Config-file not installed for ZeroMQ -- checking for pkg-config
[3.564s] -- Checking for module 'libzmq >= 4'
[3.599s] --   Found libzmq , version 4.3.4
[3.624s] -- Found ZeroMQ: TRUE (Required is at least version "4") 
[3.633s] -- Checking for module 'uuid'
[3.645s] --   Found uuid, version 2.37.2
[3.669s] -- Found UUID: TRUE  
[3.670s] -- Looking for ignition-utils1 -- found version 1.5.1
[3.670s] -- Searching for dependencies of ignition-utils1
[3.670s] -- Searching for <ignition-utils1> component [cli]
[3.682s] -- Looking for ignition-utils1-cli -- found version 1.5.1
[3.683s] -- Searching for dependencies of ignition-utils1-cli
[3.692s] -- Looking for ignition-msgs8 -- found version 8.7.0
[3.693s] -- Searching for dependencies of ignition-msgs8
[3.711s] -- Found Protobuf: /usr/lib/x86_64-linux-gnu/libprotobuf.so (found suitable version "3.12.4", minimum required is "3") 
[3.712s] -- Looking for ignition-math6 -- found version 6.15.0
[3.729s] -- Searching for <ignition-transport11> component [log]
[3.734s] -- Looking for ignition-transport11-log -- found version 11.4.1
[3.735s] -- Searching for dependencies of ignition-transport11-log
[3.759s] -- Searching for <ignition-transport11> component [parameters]
[3.770s] -- Looking for ignition-transport11-parameters -- found version 11.4.1
[3.772s] -- Searching for dependencies of ignition-transport11-parameters
[3.776s] -- Looking for ignition-msgs8 -- found version 8.7.0
[3.794s] -- Looking for ignition-common4 -- found version 4.7.0
[3.794s] -- Searching for dependencies of ignition-common4
[3.797s] -- Looking for dlfcn.h - found
[3.798s] -- Looking for libdl - found
[3.799s] -- Found DL: TRUE  
[3.810s] -- Searching for <ignition-common4> component [profiler]
[3.816s] -- Looking for ignition-common4-profiler -- found version 4.7.0
[3.816s] -- Searching for dependencies of ignition-common4-profiler
[3.822s] -- Searching for <ignition-common4> component [events]
[3.830s] -- Looking for ignition-common4-events -- found version 4.7.0
[3.830s] -- Searching for dependencies of ignition-common4-events
[3.830s] -- Looking for ignition-math6 -- found version 6.15.0
[3.837s] -- Searching for <ignition-common4> component [av]
[3.842s] -- Looking for ignition-common4-av -- found version 4.7.0
[3.842s] -- Searching for dependencies of ignition-common4-av
[3.849s] -- Checking for module 'libswscale'
[3.863s] --   Found libswscale, version 5.9.100
[3.886s] -- Found SWSCALE: TRUE  
[3.892s] -- Checking for module 'libavdevice >= 56.4.100'
[3.917s] --   Found libavdevice , version 58.13.100
[3.943s] -- Found AVDEVICE: TRUE (Required is at least version "56.4.100") 
[3.949s] -- Checking for module 'libavformat'
[3.958s] --   Found libavformat, version 58.76.100
[3.980s] -- Found AVFORMAT: TRUE  
[3.996s] -- Checking for module 'libavcodec'
[4.006s] --   Found libavcodec, version 58.134.100
[4.027s] -- Found AVCODEC: TRUE  
[4.032s] -- Checking for module 'libavutil'
[4.042s] --   Found libavutil, version 56.70.100
[4.066s] -- Found AVUTIL: TRUE  
[4.071s] -- Looking for ignition-fuel_tools7 -- found version 7.3.0
[4.071s] -- Searching for dependencies of ignition-fuel_tools7
[4.129s] -- Found CURL: /usr/lib/x86_64-linux-gnu/libcurl.so (found version "7.81.0")  
[4.139s] -- Checking for module 'jsoncpp'
[4.149s] --   Found jsoncpp, version 1.9.5
[4.177s] -- Found JSONCPP: TRUE  
[4.184s] -- Checking for module 'libzip'
[4.195s] --   Found libzip, version 1.7.3
[4.226s] -- Found ZIP: TRUE  
[4.227s] -- Looking for ignition-common4 -- found version 4.7.0
[4.228s] -- Looking for ignition-math6 -- found version 6.15.0
[4.228s] -- Looking for ignition-msgs8 -- found version 8.7.0
[4.234s] -- Looking for ignition-gui6 -- found version 6.8.0
[4.235s] -- Searching for dependencies of ignition-gui6
[4.272s] -- Looking for ignition-math6 -- found version 6.15.0
[4.272s] -- Looking for ignition-common4 -- found version 4.7.0
[4.273s] -- Looking for ignition-plugin1 -- found version 1.4.0
[4.274s] -- Looking for ignition-transport11 -- found version 11.4.1
[4.279s] -- Looking for ignition-rendering6 -- found version 6.6.1
[4.279s] -- Searching for dependencies of ignition-rendering6
[4.280s] -- Looking for ignition-math6 -- found version 6.15.0
[4.280s] -- Searching for dependencies of ignition-math6
[4.280s] -- Searching for <ignition-math6> component [eigen3]
[4.283s] -- Looking for ignition-math6-eigen3 -- found version 6.15.0
[4.284s] -- Searching for dependencies of ignition-math6-eigen3
[4.293s] -- Looking for ignition-common4 -- found version 4.7.0
[4.294s] -- Searching for dependencies of ignition-common4
[4.294s] -- Looking for dlfcn.h - found
[4.294s] -- Looking for libdl - found
[4.301s] -- Searching for <ignition-common4> component [graphics]
[4.304s] -- Looking for ignition-common4-graphics -- found version 4.7.0
[4.305s] -- Searching for dependencies of ignition-common4-graphics
[4.305s] -- Looking for ignition-math6 -- found version 6.15.0
[4.305s] -- Looking for ignition-utils1 -- found version 1.5.1
[4.307s] -- Searching for <ignition-common4> component [events]
[4.307s] -- Looking for ignition-plugin1 -- found version 1.4.0
[4.308s] -- Searching for dependencies of ignition-plugin1
[4.308s] -- Searching for <ignition-plugin1> component [all]
[4.311s] -- Looking for all libraries of ignition-plugin1 -- found version 1.4.0
[4.312s] -- Looking for ignition-plugin1 -- found version 1.4.0
[4.316s] -- Looking for ignition-msgs8 -- found version 8.7.0
[4.372s] -- Looking for ignition-physics5 -- found version 5.3.2
[4.372s] -- Searching for dependencies of ignition-physics5
[4.372s] -- Looking for ignition-math6 -- found version 6.15.0
[4.373s] -- Looking for ignition-plugin1 -- found version 1.4.0
[4.373s] -- Looking for ignition-utils1 -- found version 1.5.1
[4.375s] -- Searching for <ignition-physics5> component [heightmap]
[4.378s] -- Looking for ignition-physics5-heightmap -- found version 5.3.2
[4.379s] -- Searching for dependencies of ignition-physics5-heightmap
[4.380s] -- Looking for ignition-common4 -- found version 4.7.0
[4.381s] -- Searching for <ignition-physics5> component [mesh]
[4.385s] -- Looking for ignition-physics5-mesh -- found version 5.3.2
[4.386s] -- Searching for dependencies of ignition-physics5-mesh
[4.386s] -- Looking for ignition-common4 -- found version 4.7.0
[4.387s] -- Searching for <ignition-physics5> component [sdf]
[4.390s] -- Looking for ignition-physics5-sdf -- found version 5.3.2
[4.391s] -- Searching for dependencies of ignition-physics5-sdf
[4.392s] -- Looking for sdformat12 -- found version 12.7.2
[4.396s] -- Looking for ignition-sensors6 -- found version 6.7.1
[4.397s] -- Searching for dependencies of ignition-sensors6
[4.415s] -- Found Protobuf: /usr/lib/x86_64-linux-gnu/libprotobuf.so (found version "3.12.4") 
[4.416s] -- Looking for ignition-math6 -- found version 6.15.0
[4.416s] -- Looking for ignition-common4 -- found version 4.7.0
[4.417s] -- Looking for ignition-transport11 -- found version 11.4.1
[4.417s] -- Looking for ignition-rendering6 -- found version 6.6.1
[4.418s] -- Looking for ignition-msgs8 -- found version 8.7.0
[4.418s] -- Looking for sdformat12 -- found version 12.7.2
[4.419s] -- Searching for <ignition-sensors6> component [air_pressure]
[4.422s] -- Looking for ignition-sensors6-air_pressure -- found version 6.7.1
[4.423s] -- Searching for dependencies of ignition-sensors6-air_pressure
[4.423s] -- Searching for <ignition-sensors6> component [altimeter]
[4.426s] -- Looking for ignition-sensors6-altimeter -- found version 6.7.1
[4.427s] -- Searching for dependencies of ignition-sensors6-altimeter
[4.428s] -- Searching for <ignition-sensors6> component [imu]
[4.431s] -- Looking for ignition-sensors6-imu -- found version 6.7.1
[4.431s] -- Searching for dependencies of ignition-sensors6-imu
[4.432s] -- Searching for <ignition-sensors6> component [force_torque]
[4.435s] -- Looking for ignition-sensors6-force_torque -- found version 6.7.1
[4.436s] -- Searching for dependencies of ignition-sensors6-force_torque
[4.437s] -- Searching for <ignition-sensors6> component [logical_camera]
[4.439s] -- Looking for ignition-sensors6-logical_camera -- found version 6.7.1
[4.440s] -- Searching for dependencies of ignition-sensors6-logical_camera
[4.441s] -- Searching for <ignition-sensors6> component [magnetometer]
[4.444s] -- Looking for ignition-sensors6-magnetometer -- found version 6.7.1
[4.445s] -- Searching for dependencies of ignition-sensors6-magnetometer
[4.446s] -- Searching for <ignition-sensors6> component [navsat]
[4.454s] -- Looking for ignition-sensors6-navsat -- found version 6.7.1
[4.455s] -- Searching for dependencies of ignition-sensors6-navsat
[4.456s] -- Searching for <ignition-sensors6> component [rendering]
[4.461s] -- Looking for ignition-sensors6-rendering -- found version 6.7.1
[4.462s] -- Searching for dependencies of ignition-sensors6-rendering
[4.464s] -- Searching for <ignition-sensors6> component [lidar]
[4.467s] -- Looking for ignition-sensors6-lidar -- found version 6.7.1
[4.468s] -- Searching for dependencies of ignition-sensors6-lidar
[4.469s] -- Looking for ignition-sensors6 -- found version 6.7.1
[4.471s] -- Searching for <ignition-sensors6> component [gpu_lidar]
[4.473s] -- Looking for ignition-sensors6-gpu_lidar -- found version 6.7.1
[4.474s] -- Searching for dependencies of ignition-sensors6-gpu_lidar
[4.475s] -- Looking for ignition-sensors6 -- found version 6.7.1
[4.476s] -- Searching for <ignition-sensors6> component [camera]
[4.479s] -- Looking for ignition-sensors6-camera -- found version 6.7.1
[4.480s] -- Searching for dependencies of ignition-sensors6-camera
[4.480s] -- Looking for ignition-sensors6 -- found version 6.7.1
[4.482s] -- Searching for <ignition-sensors6> component [boundingbox_camera]
[4.484s] -- Looking for ignition-sensors6-boundingbox_camera -- found version 6.7.1
[4.484s] -- Searching for dependencies of ignition-sensors6-boundingbox_camera
[4.485s] -- Searching for <ignition-sensors6> component [segmentation_camera]
[4.488s] -- Looking for ignition-sensors6-segmentation_camera -- found version 6.7.1
[4.489s] -- Searching for dependencies of ignition-sensors6-segmentation_camera
[4.490s] -- Searching for <ignition-sensors6> component [depth_camera]
[4.493s] -- Looking for ignition-sensors6-depth_camera -- found version 6.7.1
[4.493s] -- Searching for dependencies of ignition-sensors6-depth_camera
[4.494s] -- Looking for ignition-sensors6 -- found version 6.7.1
[4.495s] -- Searching for <ignition-sensors6> component [rgbd_camera]
[4.499s] -- Looking for ignition-sensors6-rgbd_camera -- found version 6.7.1
[4.500s] -- Searching for dependencies of ignition-sensors6-rgbd_camera
[4.500s] -- Looking for ignition-sensors6 -- found version 6.7.1
[4.501s] -- Searching for <ignition-sensors6> component [thermal_camera]
[4.505s] -- Looking for ignition-sensors6-thermal_camera -- found version 6.7.1
[4.505s] -- Searching for dependencies of ignition-sensors6-thermal_camera
[4.505s] -- Looking for ignition-sensors6 -- found version 6.7.1
[4.507s] -- Looking for ignition-rendering6 -- found version 6.6.1
[4.508s] -- Looking for ignition-math6 -- found version 6.15.0
[4.511s] -- Looking for ignition-utils1 -- found version 1.5.1
[4.530s] -- Compiling against Ignition Fortress
[4.530s] -- Looking for ignition-plugin1 -- found version 1.4.0
[5.187s] -- Found ament_lint_auto: 0.12.9 (/opt/ros/humble/share/ament_lint_auto/cmake)
[5.324s] -- Added test 'copyright' to check source files copyright and LICENSE
[5.326s] -- Added test 'cppcheck' to perform static code analysis on C / C++ code
[5.327s] -- Configured cppcheck include dirs: /catkin_ws/rover_sim_ws/src/gz_ros2_control/ign_ros2_control/include
[5.327s] -- Configured cppcheck exclude dirs and/or files: 
[5.329s] -- Added test 'cpplint' to check C / C++ code against the Google style
[5.329s] -- Configured cpplint exclude dirs and/or files: 
[5.330s] -- Added test 'lint_cmake' to check CMake code style
[5.332s] -- Added test 'uncrustify' to check C / C++ code style
[5.332s] -- Configured uncrustify additional arguments: 
[5.333s] -- Added test 'xmllint' to check XML markup files
[5.339s] -- Configuring done
[5.678s] -- Generating done
[5.681s] -- Build files have been written to: /catkin_ws/rover_sim_ws/build/ign_ros2_control
[5.698s] Invoked command in '/catkin_ws/rover_sim_ws/build/ign_ros2_control' returned '0': CMAKE_PREFIX_PATH=${CMAKE_PREFIX_PATH}:/opt/ros/humble /usr/bin/cmake /catkin_ws/rover_sim_ws/src/gz_ros2_control/ign_ros2_control -DCMAKE_INSTALL_PREFIX=/catkin_ws/rover_sim_ws/install/ign_ros2_control
[5.702s] Invoking command in '/catkin_ws/rover_sim_ws/build/ign_ros2_control': CMAKE_PREFIX_PATH=${CMAKE_PREFIX_PATH}:/opt/ros/humble /usr/bin/cmake --build /catkin_ws/rover_sim_ws/build/ign_ros2_control -- -j8 -l8
[5.755s] [ 25%] [32mBuilding CXX object CMakeFiles/ign_ros2_control-system.dir/src/ign_ros2_control_plugin.cpp.o[0m
[5.758s] [ 50%] [32mBuilding CXX object CMakeFiles/ign_hardware_plugins.dir/src/ign_system.cpp.o[0m
[32.892s] [100%] [32m[1mLinking CXX shared library libign_hardware_plugins.so[0m
[32.892s] [100%] [32m[1mLinking CXX shared library libign_ros2_control-system.so[0m
[33.767s] [100%] Built target ign_hardware_plugins
[33.825s] [100%] Built target ign_ros2_control-system
[33.833s] Invoked command in '/catkin_ws/rover_sim_ws/build/ign_ros2_control' returned '0': CMAKE_PREFIX_PATH=${CMAKE_PREFIX_PATH}:/opt/ros/humble /usr/bin/cmake --build /catkin_ws/rover_sim_ws/build/ign_ros2_control -- -j8 -l8
[33.858s] Invoking command in '/catkin_ws/rover_sim_ws/build/ign_ros2_control': CMAKE_PREFIX_PATH=${CMAKE_PREFIX_PATH}:/opt/ros/humble /usr/bin/cmake --install /catkin_ws/rover_sim_ws/build/ign_ros2_control
[33.863s] -- Install configuration: ""
[33.864s] -- Installing: /catkin_ws/rover_sim_ws/install/ign_ros2_control/lib/libign_hardware_plugins.so
[33.867s] -- Set runtime path of "/catkin_ws/rover_sim_ws/install/ign_ros2_control/lib/libign_hardware_plugins.so" to ""
[33.867s] -- Installing: /catkin_ws/rover_sim_ws/install/ign_ros2_control/include
[33.867s] -- Installing: /catkin_ws/rover_sim_ws/install/ign_ros2_control/include/ign_ros2_control
[33.867s] -- Installing: /catkin_ws/rover_sim_ws/install/ign_ros2_control/include/ign_ros2_control/ign_ros2_control_plugin.hpp
[33.867s] -- Installing: /catkin_ws/rover_sim_ws/install/ign_ros2_control/include/ign_ros2_control/ign_system.hpp
[33.868s] -- Installing: /catkin_ws/rover_sim_ws/install/ign_ros2_control/include/ign_ros2_control/ign_system_interface.hpp
[33.868s] -- Installing: /catkin_ws/rover_sim_ws/install/ign_ros2_control/share/ign_ros2_control/environment/library_path.sh
[33.868s] -- Installing: /catkin_ws/rover_sim_ws/install/ign_ros2_control/share/ign_ros2_control/environment/library_path.dsv
[33.868s] -- Installing: /catkin_ws/rover_sim_ws/install/ign_ros2_control/lib/libign_ros2_control-system.so
[33.871s] -- Set runtime path of "/catkin_ws/rover_sim_ws/install/ign_ros2_control/lib/libign_ros2_control-system.so" to ""
[33.871s] -- Installing: /catkin_ws/rover_sim_ws/install/ign_ros2_control/share/ign_ros2_control/ign_hardware_plugins.xml
[33.872s] -- Installing: /catkin_ws/rover_sim_ws/install/ign_ros2_control/share/ament_index/resource_index/package_run_dependencies/ign_ros2_control
[33.873s] -- Installing: /catkin_ws/rover_sim_ws/install/ign_ros2_control/share/ament_index/resource_index/parent_prefix_path/ign_ros2_control
[33.873s] -- Installing: /catkin_ws/rover_sim_ws/install/ign_ros2_control/share/ign_ros2_control/environment/ament_prefix_path.sh
[33.873s] -- Installing: /catkin_ws/rover_sim_ws/install/ign_ros2_control/share/ign_ros2_control/environment/ament_prefix_path.dsv
[33.874s] -- Installing: /catkin_ws/rover_sim_ws/install/ign_ros2_control/share/ign_ros2_control/environment/path.sh
[33.874s] -- Installing: /catkin_ws/rover_sim_ws/install/ign_ros2_control/share/ign_ros2_control/environment/path.dsv
[33.874s] -- Installing: /catkin_ws/rover_sim_ws/install/ign_ros2_control/share/ign_ros2_control/local_setup.bash
[33.875s] -- Installing: /catkin_ws/rover_sim_ws/install/ign_ros2_control/share/ign_ros2_control/local_setup.sh
[33.875s] -- Installing: /catkin_ws/rover_sim_ws/install/ign_ros2_control/share/ign_ros2_control/local_setup.zsh
[33.875s] -- Installing: /catkin_ws/rover_sim_ws/install/ign_ros2_control/share/ign_ros2_control/local_setup.dsv
[33.875s] -- Installing: /catkin_ws/rover_sim_ws/install/ign_ros2_control/share/ign_ros2_control/package.dsv
[33.876s] -- Installing: /catkin_ws/rover_sim_ws/install/ign_ros2_control/share/ament_index/resource_index/packages/ign_ros2_control
[33.876s] -- Installing: /catkin_ws/rover_sim_ws/install/ign_ros2_control/share/ament_index/resource_index/ign_ros2_control__pluginlib__plugin/ign_ros2_control
[33.877s] -- Installing: /catkin_ws/rover_sim_ws/install/ign_ros2_control/share/ign_ros2_control/cmake/ament_cmake_export_include_directories-extras.cmake
[33.877s] -- Installing: /catkin_ws/rover_sim_ws/install/ign_ros2_control/share/ign_ros2_control/cmake/ament_cmake_export_libraries-extras.cmake
[33.877s] -- Installing: /catkin_ws/rover_sim_ws/install/ign_ros2_control/share/ign_ros2_control/cmake/ign_ros2_controlConfig.cmake
[33.878s] -- Installing: /catkin_ws/rover_sim_ws/install/ign_ros2_control/share/ign_ros2_control/cmake/ign_ros2_controlConfig-version.cmake
[33.878s] -- Installing: /catkin_ws/rover_sim_ws/install/ign_ros2_control/share/ign_ros2_control/package.xml
[33.881s] Invoked command in '/catkin_ws/rover_sim_ws/build/ign_ros2_control' returned '0': CMAKE_PREFIX_PATH=${CMAKE_PREFIX_PATH}:/opt/ros/humble /usr/bin/cmake --install /catkin_ws/rover_sim_ws/build/ign_ros2_control
