[0.193s] Invoking command in '/catkin_ws/rover_sim_ws/build/ros_gz_sim': CMAKE_PREFIX_PATH=${CMAKE_PREFIX_PATH}:/opt/ros/humble /usr/bin/cmake /catkin_ws/rover_sim_ws/src/ros_gz_sim -DCMAKE_INSTALL_PREFIX=/catkin_ws/rover_sim_ws/install/ros_gz_sim
[0.207s] -- Found ament_cmake: 1.3.6 (/opt/ros/humble/share/ament_cmake/cmake)
[0.454s] -- Found rclcpp: 16.0.7 (/opt/ros/humble/share/rclcpp/cmake)
[0.505s] -- Found rosidl_generator_c: 3.1.5 (/opt/ros/humble/share/rosidl_generator_c/cmake)
[0.510s] -- Found rosidl_adapter: 3.1.5 (/opt/ros/humble/share/rosidl_adapter/cmake)
[0.518s] -- Found rosidl_generator_cpp: 3.1.5 (/opt/ros/humble/share/rosidl_generator_cpp/cmake)
[0.536s] -- Using all available rosidl_typesupport_c: rosidl_typesupport_fastrtps_c;rosidl_typesupport_introspection_c
[0.564s] -- Using all available rosidl_typesupport_cpp: rosidl_typesupport_fastrtps_cpp;rosidl_typesupport_introspection_cpp
[0.639s] -- Found rmw_implementation_cmake: 6.1.1 (/opt/ros/humble/share/rmw_implementation_cmake/cmake)
[0.641s] -- Found rmw_fastrtps_cpp: 6.2.5 (/opt/ros/humble/share/rmw_fastrtps_cpp/cmake)
[0.803s] -- Using RMW implementation 'rmw_fastrtps_cpp' as default
[1.052s] -- Looking for gz-math7 -- found version 7.3.0
[1.060s] -- Searching for dependencies of gz-math7
[1.061s] -- Looking for gz-utils2 -- found version 2.2.0
[1.061s] -- Searching for dependencies of gz-utils2
[1.065s] -- Looking for gz-transport12 -- found version 12.2.1
[1.066s] -- Searching for dependencies of gz-transport12
[1.097s] -- Found Protobuf: /usr/lib/x86_64-linux-gnu/libprotobuf.so (found version "3.12.4") 
[1.113s] -- Config-file not installed for ZeroMQ -- checking for pkg-config
[1.117s] -- Checking for module 'libzmq >= 4'
[1.131s] --   Found libzmq , version 4.3.4
[1.207s] -- Found ZeroMQ: TRUE (Required is at least version "4") 
[1.227s] -- Checking for module 'uuid'
[1.242s] --   Found uuid, version 2.37.2
[1.250s] -- Found UUID: TRUE  
[1.250s] -- Looking for gz-utils2 -- found version 2.2.0
[1.251s] -- Searching for dependencies of gz-utils2
[1.251s] -- Searching for <gz-utils2> component [cli]
[1.251s] -- Looking for gz-utils2-cli -- found version 2.2.0
[1.251s] -- Searching for dependencies of gz-utils2-cli
[1.251s] -- Looking for gz-msgs9 -- found version 9.5.0
[1.252s] -- Searching for dependencies of gz-msgs9
[1.265s] -- Looking for gz-math7 -- found version 7.3.0
[1.270s] -- Checking for module 'tinyxml2'
[1.282s] --   Found tinyxml2, version 9.0.0
[1.315s] -- Looking for gz-msgs9 -- found version 9.5.0
[1.321s] [31mCMake Error at CMakeLists.txt:31 (find_package):
[1.321s]   By not providing "Findgz-sim7.cmake" in CMAKE_MODULE_PATH this project has
[1.322s]   asked CMake to find a package configuration file provided by "gz-sim7", but
[1.322s]   CMake did not find one.
[1.322s] 
[1.322s]   Could not find a package configuration file provided by "gz-sim7" with any
[1.322s]   of the following names:
[1.323s] 
[1.323s]     gz-sim7Config.cmake
[1.323s]     gz-sim7-config.cmake
[1.323s] 
[1.323s]   Add the installation prefix of "gz-sim7" to CMAKE_PREFIX_PATH or set
[1.323s]   "gz-sim7_DIR" to a directory containing one of the above files.  If
[1.324s]   "gz-sim7" provides a separate development package or SDK, be sure it has
[1.324s]   been installed.
[1.324s] 
[1.325s] [0m
[1.325s] -- Configuring incomplete, errors occurred!
[1.325s] See also "/catkin_ws/rover_sim_ws/build/ros_gz_sim/CMakeFiles/CMakeOutput.log".
