[0.106s] Invoking command in '/catkin_ws/rover_sim_ws/src/build/turtlebot3_msgs': /usr/bin/cmake /catkin_ws/rover_sim_ws/src/turtlebot3_msgs -DCATKIN_INSTALL_INTO_PREFIX_ROOT=0 -DCMAKE_INSTALL_PREFIX=/catkin_ws/rover_sim_ws/src/install/turtlebot3_msgs
[0.110s] [0mCMake Deprecation Warning at CMakeLists.txt:4 (cmake_minimum_required):
[0.110s]   Compatibility with CMake < 2.8.12 will be removed from a future version of
[0.111s]   CMake.
[0.111s] 
[0.111s]   Update the VERSION argument <min> value or use a ...<max> suffix to tell
[0.111s]   CMake that the project does not need compatibility with older versions.
[0.111s] 
[0.111s] [0m
[0.184s] -- The C compiler identification is GNU 11.4.0
[0.251s] -- The CXX compiler identification is GNU 11.4.0
[0.258s] -- Detecting C compiler ABI info
[0.375s] -- Detecting C compiler ABI info - done
[0.389s] -- Check for working C compiler: /usr/bin/cc - skipped
[0.390s] -- Detecting C compile features
[0.390s] -- Detecting C compile features - done
[0.395s] -- Detecting CXX compiler ABI info
[5.510s] -- Detecting CXX compiler ABI info - done
[5.538s] -- Check for working CXX compiler: /usr/bin/c++ - skipped
[5.539s] -- Detecting CXX compile features
[5.541s] -- Detecting CXX compile features - done
[6.654s] [31mCMake Error at CMakeLists.txt:10 (find_package):
[6.654s]   By not providing "Findcatkin.cmake" in CMAKE_MODULE_PATH this project has
[6.654s]   asked CMake to find a package configuration file provided by "catkin", but
[6.655s]   CMake did not find one.
[6.655s] 
[6.655s]   Could not find a package configuration file provided by "catkin" with any
[6.655s]   of the following names:
[6.655s] 
[6.655s]     catkinConfig.cmake
[6.655s]     catkin-config.cmake
[6.655s] 
[6.655s]   Add the installation prefix of "catkin" to CMAKE_PREFIX_PATH or set
[6.656s]   "catkin_DIR" to a directory containing one of the above files.  If "catkin"
[6.656s]   provides a separate development package or SDK, be sure it has been
[6.656s]   installed.
[6.656s] 
[6.656s] [0m
[6.656s] -- Configuring incomplete, errors occurred!
[6.656s] See also "/catkin_ws/rover_sim_ws/src/build/turtlebot3_msgs/CMakeFiles/CMakeOutput.log".
[6.658s] Invoked command in '/catkin_ws/rover_sim_ws/src/build/turtlebot3_msgs' returned '1': /usr/bin/cmake /catkin_ws/rover_sim_ws/src/turtlebot3_msgs -DCATKIN_INSTALL_INTO_PREFIX_ROOT=0 -DCMAKE_INSTALL_PREFIX=/catkin_ws/rover_sim_ws/src/install/turtlebot3_msgs
