[0.078s] Invoking command in '/catkin_ws/rover_sim_ws/build/turtlebot3_gazebo': CMAKE_PREFIX_PATH=/opt/ros/humble /usr/bin/cmake --build /catkin_ws/rover_sim_ws/build/turtlebot3_gazebo -- -j8 -l8
[0.180s] [ 12%] [32mBuilding CXX object CMakeFiles/obstacle2.dir/models/turtlebot3_dqn_world/obstacle_plugin/obstacle2.cc.o[0m
[0.180s] [ 25%] [32mBuilding CXX object CMakeFiles/obstacle1.dir/models/turtlebot3_dqn_world/obstacle_plugin/obstacle1.cc.o[0m
[0.181s] [ 50%] [32mBuilding CXX object CMakeFiles/turtlebot3_drive.dir/src/turtlebot3_drive.cpp.o[0m
[0.181s] [ 50%] [32mBuilding CXX object CMakeFiles/obstacles.dir/models/turtlebot3_dqn_world/obstacle_plugin/obstacles.cc.o[0m
[94.496s] [ 62%] [32m[1mLinking CXX executable turtlebot3_drive[0m
[96.266s] [ 62%] Built target turtlebot3_drive
[103.985s] [ 75%] [32m[1mLinking CXX shared library libobstacles.so[0m
[104.028s] [ 87%] [32m[1mLinking CXX shared library libobstacle2.so[0m
[104.094s] [100%] [32m[1mLinking CXX shared library libobstacle1.so[0m
[104.749s] [100%] Built target obstacle2
[104.757s] [100%] Built target obstacles
[104.766s] [100%] Built target obstacle1
[104.802s] Invoked command in '/catkin_ws/rover_sim_ws/build/turtlebot3_gazebo' returned '0': CMAKE_PREFIX_PATH=/opt/ros/humble /usr/bin/cmake --build /catkin_ws/rover_sim_ws/build/turtlebot3_gazebo -- -j8 -l8
[104.858s] Invoking command in '/catkin_ws/rover_sim_ws/build/turtlebot3_gazebo': CMAKE_PREFIX_PATH=/opt/ros/humble /usr/bin/cmake --install /catkin_ws/rover_sim_ws/build/turtlebot3_gazebo
[104.867s] -- Install configuration: ""
[104.868s] -- Installing: /catkin_ws/rover_sim_ws/install/turtlebot3_gazebo/lib/turtlebot3_gazebo/turtlebot3_drive
[104.877s] -- Set runtime path of "/catkin_ws/rover_sim_ws/install/turtlebot3_gazebo/lib/turtlebot3_gazebo/turtlebot3_drive" to ""
[104.877s] -- Installing: /catkin_ws/rover_sim_ws/install/turtlebot3_gazebo/share/turtlebot3_gazebo//launch
[104.878s] -- Installing: /catkin_ws/rover_sim_ws/install/turtlebot3_gazebo/share/turtlebot3_gazebo//launch/turtlebot3_dqn_stage2.launch.py
[104.879s] -- Installing: /catkin_ws/rover_sim_ws/install/turtlebot3_gazebo/share/turtlebot3_gazebo//launch/robot_state_publisher.launch.py
[104.880s] -- Installing: /catkin_ws/rover_sim_ws/install/turtlebot3_gazebo/share/turtlebot3_gazebo//launch/turtlebot3_dqn_stage4.launch.py
[104.880s] -- Installing: /catkin_ws/rover_sim_ws/install/turtlebot3_gazebo/share/turtlebot3_gazebo//launch/turtlebot3_world.launch.py
[104.881s] -- Installing: /catkin_ws/rover_sim_ws/install/turtlebot3_gazebo/share/turtlebot3_gazebo//launch/turtlebot3_house.launch.py
[104.881s] -- Installing: /catkin_ws/rover_sim_ws/install/turtlebot3_gazebo/share/turtlebot3_gazebo//launch/spawn_turtlebot3.launch.py
[104.882s] -- Installing: /catkin_ws/rover_sim_ws/install/turtlebot3_gazebo/share/turtlebot3_gazebo//launch/empty_world.launch.py
[104.882s] -- Installing: /catkin_ws/rover_sim_ws/install/turtlebot3_gazebo/share/turtlebot3_gazebo//launch/turtlebot3_dqn_stage3.launch.py
[104.883s] -- Installing: /catkin_ws/rover_sim_ws/install/turtlebot3_gazebo/share/turtlebot3_gazebo//launch/turtlebot3_dqn_stage1.launch.py
[104.884s] -- Installing: /catkin_ws/rover_sim_ws/install/turtlebot3_gazebo/share/turtlebot3_gazebo//models
[104.885s] -- Installing: /catkin_ws/rover_sim_ws/install/turtlebot3_gazebo/share/turtlebot3_gazebo//models/turtlebot3_waffle
[104.885s] -- Installing: /catkin_ws/rover_sim_ws/install/turtlebot3_gazebo/share/turtlebot3_gazebo//models/turtlebot3_waffle/model-1_4.sdf
[104.886s] -- Installing: /catkin_ws/rover_sim_ws/install/turtlebot3_gazebo/share/turtlebot3_gazebo//models/turtlebot3_waffle/model.sdf
[104.887s] -- Installing: /catkin_ws/rover_sim_ws/install/turtlebot3_gazebo/share/turtlebot3_gazebo//models/turtlebot3_waffle/model.config
[104.887s] -- Installing: /catkin_ws/rover_sim_ws/install/turtlebot3_gazebo/share/turtlebot3_gazebo//models/turtlebot3_burger
[104.888s] -- Installing: /catkin_ws/rover_sim_ws/install/turtlebot3_gazebo/share/turtlebot3_gazebo//models/turtlebot3_burger/model-1_4.sdf
[104.888s] -- Installing: /catkin_ws/rover_sim_ws/install/turtlebot3_gazebo/share/turtlebot3_gazebo//models/turtlebot3_burger/model.sdf
[104.889s] -- Installing: /catkin_ws/rover_sim_ws/install/turtlebot3_gazebo/share/turtlebot3_gazebo//models/turtlebot3_burger/model.config
[104.889s] -- Installing: /catkin_ws/rover_sim_ws/install/turtlebot3_gazebo/share/turtlebot3_gazebo//models/turtlebot3_house
[104.890s] -- Installing: /catkin_ws/rover_sim_ws/install/turtlebot3_gazebo/share/turtlebot3_gazebo//models/turtlebot3_house/model.sdf
[104.892s] -- Installing: /catkin_ws/rover_sim_ws/install/turtlebot3_gazebo/share/turtlebot3_gazebo//models/turtlebot3_house/model.config
[104.893s] -- Installing: /catkin_ws/rover_sim_ws/install/turtlebot3_gazebo/share/turtlebot3_gazebo//models/turtlebot3_waffle_pi
[104.893s] -- Installing: /catkin_ws/rover_sim_ws/install/turtlebot3_gazebo/share/turtlebot3_gazebo//models/turtlebot3_waffle_pi/model.sdf
[104.894s] -- Installing: /catkin_ws/rover_sim_ws/install/turtlebot3_gazebo/share/turtlebot3_gazebo//models/turtlebot3_waffle_pi/model-1_4_.sdf
[104.895s] -- Installing: /catkin_ws/rover_sim_ws/install/turtlebot3_gazebo/share/turtlebot3_gazebo//models/turtlebot3_waffle_pi/model.config
[104.895s] -- Installing: /catkin_ws/rover_sim_ws/install/turtlebot3_gazebo/share/turtlebot3_gazebo//models/turtlebot3_dqn_world
[104.896s] -- Installing: /catkin_ws/rover_sim_ws/install/turtlebot3_gazebo/share/turtlebot3_gazebo//models/turtlebot3_dqn_world/obstacle_plugin
[104.897s] -- Installing: /catkin_ws/rover_sim_ws/install/turtlebot3_gazebo/share/turtlebot3_gazebo//models/turtlebot3_dqn_world/obstacle_plugin/CMakeLists.txt
[104.897s] -- Installing: /catkin_ws/rover_sim_ws/install/turtlebot3_gazebo/share/turtlebot3_gazebo//models/turtlebot3_dqn_world/obstacle_plugin/obstacle1.cc
[104.898s] -- Installing: /catkin_ws/rover_sim_ws/install/turtlebot3_gazebo/share/turtlebot3_gazebo//models/turtlebot3_dqn_world/obstacle_plugin/obstacles.cc
[104.898s] -- Installing: /catkin_ws/rover_sim_ws/install/turtlebot3_gazebo/share/turtlebot3_gazebo//models/turtlebot3_dqn_world/obstacle_plugin/obstacle2.cc
[104.899s] -- Installing: /catkin_ws/rover_sim_ws/install/turtlebot3_gazebo/share/turtlebot3_gazebo//models/turtlebot3_dqn_world/goal_box
[104.900s] -- Installing: /catkin_ws/rover_sim_ws/install/turtlebot3_gazebo/share/turtlebot3_gazebo//models/turtlebot3_dqn_world/goal_box/model.sdf
[104.900s] -- Installing: /catkin_ws/rover_sim_ws/install/turtlebot3_gazebo/share/turtlebot3_gazebo//models/turtlebot3_dqn_world/goal_box/model.config
[104.901s] -- Installing: /catkin_ws/rover_sim_ws/install/turtlebot3_gazebo/share/turtlebot3_gazebo//models/turtlebot3_dqn_world/inner_walls
[104.902s] -- Installing: /catkin_ws/rover_sim_ws/install/turtlebot3_gazebo/share/turtlebot3_gazebo//models/turtlebot3_dqn_world/inner_walls/model.sdf
[104.902s] -- Installing: /catkin_ws/rover_sim_ws/install/turtlebot3_gazebo/share/turtlebot3_gazebo//models/turtlebot3_dqn_world/inner_walls/model.config
[104.903s] -- Installing: /catkin_ws/rover_sim_ws/install/turtlebot3_gazebo/share/turtlebot3_gazebo//models/turtlebot3_dqn_world/obstacles
[104.904s] -- Installing: /catkin_ws/rover_sim_ws/install/turtlebot3_gazebo/share/turtlebot3_gazebo//models/turtlebot3_dqn_world/obstacles/model.sdf
[104.904s] -- Installing: /catkin_ws/rover_sim_ws/install/turtlebot3_gazebo/share/turtlebot3_gazebo//models/turtlebot3_dqn_world/obstacles/model.config
[104.905s] -- Installing: /catkin_ws/rover_sim_ws/install/turtlebot3_gazebo/share/turtlebot3_gazebo//models/turtlebot3_dqn_world/model.sdf
[104.905s] -- Installing: /catkin_ws/rover_sim_ws/install/turtlebot3_gazebo/share/turtlebot3_gazebo//models/turtlebot3_dqn_world/obstacle1
[104.905s] -- Installing: /catkin_ws/rover_sim_ws/install/turtlebot3_gazebo/share/turtlebot3_gazebo//models/turtlebot3_dqn_world/obstacle1/model.sdf
[104.906s] -- Installing: /catkin_ws/rover_sim_ws/install/turtlebot3_gazebo/share/turtlebot3_gazebo//models/turtlebot3_dqn_world/obstacle1/model.config
[104.907s] -- Installing: /catkin_ws/rover_sim_ws/install/turtlebot3_gazebo/share/turtlebot3_gazebo//models/turtlebot3_dqn_world/obstacle2
[104.908s] -- Installing: /catkin_ws/rover_sim_ws/install/turtlebot3_gazebo/share/turtlebot3_gazebo//models/turtlebot3_dqn_world/obstacle2/model.sdf
[104.908s] -- Installing: /catkin_ws/rover_sim_ws/install/turtlebot3_gazebo/share/turtlebot3_gazebo//models/turtlebot3_dqn_world/obstacle2/model.config
[104.909s] -- Installing: /catkin_ws/rover_sim_ws/install/turtlebot3_gazebo/share/turtlebot3_gazebo//models/turtlebot3_dqn_world/model.config
[104.909s] -- Installing: /catkin_ws/rover_sim_ws/install/turtlebot3_gazebo/share/turtlebot3_gazebo//models/turtlebot3_common
[104.910s] -- Installing: /catkin_ws/rover_sim_ws/install/turtlebot3_gazebo/share/turtlebot3_gazebo//models/turtlebot3_common/meshes
[104.910s] -- Installing: /catkin_ws/rover_sim_ws/install/turtlebot3_gazebo/share/turtlebot3_gazebo//models/turtlebot3_common/meshes/burger_base.dae
[104.911s] -- Installing: /catkin_ws/rover_sim_ws/install/turtlebot3_gazebo/share/turtlebot3_gazebo//models/turtlebot3_common/meshes/tire.dae
[104.912s] -- Installing: /catkin_ws/rover_sim_ws/install/turtlebot3_gazebo/share/turtlebot3_gazebo//models/turtlebot3_common/meshes/lds.dae
[104.913s] -- Installing: /catkin_ws/rover_sim_ws/install/turtlebot3_gazebo/share/turtlebot3_gazebo//models/turtlebot3_common/meshes/waffle_base.dae
[104.913s] -- Installing: /catkin_ws/rover_sim_ws/install/turtlebot3_gazebo/share/turtlebot3_gazebo//models/turtlebot3_common/meshes/waffle_pi_base.dae
[104.914s] -- Installing: /catkin_ws/rover_sim_ws/install/turtlebot3_gazebo/share/turtlebot3_gazebo//models/turtlebot3_common/meshes/r200.dae
[104.915s] -- Installing: /catkin_ws/rover_sim_ws/install/turtlebot3_gazebo/share/turtlebot3_gazebo//models/turtlebot3_common/model.config
[104.916s] -- Installing: /catkin_ws/rover_sim_ws/install/turtlebot3_gazebo/share/turtlebot3_gazebo//models/turtlebot3_world
[104.917s] -- Installing: /catkin_ws/rover_sim_ws/install/turtlebot3_gazebo/share/turtlebot3_gazebo//models/turtlebot3_world/model-1_4.sdf
[104.918s] -- Installing: /catkin_ws/rover_sim_ws/install/turtlebot3_gazebo/share/turtlebot3_gazebo//models/turtlebot3_world/model.sdf
[104.918s] -- Installing: /catkin_ws/rover_sim_ws/install/turtlebot3_gazebo/share/turtlebot3_gazebo//models/turtlebot3_world/meshes
[104.919s] -- Installing: /catkin_ws/rover_sim_ws/install/turtlebot3_gazebo/share/turtlebot3_gazebo//models/turtlebot3_world/meshes/hexagon.dae
[104.920s] -- Installing: /catkin_ws/rover_sim_ws/install/turtlebot3_gazebo/share/turtlebot3_gazebo//models/turtlebot3_world/meshes/wall.dae
[104.921s] -- Installing: /catkin_ws/rover_sim_ws/install/turtlebot3_gazebo/share/turtlebot3_gazebo//models/turtlebot3_world/model.config
[104.922s] -- Installing: /catkin_ws/rover_sim_ws/install/turtlebot3_gazebo/share/turtlebot3_gazebo//rviz
[104.923s] -- Installing: /catkin_ws/rover_sim_ws/install/turtlebot3_gazebo/share/turtlebot3_gazebo//rviz/tb3_gazebo.rviz
[104.923s] -- Installing: /catkin_ws/rover_sim_ws/install/turtlebot3_gazebo/share/turtlebot3_gazebo//urdf
[104.923s] -- Installing: /catkin_ws/rover_sim_ws/install/turtlebot3_gazebo/share/turtlebot3_gazebo//urdf/turtlebot3_burger.urdf
[104.924s] -- Installing: /catkin_ws/rover_sim_ws/install/turtlebot3_gazebo/share/turtlebot3_gazebo//urdf/turtlebot3_waffle_pi.urdf
[104.924s] -- Installing: /catkin_ws/rover_sim_ws/install/turtlebot3_gazebo/share/turtlebot3_gazebo//urdf/common_properties.urdf
[104.925s] -- Installing: /catkin_ws/rover_sim_ws/install/turtlebot3_gazebo/share/turtlebot3_gazebo//urdf/turtlebot3_waffle.urdf
[104.925s] -- Installing: /catkin_ws/rover_sim_ws/install/turtlebot3_gazebo/share/turtlebot3_gazebo//worlds
[104.926s] -- Installing: /catkin_ws/rover_sim_ws/install/turtlebot3_gazebo/share/turtlebot3_gazebo//worlds/turtlebot3_dqn_stage3.world
[104.926s] -- Installing: /catkin_ws/rover_sim_ws/install/turtlebot3_gazebo/share/turtlebot3_gazebo//worlds/turtlebot3_dqn_stage4.world
[104.927s] -- Installing: /catkin_ws/rover_sim_ws/install/turtlebot3_gazebo/share/turtlebot3_gazebo//worlds/turtlebot3_dqn_stage2.world
[104.927s] -- Installing: /catkin_ws/rover_sim_ws/install/turtlebot3_gazebo/share/turtlebot3_gazebo//worlds/turtlebot3_house.world
[104.928s] -- Installing: /catkin_ws/rover_sim_ws/install/turtlebot3_gazebo/share/turtlebot3_gazebo//worlds/empty_world.world
[104.929s] -- Installing: /catkin_ws/rover_sim_ws/install/turtlebot3_gazebo/share/turtlebot3_gazebo//worlds/turtlebot3_dqn_stage1.world
[104.929s] -- Installing: /catkin_ws/rover_sim_ws/install/turtlebot3_gazebo/share/turtlebot3_gazebo//worlds/turtlebot3_world.world
[104.930s] -- Installing: /catkin_ws/rover_sim_ws/install/turtlebot3_gazebo/include/
[104.930s] -- Installing: /catkin_ws/rover_sim_ws/install/turtlebot3_gazebo/include//turtlebot3_gazebo
[104.931s] -- Installing: /catkin_ws/rover_sim_ws/install/turtlebot3_gazebo/include//turtlebot3_gazebo/turtlebot3_drive.hpp
[104.932s] -- Installing: /catkin_ws/rover_sim_ws/install/turtlebot3_gazebo/share/ament_index/resource_index/package_run_dependencies/turtlebot3_gazebo
[104.933s] -- Installing: /catkin_ws/rover_sim_ws/install/turtlebot3_gazebo/share/ament_index/resource_index/parent_prefix_path/turtlebot3_gazebo
[104.934s] -- Installing: /catkin_ws/rover_sim_ws/install/turtlebot3_gazebo/share/turtlebot3_gazebo/environment/ament_prefix_path.sh
[104.934s] -- Installing: /catkin_ws/rover_sim_ws/install/turtlebot3_gazebo/share/turtlebot3_gazebo/environment/ament_prefix_path.dsv
[104.935s] -- Installing: /catkin_ws/rover_sim_ws/install/turtlebot3_gazebo/share/turtlebot3_gazebo/environment/path.sh
[104.935s] -- Installing: /catkin_ws/rover_sim_ws/install/turtlebot3_gazebo/share/turtlebot3_gazebo/environment/path.dsv
[104.935s] -- Installing: /catkin_ws/rover_sim_ws/install/turtlebot3_gazebo/share/turtlebot3_gazebo/local_setup.bash
[104.936s] -- Installing: /catkin_ws/rover_sim_ws/install/turtlebot3_gazebo/share/turtlebot3_gazebo/local_setup.sh
[104.936s] -- Installing: /catkin_ws/rover_sim_ws/install/turtlebot3_gazebo/share/turtlebot3_gazebo/local_setup.zsh
[104.937s] -- Installing: /catkin_ws/rover_sim_ws/install/turtlebot3_gazebo/share/turtlebot3_gazebo/local_setup.dsv
[104.937s] -- Installing: /catkin_ws/rover_sim_ws/install/turtlebot3_gazebo/share/turtlebot3_gazebo/package.dsv
[104.938s] -- Installing: /catkin_ws/rover_sim_ws/install/turtlebot3_gazebo/share/ament_index/resource_index/packages/turtlebot3_gazebo
[104.938s] -- Installing: /catkin_ws/rover_sim_ws/install/turtlebot3_gazebo/share/turtlebot3_gazebo/cmake/ament_cmake_export_include_directories-extras.cmake
[104.939s] -- Installing: /catkin_ws/rover_sim_ws/install/turtlebot3_gazebo/share/turtlebot3_gazebo/cmake/ament_cmake_export_dependencies-extras.cmake
[104.939s] -- Installing: /catkin_ws/rover_sim_ws/install/turtlebot3_gazebo/share/turtlebot3_gazebo/cmake/turtlebot3_gazeboConfig.cmake
[104.940s] -- Installing: /catkin_ws/rover_sim_ws/install/turtlebot3_gazebo/share/turtlebot3_gazebo/cmake/turtlebot3_gazeboConfig-version.cmake
[104.940s] -- Installing: /catkin_ws/rover_sim_ws/install/turtlebot3_gazebo/share/turtlebot3_gazebo/package.xml
[104.943s] Invoked command in '/catkin_ws/rover_sim_ws/build/turtlebot3_gazebo' returned '0': CMAKE_PREFIX_PATH=/opt/ros/humble /usr/bin/cmake --install /catkin_ws/rover_sim_ws/build/turtlebot3_gazebo
