[0.675s] Invoking command in '/catkin_ws/rover_sim_ws/build/turtlebot3_fake_node': CMAKE_PREFIX_PATH=/opt/ros/humble /usr/bin/cmake /catkin_ws/rover_sim_ws/src/turtlebot3_simulations/turtlebot3_fake_node -DCMAKE_INSTALL_PREFIX=/catkin_ws/rover_sim_ws/install/turtlebot3_fake_node
[1.321s] -- The C compiler identification is GNU 11.4.0
[3.129s] -- The CXX compiler identification is GNU 11.4.0
[3.159s] -- Detecting C compiler ABI info
[3.283s] -- Detecting C compiler ABI info - done
[3.291s] -- Check for working C compiler: /usr/bin/cc - skipped
[3.291s] -- Detecting C compile features
[3.292s] -- Detecting C compile features - done
[3.296s] -- Detecting CXX compiler ABI info
[3.404s] -- Detecting CXX compiler ABI info - done
[3.413s] -- Check for working CXX compiler: /usr/bin/c++ - skipped
[3.414s] -- Detecting CXX compile features
[3.414s] -- Detecting CXX compile features - done
[3.457s] -- Found ament_cmake: 1.3.6 (/opt/ros/humble/share/ament_cmake/cmake)
[3.702s] -- Found Python3: /usr/bin/python3.10 (found version "3.10.12") found components: Interpreter 
[3.962s] -- Found geometry_msgs: 4.2.3 (/opt/ros/humble/share/geometry_msgs/cmake)
[4.111s] -- Found rosidl_generator_c: 3.1.5 (/opt/ros/humble/share/rosidl_generator_c/cmake)
[4.124s] -- Found rosidl_adapter: 3.1.5 (/opt/ros/humble/share/rosidl_adapter/cmake)
[4.153s] -- Found rosidl_generator_cpp: 3.1.5 (/opt/ros/humble/share/rosidl_generator_cpp/cmake)
[4.196s] -- Using all available rosidl_typesupport_c: rosidl_typesupport_fastrtps_c;rosidl_typesupport_introspection_c
[4.260s] -- Using all available rosidl_typesupport_cpp: rosidl_typesupport_fastrtps_cpp;rosidl_typesupport_introspection_cpp
[4.837s] -- Found nav_msgs: 4.2.3 (/opt/ros/humble/share/nav_msgs/cmake)
[4.984s] -- Found rclcpp: 16.0.7 (/opt/ros/humble/share/rclcpp/cmake)
[5.156s] -- Found rmw_implementation_cmake: 6.1.1 (/opt/ros/humble/share/rmw_implementation_cmake/cmake)
[5.165s] -- Found rmw_fastrtps_cpp: 6.2.5 (/opt/ros/humble/share/rmw_fastrtps_cpp/cmake)
[5.372s] -- Found OpenSSL: /usr/lib/x86_64-linux-gnu/libcrypto.so (found version "3.0.2")  
[5.408s] -- Found FastRTPS: /opt/ros/humble/include  
[5.462s] -- Using RMW implementation 'rmw_fastrtps_cpp' as default
[5.493s] -- Looking for pthread.h
[5.573s] -- Looking for pthread.h - found
[5.574s] -- Performing Test CMAKE_HAVE_LIBC_PTHREAD
[5.685s] -- Performing Test CMAKE_HAVE_LIBC_PTHREAD - Success
[5.686s] -- Found Threads: TRUE  
[5.932s] -- Found sensor_msgs: 4.2.3 (/opt/ros/humble/share/sensor_msgs/cmake)
[6.080s] -- Found tf2: 0.25.5 (/opt/ros/humble/share/tf2/cmake)
[6.120s] -- Found tf2_msgs: 0.25.5 (/opt/ros/humble/share/tf2_msgs/cmake)
[6.439s] [31mCMake Error at CMakeLists.txt:25 (find_package):
[6.440s]   By not providing "Findturtlebot3_msgs.cmake" in CMAKE_MODULE_PATH this
[6.440s]   project has asked CMake to find a package configuration file provided by
[6.440s]   "turtlebot3_msgs", but CMake did not find one.
[6.440s] 
[6.440s]   Could not find a package configuration file provided by "turtlebot3_msgs"
[6.440s]   with any of the following names:
[6.440s] 
[6.440s]     turtlebot3_msgsConfig.cmake
[6.440s]     turtlebot3_msgs-config.cmake
[6.440s] 
[6.440s]   Add the installation prefix of "turtlebot3_msgs" to CMAKE_PREFIX_PATH or
[6.440s]   set "turtlebot3_msgs_DIR" to a directory containing one of the above files.
[6.440s]   If "turtlebot3_msgs" provides a separate development package or SDK, be
[6.440s]   sure it has been installed.
[6.441s] 
[6.441s] [0m
[6.441s] -- Configuring incomplete, errors occurred!
[6.441s] See also "/catkin_ws/rover_sim_ws/build/turtlebot3_fake_node/CMakeFiles/CMakeOutput.log".
