[0.116s] Invoking command in '/catkin_ws/rover_sim_ws/build/turtlebot3_gazebo': CMAKE_PREFIX_PATH=${CMAKE_PREFIX_PATH}:/opt/ros/humble /usr/bin/cmake --build /catkin_ws/rover_sim_ws/build/turtlebot3_gazebo -- -j8 -l8
[0.177s] [ 25%] Built target turtlebot3_drive
[0.196s] [ 50%] Built target obstacles
[0.197s] [ 75%] Built target obstacle2
[0.208s] [100%] Built target obstacle1
[0.218s] Invoked command in '/catkin_ws/rover_sim_ws/build/turtlebot3_gazebo' returned '0': CMAKE_PREFIX_PATH=${CMAKE_PREFIX_PATH}:/opt/ros/humble /usr/bin/cmake --build /catkin_ws/rover_sim_ws/build/turtlebot3_gazebo -- -j8 -l8
[0.259s] Invoking command in '/catkin_ws/rover_sim_ws/build/turtlebot3_gazebo': CMAKE_PREFIX_PATH=${CMAKE_PREFIX_PATH}:/opt/ros/humble /usr/bin/cmake --install /catkin_ws/rover_sim_ws/build/turtlebot3_gazebo
[0.265s] -- Install configuration: ""
[0.266s] -- Up-to-date: /catkin_ws/rover_sim_ws/install/turtlebot3_gazebo/lib/turtlebot3_gazebo/turtlebot3_drive
[0.266s] -- Up-to-date: /catkin_ws/rover_sim_ws/install/turtlebot3_gazebo/share/turtlebot3_gazebo//launch
[0.266s] -- Up-to-date: /catkin_ws/rover_sim_ws/install/turtlebot3_gazebo/share/turtlebot3_gazebo//launch/turtlebot3_dqn_stage2.launch.py
[0.266s] -- Up-to-date: /catkin_ws/rover_sim_ws/install/turtlebot3_gazebo/share/turtlebot3_gazebo//launch/lunar_world.launch.py
[0.267s] -- Installing: /catkin_ws/rover_sim_ws/install/turtlebot3_gazebo/share/turtlebot3_gazebo//launch/robot_state_publisher.launch.py
[0.267s] -- Up-to-date: /catkin_ws/rover_sim_ws/install/turtlebot3_gazebo/share/turtlebot3_gazebo//launch/build
[0.267s] -- Up-to-date: /catkin_ws/rover_sim_ws/install/turtlebot3_gazebo/share/turtlebot3_gazebo//launch/build/COLCON_IGNORE
[0.267s] -- Up-to-date: /catkin_ws/rover_sim_ws/install/turtlebot3_gazebo/share/turtlebot3_gazebo//launch/build/.built_by
[0.267s] -- Up-to-date: /catkin_ws/rover_sim_ws/install/turtlebot3_gazebo/share/turtlebot3_gazebo//launch/install
[0.268s] -- Up-to-date: /catkin_ws/rover_sim_ws/install/turtlebot3_gazebo/share/turtlebot3_gazebo//launch/install/COLCON_IGNORE
[0.268s] -- Up-to-date: /catkin_ws/rover_sim_ws/install/turtlebot3_gazebo/share/turtlebot3_gazebo//launch/install/local_setup.bash
[0.268s] -- Up-to-date: /catkin_ws/rover_sim_ws/install/turtlebot3_gazebo/share/turtlebot3_gazebo//launch/install/setup.ps1
[0.269s] -- Up-to-date: /catkin_ws/rover_sim_ws/install/turtlebot3_gazebo/share/turtlebot3_gazebo//launch/install/.colcon_install_layout
[0.269s] -- Up-to-date: /catkin_ws/rover_sim_ws/install/turtlebot3_gazebo/share/turtlebot3_gazebo//launch/install/local_setup.ps1
[0.269s] -- Up-to-date: /catkin_ws/rover_sim_ws/install/turtlebot3_gazebo/share/turtlebot3_gazebo//launch/install/local_setup.sh
[0.269s] -- Up-to-date: /catkin_ws/rover_sim_ws/install/turtlebot3_gazebo/share/turtlebot3_gazebo//launch/install/setup.sh
[0.270s] -- Up-to-date: /catkin_ws/rover_sim_ws/install/turtlebot3_gazebo/share/turtlebot3_gazebo//launch/install/local_setup.zsh
[0.270s] -- Up-to-date: /catkin_ws/rover_sim_ws/install/turtlebot3_gazebo/share/turtlebot3_gazebo//launch/install/_local_setup_util_ps1.py
[0.270s] -- Up-to-date: /catkin_ws/rover_sim_ws/install/turtlebot3_gazebo/share/turtlebot3_gazebo//launch/install/setup.bash
[0.271s] -- Up-to-date: /catkin_ws/rover_sim_ws/install/turtlebot3_gazebo/share/turtlebot3_gazebo//launch/install/_local_setup_util_sh.py
[0.271s] -- Up-to-date: /catkin_ws/rover_sim_ws/install/turtlebot3_gazebo/share/turtlebot3_gazebo//launch/install/setup.zsh
[0.271s] -- Up-to-date: /catkin_ws/rover_sim_ws/install/turtlebot3_gazebo/share/turtlebot3_gazebo//launch/turtlebot3_dqn_stage4.launch.py
[0.271s] -- Up-to-date: /catkin_ws/rover_sim_ws/install/turtlebot3_gazebo/share/turtlebot3_gazebo//launch/turtlebot3_world.launch.py
[0.272s] -- Up-to-date: /catkin_ws/rover_sim_ws/install/turtlebot3_gazebo/share/turtlebot3_gazebo//launch/turtlebot3_house.launch.py
[0.272s] -- Installing: /catkin_ws/rover_sim_ws/install/turtlebot3_gazebo/share/turtlebot3_gazebo//launch/spawn_turtlebot3.launch.py
[0.272s] -- Up-to-date: /catkin_ws/rover_sim_ws/install/turtlebot3_gazebo/share/turtlebot3_gazebo//launch/log
[0.272s] -- Up-to-date: /catkin_ws/rover_sim_ws/install/turtlebot3_gazebo/share/turtlebot3_gazebo//launch/log/COLCON_IGNORE
[0.273s] -- Up-to-date: /catkin_ws/rover_sim_ws/install/turtlebot3_gazebo/share/turtlebot3_gazebo//launch/log/latest_build
[0.273s] -- Up-to-date: /catkin_ws/rover_sim_ws/install/turtlebot3_gazebo/share/turtlebot3_gazebo//launch/log/build_2024-01-10_04-19-53
[0.273s] -- Up-to-date: /catkin_ws/rover_sim_ws/install/turtlebot3_gazebo/share/turtlebot3_gazebo//launch/log/build_2024-01-10_04-19-53/logger_all.log
[0.273s] -- Up-to-date: /catkin_ws/rover_sim_ws/install/turtlebot3_gazebo/share/turtlebot3_gazebo//launch/log/build_2024-01-10_04-19-53/events.log
[0.273s] -- Up-to-date: /catkin_ws/rover_sim_ws/install/turtlebot3_gazebo/share/turtlebot3_gazebo//launch/log/latest
[0.273s] -- Up-to-date: /catkin_ws/rover_sim_ws/install/turtlebot3_gazebo/share/turtlebot3_gazebo//launch/empty_world.launch.py
[0.273s] -- Up-to-date: /catkin_ws/rover_sim_ws/install/turtlebot3_gazebo/share/turtlebot3_gazebo//launch/turtlebot3_dqn_stage3.launch.py
[0.274s] -- Up-to-date: /catkin_ws/rover_sim_ws/install/turtlebot3_gazebo/share/turtlebot3_gazebo//launch/turtlebot3_dqn_stage1.launch.py
[0.274s] -- Up-to-date: /catkin_ws/rover_sim_ws/install/turtlebot3_gazebo/share/turtlebot3_gazebo//models
[0.275s] -- Up-to-date: /catkin_ws/rover_sim_ws/install/turtlebot3_gazebo/share/turtlebot3_gazebo//models/turtlebot3_waffle
[0.275s] -- Up-to-date: /catkin_ws/rover_sim_ws/install/turtlebot3_gazebo/share/turtlebot3_gazebo//models/turtlebot3_waffle/model-1_4.sdf
[0.275s] -- Up-to-date: /catkin_ws/rover_sim_ws/install/turtlebot3_gazebo/share/turtlebot3_gazebo//models/turtlebot3_waffle/model.sdf
[0.276s] -- Up-to-date: /catkin_ws/rover_sim_ws/install/turtlebot3_gazebo/share/turtlebot3_gazebo//models/turtlebot3_waffle/model.config
[0.276s] -- Up-to-date: /catkin_ws/rover_sim_ws/install/turtlebot3_gazebo/share/turtlebot3_gazebo//models/turtlebot3_burger
[0.277s] -- Up-to-date: /catkin_ws/rover_sim_ws/install/turtlebot3_gazebo/share/turtlebot3_gazebo//models/turtlebot3_burger/model-1_4.sdf
[0.277s] -- Up-to-date: /catkin_ws/rover_sim_ws/install/turtlebot3_gazebo/share/turtlebot3_gazebo//models/turtlebot3_burger/model.sdf
[0.278s] -- Up-to-date: /catkin_ws/rover_sim_ws/install/turtlebot3_gazebo/share/turtlebot3_gazebo//models/turtlebot3_burger/model.config
[0.279s] -- Up-to-date: /catkin_ws/rover_sim_ws/install/turtlebot3_gazebo/share/turtlebot3_gazebo//models/turtlebot3_house
[0.279s] -- Up-to-date: /catkin_ws/rover_sim_ws/install/turtlebot3_gazebo/share/turtlebot3_gazebo//models/turtlebot3_house/model.sdf
[0.279s] -- Up-to-date: /catkin_ws/rover_sim_ws/install/turtlebot3_gazebo/share/turtlebot3_gazebo//models/turtlebot3_house/model.config
[0.279s] -- Up-to-date: /catkin_ws/rover_sim_ws/install/turtlebot3_gazebo/share/turtlebot3_gazebo//models/turtlebot3_waffle_pi
[0.279s] -- Up-to-date: /catkin_ws/rover_sim_ws/install/turtlebot3_gazebo/share/turtlebot3_gazebo//models/turtlebot3_waffle_pi/model.sdf
[0.279s] -- Up-to-date: /catkin_ws/rover_sim_ws/install/turtlebot3_gazebo/share/turtlebot3_gazebo//models/turtlebot3_waffle_pi/model-1_4_.sdf
[0.280s] -- Up-to-date: /catkin_ws/rover_sim_ws/install/turtlebot3_gazebo/share/turtlebot3_gazebo//models/turtlebot3_waffle_pi/model.config
[0.280s] -- Up-to-date: /catkin_ws/rover_sim_ws/install/turtlebot3_gazebo/share/turtlebot3_gazebo//models/turtlebot3_dqn_world
[0.280s] -- Up-to-date: /catkin_ws/rover_sim_ws/install/turtlebot3_gazebo/share/turtlebot3_gazebo//models/turtlebot3_dqn_world/obstacle_plugin
[0.280s] -- Up-to-date: /catkin_ws/rover_sim_ws/install/turtlebot3_gazebo/share/turtlebot3_gazebo//models/turtlebot3_dqn_world/obstacle_plugin/CMakeLists.txt
[0.280s] -- Up-to-date: /catkin_ws/rover_sim_ws/install/turtlebot3_gazebo/share/turtlebot3_gazebo//models/turtlebot3_dqn_world/obstacle_plugin/obstacle1.cc
[0.280s] -- Up-to-date: /catkin_ws/rover_sim_ws/install/turtlebot3_gazebo/share/turtlebot3_gazebo//models/turtlebot3_dqn_world/obstacle_plugin/obstacles.cc
[0.281s] -- Up-to-date: /catkin_ws/rover_sim_ws/install/turtlebot3_gazebo/share/turtlebot3_gazebo//models/turtlebot3_dqn_world/obstacle_plugin/obstacle2.cc
[0.281s] -- Up-to-date: /catkin_ws/rover_sim_ws/install/turtlebot3_gazebo/share/turtlebot3_gazebo//models/turtlebot3_dqn_world/goal_box
[0.282s] -- Up-to-date: /catkin_ws/rover_sim_ws/install/turtlebot3_gazebo/share/turtlebot3_gazebo//models/turtlebot3_dqn_world/goal_box/model.sdf
[0.282s] -- Up-to-date: /catkin_ws/rover_sim_ws/install/turtlebot3_gazebo/share/turtlebot3_gazebo//models/turtlebot3_dqn_world/goal_box/model.config
[0.282s] -- Up-to-date: /catkin_ws/rover_sim_ws/install/turtlebot3_gazebo/share/turtlebot3_gazebo//models/turtlebot3_dqn_world/inner_walls
[0.282s] -- Up-to-date: /catkin_ws/rover_sim_ws/install/turtlebot3_gazebo/share/turtlebot3_gazebo//models/turtlebot3_dqn_world/inner_walls/model.sdf
[0.282s] -- Up-to-date: /catkin_ws/rover_sim_ws/install/turtlebot3_gazebo/share/turtlebot3_gazebo//models/turtlebot3_dqn_world/inner_walls/model.config
[0.283s] -- Up-to-date: /catkin_ws/rover_sim_ws/install/turtlebot3_gazebo/share/turtlebot3_gazebo//models/turtlebot3_dqn_world/obstacles
[0.284s] -- Up-to-date: /catkin_ws/rover_sim_ws/install/turtlebot3_gazebo/share/turtlebot3_gazebo//models/turtlebot3_dqn_world/obstacles/model.sdf
[0.285s] -- Up-to-date: /catkin_ws/rover_sim_ws/install/turtlebot3_gazebo/share/turtlebot3_gazebo//models/turtlebot3_dqn_world/obstacles/model.config
[0.285s] -- Up-to-date: /catkin_ws/rover_sim_ws/install/turtlebot3_gazebo/share/turtlebot3_gazebo//models/turtlebot3_dqn_world/model.sdf
[0.285s] -- Up-to-date: /catkin_ws/rover_sim_ws/install/turtlebot3_gazebo/share/turtlebot3_gazebo//models/turtlebot3_dqn_world/obstacle1
[0.285s] -- Up-to-date: /catkin_ws/rover_sim_ws/install/turtlebot3_gazebo/share/turtlebot3_gazebo//models/turtlebot3_dqn_world/obstacle1/model.sdf
[0.286s] -- Up-to-date: /catkin_ws/rover_sim_ws/install/turtlebot3_gazebo/share/turtlebot3_gazebo//models/turtlebot3_dqn_world/obstacle1/model.config
[0.286s] -- Up-to-date: /catkin_ws/rover_sim_ws/install/turtlebot3_gazebo/share/turtlebot3_gazebo//models/turtlebot3_dqn_world/obstacle2
[0.286s] -- Up-to-date: /catkin_ws/rover_sim_ws/install/turtlebot3_gazebo/share/turtlebot3_gazebo//models/turtlebot3_dqn_world/obstacle2/model.sdf
[0.286s] -- Up-to-date: /catkin_ws/rover_sim_ws/install/turtlebot3_gazebo/share/turtlebot3_gazebo//models/turtlebot3_dqn_world/obstacle2/model.config
[0.286s] -- Up-to-date: /catkin_ws/rover_sim_ws/install/turtlebot3_gazebo/share/turtlebot3_gazebo//models/turtlebot3_dqn_world/model.config
[0.287s] -- Up-to-date: /catkin_ws/rover_sim_ws/install/turtlebot3_gazebo/share/turtlebot3_gazebo//models/turtlebot3_common
[0.287s] -- Up-to-date: /catkin_ws/rover_sim_ws/install/turtlebot3_gazebo/share/turtlebot3_gazebo//models/turtlebot3_common/meshes
[0.287s] -- Up-to-date: /catkin_ws/rover_sim_ws/install/turtlebot3_gazebo/share/turtlebot3_gazebo//models/turtlebot3_common/meshes/burger_base.dae
[0.287s] -- Up-to-date: /catkin_ws/rover_sim_ws/install/turtlebot3_gazebo/share/turtlebot3_gazebo//models/turtlebot3_common/meshes/tire.dae
[0.287s] -- Up-to-date: /catkin_ws/rover_sim_ws/install/turtlebot3_gazebo/share/turtlebot3_gazebo//models/turtlebot3_common/meshes/lds.dae
[0.288s] -- Up-to-date: /catkin_ws/rover_sim_ws/install/turtlebot3_gazebo/share/turtlebot3_gazebo//models/turtlebot3_common/meshes/waffle_base.dae
[0.288s] -- Up-to-date: /catkin_ws/rover_sim_ws/install/turtlebot3_gazebo/share/turtlebot3_gazebo//models/turtlebot3_common/meshes/waffle_pi_base.dae
[0.288s] -- Up-to-date: /catkin_ws/rover_sim_ws/install/turtlebot3_gazebo/share/turtlebot3_gazebo//models/turtlebot3_common/meshes/r200.dae
[0.288s] -- Up-to-date: /catkin_ws/rover_sim_ws/install/turtlebot3_gazebo/share/turtlebot3_gazebo//models/turtlebot3_common/model.config
[0.288s] -- Up-to-date: /catkin_ws/rover_sim_ws/install/turtlebot3_gazebo/share/turtlebot3_gazebo//models/turtlebot3_world
[0.289s] -- Up-to-date: /catkin_ws/rover_sim_ws/install/turtlebot3_gazebo/share/turtlebot3_gazebo//models/turtlebot3_world/model-1_4.sdf
[0.289s] -- Up-to-date: /catkin_ws/rover_sim_ws/install/turtlebot3_gazebo/share/turtlebot3_gazebo//models/turtlebot3_world/model.sdf
[0.289s] -- Up-to-date: /catkin_ws/rover_sim_ws/install/turtlebot3_gazebo/share/turtlebot3_gazebo//models/turtlebot3_world/meshes
[0.290s] -- Up-to-date: /catkin_ws/rover_sim_ws/install/turtlebot3_gazebo/share/turtlebot3_gazebo//models/turtlebot3_world/meshes/hexagon.dae
[0.290s] -- Up-to-date: /catkin_ws/rover_sim_ws/install/turtlebot3_gazebo/share/turtlebot3_gazebo//models/turtlebot3_world/meshes/wall.dae
[0.290s] -- Up-to-date: /catkin_ws/rover_sim_ws/install/turtlebot3_gazebo/share/turtlebot3_gazebo//models/turtlebot3_world/model.config
[0.290s] -- Up-to-date: /catkin_ws/rover_sim_ws/install/turtlebot3_gazebo/share/turtlebot3_gazebo//models/X1 Config 6
[0.291s] -- Up-to-date: /catkin_ws/rover_sim_ws/install/turtlebot3_gazebo/share/turtlebot3_gazebo//models/X1 Config 6/model_classic.sdf
[0.291s] -- Up-to-date: /catkin_ws/rover_sim_ws/install/turtlebot3_gazebo/share/turtlebot3_gazebo//models/X1 Config 6/materials
[0.291s] -- Up-to-date: /catkin_ws/rover_sim_ws/install/turtlebot3_gazebo/share/turtlebot3_gazebo//models/X1 Config 6/materials/textures
[0.291s] -- Up-to-date: /catkin_ws/rover_sim_ws/install/turtlebot3_gazebo/share/turtlebot3_gazebo//models/X1 Config 6/materials/textures/led.jpg
[0.291s] -- Up-to-date: /catkin_ws/rover_sim_ws/install/turtlebot3_gazebo/share/turtlebot3_gazebo//models/X1 Config 6/materials/textures/headlight.jpg
[0.292s] -- Up-to-date: /catkin_ws/rover_sim_ws/install/turtlebot3_gazebo/share/turtlebot3_gazebo//models/X1 Config 6/model.sdf
[0.292s] -- Up-to-date: /catkin_ws/rover_sim_ws/install/turtlebot3_gazebo/share/turtlebot3_gazebo//models/X1 Config 6/thumbnails
[0.293s] -- Up-to-date: /catkin_ws/rover_sim_ws/install/turtlebot3_gazebo/share/turtlebot3_gazebo//models/X1 Config 6/thumbnails/2.jpg
[0.293s] -- Up-to-date: /catkin_ws/rover_sim_ws/install/turtlebot3_gazebo/share/turtlebot3_gazebo//models/X1 Config 6/thumbnails/1.jpg
[0.293s] -- Up-to-date: /catkin_ws/rover_sim_ws/install/turtlebot3_gazebo/share/turtlebot3_gazebo//models/X1 Config 6/thumbnails/5.jpg
[0.293s] -- Up-to-date: /catkin_ws/rover_sim_ws/install/turtlebot3_gazebo/share/turtlebot3_gazebo//models/X1 Config 6/thumbnails/4.jpg
[0.293s] -- Up-to-date: /catkin_ws/rover_sim_ws/install/turtlebot3_gazebo/share/turtlebot3_gazebo//models/X1 Config 6/thumbnails/3.jpg
[0.294s] -- Up-to-date: /catkin_ws/rover_sim_ws/install/turtlebot3_gazebo/share/turtlebot3_gazebo//models/X1 Config 6/meshes
[0.294s] -- Up-to-date: /catkin_ws/rover_sim_ws/install/turtlebot3_gazebo/share/turtlebot3_gazebo//models/X1 Config 6/meshes/top_plate.dae
[0.294s] -- Up-to-date: /catkin_ws/rover_sim_ws/install/turtlebot3_gazebo/share/turtlebot3_gazebo//models/X1 Config 6/meshes/led.dae
[0.294s] -- Up-to-date: /catkin_ws/rover_sim_ws/install/turtlebot3_gazebo/share/turtlebot3_gazebo//models/X1 Config 6/meshes/chassis.dae
[0.294s] -- Up-to-date: /catkin_ws/rover_sim_ws/install/turtlebot3_gazebo/share/turtlebot3_gazebo//models/X1 Config 6/meshes/led_lamp.dae
[0.295s] -- Up-to-date: /catkin_ws/rover_sim_ws/install/turtlebot3_gazebo/share/turtlebot3_gazebo//models/X1 Config 6/meshes/wheel.dae
[0.295s] -- Up-to-date: /catkin_ws/rover_sim_ws/install/turtlebot3_gazebo/share/turtlebot3_gazebo//models/X1 Config 6/meshes/headlight.dae
[0.295s] -- Up-to-date: /catkin_ws/rover_sim_ws/install/turtlebot3_gazebo/share/turtlebot3_gazebo//models/X1 Config 6/meshes/headlight_lamp.dae
[0.295s] -- Up-to-date: /catkin_ws/rover_sim_ws/install/turtlebot3_gazebo/share/turtlebot3_gazebo//models/X1 Config 6/worlds
[0.295s] -- Up-to-date: /catkin_ws/rover_sim_ws/install/turtlebot3_gazebo/share/turtlebot3_gazebo//models/X1 Config 6/worlds/example.sdf
[0.295s] -- Up-to-date: /catkin_ws/rover_sim_ws/install/turtlebot3_gazebo/share/turtlebot3_gazebo//models/X1 Config 6/model.config
[0.296s] -- Up-to-date: /catkin_ws/rover_sim_ws/install/turtlebot3_gazebo/share/turtlebot3_gazebo//rviz
[0.296s] -- Up-to-date: /catkin_ws/rover_sim_ws/install/turtlebot3_gazebo/share/turtlebot3_gazebo//rviz/tb3_gazebo.rviz
[0.296s] -- Up-to-date: /catkin_ws/rover_sim_ws/install/turtlebot3_gazebo/share/turtlebot3_gazebo//urdf
[0.296s] -- Up-to-date: /catkin_ws/rover_sim_ws/install/turtlebot3_gazebo/share/turtlebot3_gazebo//urdf/turtlebot3_burger.urdf
[0.296s] -- Up-to-date: /catkin_ws/rover_sim_ws/install/turtlebot3_gazebo/share/turtlebot3_gazebo//urdf/turtlebot3_waffle_pi.urdf
[0.296s] -- Up-to-date: /catkin_ws/rover_sim_ws/install/turtlebot3_gazebo/share/turtlebot3_gazebo//urdf/common_properties.urdf
[0.297s] -- Up-to-date: /catkin_ws/rover_sim_ws/install/turtlebot3_gazebo/share/turtlebot3_gazebo//urdf/turtlebot3_waffle.urdf
[0.297s] -- Up-to-date: /catkin_ws/rover_sim_ws/install/turtlebot3_gazebo/share/turtlebot3_gazebo//worlds
[0.297s] -- Up-to-date: /catkin_ws/rover_sim_ws/install/turtlebot3_gazebo/share/turtlebot3_gazebo//worlds/turtlebot3_dqn_stage3.world
[0.298s] -- Up-to-date: /catkin_ws/rover_sim_ws/install/turtlebot3_gazebo/share/turtlebot3_gazebo//worlds/turtlebot3_dqn_stage4.world
[0.302s] -- Up-to-date: /catkin_ws/rover_sim_ws/install/turtlebot3_gazebo/share/turtlebot3_gazebo//worlds/turtlebot3_dqn_stage2.world
[0.302s] -- Up-to-date: /catkin_ws/rover_sim_ws/install/turtlebot3_gazebo/share/turtlebot3_gazebo//worlds/moon.world
[0.302s] -- Up-to-date: /catkin_ws/rover_sim_ws/install/turtlebot3_gazebo/share/turtlebot3_gazebo//worlds/turtlebot3_house.world
[0.302s] -- Up-to-date: /catkin_ws/rover_sim_ws/install/turtlebot3_gazebo/share/turtlebot3_gazebo//worlds/empty_world.world
[0.302s] -- Up-to-date: /catkin_ws/rover_sim_ws/install/turtlebot3_gazebo/share/turtlebot3_gazebo//worlds/turtlebot3_dqn_stage1.world
[0.302s] -- Up-to-date: /catkin_ws/rover_sim_ws/install/turtlebot3_gazebo/share/turtlebot3_gazebo//worlds/turtlebot3_world.world
[0.303s] -- Up-to-date: /catkin_ws/rover_sim_ws/install/turtlebot3_gazebo/include/
[0.303s] -- Up-to-date: /catkin_ws/rover_sim_ws/install/turtlebot3_gazebo/include//turtlebot3_gazebo
[0.303s] -- Up-to-date: /catkin_ws/rover_sim_ws/install/turtlebot3_gazebo/include//turtlebot3_gazebo/turtlebot3_drive.hpp
[0.303s] -- Up-to-date: /catkin_ws/rover_sim_ws/install/turtlebot3_gazebo/share/ament_index/resource_index/package_run_dependencies/turtlebot3_gazebo
[0.303s] -- Up-to-date: /catkin_ws/rover_sim_ws/install/turtlebot3_gazebo/share/ament_index/resource_index/parent_prefix_path/turtlebot3_gazebo
[0.303s] -- Up-to-date: /catkin_ws/rover_sim_ws/install/turtlebot3_gazebo/share/turtlebot3_gazebo/environment/ament_prefix_path.sh
[0.304s] -- Up-to-date: /catkin_ws/rover_sim_ws/install/turtlebot3_gazebo/share/turtlebot3_gazebo/environment/ament_prefix_path.dsv
[0.304s] -- Up-to-date: /catkin_ws/rover_sim_ws/install/turtlebot3_gazebo/share/turtlebot3_gazebo/environment/path.sh
[0.304s] -- Up-to-date: /catkin_ws/rover_sim_ws/install/turtlebot3_gazebo/share/turtlebot3_gazebo/environment/path.dsv
[0.304s] -- Up-to-date: /catkin_ws/rover_sim_ws/install/turtlebot3_gazebo/share/turtlebot3_gazebo/local_setup.bash
[0.304s] -- Up-to-date: /catkin_ws/rover_sim_ws/install/turtlebot3_gazebo/share/turtlebot3_gazebo/local_setup.sh
[0.305s] -- Up-to-date: /catkin_ws/rover_sim_ws/install/turtlebot3_gazebo/share/turtlebot3_gazebo/local_setup.zsh
[0.305s] -- Up-to-date: /catkin_ws/rover_sim_ws/install/turtlebot3_gazebo/share/turtlebot3_gazebo/local_setup.dsv
[0.305s] -- Installing: /catkin_ws/rover_sim_ws/install/turtlebot3_gazebo/share/turtlebot3_gazebo/package.dsv
[0.305s] -- Up-to-date: /catkin_ws/rover_sim_ws/install/turtlebot3_gazebo/share/ament_index/resource_index/packages/turtlebot3_gazebo
[0.305s] -- Up-to-date: /catkin_ws/rover_sim_ws/install/turtlebot3_gazebo/share/turtlebot3_gazebo/cmake/ament_cmake_export_include_directories-extras.cmake
[0.305s] -- Up-to-date: /catkin_ws/rover_sim_ws/install/turtlebot3_gazebo/share/turtlebot3_gazebo/cmake/ament_cmake_export_dependencies-extras.cmake
[0.306s] -- Up-to-date: /catkin_ws/rover_sim_ws/install/turtlebot3_gazebo/share/turtlebot3_gazebo/cmake/turtlebot3_gazeboConfig.cmake
[0.306s] -- Up-to-date: /catkin_ws/rover_sim_ws/install/turtlebot3_gazebo/share/turtlebot3_gazebo/cmake/turtlebot3_gazeboConfig-version.cmake
[0.306s] -- Up-to-date: /catkin_ws/rover_sim_ws/install/turtlebot3_gazebo/share/turtlebot3_gazebo/package.xml
[0.306s] Invoked command in '/catkin_ws/rover_sim_ws/build/turtlebot3_gazebo' returned '0': CMAKE_PREFIX_PATH=${CMAKE_PREFIX_PATH}:/opt/ros/humble /usr/bin/cmake --install /catkin_ws/rover_sim_ws/build/turtlebot3_gazebo
