[1.115s] DEBUG:colcon:Command line arguments: ['/usr/bin/colcon', 'build']
[1.116s] DEBUG:colcon:Parsed command line arguments: Namespace(log_base=None, log_level=None, verb_name='build', build_base='build', install_base='install', merge_install=False, symlink_install=False, test_result_base=None, continue_on_error=False, executor='parallel', parallel_workers=8, event_handlers=None, ignore_user_meta=False, metas=['./colcon.meta'], base_paths=['.'], packages_ignore=None, packages_ignore_regex=None, paths=None, packages_up_to=None, packages_up_to_regex=None, packages_above=None, packages_above_and_dependencies=None, packages_above_depth=None, packages_select_by_dep=None, packages_skip_by_dep=None, packages_skip_up_to=None, packages_select_build_failed=False, packages_skip_build_finished=False, packages_select_test_failures=False, packages_skip_test_passed=False, packages_select=None, packages_skip=None, packages_select_regex=None, packages_skip_regex=None, packages_start=None, packages_end=None, cmake_args=None, cmake_target=None, cmake_target_skip_unavailable=False, cmake_clean_cache=False, cmake_clean_first=False, cmake_force_configure=False, ament_cmake_args=None, catkin_cmake_args=None, catkin_skip_building_tests=False, mixin_files=None, mixin=None, verb_parser=<colcon_mixin.mixin.mixin_argument.MixinArgumentDecorator object at 0x7f29bed47520>, verb_extension=<colcon_core.verb.build.BuildVerb object at 0x7f29bece87c0>, main=<bound method BuildVerb.main of <colcon_core.verb.build.BuildVerb object at 0x7f29bece87c0>>, mixin_verb=('build',))
[1.155s] Level 1:colcon.colcon_core.package_discovery:discover_packages(colcon_meta) check parameters
[1.156s] INFO:colcon.colcon_metadata.package_discovery.colcon_meta:Using configuration from '/root/.colcon/metadata/default/Gazebo.meta'
[1.156s] INFO:colcon.colcon_metadata.package_discovery.colcon_meta:Using configuration from '/root/.colcon/metadata/default/fastrtps.meta'
[1.157s] Level 1:colcon.colcon_core.package_discovery:discover_packages(recursive) check parameters
[1.157s] Level 1:colcon.colcon_core.package_discovery:discover_packages(ignore) check parameters
[1.157s] Level 1:colcon.colcon_core.package_discovery:discover_packages(path) check parameters
[1.157s] Level 1:colcon.colcon_core.package_discovery:discover_packages(colcon_meta) discover
[1.157s] Level 1:colcon.colcon_core.package_discovery:discover_packages(recursive) discover
[1.157s] INFO:colcon.colcon_core.package_discovery:Crawling recursively for packages in '/catkin_ws/rover_sim_ws'
[1.157s] Level 1:colcon.colcon_core.package_identification:_identify(.) by extensions ['ignore', 'ignore_ament_install']
[1.157s] Level 1:colcon.colcon_core.package_identification:_identify(.) by extension 'ignore'
[1.157s] Level 1:colcon.colcon_core.package_identification:_identify(.) by extension 'ignore_ament_install'
[1.157s] Level 1:colcon.colcon_core.package_identification:_identify(.) by extensions ['colcon_pkg']
[1.157s] Level 1:colcon.colcon_core.package_identification:_identify(.) by extension 'colcon_pkg'
[1.157s] Level 1:colcon.colcon_core.package_identification:_identify(.) by extensions ['colcon_meta']
[1.157s] Level 1:colcon.colcon_core.package_identification:_identify(.) by extension 'colcon_meta'
[1.157s] Level 1:colcon.colcon_core.package_identification:_identify(.) by extensions ['ros']
[1.157s] Level 1:colcon.colcon_core.package_identification:_identify(.) by extension 'ros'
[1.170s] Level 1:colcon.colcon_core.package_identification:_identify(.) by extensions ['cmake', 'python']
[1.170s] Level 1:colcon.colcon_core.package_identification:_identify(.) by extension 'cmake'
[1.170s] Level 1:colcon.colcon_core.package_identification:_identify(.) by extension 'python'
[1.170s] Level 1:colcon.colcon_core.package_identification:_identify(.) by extensions ['python_setup_py']
[1.170s] Level 1:colcon.colcon_core.package_identification:_identify(.) by extension 'python_setup_py'
[1.170s] Level 1:colcon.colcon_core.package_identification:_identify(build) by extensions ['ignore', 'ignore_ament_install']
[1.170s] Level 1:colcon.colcon_core.package_identification:_identify(build) by extension 'ignore'
[1.171s] Level 1:colcon.colcon_core.package_identification:_identify(build) ignored
[1.171s] Level 1:colcon.colcon_core.package_identification:_identify(install) by extensions ['ignore', 'ignore_ament_install']
[1.171s] Level 1:colcon.colcon_core.package_identification:_identify(install) by extension 'ignore'
[1.171s] Level 1:colcon.colcon_core.package_identification:_identify(install) ignored
[1.171s] Level 1:colcon.colcon_core.package_identification:_identify(log) by extensions ['ignore', 'ignore_ament_install']
[1.171s] Level 1:colcon.colcon_core.package_identification:_identify(log) by extension 'ignore'
[1.171s] Level 1:colcon.colcon_core.package_identification:_identify(log) ignored
[1.171s] Level 1:colcon.colcon_core.package_identification:_identify(src) by extensions ['ignore', 'ignore_ament_install']
[1.171s] Level 1:colcon.colcon_core.package_identification:_identify(src) by extension 'ignore'
[1.171s] Level 1:colcon.colcon_core.package_identification:_identify(src) by extension 'ignore_ament_install'
[1.171s] Level 1:colcon.colcon_core.package_identification:_identify(src) by extensions ['colcon_pkg']
[1.171s] Level 1:colcon.colcon_core.package_identification:_identify(src) by extension 'colcon_pkg'
[1.172s] Level 1:colcon.colcon_core.package_identification:_identify(src) by extensions ['colcon_meta']
[1.172s] Level 1:colcon.colcon_core.package_identification:_identify(src) by extension 'colcon_meta'
[1.172s] Level 1:colcon.colcon_core.package_identification:_identify(src) by extensions ['ros']
[1.172s] Level 1:colcon.colcon_core.package_identification:_identify(src) by extension 'ros'
[1.172s] Level 1:colcon.colcon_core.package_identification:_identify(src) by extensions ['cmake', 'python']
[1.172s] Level 1:colcon.colcon_core.package_identification:_identify(src) by extension 'cmake'
[1.172s] Level 1:colcon.colcon_core.package_identification:_identify(src) by extension 'python'
[1.172s] Level 1:colcon.colcon_core.package_identification:_identify(src) by extensions ['python_setup_py']
[1.172s] Level 1:colcon.colcon_core.package_identification:_identify(src) by extension 'python_setup_py'
[1.172s] Level 1:colcon.colcon_core.package_identification:_identify(src/build) by extensions ['ignore', 'ignore_ament_install']
[1.172s] Level 1:colcon.colcon_core.package_identification:_identify(src/build) by extension 'ignore'
[1.172s] Level 1:colcon.colcon_core.package_identification:_identify(src/build) ignored
[1.172s] Level 1:colcon.colcon_core.package_identification:_identify(src/gz_ros2_control) by extensions ['ignore', 'ignore_ament_install']
[1.172s] Level 1:colcon.colcon_core.package_identification:_identify(src/gz_ros2_control) by extension 'ignore'
[1.172s] Level 1:colcon.colcon_core.package_identification:_identify(src/gz_ros2_control) by extension 'ignore_ament_install'
[1.172s] Level 1:colcon.colcon_core.package_identification:_identify(src/gz_ros2_control) by extensions ['colcon_pkg']
[1.172s] Level 1:colcon.colcon_core.package_identification:_identify(src/gz_ros2_control) by extension 'colcon_pkg'
[1.172s] Level 1:colcon.colcon_core.package_identification:_identify(src/gz_ros2_control) by extensions ['colcon_meta']
[1.172s] Level 1:colcon.colcon_core.package_identification:_identify(src/gz_ros2_control) by extension 'colcon_meta'
[1.172s] Level 1:colcon.colcon_core.package_identification:_identify(src/gz_ros2_control) by extensions ['ros']
[1.173s] Level 1:colcon.colcon_core.package_identification:_identify(src/gz_ros2_control) by extension 'ros'
[1.173s] Level 1:colcon.colcon_core.package_identification:_identify(src/gz_ros2_control) by extensions ['cmake', 'python']
[1.173s] Level 1:colcon.colcon_core.package_identification:_identify(src/gz_ros2_control) by extension 'cmake'
[1.173s] Level 1:colcon.colcon_core.package_identification:_identify(src/gz_ros2_control) by extension 'python'
[1.173s] Level 1:colcon.colcon_core.package_identification:_identify(src/gz_ros2_control) by extensions ['python_setup_py']
[1.173s] Level 1:colcon.colcon_core.package_identification:_identify(src/gz_ros2_control) by extension 'python_setup_py'
[1.173s] Level 1:colcon.colcon_core.package_identification:_identify(src/gz_ros2_control/Dockerfile) by extensions ['ignore', 'ignore_ament_install']
[1.173s] Level 1:colcon.colcon_core.package_identification:_identify(src/gz_ros2_control/Dockerfile) by extension 'ignore'
[1.173s] Level 1:colcon.colcon_core.package_identification:_identify(src/gz_ros2_control/Dockerfile) by extension 'ignore_ament_install'
[1.173s] Level 1:colcon.colcon_core.package_identification:_identify(src/gz_ros2_control/Dockerfile) by extensions ['colcon_pkg']
[1.173s] Level 1:colcon.colcon_core.package_identification:_identify(src/gz_ros2_control/Dockerfile) by extension 'colcon_pkg'
[1.173s] Level 1:colcon.colcon_core.package_identification:_identify(src/gz_ros2_control/Dockerfile) by extensions ['colcon_meta']
[1.173s] Level 1:colcon.colcon_core.package_identification:_identify(src/gz_ros2_control/Dockerfile) by extension 'colcon_meta'
[1.173s] Level 1:colcon.colcon_core.package_identification:_identify(src/gz_ros2_control/Dockerfile) by extensions ['ros']
[1.173s] Level 1:colcon.colcon_core.package_identification:_identify(src/gz_ros2_control/Dockerfile) by extension 'ros'
[1.173s] Level 1:colcon.colcon_core.package_identification:_identify(src/gz_ros2_control/Dockerfile) by extensions ['cmake', 'python']
[1.173s] Level 1:colcon.colcon_core.package_identification:_identify(src/gz_ros2_control/Dockerfile) by extension 'cmake'
[1.173s] Level 1:colcon.colcon_core.package_identification:_identify(src/gz_ros2_control/Dockerfile) by extension 'python'
[1.173s] Level 1:colcon.colcon_core.package_identification:_identify(src/gz_ros2_control/Dockerfile) by extensions ['python_setup_py']
[1.173s] Level 1:colcon.colcon_core.package_identification:_identify(src/gz_ros2_control/Dockerfile) by extension 'python_setup_py'
[1.174s] Level 1:colcon.colcon_core.package_identification:_identify(src/gz_ros2_control/doc) by extensions ['ignore', 'ignore_ament_install']
[1.174s] Level 1:colcon.colcon_core.package_identification:_identify(src/gz_ros2_control/doc) by extension 'ignore'
[1.174s] Level 1:colcon.colcon_core.package_identification:_identify(src/gz_ros2_control/doc) by extension 'ignore_ament_install'
[1.174s] Level 1:colcon.colcon_core.package_identification:_identify(src/gz_ros2_control/doc) by extensions ['colcon_pkg']
[1.174s] Level 1:colcon.colcon_core.package_identification:_identify(src/gz_ros2_control/doc) by extension 'colcon_pkg'
[1.174s] Level 1:colcon.colcon_core.package_identification:_identify(src/gz_ros2_control/doc) by extensions ['colcon_meta']
[1.174s] Level 1:colcon.colcon_core.package_identification:_identify(src/gz_ros2_control/doc) by extension 'colcon_meta'
[1.174s] Level 1:colcon.colcon_core.package_identification:_identify(src/gz_ros2_control/doc) by extensions ['ros']
[1.174s] Level 1:colcon.colcon_core.package_identification:_identify(src/gz_ros2_control/doc) by extension 'ros'
[1.174s] Level 1:colcon.colcon_core.package_identification:_identify(src/gz_ros2_control/doc) by extensions ['cmake', 'python']
[1.174s] Level 1:colcon.colcon_core.package_identification:_identify(src/gz_ros2_control/doc) by extension 'cmake'
[1.174s] Level 1:colcon.colcon_core.package_identification:_identify(src/gz_ros2_control/doc) by extension 'python'
[1.174s] Level 1:colcon.colcon_core.package_identification:_identify(src/gz_ros2_control/doc) by extensions ['python_setup_py']
[1.174s] Level 1:colcon.colcon_core.package_identification:_identify(src/gz_ros2_control/doc) by extension 'python_setup_py'
[1.175s] Level 1:colcon.colcon_core.package_identification:_identify(src/gz_ros2_control/doc/img) by extensions ['ignore', 'ignore_ament_install']
[1.175s] Level 1:colcon.colcon_core.package_identification:_identify(src/gz_ros2_control/doc/img) by extension 'ignore'
[1.175s] Level 1:colcon.colcon_core.package_identification:_identify(src/gz_ros2_control/doc/img) by extension 'ignore_ament_install'
[1.175s] Level 1:colcon.colcon_core.package_identification:_identify(src/gz_ros2_control/doc/img) by extensions ['colcon_pkg']
[1.175s] Level 1:colcon.colcon_core.package_identification:_identify(src/gz_ros2_control/doc/img) by extension 'colcon_pkg'
[1.175s] Level 1:colcon.colcon_core.package_identification:_identify(src/gz_ros2_control/doc/img) by extensions ['colcon_meta']
[1.175s] Level 1:colcon.colcon_core.package_identification:_identify(src/gz_ros2_control/doc/img) by extension 'colcon_meta'
[1.175s] Level 1:colcon.colcon_core.package_identification:_identify(src/gz_ros2_control/doc/img) by extensions ['ros']
[1.175s] Level 1:colcon.colcon_core.package_identification:_identify(src/gz_ros2_control/doc/img) by extension 'ros'
[1.175s] Level 1:colcon.colcon_core.package_identification:_identify(src/gz_ros2_control/doc/img) by extensions ['cmake', 'python']
[1.175s] Level 1:colcon.colcon_core.package_identification:_identify(src/gz_ros2_control/doc/img) by extension 'cmake'
[1.175s] Level 1:colcon.colcon_core.package_identification:_identify(src/gz_ros2_control/doc/img) by extension 'python'
[1.175s] Level 1:colcon.colcon_core.package_identification:_identify(src/gz_ros2_control/doc/img) by extensions ['python_setup_py']
[1.175s] Level 1:colcon.colcon_core.package_identification:_identify(src/gz_ros2_control/doc/img) by extension 'python_setup_py'
[1.175s] Level 1:colcon.colcon_core.package_identification:_identify(src/gz_ros2_control/gz_ros2_control_tests) by extensions ['ignore', 'ignore_ament_install']
[1.175s] Level 1:colcon.colcon_core.package_identification:_identify(src/gz_ros2_control/gz_ros2_control_tests) by extension 'ignore'
[1.176s] Level 1:colcon.colcon_core.package_identification:_identify(src/gz_ros2_control/gz_ros2_control_tests) by extension 'ignore_ament_install'
[1.176s] Level 1:colcon.colcon_core.package_identification:_identify(src/gz_ros2_control/gz_ros2_control_tests) by extensions ['colcon_pkg']
[1.176s] Level 1:colcon.colcon_core.package_identification:_identify(src/gz_ros2_control/gz_ros2_control_tests) by extension 'colcon_pkg'
[1.176s] Level 1:colcon.colcon_core.package_identification:_identify(src/gz_ros2_control/gz_ros2_control_tests) by extensions ['colcon_meta']
[1.176s] Level 1:colcon.colcon_core.package_identification:_identify(src/gz_ros2_control/gz_ros2_control_tests) by extension 'colcon_meta'
[1.176s] Level 1:colcon.colcon_core.package_identification:_identify(src/gz_ros2_control/gz_ros2_control_tests) by extensions ['ros']
[1.176s] Level 1:colcon.colcon_core.package_identification:_identify(src/gz_ros2_control/gz_ros2_control_tests) by extension 'ros'
[1.180s] DEBUG:colcon.colcon_core.package_identification:Package 'src/gz_ros2_control/gz_ros2_control_tests' with type 'ros.ament_cmake' and name 'gz_ros2_control_tests'
[1.181s] Level 1:colcon.colcon_core.package_identification:_identify(src/gz_ros2_control/ign_ros2_control) by extensions ['ignore', 'ignore_ament_install']
[1.181s] Level 1:colcon.colcon_core.package_identification:_identify(src/gz_ros2_control/ign_ros2_control) by extension 'ignore'
[1.181s] Level 1:colcon.colcon_core.package_identification:_identify(src/gz_ros2_control/ign_ros2_control) by extension 'ignore_ament_install'
[1.181s] Level 1:colcon.colcon_core.package_identification:_identify(src/gz_ros2_control/ign_ros2_control) by extensions ['colcon_pkg']
[1.181s] Level 1:colcon.colcon_core.package_identification:_identify(src/gz_ros2_control/ign_ros2_control) by extension 'colcon_pkg'
[1.181s] Level 1:colcon.colcon_core.package_identification:_identify(src/gz_ros2_control/ign_ros2_control) by extensions ['colcon_meta']
[1.181s] Level 1:colcon.colcon_core.package_identification:_identify(src/gz_ros2_control/ign_ros2_control) by extension 'colcon_meta'
[1.181s] Level 1:colcon.colcon_core.package_identification:_identify(src/gz_ros2_control/ign_ros2_control) by extensions ['ros']
[1.181s] Level 1:colcon.colcon_core.package_identification:_identify(src/gz_ros2_control/ign_ros2_control) by extension 'ros'
[1.185s] DEBUG:colcon.colcon_core.package_identification:Package 'src/gz_ros2_control/ign_ros2_control' with type 'ros.ament_cmake' and name 'ign_ros2_control'
[1.185s] Level 1:colcon.colcon_core.package_identification:_identify(src/gz_ros2_control/ign_ros2_control_demos) by extensions ['ignore', 'ignore_ament_install']
[1.185s] Level 1:colcon.colcon_core.package_identification:_identify(src/gz_ros2_control/ign_ros2_control_demos) by extension 'ignore'
[1.186s] Level 1:colcon.colcon_core.package_identification:_identify(src/gz_ros2_control/ign_ros2_control_demos) by extension 'ignore_ament_install'
[1.186s] Level 1:colcon.colcon_core.package_identification:_identify(src/gz_ros2_control/ign_ros2_control_demos) by extensions ['colcon_pkg']
[1.186s] Level 1:colcon.colcon_core.package_identification:_identify(src/gz_ros2_control/ign_ros2_control_demos) by extension 'colcon_pkg'
[1.186s] Level 1:colcon.colcon_core.package_identification:_identify(src/gz_ros2_control/ign_ros2_control_demos) by extensions ['colcon_meta']
[1.186s] Level 1:colcon.colcon_core.package_identification:_identify(src/gz_ros2_control/ign_ros2_control_demos) by extension 'colcon_meta'
[1.186s] Level 1:colcon.colcon_core.package_identification:_identify(src/gz_ros2_control/ign_ros2_control_demos) by extensions ['ros']
[1.186s] Level 1:colcon.colcon_core.package_identification:_identify(src/gz_ros2_control/ign_ros2_control_demos) by extension 'ros'
[1.187s] DEBUG:colcon.colcon_core.package_identification:Package 'src/gz_ros2_control/ign_ros2_control_demos' with type 'ros.ament_cmake' and name 'ign_ros2_control_demos'
[1.187s] Level 1:colcon.colcon_core.package_identification:_identify(src/gz_ros2_control/log) by extensions ['ignore', 'ignore_ament_install']
[1.187s] Level 1:colcon.colcon_core.package_identification:_identify(src/gz_ros2_control/log) by extension 'ignore'
[1.187s] Level 1:colcon.colcon_core.package_identification:_identify(src/gz_ros2_control/log) ignored
[1.187s] Level 1:colcon.colcon_core.package_identification:_identify(src/install) by extensions ['ignore', 'ignore_ament_install']
[1.187s] Level 1:colcon.colcon_core.package_identification:_identify(src/install) by extension 'ignore'
[1.187s] Level 1:colcon.colcon_core.package_identification:_identify(src/install) ignored
[1.187s] Level 1:colcon.colcon_core.package_identification:_identify(src/log) by extensions ['ignore', 'ignore_ament_install']
[1.187s] Level 1:colcon.colcon_core.package_identification:_identify(src/log) by extension 'ignore'
[1.188s] Level 1:colcon.colcon_core.package_identification:_identify(src/log) ignored
[1.188s] Level 1:colcon.colcon_core.package_identification:_identify(src/rover_gz) by extensions ['ignore', 'ignore_ament_install']
[1.188s] Level 1:colcon.colcon_core.package_identification:_identify(src/rover_gz) by extension 'ignore'
[1.188s] Level 1:colcon.colcon_core.package_identification:_identify(src/rover_gz) by extension 'ignore_ament_install'
[1.188s] Level 1:colcon.colcon_core.package_identification:_identify(src/rover_gz) by extensions ['colcon_pkg']
[1.188s] Level 1:colcon.colcon_core.package_identification:_identify(src/rover_gz) by extension 'colcon_pkg'
[1.188s] Level 1:colcon.colcon_core.package_identification:_identify(src/rover_gz) by extensions ['colcon_meta']
[1.188s] Level 1:colcon.colcon_core.package_identification:_identify(src/rover_gz) by extension 'colcon_meta'
[1.188s] Level 1:colcon.colcon_core.package_identification:_identify(src/rover_gz) by extensions ['ros']
[1.188s] Level 1:colcon.colcon_core.package_identification:_identify(src/rover_gz) by extension 'ros'
[1.188s] DEBUG:colcon.colcon_core.package_identification:Package 'src/rover_gz' with type 'ros.ament_cmake' and name 'rover_gz'
[1.188s] Level 1:colcon.colcon_core.package_discovery:discover_packages(recursive) using defaults
[1.189s] Level 1:colcon.colcon_core.package_discovery:discover_packages(ignore) discover
[1.189s] Level 1:colcon.colcon_core.package_discovery:discover_packages(ignore) using defaults
[1.189s] Level 1:colcon.colcon_core.package_discovery:discover_packages(path) discover
[1.189s] Level 1:colcon.colcon_core.package_discovery:discover_packages(path) using defaults
[1.259s] Level 5:colcon.colcon_core.verb:set package 'ign_ros2_control' build argument 'cmake_args' from command line to 'None'
[1.260s] Level 5:colcon.colcon_core.verb:set package 'ign_ros2_control' build argument 'cmake_target' from command line to 'None'
[1.260s] Level 5:colcon.colcon_core.verb:set package 'ign_ros2_control' build argument 'cmake_target_skip_unavailable' from command line to 'False'
[1.260s] Level 5:colcon.colcon_core.verb:set package 'ign_ros2_control' build argument 'cmake_clean_cache' from command line to 'False'
[1.260s] Level 5:colcon.colcon_core.verb:set package 'ign_ros2_control' build argument 'cmake_clean_first' from command line to 'False'
[1.260s] Level 5:colcon.colcon_core.verb:set package 'ign_ros2_control' build argument 'cmake_force_configure' from command line to 'False'
[1.260s] Level 5:colcon.colcon_core.verb:set package 'ign_ros2_control' build argument 'ament_cmake_args' from command line to 'None'
[1.260s] Level 5:colcon.colcon_core.verb:set package 'ign_ros2_control' build argument 'catkin_cmake_args' from command line to 'None'
[1.260s] Level 5:colcon.colcon_core.verb:set package 'ign_ros2_control' build argument 'catkin_skip_building_tests' from command line to 'False'
[1.260s] DEBUG:colcon.colcon_core.verb:Building package 'ign_ros2_control' with the following arguments: {'ament_cmake_args': None, 'build_base': '/catkin_ws/rover_sim_ws/build/ign_ros2_control', 'catkin_cmake_args': None, 'catkin_skip_building_tests': False, 'cmake_args': None, 'cmake_clean_cache': False, 'cmake_clean_first': False, 'cmake_force_configure': False, 'cmake_target': None, 'cmake_target_skip_unavailable': False, 'install_base': '/catkin_ws/rover_sim_ws/install/ign_ros2_control', 'merge_install': False, 'path': '/catkin_ws/rover_sim_ws/src/gz_ros2_control/ign_ros2_control', 'symlink_install': False, 'test_result_base': None}
[1.272s] Level 5:colcon.colcon_core.verb:set package 'rover_gz' build argument 'cmake_args' from command line to 'None'
[1.272s] Level 5:colcon.colcon_core.verb:set package 'rover_gz' build argument 'cmake_target' from command line to 'None'
[1.272s] Level 5:colcon.colcon_core.verb:set package 'rover_gz' build argument 'cmake_target_skip_unavailable' from command line to 'False'
[1.272s] Level 5:colcon.colcon_core.verb:set package 'rover_gz' build argument 'cmake_clean_cache' from command line to 'False'
[1.272s] Level 5:colcon.colcon_core.verb:set package 'rover_gz' build argument 'cmake_clean_first' from command line to 'False'
[1.272s] Level 5:colcon.colcon_core.verb:set package 'rover_gz' build argument 'cmake_force_configure' from command line to 'False'
[1.272s] Level 5:colcon.colcon_core.verb:set package 'rover_gz' build argument 'ament_cmake_args' from command line to 'None'
[1.272s] Level 5:colcon.colcon_core.verb:set package 'rover_gz' build argument 'catkin_cmake_args' from command line to 'None'
[1.272s] Level 5:colcon.colcon_core.verb:set package 'rover_gz' build argument 'catkin_skip_building_tests' from command line to 'False'
[1.272s] DEBUG:colcon.colcon_core.verb:Building package 'rover_gz' with the following arguments: {'ament_cmake_args': None, 'build_base': '/catkin_ws/rover_sim_ws/build/rover_gz', 'catkin_cmake_args': None, 'catkin_skip_building_tests': False, 'cmake_args': None, 'cmake_clean_cache': False, 'cmake_clean_first': False, 'cmake_force_configure': False, 'cmake_target': None, 'cmake_target_skip_unavailable': False, 'install_base': '/catkin_ws/rover_sim_ws/install/rover_gz', 'merge_install': False, 'path': '/catkin_ws/rover_sim_ws/src/rover_gz', 'symlink_install': False, 'test_result_base': None}
[1.287s] Level 5:colcon.colcon_core.verb:set package 'gz_ros2_control_tests' build argument 'cmake_args' from command line to 'None'
[1.287s] Level 5:colcon.colcon_core.verb:set package 'gz_ros2_control_tests' build argument 'cmake_target' from command line to 'None'
[1.287s] Level 5:colcon.colcon_core.verb:set package 'gz_ros2_control_tests' build argument 'cmake_target_skip_unavailable' from command line to 'False'
[1.287s] Level 5:colcon.colcon_core.verb:set package 'gz_ros2_control_tests' build argument 'cmake_clean_cache' from command line to 'False'
[1.287s] Level 5:colcon.colcon_core.verb:set package 'gz_ros2_control_tests' build argument 'cmake_clean_first' from command line to 'False'
[1.287s] Level 5:colcon.colcon_core.verb:set package 'gz_ros2_control_tests' build argument 'cmake_force_configure' from command line to 'False'
[1.287s] Level 5:colcon.colcon_core.verb:set package 'gz_ros2_control_tests' build argument 'ament_cmake_args' from command line to 'None'
[1.287s] Level 5:colcon.colcon_core.verb:set package 'gz_ros2_control_tests' build argument 'catkin_cmake_args' from command line to 'None'
[1.287s] Level 5:colcon.colcon_core.verb:set package 'gz_ros2_control_tests' build argument 'catkin_skip_building_tests' from command line to 'False'
[1.287s] DEBUG:colcon.colcon_core.verb:Building package 'gz_ros2_control_tests' with the following arguments: {'ament_cmake_args': None, 'build_base': '/catkin_ws/rover_sim_ws/build/gz_ros2_control_tests', 'catkin_cmake_args': None, 'catkin_skip_building_tests': False, 'cmake_args': None, 'cmake_clean_cache': False, 'cmake_clean_first': False, 'cmake_force_configure': False, 'cmake_target': None, 'cmake_target_skip_unavailable': False, 'install_base': '/catkin_ws/rover_sim_ws/install/gz_ros2_control_tests', 'merge_install': False, 'path': '/catkin_ws/rover_sim_ws/src/gz_ros2_control/gz_ros2_control_tests', 'symlink_install': False, 'test_result_base': None}
[1.301s] Level 5:colcon.colcon_core.verb:set package 'ign_ros2_control_demos' build argument 'cmake_args' from command line to 'None'
[1.302s] Level 5:colcon.colcon_core.verb:set package 'ign_ros2_control_demos' build argument 'cmake_target' from command line to 'None'
[1.302s] Level 5:colcon.colcon_core.verb:set package 'ign_ros2_control_demos' build argument 'cmake_target_skip_unavailable' from command line to 'False'
[1.302s] Level 5:colcon.colcon_core.verb:set package 'ign_ros2_control_demos' build argument 'cmake_clean_cache' from command line to 'False'
[1.302s] Level 5:colcon.colcon_core.verb:set package 'ign_ros2_control_demos' build argument 'cmake_clean_first' from command line to 'False'
[1.302s] Level 5:colcon.colcon_core.verb:set package 'ign_ros2_control_demos' build argument 'cmake_force_configure' from command line to 'False'
[1.302s] Level 5:colcon.colcon_core.verb:set package 'ign_ros2_control_demos' build argument 'ament_cmake_args' from command line to 'None'
[1.302s] Level 5:colcon.colcon_core.verb:set package 'ign_ros2_control_demos' build argument 'catkin_cmake_args' from command line to 'None'
[1.302s] Level 5:colcon.colcon_core.verb:set package 'ign_ros2_control_demos' build argument 'catkin_skip_building_tests' from command line to 'False'
[1.302s] DEBUG:colcon.colcon_core.verb:Building package 'ign_ros2_control_demos' with the following arguments: {'ament_cmake_args': None, 'build_base': '/catkin_ws/rover_sim_ws/build/ign_ros2_control_demos', 'catkin_cmake_args': None, 'catkin_skip_building_tests': False, 'cmake_args': None, 'cmake_clean_cache': False, 'cmake_clean_first': False, 'cmake_force_configure': False, 'cmake_target': None, 'cmake_target_skip_unavailable': False, 'install_base': '/catkin_ws/rover_sim_ws/install/ign_ros2_control_demos', 'merge_install': False, 'path': '/catkin_ws/rover_sim_ws/src/gz_ros2_control/ign_ros2_control_demos', 'symlink_install': False, 'test_result_base': None}
[1.315s] INFO:colcon.colcon_core.executor:Executing jobs using 'parallel' executor
[1.330s] DEBUG:colcon.colcon_parallel_executor.executor.parallel:run_until_complete
[1.331s] INFO:colcon.colcon_ros.task.ament_cmake.build:Building ROS package in '/catkin_ws/rover_sim_ws/src/gz_ros2_control/ign_ros2_control' with build type 'ament_cmake'
[1.331s] INFO:colcon.colcon_cmake.task.cmake.build:Building CMake package in '/catkin_ws/rover_sim_ws/src/gz_ros2_control/ign_ros2_control'
[1.346s] INFO:colcon.colcon_core.plugin_system:Skipping extension 'colcon_core.shell.bat': Not used on non-Windows systems
[1.347s] INFO:colcon.colcon_core.shell:Skip shell extension 'powershell' for command environment: Not usable outside of PowerShell
[1.347s] DEBUG:colcon.colcon_core.shell:Skip shell extension 'dsv' for command environment
[1.394s] INFO:colcon.colcon_ros.task.ament_cmake.build:Building ROS package in '/catkin_ws/rover_sim_ws/src/rover_gz' with build type 'ament_cmake'
[1.394s] INFO:colcon.colcon_cmake.task.cmake.build:Building CMake package in '/catkin_ws/rover_sim_ws/src/rover_gz'
[1.409s] INFO:colcon.colcon_core.shell:Skip shell extension 'powershell' for command environment: Not usable outside of PowerShell
[1.409s] DEBUG:colcon.colcon_core.shell:Skip shell extension 'dsv' for command environment
[1.472s] DEBUG:colcon.colcon_core.event_handler.log_command:Invoking command in '/catkin_ws/rover_sim_ws/build/ign_ros2_control': CMAKE_PREFIX_PATH=${CMAKE_PREFIX_PATH}:/opt/ros/humble /usr/bin/cmake --build /catkin_ws/rover_sim_ws/build/ign_ros2_control -- -j8 -l8
[1.476s] DEBUG:colcon.colcon_core.event_handler.log_command:Invoking command in '/catkin_ws/rover_sim_ws/build/rover_gz': CMAKE_PREFIX_PATH=${CMAKE_PREFIX_PATH}:/opt/ros/humble /usr/bin/cmake --build /catkin_ws/rover_sim_ws/build/rover_gz -- -j8 -l8
[1.508s] DEBUG:colcon.colcon_core.event_handler.log_command:Invoked command in '/catkin_ws/rover_sim_ws/build/rover_gz' returned '0': CMAKE_PREFIX_PATH=${CMAKE_PREFIX_PATH}:/opt/ros/humble /usr/bin/cmake --build /catkin_ws/rover_sim_ws/build/rover_gz -- -j8 -l8
[1.539s] DEBUG:colcon.colcon_core.event_handler.log_command:Invoking command in '/catkin_ws/rover_sim_ws/build/rover_gz': CMAKE_PREFIX_PATH=${CMAKE_PREFIX_PATH}:/opt/ros/humble /usr/bin/cmake --install /catkin_ws/rover_sim_ws/build/rover_gz
[1.542s] DEBUG:colcon.colcon_core.event_handler.log_command:Invoked command in '/catkin_ws/rover_sim_ws/build/ign_ros2_control' returned '0': CMAKE_PREFIX_PATH=${CMAKE_PREFIX_PATH}:/opt/ros/humble /usr/bin/cmake --build /catkin_ws/rover_sim_ws/build/ign_ros2_control -- -j8 -l8
[1.585s] Level 1:colcon.colcon_core.environment:create_environment_scripts_only(ign_ros2_control)
[1.729s] DEBUG:colcon.colcon_core.event_handler.log_command:Invoking command in '/catkin_ws/rover_sim_ws/build/ign_ros2_control': CMAKE_PREFIX_PATH=${CMAKE_PREFIX_PATH}:/opt/ros/humble /usr/bin/cmake --install /catkin_ws/rover_sim_ws/build/ign_ros2_control
[1.760s] Level 1:colcon.colcon_core.environment:checking '/catkin_ws/rover_sim_ws/install/ign_ros2_control' for CMake module files
[1.763s] Level 1:colcon.colcon_core.environment:checking '/catkin_ws/rover_sim_ws/install/ign_ros2_control' for CMake config files
[1.779s] Level 1:colcon.colcon_core.shell:create_environment_hook('ign_ros2_control', 'cmake_prefix_path')
[1.857s] DEBUG:colcon.colcon_core.event_handler.log_command:Invoked command in '/catkin_ws/rover_sim_ws/build/ign_ros2_control' returned '0': CMAKE_PREFIX_PATH=${CMAKE_PREFIX_PATH}:/opt/ros/humble /usr/bin/cmake --install /catkin_ws/rover_sim_ws/build/ign_ros2_control
[1.884s] INFO:colcon.colcon_core.shell:Creating environment hook '/catkin_ws/rover_sim_ws/install/ign_ros2_control/share/ign_ros2_control/hook/cmake_prefix_path.ps1'
[1.889s] INFO:colcon.colcon_core.shell:Creating environment descriptor '/catkin_ws/rover_sim_ws/install/ign_ros2_control/share/ign_ros2_control/hook/cmake_prefix_path.dsv'
[1.893s] INFO:colcon.colcon_core.shell:Creating environment hook '/catkin_ws/rover_sim_ws/install/ign_ros2_control/share/ign_ros2_control/hook/cmake_prefix_path.sh'
[1.896s] Level 1:colcon.colcon_core.environment:checking '/catkin_ws/rover_sim_ws/install/ign_ros2_control/lib'
[1.898s] Level 1:colcon.colcon_core.shell:create_environment_hook('ign_ros2_control', 'ld_library_path_lib')
[1.998s] INFO:colcon.colcon_core.shell:Creating environment hook '/catkin_ws/rover_sim_ws/install/ign_ros2_control/share/ign_ros2_control/hook/ld_library_path_lib.ps1'
[2.001s] INFO:colcon.colcon_core.shell:Creating environment descriptor '/catkin_ws/rover_sim_ws/install/ign_ros2_control/share/ign_ros2_control/hook/ld_library_path_lib.dsv'
[2.003s] INFO:colcon.colcon_core.shell:Creating environment hook '/catkin_ws/rover_sim_ws/install/ign_ros2_control/share/ign_ros2_control/hook/ld_library_path_lib.sh'
[2.009s] Level 1:colcon.colcon_core.environment:checking '/catkin_ws/rover_sim_ws/install/ign_ros2_control/bin'
[2.010s] Level 1:colcon.colcon_core.environment:checking '/catkin_ws/rover_sim_ws/install/ign_ros2_control/lib/pkgconfig/ign_ros2_control.pc'
[2.013s] Level 1:colcon.colcon_core.environment:checking '/catkin_ws/rover_sim_ws/install/ign_ros2_control/lib/python3.10/site-packages'
[2.014s] Level 1:colcon.colcon_core.environment:checking '/catkin_ws/rover_sim_ws/install/ign_ros2_control/bin'
[2.103s] INFO:colcon.colcon_core.shell:Creating package script '/catkin_ws/rover_sim_ws/install/ign_ros2_control/share/ign_ros2_control/package.ps1'
[2.108s] INFO:colcon.colcon_core.shell:Creating package descriptor '/catkin_ws/rover_sim_ws/install/ign_ros2_control/share/ign_ros2_control/package.dsv'
[2.111s] INFO:colcon.colcon_core.shell:Creating package script '/catkin_ws/rover_sim_ws/install/ign_ros2_control/share/ign_ros2_control/package.sh'
[2.117s] INFO:colcon.colcon_core.shell:Creating package script '/catkin_ws/rover_sim_ws/install/ign_ros2_control/share/ign_ros2_control/package.bash'
[2.122s] INFO:colcon.colcon_core.shell:Creating package script '/catkin_ws/rover_sim_ws/install/ign_ros2_control/share/ign_ros2_control/package.zsh'
[2.124s] Level 1:colcon.colcon_core.environment:create_file_with_runtime_dependencies(/catkin_ws/rover_sim_ws/install/ign_ros2_control/share/colcon-core/packages/ign_ros2_control)
[2.134s] Level 1:colcon.colcon_core.environment:create_environment_scripts_only(rover_gz)
[2.237s] Level 1:colcon.colcon_core.environment:checking '/catkin_ws/rover_sim_ws/install/rover_gz' for CMake module files
[2.240s] Level 1:colcon.colcon_core.environment:checking '/catkin_ws/rover_sim_ws/install/rover_gz' for CMake config files
[2.251s] Level 1:colcon.colcon_core.shell:create_environment_hook('rover_gz', 'cmake_prefix_path')
[2.251s] DEBUG:colcon.colcon_core.event_handler.log_command:Invoked command in '/catkin_ws/rover_sim_ws/build/rover_gz' returned '0': CMAKE_PREFIX_PATH=${CMAKE_PREFIX_PATH}:/opt/ros/humble /usr/bin/cmake --install /catkin_ws/rover_sim_ws/build/rover_gz
[2.263s] INFO:colcon.colcon_core.shell:Creating environment hook '/catkin_ws/rover_sim_ws/install/rover_gz/share/rover_gz/hook/cmake_prefix_path.ps1'
[2.264s] INFO:colcon.colcon_core.shell:Creating environment descriptor '/catkin_ws/rover_sim_ws/install/rover_gz/share/rover_gz/hook/cmake_prefix_path.dsv'
[2.264s] INFO:colcon.colcon_core.shell:Creating environment hook '/catkin_ws/rover_sim_ws/install/rover_gz/share/rover_gz/hook/cmake_prefix_path.sh'
[2.264s] Level 1:colcon.colcon_core.environment:checking '/catkin_ws/rover_sim_ws/install/rover_gz/bin'
[2.264s] Level 1:colcon.colcon_core.environment:checking '/catkin_ws/rover_sim_ws/install/rover_gz/lib/pkgconfig/rover_gz.pc'
[2.265s] Level 1:colcon.colcon_core.environment:checking '/catkin_ws/rover_sim_ws/install/rover_gz/lib/python3.10/site-packages'
[2.265s] Level 1:colcon.colcon_core.environment:checking '/catkin_ws/rover_sim_ws/install/rover_gz/bin'
[2.277s] INFO:colcon.colcon_core.shell:Creating package script '/catkin_ws/rover_sim_ws/install/rover_gz/share/rover_gz/package.ps1'
[2.278s] INFO:colcon.colcon_core.shell:Creating package descriptor '/catkin_ws/rover_sim_ws/install/rover_gz/share/rover_gz/package.dsv'
[2.278s] INFO:colcon.colcon_core.shell:Creating package script '/catkin_ws/rover_sim_ws/install/rover_gz/share/rover_gz/package.sh'
[2.279s] INFO:colcon.colcon_core.shell:Creating package script '/catkin_ws/rover_sim_ws/install/rover_gz/share/rover_gz/package.bash'
[2.279s] INFO:colcon.colcon_core.shell:Creating package script '/catkin_ws/rover_sim_ws/install/rover_gz/share/rover_gz/package.zsh'
[2.279s] Level 1:colcon.colcon_core.environment:create_file_with_runtime_dependencies(/catkin_ws/rover_sim_ws/install/rover_gz/share/colcon-core/packages/rover_gz)
[2.293s] Level 1:colcon.colcon_core.environment:create_environment_scripts_only(ign_ros2_control)
[2.306s] Level 1:colcon.colcon_core.environment:checking '/catkin_ws/rover_sim_ws/install/ign_ros2_control' for CMake module files
[2.306s] Level 1:colcon.colcon_core.environment:checking '/catkin_ws/rover_sim_ws/install/ign_ros2_control' for CMake config files
[2.307s] Level 1:colcon.colcon_core.shell:create_environment_hook('ign_ros2_control', 'cmake_prefix_path')
[2.318s] INFO:colcon.colcon_core.shell:Creating environment hook '/catkin_ws/rover_sim_ws/install/ign_ros2_control/share/ign_ros2_control/hook/cmake_prefix_path.ps1'
[2.318s] INFO:colcon.colcon_core.shell:Creating environment descriptor '/catkin_ws/rover_sim_ws/install/ign_ros2_control/share/ign_ros2_control/hook/cmake_prefix_path.dsv'
[2.319s] INFO:colcon.colcon_core.shell:Creating environment hook '/catkin_ws/rover_sim_ws/install/ign_ros2_control/share/ign_ros2_control/hook/cmake_prefix_path.sh'
[2.319s] Level 1:colcon.colcon_core.environment:checking '/catkin_ws/rover_sim_ws/install/ign_ros2_control/lib'
[2.319s] Level 1:colcon.colcon_core.shell:create_environment_hook('ign_ros2_control', 'ld_library_path_lib')
[2.331s] INFO:colcon.colcon_core.shell:Creating environment hook '/catkin_ws/rover_sim_ws/install/ign_ros2_control/share/ign_ros2_control/hook/ld_library_path_lib.ps1'
[2.331s] INFO:colcon.colcon_core.shell:Creating environment descriptor '/catkin_ws/rover_sim_ws/install/ign_ros2_control/share/ign_ros2_control/hook/ld_library_path_lib.dsv'
[2.331s] INFO:colcon.colcon_core.shell:Creating environment hook '/catkin_ws/rover_sim_ws/install/ign_ros2_control/share/ign_ros2_control/hook/ld_library_path_lib.sh'
[2.332s] Level 1:colcon.colcon_core.environment:checking '/catkin_ws/rover_sim_ws/install/ign_ros2_control/bin'
[2.332s] Level 1:colcon.colcon_core.environment:checking '/catkin_ws/rover_sim_ws/install/ign_ros2_control/lib/pkgconfig/ign_ros2_control.pc'
[2.332s] Level 1:colcon.colcon_core.environment:checking '/catkin_ws/rover_sim_ws/install/ign_ros2_control/lib/python3.10/site-packages'
[2.332s] Level 1:colcon.colcon_core.environment:checking '/catkin_ws/rover_sim_ws/install/ign_ros2_control/bin'
[2.344s] INFO:colcon.colcon_core.shell:Creating package script '/catkin_ws/rover_sim_ws/install/ign_ros2_control/share/ign_ros2_control/package.ps1'
[2.345s] INFO:colcon.colcon_core.shell:Creating package descriptor '/catkin_ws/rover_sim_ws/install/ign_ros2_control/share/ign_ros2_control/package.dsv'
[2.345s] INFO:colcon.colcon_core.shell:Creating package script '/catkin_ws/rover_sim_ws/install/ign_ros2_control/share/ign_ros2_control/package.sh'
[2.346s] INFO:colcon.colcon_core.shell:Creating package script '/catkin_ws/rover_sim_ws/install/ign_ros2_control/share/ign_ros2_control/package.bash'
[2.347s] INFO:colcon.colcon_core.shell:Creating package script '/catkin_ws/rover_sim_ws/install/ign_ros2_control/share/ign_ros2_control/package.zsh'
[2.347s] Level 1:colcon.colcon_core.environment:create_file_with_runtime_dependencies(/catkin_ws/rover_sim_ws/install/ign_ros2_control/share/colcon-core/packages/ign_ros2_control)
[2.348s] INFO:colcon.colcon_ros.task.ament_cmake.build:Building ROS package in '/catkin_ws/rover_sim_ws/src/gz_ros2_control/gz_ros2_control_tests' with build type 'ament_cmake'
[2.348s] INFO:colcon.colcon_cmake.task.cmake.build:Building CMake package in '/catkin_ws/rover_sim_ws/src/gz_ros2_control/gz_ros2_control_tests'
[2.362s] INFO:colcon.colcon_core.shell:Skip shell extension 'powershell' for command environment: Not usable outside of PowerShell
[2.362s] DEBUG:colcon.colcon_core.shell:Skip shell extension 'dsv' for command environment
[2.402s] INFO:colcon.colcon_ros.task.ament_cmake.build:Building ROS package in '/catkin_ws/rover_sim_ws/src/gz_ros2_control/ign_ros2_control_demos' with build type 'ament_cmake'
[2.402s] INFO:colcon.colcon_cmake.task.cmake.build:Building CMake package in '/catkin_ws/rover_sim_ws/src/gz_ros2_control/ign_ros2_control_demos'
[2.417s] INFO:colcon.colcon_core.shell:Skip shell extension 'powershell' for command environment: Not usable outside of PowerShell
[2.417s] DEBUG:colcon.colcon_core.shell:Skip shell extension 'dsv' for command environment
[2.492s] Level 1:colcon.colcon_core.environment:create_environment_scripts_only(rover_gz)
[2.507s] Level 1:colcon.colcon_core.environment:checking '/catkin_ws/rover_sim_ws/install/rover_gz' for CMake module files
[2.508s] Level 1:colcon.colcon_core.environment:checking '/catkin_ws/rover_sim_ws/install/rover_gz' for CMake config files
[2.508s] Level 1:colcon.colcon_core.shell:create_environment_hook('rover_gz', 'cmake_prefix_path')
[2.521s] INFO:colcon.colcon_core.shell:Creating environment hook '/catkin_ws/rover_sim_ws/install/rover_gz/share/rover_gz/hook/cmake_prefix_path.ps1'
[2.522s] INFO:colcon.colcon_core.shell:Creating environment descriptor '/catkin_ws/rover_sim_ws/install/rover_gz/share/rover_gz/hook/cmake_prefix_path.dsv'
[2.522s] INFO:colcon.colcon_core.shell:Creating environment hook '/catkin_ws/rover_sim_ws/install/rover_gz/share/rover_gz/hook/cmake_prefix_path.sh'
[2.522s] Level 1:colcon.colcon_core.environment:checking '/catkin_ws/rover_sim_ws/install/rover_gz/bin'
[2.522s] Level 1:colcon.colcon_core.environment:checking '/catkin_ws/rover_sim_ws/install/rover_gz/lib/pkgconfig/rover_gz.pc'
[2.523s] Level 1:colcon.colcon_core.environment:checking '/catkin_ws/rover_sim_ws/install/rover_gz/lib/python3.10/site-packages'
[2.523s] Level 1:colcon.colcon_core.environment:checking '/catkin_ws/rover_sim_ws/install/rover_gz/bin'
[2.535s] INFO:colcon.colcon_core.shell:Creating package script '/catkin_ws/rover_sim_ws/install/rover_gz/share/rover_gz/package.ps1'
[2.536s] INFO:colcon.colcon_core.shell:Creating package descriptor '/catkin_ws/rover_sim_ws/install/rover_gz/share/rover_gz/package.dsv'
[2.537s] INFO:colcon.colcon_core.shell:Creating package script '/catkin_ws/rover_sim_ws/install/rover_gz/share/rover_gz/package.sh'
[2.537s] INFO:colcon.colcon_core.shell:Creating package script '/catkin_ws/rover_sim_ws/install/rover_gz/share/rover_gz/package.bash'
[2.538s] INFO:colcon.colcon_core.shell:Creating package script '/catkin_ws/rover_sim_ws/install/rover_gz/share/rover_gz/package.zsh'
[2.538s] Level 1:colcon.colcon_core.environment:create_file_with_runtime_dependencies(/catkin_ws/rover_sim_ws/install/rover_gz/share/colcon-core/packages/rover_gz)
[2.545s] DEBUG:colcon.colcon_core.event_handler.log_command:Invoking command in '/catkin_ws/rover_sim_ws/build/gz_ros2_control_tests': CMAKE_PREFIX_PATH=/catkin_ws/rover_sim_ws/install/ign_ros2_control:/catkin_ws/rover_sim_ws/install/rover_gz:/catkin_ws/rover_sim_ws/install/ign_ros2_control_demos:/catkin_ws/rover_sim_ws/install/gz_ros2_control_tests:/opt/ros/humble /usr/bin/cmake --build /catkin_ws/rover_sim_ws/build/gz_ros2_control_tests -- -j8 -l8
[2.548s] DEBUG:colcon.colcon_core.event_handler.log_command:Invoking command in '/catkin_ws/rover_sim_ws/build/ign_ros2_control_demos': CMAKE_PREFIX_PATH=/catkin_ws/rover_sim_ws/install/ign_ros2_control:/catkin_ws/rover_sim_ws/install/rover_gz:/catkin_ws/rover_sim_ws/install/ign_ros2_control_demos:/catkin_ws/rover_sim_ws/install/gz_ros2_control_tests:/opt/ros/humble /usr/bin/cmake --build /catkin_ws/rover_sim_ws/build/ign_ros2_control_demos -- -j8 -l8
[2.607s] DEBUG:colcon.colcon_core.event_handler.log_command:Invoked command in '/catkin_ws/rover_sim_ws/build/gz_ros2_control_tests' returned '0': CMAKE_PREFIX_PATH=/catkin_ws/rover_sim_ws/install/ign_ros2_control:/catkin_ws/rover_sim_ws/install/rover_gz:/catkin_ws/rover_sim_ws/install/ign_ros2_control_demos:/catkin_ws/rover_sim_ws/install/gz_ros2_control_tests:/opt/ros/humble /usr/bin/cmake --build /catkin_ws/rover_sim_ws/build/gz_ros2_control_tests -- -j8 -l8
[2.608s] DEBUG:colcon.colcon_core.event_handler.log_command:Invoked command in '/catkin_ws/rover_sim_ws/build/ign_ros2_control_demos' returned '0': CMAKE_PREFIX_PATH=/catkin_ws/rover_sim_ws/install/ign_ros2_control:/catkin_ws/rover_sim_ws/install/rover_gz:/catkin_ws/rover_sim_ws/install/ign_ros2_control_demos:/catkin_ws/rover_sim_ws/install/gz_ros2_control_tests:/opt/ros/humble /usr/bin/cmake --build /catkin_ws/rover_sim_ws/build/ign_ros2_control_demos -- -j8 -l8
[2.630s] DEBUG:colcon.colcon_core.event_handler.log_command:Invoking command in '/catkin_ws/rover_sim_ws/build/gz_ros2_control_tests': CMAKE_PREFIX_PATH=/catkin_ws/rover_sim_ws/install/ign_ros2_control:/catkin_ws/rover_sim_ws/install/rover_gz:/catkin_ws/rover_sim_ws/install/ign_ros2_control_demos:/catkin_ws/rover_sim_ws/install/gz_ros2_control_tests:/opt/ros/humble /usr/bin/cmake --install /catkin_ws/rover_sim_ws/build/gz_ros2_control_tests
[2.640s] Level 1:colcon.colcon_core.environment:create_environment_scripts_only(gz_ros2_control_tests)
[2.641s] DEBUG:colcon.colcon_core.event_handler.log_command:Invoked command in '/catkin_ws/rover_sim_ws/build/gz_ros2_control_tests' returned '0': CMAKE_PREFIX_PATH=/catkin_ws/rover_sim_ws/install/ign_ros2_control:/catkin_ws/rover_sim_ws/install/rover_gz:/catkin_ws/rover_sim_ws/install/ign_ros2_control_demos:/catkin_ws/rover_sim_ws/install/gz_ros2_control_tests:/opt/ros/humble /usr/bin/cmake --install /catkin_ws/rover_sim_ws/build/gz_ros2_control_tests
[2.653s] Level 1:colcon.colcon_core.environment:checking '/catkin_ws/rover_sim_ws/install/gz_ros2_control_tests' for CMake module files
[2.653s] Level 1:colcon.colcon_core.environment:checking '/catkin_ws/rover_sim_ws/install/gz_ros2_control_tests' for CMake config files
[2.653s] Level 1:colcon.colcon_core.shell:create_environment_hook('gz_ros2_control_tests', 'cmake_prefix_path')
[2.665s] INFO:colcon.colcon_core.shell:Creating environment hook '/catkin_ws/rover_sim_ws/install/gz_ros2_control_tests/share/gz_ros2_control_tests/hook/cmake_prefix_path.ps1'
[2.665s] INFO:colcon.colcon_core.shell:Creating environment descriptor '/catkin_ws/rover_sim_ws/install/gz_ros2_control_tests/share/gz_ros2_control_tests/hook/cmake_prefix_path.dsv'
[2.666s] INFO:colcon.colcon_core.shell:Creating environment hook '/catkin_ws/rover_sim_ws/install/gz_ros2_control_tests/share/gz_ros2_control_tests/hook/cmake_prefix_path.sh'
[2.666s] Level 1:colcon.colcon_core.environment:checking '/catkin_ws/rover_sim_ws/install/gz_ros2_control_tests/lib'
[2.666s] Level 1:colcon.colcon_core.environment:checking '/catkin_ws/rover_sim_ws/install/gz_ros2_control_tests/bin'
[2.666s] Level 1:colcon.colcon_core.environment:checking '/catkin_ws/rover_sim_ws/install/gz_ros2_control_tests/lib/pkgconfig/gz_ros2_control_tests.pc'
[2.667s] Level 1:colcon.colcon_core.environment:checking '/catkin_ws/rover_sim_ws/install/gz_ros2_control_tests/lib/python3.10/site-packages'
[2.667s] Level 1:colcon.colcon_core.environment:checking '/catkin_ws/rover_sim_ws/install/gz_ros2_control_tests/bin'
[2.679s] INFO:colcon.colcon_core.shell:Creating package script '/catkin_ws/rover_sim_ws/install/gz_ros2_control_tests/share/gz_ros2_control_tests/package.ps1'
[2.681s] INFO:colcon.colcon_core.shell:Creating package descriptor '/catkin_ws/rover_sim_ws/install/gz_ros2_control_tests/share/gz_ros2_control_tests/package.dsv'
[2.682s] INFO:colcon.colcon_core.shell:Creating package script '/catkin_ws/rover_sim_ws/install/gz_ros2_control_tests/share/gz_ros2_control_tests/package.sh'
[2.682s] INFO:colcon.colcon_core.shell:Creating package script '/catkin_ws/rover_sim_ws/install/gz_ros2_control_tests/share/gz_ros2_control_tests/package.bash'
[2.682s] INFO:colcon.colcon_core.shell:Creating package script '/catkin_ws/rover_sim_ws/install/gz_ros2_control_tests/share/gz_ros2_control_tests/package.zsh'
[2.683s] Level 1:colcon.colcon_core.environment:create_file_with_runtime_dependencies(/catkin_ws/rover_sim_ws/install/gz_ros2_control_tests/share/colcon-core/packages/gz_ros2_control_tests)
[2.686s] DEBUG:colcon.colcon_core.event_handler.log_command:Invoking command in '/catkin_ws/rover_sim_ws/build/ign_ros2_control_demos': CMAKE_PREFIX_PATH=/catkin_ws/rover_sim_ws/install/ign_ros2_control:/catkin_ws/rover_sim_ws/install/rover_gz:/catkin_ws/rover_sim_ws/install/ign_ros2_control_demos:/catkin_ws/rover_sim_ws/install/gz_ros2_control_tests:/opt/ros/humble /usr/bin/cmake --install /catkin_ws/rover_sim_ws/build/ign_ros2_control_demos
[2.700s] Level 1:colcon.colcon_core.environment:create_environment_scripts_only(ign_ros2_control_demos)
[2.705s] DEBUG:colcon.colcon_core.event_handler.log_command:Invoked command in '/catkin_ws/rover_sim_ws/build/ign_ros2_control_demos' returned '0': CMAKE_PREFIX_PATH=/catkin_ws/rover_sim_ws/install/ign_ros2_control:/catkin_ws/rover_sim_ws/install/rover_gz:/catkin_ws/rover_sim_ws/install/ign_ros2_control_demos:/catkin_ws/rover_sim_ws/install/gz_ros2_control_tests:/opt/ros/humble /usr/bin/cmake --install /catkin_ws/rover_sim_ws/build/ign_ros2_control_demos
[2.717s] Level 1:colcon.colcon_core.environment:checking '/catkin_ws/rover_sim_ws/install/ign_ros2_control_demos' for CMake module files
[2.717s] Level 1:colcon.colcon_core.environment:checking '/catkin_ws/rover_sim_ws/install/ign_ros2_control_demos' for CMake config files
[2.718s] Level 1:colcon.colcon_core.shell:create_environment_hook('ign_ros2_control_demos', 'cmake_prefix_path')
[2.731s] INFO:colcon.colcon_core.shell:Creating environment hook '/catkin_ws/rover_sim_ws/install/ign_ros2_control_demos/share/ign_ros2_control_demos/hook/cmake_prefix_path.ps1'
[2.731s] INFO:colcon.colcon_core.shell:Creating environment descriptor '/catkin_ws/rover_sim_ws/install/ign_ros2_control_demos/share/ign_ros2_control_demos/hook/cmake_prefix_path.dsv'
[2.732s] INFO:colcon.colcon_core.shell:Creating environment hook '/catkin_ws/rover_sim_ws/install/ign_ros2_control_demos/share/ign_ros2_control_demos/hook/cmake_prefix_path.sh'
[2.732s] Level 1:colcon.colcon_core.environment:checking '/catkin_ws/rover_sim_ws/install/ign_ros2_control_demos/lib'
[2.733s] Level 1:colcon.colcon_core.environment:checking '/catkin_ws/rover_sim_ws/install/ign_ros2_control_demos/bin'
[2.733s] Level 1:colcon.colcon_core.environment:checking '/catkin_ws/rover_sim_ws/install/ign_ros2_control_demos/lib/pkgconfig/ign_ros2_control_demos.pc'
[2.733s] Level 1:colcon.colcon_core.environment:checking '/catkin_ws/rover_sim_ws/install/ign_ros2_control_demos/lib/python3.10/site-packages'
[2.733s] Level 1:colcon.colcon_core.environment:checking '/catkin_ws/rover_sim_ws/install/ign_ros2_control_demos/bin'
[2.746s] INFO:colcon.colcon_core.shell:Creating package script '/catkin_ws/rover_sim_ws/install/ign_ros2_control_demos/share/ign_ros2_control_demos/package.ps1'
[2.746s] INFO:colcon.colcon_core.shell:Creating package descriptor '/catkin_ws/rover_sim_ws/install/ign_ros2_control_demos/share/ign_ros2_control_demos/package.dsv'
[2.747s] INFO:colcon.colcon_core.shell:Creating package script '/catkin_ws/rover_sim_ws/install/ign_ros2_control_demos/share/ign_ros2_control_demos/package.sh'
[2.747s] INFO:colcon.colcon_core.shell:Creating package script '/catkin_ws/rover_sim_ws/install/ign_ros2_control_demos/share/ign_ros2_control_demos/package.bash'
[2.748s] INFO:colcon.colcon_core.shell:Creating package script '/catkin_ws/rover_sim_ws/install/ign_ros2_control_demos/share/ign_ros2_control_demos/package.zsh'
[2.748s] Level 1:colcon.colcon_core.environment:create_file_with_runtime_dependencies(/catkin_ws/rover_sim_ws/install/ign_ros2_control_demos/share/colcon-core/packages/ign_ros2_control_demos)
[2.761s] Level 1:colcon.colcon_core.environment:create_environment_scripts_only(gz_ros2_control_tests)
[2.776s] Level 1:colcon.colcon_core.environment:checking '/catkin_ws/rover_sim_ws/install/gz_ros2_control_tests' for CMake module files
[2.777s] Level 1:colcon.colcon_core.environment:checking '/catkin_ws/rover_sim_ws/install/gz_ros2_control_tests' for CMake config files
[2.777s] Level 1:colcon.colcon_core.shell:create_environment_hook('gz_ros2_control_tests', 'cmake_prefix_path')
[2.790s] INFO:colcon.colcon_core.shell:Creating environment hook '/catkin_ws/rover_sim_ws/install/gz_ros2_control_tests/share/gz_ros2_control_tests/hook/cmake_prefix_path.ps1'
[2.791s] INFO:colcon.colcon_core.shell:Creating environment descriptor '/catkin_ws/rover_sim_ws/install/gz_ros2_control_tests/share/gz_ros2_control_tests/hook/cmake_prefix_path.dsv'
[2.791s] INFO:colcon.colcon_core.shell:Creating environment hook '/catkin_ws/rover_sim_ws/install/gz_ros2_control_tests/share/gz_ros2_control_tests/hook/cmake_prefix_path.sh'
[2.792s] Level 1:colcon.colcon_core.environment:checking '/catkin_ws/rover_sim_ws/install/gz_ros2_control_tests/lib'
[2.792s] Level 1:colcon.colcon_core.environment:checking '/catkin_ws/rover_sim_ws/install/gz_ros2_control_tests/bin'
[2.792s] Level 1:colcon.colcon_core.environment:checking '/catkin_ws/rover_sim_ws/install/gz_ros2_control_tests/lib/pkgconfig/gz_ros2_control_tests.pc'
[2.792s] Level 1:colcon.colcon_core.environment:checking '/catkin_ws/rover_sim_ws/install/gz_ros2_control_tests/lib/python3.10/site-packages'
[2.792s] Level 1:colcon.colcon_core.environment:checking '/catkin_ws/rover_sim_ws/install/gz_ros2_control_tests/bin'
[2.806s] INFO:colcon.colcon_core.shell:Creating package script '/catkin_ws/rover_sim_ws/install/gz_ros2_control_tests/share/gz_ros2_control_tests/package.ps1'
[2.806s] INFO:colcon.colcon_core.shell:Creating package descriptor '/catkin_ws/rover_sim_ws/install/gz_ros2_control_tests/share/gz_ros2_control_tests/package.dsv'
[2.807s] INFO:colcon.colcon_core.shell:Creating package script '/catkin_ws/rover_sim_ws/install/gz_ros2_control_tests/share/gz_ros2_control_tests/package.sh'
[2.807s] INFO:colcon.colcon_core.shell:Creating package script '/catkin_ws/rover_sim_ws/install/gz_ros2_control_tests/share/gz_ros2_control_tests/package.bash'
[2.808s] INFO:colcon.colcon_core.shell:Creating package script '/catkin_ws/rover_sim_ws/install/gz_ros2_control_tests/share/gz_ros2_control_tests/package.zsh'
[2.808s] Level 1:colcon.colcon_core.environment:create_file_with_runtime_dependencies(/catkin_ws/rover_sim_ws/install/gz_ros2_control_tests/share/colcon-core/packages/gz_ros2_control_tests)
[2.821s] Level 1:colcon.colcon_core.environment:create_environment_scripts_only(ign_ros2_control_demos)
[2.834s] Level 1:colcon.colcon_core.environment:checking '/catkin_ws/rover_sim_ws/install/ign_ros2_control_demos' for CMake module files
[2.835s] Level 1:colcon.colcon_core.environment:checking '/catkin_ws/rover_sim_ws/install/ign_ros2_control_demos' for CMake config files
[2.835s] Level 1:colcon.colcon_core.shell:create_environment_hook('ign_ros2_control_demos', 'cmake_prefix_path')
[2.849s] INFO:colcon.colcon_core.shell:Creating environment hook '/catkin_ws/rover_sim_ws/install/ign_ros2_control_demos/share/ign_ros2_control_demos/hook/cmake_prefix_path.ps1'
[2.849s] INFO:colcon.colcon_core.shell:Creating environment descriptor '/catkin_ws/rover_sim_ws/install/ign_ros2_control_demos/share/ign_ros2_control_demos/hook/cmake_prefix_path.dsv'
[2.850s] INFO:colcon.colcon_core.shell:Creating environment hook '/catkin_ws/rover_sim_ws/install/ign_ros2_control_demos/share/ign_ros2_control_demos/hook/cmake_prefix_path.sh'
[2.850s] Level 1:colcon.colcon_core.environment:checking '/catkin_ws/rover_sim_ws/install/ign_ros2_control_demos/lib'
[2.850s] Level 1:colcon.colcon_core.environment:checking '/catkin_ws/rover_sim_ws/install/ign_ros2_control_demos/bin'
[2.850s] Level 1:colcon.colcon_core.environment:checking '/catkin_ws/rover_sim_ws/install/ign_ros2_control_demos/lib/pkgconfig/ign_ros2_control_demos.pc'
[2.850s] Level 1:colcon.colcon_core.environment:checking '/catkin_ws/rover_sim_ws/install/ign_ros2_control_demos/lib/python3.10/site-packages'
[2.851s] Level 1:colcon.colcon_core.environment:checking '/catkin_ws/rover_sim_ws/install/ign_ros2_control_demos/bin'
[2.864s] INFO:colcon.colcon_core.shell:Creating package script '/catkin_ws/rover_sim_ws/install/ign_ros2_control_demos/share/ign_ros2_control_demos/package.ps1'
[2.864s] INFO:colcon.colcon_core.shell:Creating package descriptor '/catkin_ws/rover_sim_ws/install/ign_ros2_control_demos/share/ign_ros2_control_demos/package.dsv'
[2.865s] INFO:colcon.colcon_core.shell:Creating package script '/catkin_ws/rover_sim_ws/install/ign_ros2_control_demos/share/ign_ros2_control_demos/package.sh'
[2.865s] INFO:colcon.colcon_core.shell:Creating package script '/catkin_ws/rover_sim_ws/install/ign_ros2_control_demos/share/ign_ros2_control_demos/package.bash'
[2.866s] INFO:colcon.colcon_core.shell:Creating package script '/catkin_ws/rover_sim_ws/install/ign_ros2_control_demos/share/ign_ros2_control_demos/package.zsh'
[2.866s] Level 1:colcon.colcon_core.environment:create_file_with_runtime_dependencies(/catkin_ws/rover_sim_ws/install/ign_ros2_control_demos/share/colcon-core/packages/ign_ros2_control_demos)
[2.866s] DEBUG:colcon.colcon_parallel_executor.executor.parallel:closing loop
[2.867s] DEBUG:colcon.colcon_parallel_executor.executor.parallel:loop closed
[2.867s] DEBUG:colcon.colcon_parallel_executor.executor.parallel:run_until_complete finished with '0'
[2.867s] DEBUG:colcon.colcon_core.event_reactor:joining thread
[2.885s] INFO:colcon.colcon_core.plugin_system:Skipping extension 'colcon_notification.desktop_notification.notify_send': Could not find 'notify-send'
[2.885s] INFO:colcon.colcon_core.plugin_system:Skipping extension 'colcon_notification.desktop_notification.terminal_notifier': Not used on non-Darwin systems
[2.885s] INFO:colcon.colcon_core.plugin_system:Skipping extension 'colcon_notification.desktop_notification.win32': Not used on non-Windows systems
[2.885s] INFO:colcon.colcon_notification.desktop_notification:Sending desktop notification using 'notify2'
[2.887s] DEBUG:colcon.colcon_notification.desktop_notification.notify2:Failed to initialize notify2: org.freedesktop.DBus.Error.Spawn.ExecFailed: /usr/bin/dbus-launch terminated abnormally without any error message
[2.887s] DEBUG:colcon.colcon_core.event_reactor:joined thread
[2.901s] INFO:colcon.colcon_core.shell:Creating prefix script '/catkin_ws/rover_sim_ws/install/local_setup.ps1'
[2.902s] INFO:colcon.colcon_core.shell:Creating prefix util module '/catkin_ws/rover_sim_ws/install/_local_setup_util_ps1.py'
[2.903s] INFO:colcon.colcon_core.shell:Creating prefix chain script '/catkin_ws/rover_sim_ws/install/setup.ps1'
[2.916s] INFO:colcon.colcon_core.shell:Creating prefix script '/catkin_ws/rover_sim_ws/install/local_setup.sh'
[2.917s] INFO:colcon.colcon_core.shell:Creating prefix util module '/catkin_ws/rover_sim_ws/install/_local_setup_util_sh.py'
[2.917s] INFO:colcon.colcon_core.shell:Creating prefix chain script '/catkin_ws/rover_sim_ws/install/setup.sh'
[2.931s] INFO:colcon.colcon_core.shell:Creating prefix script '/catkin_ws/rover_sim_ws/install/local_setup.bash'
[2.932s] INFO:colcon.colcon_core.shell:Creating prefix chain script '/catkin_ws/rover_sim_ws/install/setup.bash'
[2.945s] INFO:colcon.colcon_core.shell:Creating prefix script '/catkin_ws/rover_sim_ws/install/local_setup.zsh'
[2.945s] INFO:colcon.colcon_core.shell:Creating prefix chain script '/catkin_ws/rover_sim_ws/install/setup.zsh'
