[1.183s] DEBUG:colcon:Command line arguments: ['/usr/bin/colcon', 'build']
[1.183s] DEBUG:colcon:Parsed command line arguments: Namespace(log_base=None, log_level=None, verb_name='build', build_base='build', install_base='install', merge_install=False, symlink_install=False, test_result_base=None, continue_on_error=False, executor='parallel', parallel_workers=8, event_handlers=None, ignore_user_meta=False, metas=['./colcon.meta'], base_paths=['.'], packages_ignore=None, packages_ignore_regex=None, paths=None, packages_up_to=None, packages_up_to_regex=None, packages_above=None, packages_above_and_dependencies=None, packages_above_depth=None, packages_select_by_dep=None, packages_skip_by_dep=None, packages_skip_up_to=None, packages_select_build_failed=False, packages_skip_build_finished=False, packages_select_test_failures=False, packages_skip_test_passed=False, packages_select=None, packages_skip=None, packages_select_regex=None, packages_skip_regex=None, packages_start=None, packages_end=None, cmake_args=None, cmake_target=None, cmake_target_skip_unavailable=False, cmake_clean_cache=False, cmake_clean_first=False, cmake_force_configure=False, ament_cmake_args=None, catkin_cmake_args=None, catkin_skip_building_tests=False, mixin_files=None, mixin=None, verb_parser=<colcon_mixin.mixin.mixin_argument.MixinArgumentDecorator object at 0x7fe83cb1ecb0>, verb_extension=<colcon_core.verb.build.BuildVerb object at 0x7fe83cac9450>, main=<bound method BuildVerb.main of <colcon_core.verb.build.BuildVerb object at 0x7fe83cac9450>>, mixin_verb=('build',))
[1.229s] Level 1:colcon.colcon_core.package_discovery:discover_packages(colcon_meta) check parameters
[1.230s] INFO:colcon.colcon_metadata.package_discovery.colcon_meta:Using configuration from '/root/.colcon/metadata/default/Gazebo.meta'
[1.231s] INFO:colcon.colcon_metadata.package_discovery.colcon_meta:Using configuration from '/root/.colcon/metadata/default/fastrtps.meta'
[1.231s] Level 1:colcon.colcon_core.package_discovery:discover_packages(recursive) check parameters
[1.231s] Level 1:colcon.colcon_core.package_discovery:discover_packages(ignore) check parameters
[1.231s] Level 1:colcon.colcon_core.package_discovery:discover_packages(path) check parameters
[1.231s] Level 1:colcon.colcon_core.package_discovery:discover_packages(colcon_meta) discover
[1.231s] Level 1:colcon.colcon_core.package_discovery:discover_packages(recursive) discover
[1.231s] INFO:colcon.colcon_core.package_discovery:Crawling recursively for packages in '/catkin_ws/rover_sim_ws'
[1.231s] Level 1:colcon.colcon_core.package_identification:_identify(.) by extensions ['ignore', 'ignore_ament_install']
[1.232s] Level 1:colcon.colcon_core.package_identification:_identify(.) by extension 'ignore'
[1.232s] Level 1:colcon.colcon_core.package_identification:_identify(.) by extension 'ignore_ament_install'
[1.232s] Level 1:colcon.colcon_core.package_identification:_identify(.) by extensions ['colcon_pkg']
[1.232s] Level 1:colcon.colcon_core.package_identification:_identify(.) by extension 'colcon_pkg'
[1.232s] Level 1:colcon.colcon_core.package_identification:_identify(.) by extensions ['colcon_meta']
[1.232s] Level 1:colcon.colcon_core.package_identification:_identify(.) by extension 'colcon_meta'
[1.232s] Level 1:colcon.colcon_core.package_identification:_identify(.) by extensions ['ros']
[1.232s] Level 1:colcon.colcon_core.package_identification:_identify(.) by extension 'ros'
[1.243s] Level 1:colcon.colcon_core.package_identification:_identify(.) by extensions ['cmake', 'python']
[1.243s] Level 1:colcon.colcon_core.package_identification:_identify(.) by extension 'cmake'
[1.244s] Level 1:colcon.colcon_core.package_identification:_identify(.) by extension 'python'
[1.244s] Level 1:colcon.colcon_core.package_identification:_identify(.) by extensions ['python_setup_py']
[1.244s] Level 1:colcon.colcon_core.package_identification:_identify(.) by extension 'python_setup_py'
[1.244s] Level 1:colcon.colcon_core.package_identification:_identify(build) by extensions ['ignore', 'ignore_ament_install']
[1.244s] Level 1:colcon.colcon_core.package_identification:_identify(build) by extension 'ignore'
[1.244s] Level 1:colcon.colcon_core.package_identification:_identify(build) ignored
[1.244s] Level 1:colcon.colcon_core.package_identification:_identify(install) by extensions ['ignore', 'ignore_ament_install']
[1.244s] Level 1:colcon.colcon_core.package_identification:_identify(install) by extension 'ignore'
[1.244s] Level 1:colcon.colcon_core.package_identification:_identify(install) ignored
[1.244s] Level 1:colcon.colcon_core.package_identification:_identify(log) by extensions ['ignore', 'ignore_ament_install']
[1.244s] Level 1:colcon.colcon_core.package_identification:_identify(log) by extension 'ignore'
[1.244s] Level 1:colcon.colcon_core.package_identification:_identify(log) ignored
[1.245s] Level 1:colcon.colcon_core.package_identification:_identify(src) by extensions ['ignore', 'ignore_ament_install']
[1.245s] Level 1:colcon.colcon_core.package_identification:_identify(src) by extension 'ignore'
[1.245s] Level 1:colcon.colcon_core.package_identification:_identify(src) by extension 'ignore_ament_install'
[1.245s] Level 1:colcon.colcon_core.package_identification:_identify(src) by extensions ['colcon_pkg']
[1.245s] Level 1:colcon.colcon_core.package_identification:_identify(src) by extension 'colcon_pkg'
[1.245s] Level 1:colcon.colcon_core.package_identification:_identify(src) by extensions ['colcon_meta']
[1.245s] Level 1:colcon.colcon_core.package_identification:_identify(src) by extension 'colcon_meta'
[1.245s] Level 1:colcon.colcon_core.package_identification:_identify(src) by extensions ['ros']
[1.245s] Level 1:colcon.colcon_core.package_identification:_identify(src) by extension 'ros'
[1.245s] Level 1:colcon.colcon_core.package_identification:_identify(src) by extensions ['cmake', 'python']
[1.245s] Level 1:colcon.colcon_core.package_identification:_identify(src) by extension 'cmake'
[1.245s] Level 1:colcon.colcon_core.package_identification:_identify(src) by extension 'python'
[1.245s] Level 1:colcon.colcon_core.package_identification:_identify(src) by extensions ['python_setup_py']
[1.245s] Level 1:colcon.colcon_core.package_identification:_identify(src) by extension 'python_setup_py'
[1.245s] Level 1:colcon.colcon_core.package_identification:_identify(src/build) by extensions ['ignore', 'ignore_ament_install']
[1.245s] Level 1:colcon.colcon_core.package_identification:_identify(src/build) by extension 'ignore'
[1.245s] Level 1:colcon.colcon_core.package_identification:_identify(src/build) ignored
[1.246s] Level 1:colcon.colcon_core.package_identification:_identify(src/install) by extensions ['ignore', 'ignore_ament_install']
[1.246s] Level 1:colcon.colcon_core.package_identification:_identify(src/install) by extension 'ignore'
[1.246s] Level 1:colcon.colcon_core.package_identification:_identify(src/install) ignored
[1.246s] Level 1:colcon.colcon_core.package_identification:_identify(src/log) by extensions ['ignore', 'ignore_ament_install']
[1.246s] Level 1:colcon.colcon_core.package_identification:_identify(src/log) by extension 'ignore'
[1.246s] Level 1:colcon.colcon_core.package_identification:_identify(src/log) ignored
[1.246s] Level 1:colcon.colcon_core.package_identification:_identify(src/turtlebot3_msgs) by extensions ['ignore', 'ignore_ament_install']
[1.246s] Level 1:colcon.colcon_core.package_identification:_identify(src/turtlebot3_msgs) by extension 'ignore'
[1.246s] Level 1:colcon.colcon_core.package_identification:_identify(src/turtlebot3_msgs) by extension 'ignore_ament_install'
[1.246s] Level 1:colcon.colcon_core.package_identification:_identify(src/turtlebot3_msgs) by extensions ['colcon_pkg']
[1.246s] Level 1:colcon.colcon_core.package_identification:_identify(src/turtlebot3_msgs) by extension 'colcon_pkg'
[1.246s] Level 1:colcon.colcon_core.package_identification:_identify(src/turtlebot3_msgs) by extensions ['colcon_meta']
[1.246s] Level 1:colcon.colcon_core.package_identification:_identify(src/turtlebot3_msgs) by extension 'colcon_meta'
[1.246s] Level 1:colcon.colcon_core.package_identification:_identify(src/turtlebot3_msgs) by extensions ['ros']
[1.246s] Level 1:colcon.colcon_core.package_identification:_identify(src/turtlebot3_msgs) by extension 'ros'
[1.249s] DEBUG:colcon.colcon_core.package_identification:Package 'src/turtlebot3_msgs' with type 'ros.ament_cmake' and name 'turtlebot3_msgs'
[1.249s] Level 1:colcon.colcon_core.package_identification:_identify(src/turtlebot3_simulations) by extensions ['ignore', 'ignore_ament_install']
[1.250s] Level 1:colcon.colcon_core.package_identification:_identify(src/turtlebot3_simulations) by extension 'ignore'
[1.250s] Level 1:colcon.colcon_core.package_identification:_identify(src/turtlebot3_simulations) by extension 'ignore_ament_install'
[1.250s] Level 1:colcon.colcon_core.package_identification:_identify(src/turtlebot3_simulations) by extensions ['colcon_pkg']
[1.250s] Level 1:colcon.colcon_core.package_identification:_identify(src/turtlebot3_simulations) by extension 'colcon_pkg'
[1.250s] Level 1:colcon.colcon_core.package_identification:_identify(src/turtlebot3_simulations) by extensions ['colcon_meta']
[1.250s] Level 1:colcon.colcon_core.package_identification:_identify(src/turtlebot3_simulations) by extension 'colcon_meta'
[1.250s] Level 1:colcon.colcon_core.package_identification:_identify(src/turtlebot3_simulations) by extensions ['ros']
[1.250s] Level 1:colcon.colcon_core.package_identification:_identify(src/turtlebot3_simulations) by extension 'ros'
[1.250s] Level 1:colcon.colcon_core.package_identification:_identify(src/turtlebot3_simulations) by extensions ['cmake', 'python']
[1.250s] Level 1:colcon.colcon_core.package_identification:_identify(src/turtlebot3_simulations) by extension 'cmake'
[1.250s] Level 1:colcon.colcon_core.package_identification:_identify(src/turtlebot3_simulations) by extension 'python'
[1.250s] Level 1:colcon.colcon_core.package_identification:_identify(src/turtlebot3_simulations) by extensions ['python_setup_py']
[1.250s] Level 1:colcon.colcon_core.package_identification:_identify(src/turtlebot3_simulations) by extension 'python_setup_py'
[1.250s] Level 1:colcon.colcon_core.package_identification:_identify(src/turtlebot3_simulations/turtlebot3_fake_node) by extensions ['ignore', 'ignore_ament_install']
[1.250s] Level 1:colcon.colcon_core.package_identification:_identify(src/turtlebot3_simulations/turtlebot3_fake_node) by extension 'ignore'
[1.250s] Level 1:colcon.colcon_core.package_identification:_identify(src/turtlebot3_simulations/turtlebot3_fake_node) by extension 'ignore_ament_install'
[1.251s] Level 1:colcon.colcon_core.package_identification:_identify(src/turtlebot3_simulations/turtlebot3_fake_node) by extensions ['colcon_pkg']
[1.251s] Level 1:colcon.colcon_core.package_identification:_identify(src/turtlebot3_simulations/turtlebot3_fake_node) by extension 'colcon_pkg'
[1.251s] Level 1:colcon.colcon_core.package_identification:_identify(src/turtlebot3_simulations/turtlebot3_fake_node) by extensions ['colcon_meta']
[1.251s] Level 1:colcon.colcon_core.package_identification:_identify(src/turtlebot3_simulations/turtlebot3_fake_node) by extension 'colcon_meta'
[1.251s] Level 1:colcon.colcon_core.package_identification:_identify(src/turtlebot3_simulations/turtlebot3_fake_node) by extensions ['ros']
[1.251s] Level 1:colcon.colcon_core.package_identification:_identify(src/turtlebot3_simulations/turtlebot3_fake_node) by extension 'ros'
[1.252s] DEBUG:colcon.colcon_core.package_identification:Package 'src/turtlebot3_simulations/turtlebot3_fake_node' with type 'ros.ament_cmake' and name 'turtlebot3_fake_node'
[1.252s] Level 1:colcon.colcon_core.package_identification:_identify(src/turtlebot3_simulations/turtlebot3_gazebo) by extensions ['ignore', 'ignore_ament_install']
[1.252s] Level 1:colcon.colcon_core.package_identification:_identify(src/turtlebot3_simulations/turtlebot3_gazebo) by extension 'ignore'
[1.252s] Level 1:colcon.colcon_core.package_identification:_identify(src/turtlebot3_simulations/turtlebot3_gazebo) by extension 'ignore_ament_install'
[1.252s] Level 1:colcon.colcon_core.package_identification:_identify(src/turtlebot3_simulations/turtlebot3_gazebo) by extensions ['colcon_pkg']
[1.252s] Level 1:colcon.colcon_core.package_identification:_identify(src/turtlebot3_simulations/turtlebot3_gazebo) by extension 'colcon_pkg'
[1.252s] Level 1:colcon.colcon_core.package_identification:_identify(src/turtlebot3_simulations/turtlebot3_gazebo) by extensions ['colcon_meta']
[1.252s] Level 1:colcon.colcon_core.package_identification:_identify(src/turtlebot3_simulations/turtlebot3_gazebo) by extension 'colcon_meta'
[1.252s] Level 1:colcon.colcon_core.package_identification:_identify(src/turtlebot3_simulations/turtlebot3_gazebo) by extensions ['ros']
[1.253s] Level 1:colcon.colcon_core.package_identification:_identify(src/turtlebot3_simulations/turtlebot3_gazebo) by extension 'ros'
[1.254s] DEBUG:colcon.colcon_core.package_identification:Package 'src/turtlebot3_simulations/turtlebot3_gazebo' with type 'ros.ament_cmake' and name 'turtlebot3_gazebo'
[1.254s] Level 1:colcon.colcon_core.package_identification:_identify(src/turtlebot3_simulations/turtlebot3_simulations) by extensions ['ignore', 'ignore_ament_install']
[1.254s] Level 1:colcon.colcon_core.package_identification:_identify(src/turtlebot3_simulations/turtlebot3_simulations) by extension 'ignore'
[1.254s] Level 1:colcon.colcon_core.package_identification:_identify(src/turtlebot3_simulations/turtlebot3_simulations) by extension 'ignore_ament_install'
[1.254s] Level 1:colcon.colcon_core.package_identification:_identify(src/turtlebot3_simulations/turtlebot3_simulations) by extensions ['colcon_pkg']
[1.254s] Level 1:colcon.colcon_core.package_identification:_identify(src/turtlebot3_simulations/turtlebot3_simulations) by extension 'colcon_pkg'
[1.254s] Level 1:colcon.colcon_core.package_identification:_identify(src/turtlebot3_simulations/turtlebot3_simulations) by extensions ['colcon_meta']
[1.254s] Level 1:colcon.colcon_core.package_identification:_identify(src/turtlebot3_simulations/turtlebot3_simulations) by extension 'colcon_meta'
[1.254s] Level 1:colcon.colcon_core.package_identification:_identify(src/turtlebot3_simulations/turtlebot3_simulations) by extensions ['ros']
[1.254s] Level 1:colcon.colcon_core.package_identification:_identify(src/turtlebot3_simulations/turtlebot3_simulations) by extension 'ros'
[1.255s] DEBUG:colcon.colcon_core.package_identification:Package 'src/turtlebot3_simulations/turtlebot3_simulations' with type 'ros.ament_cmake' and name 'turtlebot3_simulations'
[1.255s] Level 1:colcon.colcon_core.package_discovery:discover_packages(recursive) using defaults
[1.255s] Level 1:colcon.colcon_core.package_discovery:discover_packages(ignore) discover
[1.255s] Level 1:colcon.colcon_core.package_discovery:discover_packages(ignore) using defaults
[1.255s] Level 1:colcon.colcon_core.package_discovery:discover_packages(path) discover
[1.255s] Level 1:colcon.colcon_core.package_discovery:discover_packages(path) using defaults
[1.339s] Level 5:colcon.colcon_core.verb:set package 'turtlebot3_gazebo' build argument 'cmake_args' from command line to 'None'
[1.339s] Level 5:colcon.colcon_core.verb:set package 'turtlebot3_gazebo' build argument 'cmake_target' from command line to 'None'
[1.339s] Level 5:colcon.colcon_core.verb:set package 'turtlebot3_gazebo' build argument 'cmake_target_skip_unavailable' from command line to 'False'
[1.339s] Level 5:colcon.colcon_core.verb:set package 'turtlebot3_gazebo' build argument 'cmake_clean_cache' from command line to 'False'
[1.339s] Level 5:colcon.colcon_core.verb:set package 'turtlebot3_gazebo' build argument 'cmake_clean_first' from command line to 'False'
[1.339s] Level 5:colcon.colcon_core.verb:set package 'turtlebot3_gazebo' build argument 'cmake_force_configure' from command line to 'False'
[1.339s] Level 5:colcon.colcon_core.verb:set package 'turtlebot3_gazebo' build argument 'ament_cmake_args' from command line to 'None'
[1.339s] Level 5:colcon.colcon_core.verb:set package 'turtlebot3_gazebo' build argument 'catkin_cmake_args' from command line to 'None'
[1.339s] Level 5:colcon.colcon_core.verb:set package 'turtlebot3_gazebo' build argument 'catkin_skip_building_tests' from command line to 'False'
[1.339s] DEBUG:colcon.colcon_core.verb:Building package 'turtlebot3_gazebo' with the following arguments: {'ament_cmake_args': None, 'build_base': '/catkin_ws/rover_sim_ws/build/turtlebot3_gazebo', 'catkin_cmake_args': None, 'catkin_skip_building_tests': False, 'cmake_args': None, 'cmake_clean_cache': False, 'cmake_clean_first': False, 'cmake_force_configure': False, 'cmake_target': None, 'cmake_target_skip_unavailable': False, 'install_base': '/catkin_ws/rover_sim_ws/install/turtlebot3_gazebo', 'merge_install': False, 'path': '/catkin_ws/rover_sim_ws/src/turtlebot3_simulations/turtlebot3_gazebo', 'symlink_install': False, 'test_result_base': None}
[1.356s] Level 5:colcon.colcon_core.verb:set package 'turtlebot3_msgs' build argument 'cmake_args' from command line to 'None'
[1.356s] Level 5:colcon.colcon_core.verb:set package 'turtlebot3_msgs' build argument 'cmake_target' from command line to 'None'
[1.356s] Level 5:colcon.colcon_core.verb:set package 'turtlebot3_msgs' build argument 'cmake_target_skip_unavailable' from command line to 'False'
[1.356s] Level 5:colcon.colcon_core.verb:set package 'turtlebot3_msgs' build argument 'cmake_clean_cache' from command line to 'False'
[1.357s] Level 5:colcon.colcon_core.verb:set package 'turtlebot3_msgs' build argument 'cmake_clean_first' from command line to 'False'
[1.357s] Level 5:colcon.colcon_core.verb:set package 'turtlebot3_msgs' build argument 'cmake_force_configure' from command line to 'False'
[1.357s] Level 5:colcon.colcon_core.verb:set package 'turtlebot3_msgs' build argument 'ament_cmake_args' from command line to 'None'
[1.357s] Level 5:colcon.colcon_core.verb:set package 'turtlebot3_msgs' build argument 'catkin_cmake_args' from command line to 'None'
[1.357s] Level 5:colcon.colcon_core.verb:set package 'turtlebot3_msgs' build argument 'catkin_skip_building_tests' from command line to 'False'
[1.357s] DEBUG:colcon.colcon_core.verb:Building package 'turtlebot3_msgs' with the following arguments: {'ament_cmake_args': None, 'build_base': '/catkin_ws/rover_sim_ws/build/turtlebot3_msgs', 'catkin_cmake_args': None, 'catkin_skip_building_tests': False, 'cmake_args': None, 'cmake_clean_cache': False, 'cmake_clean_first': False, 'cmake_force_configure': False, 'cmake_target': None, 'cmake_target_skip_unavailable': False, 'install_base': '/catkin_ws/rover_sim_ws/install/turtlebot3_msgs', 'merge_install': False, 'path': '/catkin_ws/rover_sim_ws/src/turtlebot3_msgs', 'symlink_install': False, 'test_result_base': None}
[1.376s] Level 5:colcon.colcon_core.verb:set package 'turtlebot3_fake_node' build argument 'cmake_args' from command line to 'None'
[1.376s] Level 5:colcon.colcon_core.verb:set package 'turtlebot3_fake_node' build argument 'cmake_target' from command line to 'None'
[1.376s] Level 5:colcon.colcon_core.verb:set package 'turtlebot3_fake_node' build argument 'cmake_target_skip_unavailable' from command line to 'False'
[1.376s] Level 5:colcon.colcon_core.verb:set package 'turtlebot3_fake_node' build argument 'cmake_clean_cache' from command line to 'False'
[1.376s] Level 5:colcon.colcon_core.verb:set package 'turtlebot3_fake_node' build argument 'cmake_clean_first' from command line to 'False'
[1.376s] Level 5:colcon.colcon_core.verb:set package 'turtlebot3_fake_node' build argument 'cmake_force_configure' from command line to 'False'
[1.376s] Level 5:colcon.colcon_core.verb:set package 'turtlebot3_fake_node' build argument 'ament_cmake_args' from command line to 'None'
[1.376s] Level 5:colcon.colcon_core.verb:set package 'turtlebot3_fake_node' build argument 'catkin_cmake_args' from command line to 'None'
[1.376s] Level 5:colcon.colcon_core.verb:set package 'turtlebot3_fake_node' build argument 'catkin_skip_building_tests' from command line to 'False'
[1.376s] DEBUG:colcon.colcon_core.verb:Building package 'turtlebot3_fake_node' with the following arguments: {'ament_cmake_args': None, 'build_base': '/catkin_ws/rover_sim_ws/build/turtlebot3_fake_node', 'catkin_cmake_args': None, 'catkin_skip_building_tests': False, 'cmake_args': None, 'cmake_clean_cache': False, 'cmake_clean_first': False, 'cmake_force_configure': False, 'cmake_target': None, 'cmake_target_skip_unavailable': False, 'install_base': '/catkin_ws/rover_sim_ws/install/turtlebot3_fake_node', 'merge_install': False, 'path': '/catkin_ws/rover_sim_ws/src/turtlebot3_simulations/turtlebot3_fake_node', 'symlink_install': False, 'test_result_base': None}
[1.389s] Level 5:colcon.colcon_core.verb:set package 'turtlebot3_simulations' build argument 'cmake_args' from command line to 'None'
[1.389s] Level 5:colcon.colcon_core.verb:set package 'turtlebot3_simulations' build argument 'cmake_target' from command line to 'None'
[1.389s] Level 5:colcon.colcon_core.verb:set package 'turtlebot3_simulations' build argument 'cmake_target_skip_unavailable' from command line to 'False'
[1.389s] Level 5:colcon.colcon_core.verb:set package 'turtlebot3_simulations' build argument 'cmake_clean_cache' from command line to 'False'
[1.389s] Level 5:colcon.colcon_core.verb:set package 'turtlebot3_simulations' build argument 'cmake_clean_first' from command line to 'False'
[1.389s] Level 5:colcon.colcon_core.verb:set package 'turtlebot3_simulations' build argument 'cmake_force_configure' from command line to 'False'
[1.389s] Level 5:colcon.colcon_core.verb:set package 'turtlebot3_simulations' build argument 'ament_cmake_args' from command line to 'None'
[1.389s] Level 5:colcon.colcon_core.verb:set package 'turtlebot3_simulations' build argument 'catkin_cmake_args' from command line to 'None'
[1.389s] Level 5:colcon.colcon_core.verb:set package 'turtlebot3_simulations' build argument 'catkin_skip_building_tests' from command line to 'False'
[1.389s] DEBUG:colcon.colcon_core.verb:Building package 'turtlebot3_simulations' with the following arguments: {'ament_cmake_args': None, 'build_base': '/catkin_ws/rover_sim_ws/build/turtlebot3_simulations', 'catkin_cmake_args': None, 'catkin_skip_building_tests': False, 'cmake_args': None, 'cmake_clean_cache': False, 'cmake_clean_first': False, 'cmake_force_configure': False, 'cmake_target': None, 'cmake_target_skip_unavailable': False, 'install_base': '/catkin_ws/rover_sim_ws/install/turtlebot3_simulations', 'merge_install': False, 'path': '/catkin_ws/rover_sim_ws/src/turtlebot3_simulations/turtlebot3_simulations', 'symlink_install': False, 'test_result_base': None}
[1.402s] INFO:colcon.colcon_core.executor:Executing jobs using 'parallel' executor
[1.416s] DEBUG:colcon.colcon_parallel_executor.executor.parallel:run_until_complete
[1.417s] INFO:colcon.colcon_ros.task.ament_cmake.build:Building ROS package in '/catkin_ws/rover_sim_ws/src/turtlebot3_msgs' with build type 'ament_cmake'
[1.417s] INFO:colcon.colcon_cmake.task.cmake.build:Building CMake package in '/catkin_ws/rover_sim_ws/src/turtlebot3_msgs'
[1.434s] INFO:colcon.colcon_core.plugin_system:Skipping extension 'colcon_core.shell.bat': Not used on non-Windows systems
[1.435s] INFO:colcon.colcon_core.shell:Skip shell extension 'powershell' for command environment: Not usable outside of PowerShell
[1.435s] DEBUG:colcon.colcon_core.shell:Skip shell extension 'dsv' for command environment
[1.468s] INFO:colcon.colcon_ros.task.ament_cmake.build:Building ROS package in '/catkin_ws/rover_sim_ws/src/turtlebot3_simulations/turtlebot3_gazebo' with build type 'ament_cmake'
[1.468s] INFO:colcon.colcon_cmake.task.cmake.build:Building CMake package in '/catkin_ws/rover_sim_ws/src/turtlebot3_simulations/turtlebot3_gazebo'
[1.489s] INFO:colcon.colcon_core.shell:Skip shell extension 'powershell' for command environment: Not usable outside of PowerShell
[1.489s] DEBUG:colcon.colcon_core.shell:Skip shell extension 'dsv' for command environment
[1.538s] DEBUG:colcon.colcon_core.event_handler.log_command:Invoking command in '/catkin_ws/rover_sim_ws/build/turtlebot3_msgs': CMAKE_PREFIX_PATH=/opt/ros/humble /usr/bin/cmake /catkin_ws/rover_sim_ws/src/turtlebot3_msgs -DCMAKE_INSTALL_PREFIX=/catkin_ws/rover_sim_ws/install/turtlebot3_msgs
[1.547s] DEBUG:colcon.colcon_core.event_handler.log_command:Invoking command in '/catkin_ws/rover_sim_ws/build/turtlebot3_gazebo': CMAKE_PREFIX_PATH=/opt/ros/humble /usr/bin/cmake --build /catkin_ws/rover_sim_ws/build/turtlebot3_gazebo -- -j8 -l8
[18.709s] DEBUG:colcon.colcon_core.event_handler.log_command:Invoked command in '/catkin_ws/rover_sim_ws/build/turtlebot3_msgs' returned '0': CMAKE_PREFIX_PATH=/opt/ros/humble /usr/bin/cmake /catkin_ws/rover_sim_ws/src/turtlebot3_msgs -DCMAKE_INSTALL_PREFIX=/catkin_ws/rover_sim_ws/install/turtlebot3_msgs
[18.743s] DEBUG:colcon.colcon_core.event_handler.log_command:Invoking command in '/catkin_ws/rover_sim_ws/build/turtlebot3_msgs': CMAKE_PREFIX_PATH=/opt/ros/humble /usr/bin/cmake --build /catkin_ws/rover_sim_ws/build/turtlebot3_msgs -- -j8 -l8
[49.938s] DEBUG:colcon.colcon_core.event_handler.log_command:Invoked command in '/catkin_ws/rover_sim_ws/build/turtlebot3_msgs' returned '0': CMAKE_PREFIX_PATH=/opt/ros/humble /usr/bin/cmake --build /catkin_ws/rover_sim_ws/build/turtlebot3_msgs -- -j8 -l8
[50.424s] DEBUG:colcon.colcon_core.event_handler.log_command:Invoking command in '/catkin_ws/rover_sim_ws/build/turtlebot3_msgs': CMAKE_PREFIX_PATH=/opt/ros/humble /usr/bin/cmake --install /catkin_ws/rover_sim_ws/build/turtlebot3_msgs
[51.582s] Level 1:colcon.colcon_core.environment:create_environment_scripts_only(turtlebot3_msgs)
[51.596s] DEBUG:colcon.colcon_core.event_handler.log_command:Invoked command in '/catkin_ws/rover_sim_ws/build/turtlebot3_msgs' returned '0': CMAKE_PREFIX_PATH=/opt/ros/humble /usr/bin/cmake --install /catkin_ws/rover_sim_ws/build/turtlebot3_msgs
[51.729s] Level 1:colcon.colcon_core.environment:checking '/catkin_ws/rover_sim_ws/install/turtlebot3_msgs' for CMake module files
[51.731s] Level 1:colcon.colcon_core.environment:checking '/catkin_ws/rover_sim_ws/install/turtlebot3_msgs' for CMake config files
[51.733s] Level 1:colcon.colcon_core.shell:create_environment_hook('turtlebot3_msgs', 'cmake_prefix_path')
[51.756s] INFO:colcon.colcon_core.shell:Creating environment hook '/catkin_ws/rover_sim_ws/install/turtlebot3_msgs/share/turtlebot3_msgs/hook/cmake_prefix_path.ps1'
[51.770s] INFO:colcon.colcon_core.shell:Creating environment descriptor '/catkin_ws/rover_sim_ws/install/turtlebot3_msgs/share/turtlebot3_msgs/hook/cmake_prefix_path.dsv'
[51.773s] INFO:colcon.colcon_core.shell:Creating environment hook '/catkin_ws/rover_sim_ws/install/turtlebot3_msgs/share/turtlebot3_msgs/hook/cmake_prefix_path.sh'
[51.780s] Level 1:colcon.colcon_core.environment:checking '/catkin_ws/rover_sim_ws/install/turtlebot3_msgs/lib'
[51.781s] Level 1:colcon.colcon_core.shell:create_environment_hook('turtlebot3_msgs', 'ld_library_path_lib')
[51.801s] INFO:colcon.colcon_core.shell:Creating environment hook '/catkin_ws/rover_sim_ws/install/turtlebot3_msgs/share/turtlebot3_msgs/hook/ld_library_path_lib.ps1'
[51.802s] INFO:colcon.colcon_core.shell:Creating environment descriptor '/catkin_ws/rover_sim_ws/install/turtlebot3_msgs/share/turtlebot3_msgs/hook/ld_library_path_lib.dsv'
[51.803s] INFO:colcon.colcon_core.shell:Creating environment hook '/catkin_ws/rover_sim_ws/install/turtlebot3_msgs/share/turtlebot3_msgs/hook/ld_library_path_lib.sh'
[51.803s] Level 1:colcon.colcon_core.environment:checking '/catkin_ws/rover_sim_ws/install/turtlebot3_msgs/bin'
[51.803s] Level 1:colcon.colcon_core.environment:checking '/catkin_ws/rover_sim_ws/install/turtlebot3_msgs/lib/pkgconfig/turtlebot3_msgs.pc'
[51.867s] Level 1:colcon.colcon_core.environment:checking '/catkin_ws/rover_sim_ws/install/turtlebot3_msgs/lib/python3.10/site-packages'
[51.867s] Level 1:colcon.colcon_core.environment:checking '/catkin_ws/rover_sim_ws/install/turtlebot3_msgs/bin'
[51.894s] INFO:colcon.colcon_core.shell:Creating package script '/catkin_ws/rover_sim_ws/install/turtlebot3_msgs/share/turtlebot3_msgs/package.ps1'
[51.897s] INFO:colcon.colcon_core.shell:Creating package descriptor '/catkin_ws/rover_sim_ws/install/turtlebot3_msgs/share/turtlebot3_msgs/package.dsv'
[51.900s] INFO:colcon.colcon_core.shell:Creating package script '/catkin_ws/rover_sim_ws/install/turtlebot3_msgs/share/turtlebot3_msgs/package.sh'
[51.904s] INFO:colcon.colcon_core.shell:Creating package script '/catkin_ws/rover_sim_ws/install/turtlebot3_msgs/share/turtlebot3_msgs/package.bash'
[51.907s] INFO:colcon.colcon_core.shell:Creating package script '/catkin_ws/rover_sim_ws/install/turtlebot3_msgs/share/turtlebot3_msgs/package.zsh'
[51.909s] Level 1:colcon.colcon_core.environment:create_file_with_runtime_dependencies(/catkin_ws/rover_sim_ws/install/turtlebot3_msgs/share/colcon-core/packages/turtlebot3_msgs)
[52.299s] Level 1:colcon.colcon_core.environment:create_environment_scripts_only(turtlebot3_msgs)
[52.318s] Level 1:colcon.colcon_core.environment:checking '/catkin_ws/rover_sim_ws/install/turtlebot3_msgs' for CMake module files
[52.319s] Level 1:colcon.colcon_core.environment:checking '/catkin_ws/rover_sim_ws/install/turtlebot3_msgs' for CMake config files
[52.320s] Level 1:colcon.colcon_core.shell:create_environment_hook('turtlebot3_msgs', 'cmake_prefix_path')
[52.346s] INFO:colcon.colcon_core.shell:Creating environment hook '/catkin_ws/rover_sim_ws/install/turtlebot3_msgs/share/turtlebot3_msgs/hook/cmake_prefix_path.ps1'
[52.346s] INFO:colcon.colcon_core.shell:Creating environment descriptor '/catkin_ws/rover_sim_ws/install/turtlebot3_msgs/share/turtlebot3_msgs/hook/cmake_prefix_path.dsv'
[52.347s] INFO:colcon.colcon_core.shell:Creating environment hook '/catkin_ws/rover_sim_ws/install/turtlebot3_msgs/share/turtlebot3_msgs/hook/cmake_prefix_path.sh'
[52.348s] Level 1:colcon.colcon_core.environment:checking '/catkin_ws/rover_sim_ws/install/turtlebot3_msgs/lib'
[52.348s] Level 1:colcon.colcon_core.shell:create_environment_hook('turtlebot3_msgs', 'ld_library_path_lib')
[52.370s] INFO:colcon.colcon_core.shell:Creating environment hook '/catkin_ws/rover_sim_ws/install/turtlebot3_msgs/share/turtlebot3_msgs/hook/ld_library_path_lib.ps1'
[52.371s] INFO:colcon.colcon_core.shell:Creating environment descriptor '/catkin_ws/rover_sim_ws/install/turtlebot3_msgs/share/turtlebot3_msgs/hook/ld_library_path_lib.dsv'
[52.373s] INFO:colcon.colcon_core.shell:Creating environment hook '/catkin_ws/rover_sim_ws/install/turtlebot3_msgs/share/turtlebot3_msgs/hook/ld_library_path_lib.sh'
[52.374s] Level 1:colcon.colcon_core.environment:checking '/catkin_ws/rover_sim_ws/install/turtlebot3_msgs/bin'
[52.375s] Level 1:colcon.colcon_core.environment:checking '/catkin_ws/rover_sim_ws/install/turtlebot3_msgs/lib/pkgconfig/turtlebot3_msgs.pc'
[52.376s] Level 1:colcon.colcon_core.environment:checking '/catkin_ws/rover_sim_ws/install/turtlebot3_msgs/lib/python3.10/site-packages'
[52.377s] Level 1:colcon.colcon_core.environment:checking '/catkin_ws/rover_sim_ws/install/turtlebot3_msgs/bin'
[52.412s] INFO:colcon.colcon_core.shell:Creating package script '/catkin_ws/rover_sim_ws/install/turtlebot3_msgs/share/turtlebot3_msgs/package.ps1'
[52.413s] INFO:colcon.colcon_core.shell:Creating package descriptor '/catkin_ws/rover_sim_ws/install/turtlebot3_msgs/share/turtlebot3_msgs/package.dsv'
[52.414s] INFO:colcon.colcon_core.shell:Creating package script '/catkin_ws/rover_sim_ws/install/turtlebot3_msgs/share/turtlebot3_msgs/package.sh'
[52.415s] INFO:colcon.colcon_core.shell:Creating package script '/catkin_ws/rover_sim_ws/install/turtlebot3_msgs/share/turtlebot3_msgs/package.bash'
[52.416s] INFO:colcon.colcon_core.shell:Creating package script '/catkin_ws/rover_sim_ws/install/turtlebot3_msgs/share/turtlebot3_msgs/package.zsh'
[52.420s] Level 1:colcon.colcon_core.environment:create_file_with_runtime_dependencies(/catkin_ws/rover_sim_ws/install/turtlebot3_msgs/share/colcon-core/packages/turtlebot3_msgs)
[52.424s] INFO:colcon.colcon_ros.task.ament_cmake.build:Building ROS package in '/catkin_ws/rover_sim_ws/src/turtlebot3_simulations/turtlebot3_fake_node' with build type 'ament_cmake'
[52.425s] INFO:colcon.colcon_cmake.task.cmake.build:Building CMake package in '/catkin_ws/rover_sim_ws/src/turtlebot3_simulations/turtlebot3_fake_node'
[52.472s] INFO:colcon.colcon_core.shell:Skip shell extension 'powershell' for command environment: Not usable outside of PowerShell
[52.472s] DEBUG:colcon.colcon_core.shell:Skip shell extension 'dsv' for command environment
[52.629s] DEBUG:colcon.colcon_core.event_handler.log_command:Invoking command in '/catkin_ws/rover_sim_ws/build/turtlebot3_fake_node': AMENT_PREFIX_PATH=/catkin_ws/rover_sim_ws/install/turtlebot3_msgs:${AMENT_PREFIX_PATH} CMAKE_PREFIX_PATH=/catkin_ws/rover_sim_ws/install/turtlebot3_msgs:/opt/ros/humble LD_LIBRARY_PATH=/catkin_ws/rover_sim_ws/install/turtlebot3_msgs/lib:${LD_LIBRARY_PATH} PYTHONPATH=/catkin_ws/rover_sim_ws/install/turtlebot3_msgs/local/lib/python3.10/dist-packages:${PYTHONPATH} /usr/bin/cmake /catkin_ws/rover_sim_ws/src/turtlebot3_simulations/turtlebot3_fake_node -DCMAKE_INSTALL_PREFIX=/catkin_ws/rover_sim_ws/install/turtlebot3_fake_node
[57.335s] DEBUG:colcon.colcon_core.event_handler.log_command:Invoked command in '/catkin_ws/rover_sim_ws/build/turtlebot3_fake_node' returned '0': AMENT_PREFIX_PATH=/catkin_ws/rover_sim_ws/install/turtlebot3_msgs:${AMENT_PREFIX_PATH} CMAKE_PREFIX_PATH=/catkin_ws/rover_sim_ws/install/turtlebot3_msgs:/opt/ros/humble LD_LIBRARY_PATH=/catkin_ws/rover_sim_ws/install/turtlebot3_msgs/lib:${LD_LIBRARY_PATH} PYTHONPATH=/catkin_ws/rover_sim_ws/install/turtlebot3_msgs/local/lib/python3.10/dist-packages:${PYTHONPATH} /usr/bin/cmake /catkin_ws/rover_sim_ws/src/turtlebot3_simulations/turtlebot3_fake_node -DCMAKE_INSTALL_PREFIX=/catkin_ws/rover_sim_ws/install/turtlebot3_fake_node
[57.346s] DEBUG:colcon.colcon_core.event_handler.log_command:Invoking command in '/catkin_ws/rover_sim_ws/build/turtlebot3_fake_node': AMENT_PREFIX_PATH=/catkin_ws/rover_sim_ws/install/turtlebot3_msgs:${AMENT_PREFIX_PATH} CMAKE_PREFIX_PATH=/catkin_ws/rover_sim_ws/install/turtlebot3_msgs:/opt/ros/humble LD_LIBRARY_PATH=/catkin_ws/rover_sim_ws/install/turtlebot3_msgs/lib:${LD_LIBRARY_PATH} PYTHONPATH=/catkin_ws/rover_sim_ws/install/turtlebot3_msgs/local/lib/python3.10/dist-packages:${PYTHONPATH} /usr/bin/cmake --build /catkin_ws/rover_sim_ws/build/turtlebot3_fake_node -- -j8 -l8
[103.819s] DEBUG:colcon.colcon_core.event_handler.log_command:Invoked command in '/catkin_ws/rover_sim_ws/build/turtlebot3_fake_node' returned '0': AMENT_PREFIX_PATH=/catkin_ws/rover_sim_ws/install/turtlebot3_msgs:${AMENT_PREFIX_PATH} CMAKE_PREFIX_PATH=/catkin_ws/rover_sim_ws/install/turtlebot3_msgs:/opt/ros/humble LD_LIBRARY_PATH=/catkin_ws/rover_sim_ws/install/turtlebot3_msgs/lib:${LD_LIBRARY_PATH} PYTHONPATH=/catkin_ws/rover_sim_ws/install/turtlebot3_msgs/local/lib/python3.10/dist-packages:${PYTHONPATH} /usr/bin/cmake --build /catkin_ws/rover_sim_ws/build/turtlebot3_fake_node -- -j8 -l8
[103.906s] DEBUG:colcon.colcon_core.event_handler.log_command:Invoking command in '/catkin_ws/rover_sim_ws/build/turtlebot3_fake_node': AMENT_PREFIX_PATH=/catkin_ws/rover_sim_ws/install/turtlebot3_msgs:${AMENT_PREFIX_PATH} CMAKE_PREFIX_PATH=/catkin_ws/rover_sim_ws/install/turtlebot3_msgs:/opt/ros/humble LD_LIBRARY_PATH=/catkin_ws/rover_sim_ws/install/turtlebot3_msgs/lib:${LD_LIBRARY_PATH} PYTHONPATH=/catkin_ws/rover_sim_ws/install/turtlebot3_msgs/local/lib/python3.10/dist-packages:${PYTHONPATH} /usr/bin/cmake --install /catkin_ws/rover_sim_ws/build/turtlebot3_fake_node
[103.964s] Level 1:colcon.colcon_core.environment:create_environment_scripts_only(turtlebot3_fake_node)
[103.977s] DEBUG:colcon.colcon_core.event_handler.log_command:Invoked command in '/catkin_ws/rover_sim_ws/build/turtlebot3_fake_node' returned '0': AMENT_PREFIX_PATH=/catkin_ws/rover_sim_ws/install/turtlebot3_msgs:${AMENT_PREFIX_PATH} CMAKE_PREFIX_PATH=/catkin_ws/rover_sim_ws/install/turtlebot3_msgs:/opt/ros/humble LD_LIBRARY_PATH=/catkin_ws/rover_sim_ws/install/turtlebot3_msgs/lib:${LD_LIBRARY_PATH} PYTHONPATH=/catkin_ws/rover_sim_ws/install/turtlebot3_msgs/local/lib/python3.10/dist-packages:${PYTHONPATH} /usr/bin/cmake --install /catkin_ws/rover_sim_ws/build/turtlebot3_fake_node
[104.063s] Level 1:colcon.colcon_core.environment:checking '/catkin_ws/rover_sim_ws/install/turtlebot3_fake_node' for CMake module files
[104.064s] Level 1:colcon.colcon_core.environment:checking '/catkin_ws/rover_sim_ws/install/turtlebot3_fake_node' for CMake config files
[104.067s] Level 1:colcon.colcon_core.shell:create_environment_hook('turtlebot3_fake_node', 'cmake_prefix_path')
[104.090s] INFO:colcon.colcon_core.shell:Creating environment hook '/catkin_ws/rover_sim_ws/install/turtlebot3_fake_node/share/turtlebot3_fake_node/hook/cmake_prefix_path.ps1'
[104.105s] INFO:colcon.colcon_core.shell:Creating environment descriptor '/catkin_ws/rover_sim_ws/install/turtlebot3_fake_node/share/turtlebot3_fake_node/hook/cmake_prefix_path.dsv'
[104.107s] INFO:colcon.colcon_core.shell:Creating environment hook '/catkin_ws/rover_sim_ws/install/turtlebot3_fake_node/share/turtlebot3_fake_node/hook/cmake_prefix_path.sh'
[104.114s] Level 1:colcon.colcon_core.environment:checking '/catkin_ws/rover_sim_ws/install/turtlebot3_fake_node/lib'
[104.114s] Level 1:colcon.colcon_core.environment:checking '/catkin_ws/rover_sim_ws/install/turtlebot3_fake_node/bin'
[104.114s] Level 1:colcon.colcon_core.environment:checking '/catkin_ws/rover_sim_ws/install/turtlebot3_fake_node/lib/pkgconfig/turtlebot3_fake_node.pc'
[104.117s] Level 1:colcon.colcon_core.environment:checking '/catkin_ws/rover_sim_ws/install/turtlebot3_fake_node/lib/python3.10/site-packages'
[104.117s] Level 1:colcon.colcon_core.environment:checking '/catkin_ws/rover_sim_ws/install/turtlebot3_fake_node/bin'
[104.145s] INFO:colcon.colcon_core.shell:Creating package script '/catkin_ws/rover_sim_ws/install/turtlebot3_fake_node/share/turtlebot3_fake_node/package.ps1'
[104.147s] INFO:colcon.colcon_core.shell:Creating package descriptor '/catkin_ws/rover_sim_ws/install/turtlebot3_fake_node/share/turtlebot3_fake_node/package.dsv'
[104.148s] INFO:colcon.colcon_core.shell:Creating package script '/catkin_ws/rover_sim_ws/install/turtlebot3_fake_node/share/turtlebot3_fake_node/package.sh'
[104.149s] INFO:colcon.colcon_core.shell:Creating package script '/catkin_ws/rover_sim_ws/install/turtlebot3_fake_node/share/turtlebot3_fake_node/package.bash'
[104.152s] INFO:colcon.colcon_core.shell:Creating package script '/catkin_ws/rover_sim_ws/install/turtlebot3_fake_node/share/turtlebot3_fake_node/package.zsh'
[104.154s] Level 1:colcon.colcon_core.environment:create_file_with_runtime_dependencies(/catkin_ws/rover_sim_ws/install/turtlebot3_fake_node/share/colcon-core/packages/turtlebot3_fake_node)
[104.215s] Level 1:colcon.colcon_core.environment:create_environment_scripts_only(turtlebot3_fake_node)
[104.239s] Level 1:colcon.colcon_core.environment:checking '/catkin_ws/rover_sim_ws/install/turtlebot3_fake_node' for CMake module files
[104.239s] Level 1:colcon.colcon_core.environment:checking '/catkin_ws/rover_sim_ws/install/turtlebot3_fake_node' for CMake config files
[104.240s] Level 1:colcon.colcon_core.shell:create_environment_hook('turtlebot3_fake_node', 'cmake_prefix_path')
[104.268s] INFO:colcon.colcon_core.shell:Creating environment hook '/catkin_ws/rover_sim_ws/install/turtlebot3_fake_node/share/turtlebot3_fake_node/hook/cmake_prefix_path.ps1'
[104.269s] INFO:colcon.colcon_core.shell:Creating environment descriptor '/catkin_ws/rover_sim_ws/install/turtlebot3_fake_node/share/turtlebot3_fake_node/hook/cmake_prefix_path.dsv'
[104.269s] INFO:colcon.colcon_core.shell:Creating environment hook '/catkin_ws/rover_sim_ws/install/turtlebot3_fake_node/share/turtlebot3_fake_node/hook/cmake_prefix_path.sh'
[104.270s] Level 1:colcon.colcon_core.environment:checking '/catkin_ws/rover_sim_ws/install/turtlebot3_fake_node/lib'
[104.271s] Level 1:colcon.colcon_core.environment:checking '/catkin_ws/rover_sim_ws/install/turtlebot3_fake_node/bin'
[104.271s] Level 1:colcon.colcon_core.environment:checking '/catkin_ws/rover_sim_ws/install/turtlebot3_fake_node/lib/pkgconfig/turtlebot3_fake_node.pc'
[104.271s] Level 1:colcon.colcon_core.environment:checking '/catkin_ws/rover_sim_ws/install/turtlebot3_fake_node/lib/python3.10/site-packages'
[104.272s] Level 1:colcon.colcon_core.environment:checking '/catkin_ws/rover_sim_ws/install/turtlebot3_fake_node/bin'
[104.297s] INFO:colcon.colcon_core.shell:Creating package script '/catkin_ws/rover_sim_ws/install/turtlebot3_fake_node/share/turtlebot3_fake_node/package.ps1'
[104.299s] INFO:colcon.colcon_core.shell:Creating package descriptor '/catkin_ws/rover_sim_ws/install/turtlebot3_fake_node/share/turtlebot3_fake_node/package.dsv'
[104.300s] INFO:colcon.colcon_core.shell:Creating package script '/catkin_ws/rover_sim_ws/install/turtlebot3_fake_node/share/turtlebot3_fake_node/package.sh'
[104.302s] INFO:colcon.colcon_core.shell:Creating package script '/catkin_ws/rover_sim_ws/install/turtlebot3_fake_node/share/turtlebot3_fake_node/package.bash'
[104.302s] INFO:colcon.colcon_core.shell:Creating package script '/catkin_ws/rover_sim_ws/install/turtlebot3_fake_node/share/turtlebot3_fake_node/package.zsh'
[104.303s] Level 1:colcon.colcon_core.environment:create_file_with_runtime_dependencies(/catkin_ws/rover_sim_ws/install/turtlebot3_fake_node/share/colcon-core/packages/turtlebot3_fake_node)
[106.271s] DEBUG:colcon.colcon_core.event_handler.log_command:Invoked command in '/catkin_ws/rover_sim_ws/build/turtlebot3_gazebo' returned '0': CMAKE_PREFIX_PATH=/opt/ros/humble /usr/bin/cmake --build /catkin_ws/rover_sim_ws/build/turtlebot3_gazebo -- -j8 -l8
[106.327s] DEBUG:colcon.colcon_core.event_handler.log_command:Invoking command in '/catkin_ws/rover_sim_ws/build/turtlebot3_gazebo': CMAKE_PREFIX_PATH=/opt/ros/humble /usr/bin/cmake --install /catkin_ws/rover_sim_ws/build/turtlebot3_gazebo
[106.411s] Level 1:colcon.colcon_core.environment:create_environment_scripts_only(turtlebot3_gazebo)
[106.412s] DEBUG:colcon.colcon_core.event_handler.log_command:Invoked command in '/catkin_ws/rover_sim_ws/build/turtlebot3_gazebo' returned '0': CMAKE_PREFIX_PATH=/opt/ros/humble /usr/bin/cmake --install /catkin_ws/rover_sim_ws/build/turtlebot3_gazebo
[106.429s] Level 1:colcon.colcon_core.environment:checking '/catkin_ws/rover_sim_ws/install/turtlebot3_gazebo' for CMake module files
[106.431s] Level 1:colcon.colcon_core.environment:checking '/catkin_ws/rover_sim_ws/install/turtlebot3_gazebo' for CMake config files
[106.432s] Level 1:colcon.colcon_core.shell:create_environment_hook('turtlebot3_gazebo', 'cmake_prefix_path')
[106.450s] INFO:colcon.colcon_core.shell:Creating environment hook '/catkin_ws/rover_sim_ws/install/turtlebot3_gazebo/share/turtlebot3_gazebo/hook/cmake_prefix_path.ps1'
[106.451s] INFO:colcon.colcon_core.shell:Creating environment descriptor '/catkin_ws/rover_sim_ws/install/turtlebot3_gazebo/share/turtlebot3_gazebo/hook/cmake_prefix_path.dsv'
[106.451s] INFO:colcon.colcon_core.shell:Creating environment hook '/catkin_ws/rover_sim_ws/install/turtlebot3_gazebo/share/turtlebot3_gazebo/hook/cmake_prefix_path.sh'
[106.453s] Level 1:colcon.colcon_core.environment:checking '/catkin_ws/rover_sim_ws/install/turtlebot3_gazebo/lib'
[106.453s] Level 1:colcon.colcon_core.environment:checking '/catkin_ws/rover_sim_ws/install/turtlebot3_gazebo/bin'
[106.454s] Level 1:colcon.colcon_core.environment:checking '/catkin_ws/rover_sim_ws/install/turtlebot3_gazebo/lib/pkgconfig/turtlebot3_gazebo.pc'
[106.454s] Level 1:colcon.colcon_core.environment:checking '/catkin_ws/rover_sim_ws/install/turtlebot3_gazebo/lib/python3.10/site-packages'
[106.454s] Level 1:colcon.colcon_core.environment:checking '/catkin_ws/rover_sim_ws/install/turtlebot3_gazebo/bin'
[106.474s] INFO:colcon.colcon_core.shell:Creating package script '/catkin_ws/rover_sim_ws/install/turtlebot3_gazebo/share/turtlebot3_gazebo/package.ps1'
[106.475s] INFO:colcon.colcon_core.shell:Creating package descriptor '/catkin_ws/rover_sim_ws/install/turtlebot3_gazebo/share/turtlebot3_gazebo/package.dsv'
[106.475s] INFO:colcon.colcon_core.shell:Creating package script '/catkin_ws/rover_sim_ws/install/turtlebot3_gazebo/share/turtlebot3_gazebo/package.sh'
[106.476s] INFO:colcon.colcon_core.shell:Creating package script '/catkin_ws/rover_sim_ws/install/turtlebot3_gazebo/share/turtlebot3_gazebo/package.bash'
[106.476s] INFO:colcon.colcon_core.shell:Creating package script '/catkin_ws/rover_sim_ws/install/turtlebot3_gazebo/share/turtlebot3_gazebo/package.zsh'
[106.477s] Level 1:colcon.colcon_core.environment:create_file_with_runtime_dependencies(/catkin_ws/rover_sim_ws/install/turtlebot3_gazebo/share/colcon-core/packages/turtlebot3_gazebo)
[106.529s] Level 1:colcon.colcon_core.environment:create_environment_scripts_only(turtlebot3_gazebo)
[106.545s] Level 1:colcon.colcon_core.environment:checking '/catkin_ws/rover_sim_ws/install/turtlebot3_gazebo' for CMake module files
[106.546s] Level 1:colcon.colcon_core.environment:checking '/catkin_ws/rover_sim_ws/install/turtlebot3_gazebo' for CMake config files
[106.546s] Level 1:colcon.colcon_core.shell:create_environment_hook('turtlebot3_gazebo', 'cmake_prefix_path')
[106.562s] INFO:colcon.colcon_core.shell:Creating environment hook '/catkin_ws/rover_sim_ws/install/turtlebot3_gazebo/share/turtlebot3_gazebo/hook/cmake_prefix_path.ps1'
[106.562s] INFO:colcon.colcon_core.shell:Creating environment descriptor '/catkin_ws/rover_sim_ws/install/turtlebot3_gazebo/share/turtlebot3_gazebo/hook/cmake_prefix_path.dsv'
[106.563s] INFO:colcon.colcon_core.shell:Creating environment hook '/catkin_ws/rover_sim_ws/install/turtlebot3_gazebo/share/turtlebot3_gazebo/hook/cmake_prefix_path.sh'
[106.563s] Level 1:colcon.colcon_core.environment:checking '/catkin_ws/rover_sim_ws/install/turtlebot3_gazebo/lib'
[106.563s] Level 1:colcon.colcon_core.environment:checking '/catkin_ws/rover_sim_ws/install/turtlebot3_gazebo/bin'
[106.563s] Level 1:colcon.colcon_core.environment:checking '/catkin_ws/rover_sim_ws/install/turtlebot3_gazebo/lib/pkgconfig/turtlebot3_gazebo.pc'
[106.564s] Level 1:colcon.colcon_core.environment:checking '/catkin_ws/rover_sim_ws/install/turtlebot3_gazebo/lib/python3.10/site-packages'
[106.564s] Level 1:colcon.colcon_core.environment:checking '/catkin_ws/rover_sim_ws/install/turtlebot3_gazebo/bin'
[106.584s] INFO:colcon.colcon_core.shell:Creating package script '/catkin_ws/rover_sim_ws/install/turtlebot3_gazebo/share/turtlebot3_gazebo/package.ps1'
[106.585s] INFO:colcon.colcon_core.shell:Creating package descriptor '/catkin_ws/rover_sim_ws/install/turtlebot3_gazebo/share/turtlebot3_gazebo/package.dsv'
[106.586s] INFO:colcon.colcon_core.shell:Creating package script '/catkin_ws/rover_sim_ws/install/turtlebot3_gazebo/share/turtlebot3_gazebo/package.sh'
[106.586s] INFO:colcon.colcon_core.shell:Creating package script '/catkin_ws/rover_sim_ws/install/turtlebot3_gazebo/share/turtlebot3_gazebo/package.bash'
[106.587s] INFO:colcon.colcon_core.shell:Creating package script '/catkin_ws/rover_sim_ws/install/turtlebot3_gazebo/share/turtlebot3_gazebo/package.zsh'
[106.587s] Level 1:colcon.colcon_core.environment:create_file_with_runtime_dependencies(/catkin_ws/rover_sim_ws/install/turtlebot3_gazebo/share/colcon-core/packages/turtlebot3_gazebo)
[106.589s] INFO:colcon.colcon_ros.task.ament_cmake.build:Building ROS package in '/catkin_ws/rover_sim_ws/src/turtlebot3_simulations/turtlebot3_simulations' with build type 'ament_cmake'
[106.590s] INFO:colcon.colcon_cmake.task.cmake.build:Building CMake package in '/catkin_ws/rover_sim_ws/src/turtlebot3_simulations/turtlebot3_simulations'
[106.632s] INFO:colcon.colcon_core.shell:Skip shell extension 'powershell' for command environment: Not usable outside of PowerShell
[106.632s] DEBUG:colcon.colcon_core.shell:Skip shell extension 'dsv' for command environment
[106.759s] DEBUG:colcon.colcon_core.event_handler.log_command:Invoking command in '/catkin_ws/rover_sim_ws/build/turtlebot3_simulations': AMENT_PREFIX_PATH=/catkin_ws/rover_sim_ws/install/turtlebot3_fake_node:/catkin_ws/rover_sim_ws/install/turtlebot3_msgs:/catkin_ws/rover_sim_ws/install/turtlebot3_gazebo:${AMENT_PREFIX_PATH} CMAKE_PREFIX_PATH=/catkin_ws/rover_sim_ws/install/turtlebot3_fake_node:/catkin_ws/rover_sim_ws/install/turtlebot3_msgs:/catkin_ws/rover_sim_ws/install/turtlebot3_gazebo:/opt/ros/humble LD_LIBRARY_PATH=/catkin_ws/rover_sim_ws/install/turtlebot3_msgs/lib:${LD_LIBRARY_PATH} PYTHONPATH=/catkin_ws/rover_sim_ws/install/turtlebot3_msgs/local/lib/python3.10/dist-packages:${PYTHONPATH} /usr/bin/cmake /catkin_ws/rover_sim_ws/src/turtlebot3_simulations/turtlebot3_simulations -DCMAKE_INSTALL_PREFIX=/catkin_ws/rover_sim_ws/install/turtlebot3_simulations
[108.147s] DEBUG:colcon.colcon_core.event_handler.log_command:Invoked command in '/catkin_ws/rover_sim_ws/build/turtlebot3_simulations' returned '0': AMENT_PREFIX_PATH=/catkin_ws/rover_sim_ws/install/turtlebot3_fake_node:/catkin_ws/rover_sim_ws/install/turtlebot3_msgs:/catkin_ws/rover_sim_ws/install/turtlebot3_gazebo:${AMENT_PREFIX_PATH} CMAKE_PREFIX_PATH=/catkin_ws/rover_sim_ws/install/turtlebot3_fake_node:/catkin_ws/rover_sim_ws/install/turtlebot3_msgs:/catkin_ws/rover_sim_ws/install/turtlebot3_gazebo:/opt/ros/humble LD_LIBRARY_PATH=/catkin_ws/rover_sim_ws/install/turtlebot3_msgs/lib:${LD_LIBRARY_PATH} PYTHONPATH=/catkin_ws/rover_sim_ws/install/turtlebot3_msgs/local/lib/python3.10/dist-packages:${PYTHONPATH} /usr/bin/cmake /catkin_ws/rover_sim_ws/src/turtlebot3_simulations/turtlebot3_simulations -DCMAKE_INSTALL_PREFIX=/catkin_ws/rover_sim_ws/install/turtlebot3_simulations
[108.152s] DEBUG:colcon.colcon_core.event_handler.log_command:Invoking command in '/catkin_ws/rover_sim_ws/build/turtlebot3_simulations': AMENT_PREFIX_PATH=/catkin_ws/rover_sim_ws/install/turtlebot3_fake_node:/catkin_ws/rover_sim_ws/install/turtlebot3_msgs:/catkin_ws/rover_sim_ws/install/turtlebot3_gazebo:${AMENT_PREFIX_PATH} CMAKE_PREFIX_PATH=/catkin_ws/rover_sim_ws/install/turtlebot3_fake_node:/catkin_ws/rover_sim_ws/install/turtlebot3_msgs:/catkin_ws/rover_sim_ws/install/turtlebot3_gazebo:/opt/ros/humble LD_LIBRARY_PATH=/catkin_ws/rover_sim_ws/install/turtlebot3_msgs/lib:${LD_LIBRARY_PATH} PYTHONPATH=/catkin_ws/rover_sim_ws/install/turtlebot3_msgs/local/lib/python3.10/dist-packages:${PYTHONPATH} /usr/bin/cmake --build /catkin_ws/rover_sim_ws/build/turtlebot3_simulations -- -j8 -l8
[108.199s] DEBUG:colcon.colcon_core.event_handler.log_command:Invoked command in '/catkin_ws/rover_sim_ws/build/turtlebot3_simulations' returned '0': AMENT_PREFIX_PATH=/catkin_ws/rover_sim_ws/install/turtlebot3_fake_node:/catkin_ws/rover_sim_ws/install/turtlebot3_msgs:/catkin_ws/rover_sim_ws/install/turtlebot3_gazebo:${AMENT_PREFIX_PATH} CMAKE_PREFIX_PATH=/catkin_ws/rover_sim_ws/install/turtlebot3_fake_node:/catkin_ws/rover_sim_ws/install/turtlebot3_msgs:/catkin_ws/rover_sim_ws/install/turtlebot3_gazebo:/opt/ros/humble LD_LIBRARY_PATH=/catkin_ws/rover_sim_ws/install/turtlebot3_msgs/lib:${LD_LIBRARY_PATH} PYTHONPATH=/catkin_ws/rover_sim_ws/install/turtlebot3_msgs/local/lib/python3.10/dist-packages:${PYTHONPATH} /usr/bin/cmake --build /catkin_ws/rover_sim_ws/build/turtlebot3_simulations -- -j8 -l8
[108.229s] DEBUG:colcon.colcon_core.event_handler.log_command:Invoking command in '/catkin_ws/rover_sim_ws/build/turtlebot3_simulations': AMENT_PREFIX_PATH=/catkin_ws/rover_sim_ws/install/turtlebot3_fake_node:/catkin_ws/rover_sim_ws/install/turtlebot3_msgs:/catkin_ws/rover_sim_ws/install/turtlebot3_gazebo:${AMENT_PREFIX_PATH} CMAKE_PREFIX_PATH=/catkin_ws/rover_sim_ws/install/turtlebot3_fake_node:/catkin_ws/rover_sim_ws/install/turtlebot3_msgs:/catkin_ws/rover_sim_ws/install/turtlebot3_gazebo:/opt/ros/humble LD_LIBRARY_PATH=/catkin_ws/rover_sim_ws/install/turtlebot3_msgs/lib:${LD_LIBRARY_PATH} PYTHONPATH=/catkin_ws/rover_sim_ws/install/turtlebot3_msgs/local/lib/python3.10/dist-packages:${PYTHONPATH} /usr/bin/cmake --install /catkin_ws/rover_sim_ws/build/turtlebot3_simulations
[108.248s] Level 1:colcon.colcon_core.environment:create_environment_scripts_only(turtlebot3_simulations)
[108.249s] DEBUG:colcon.colcon_core.event_handler.log_command:Invoked command in '/catkin_ws/rover_sim_ws/build/turtlebot3_simulations' returned '0': AMENT_PREFIX_PATH=/catkin_ws/rover_sim_ws/install/turtlebot3_fake_node:/catkin_ws/rover_sim_ws/install/turtlebot3_msgs:/catkin_ws/rover_sim_ws/install/turtlebot3_gazebo:${AMENT_PREFIX_PATH} CMAKE_PREFIX_PATH=/catkin_ws/rover_sim_ws/install/turtlebot3_fake_node:/catkin_ws/rover_sim_ws/install/turtlebot3_msgs:/catkin_ws/rover_sim_ws/install/turtlebot3_gazebo:/opt/ros/humble LD_LIBRARY_PATH=/catkin_ws/rover_sim_ws/install/turtlebot3_msgs/lib:${LD_LIBRARY_PATH} PYTHONPATH=/catkin_ws/rover_sim_ws/install/turtlebot3_msgs/local/lib/python3.10/dist-packages:${PYTHONPATH} /usr/bin/cmake --install /catkin_ws/rover_sim_ws/build/turtlebot3_simulations
[108.274s] Level 1:colcon.colcon_core.environment:checking '/catkin_ws/rover_sim_ws/install/turtlebot3_simulations' for CMake module files
[108.274s] Level 1:colcon.colcon_core.environment:checking '/catkin_ws/rover_sim_ws/install/turtlebot3_simulations' for CMake config files
[108.275s] Level 1:colcon.colcon_core.shell:create_environment_hook('turtlebot3_simulations', 'cmake_prefix_path')
[108.294s] INFO:colcon.colcon_core.shell:Creating environment hook '/catkin_ws/rover_sim_ws/install/turtlebot3_simulations/share/turtlebot3_simulations/hook/cmake_prefix_path.ps1'
[108.295s] INFO:colcon.colcon_core.shell:Creating environment descriptor '/catkin_ws/rover_sim_ws/install/turtlebot3_simulations/share/turtlebot3_simulations/hook/cmake_prefix_path.dsv'
[108.296s] INFO:colcon.colcon_core.shell:Creating environment hook '/catkin_ws/rover_sim_ws/install/turtlebot3_simulations/share/turtlebot3_simulations/hook/cmake_prefix_path.sh'
[108.296s] Level 1:colcon.colcon_core.environment:checking '/catkin_ws/rover_sim_ws/install/turtlebot3_simulations/bin'
[108.297s] Level 1:colcon.colcon_core.environment:checking '/catkin_ws/rover_sim_ws/install/turtlebot3_simulations/lib/pkgconfig/turtlebot3_simulations.pc'
[108.297s] Level 1:colcon.colcon_core.environment:checking '/catkin_ws/rover_sim_ws/install/turtlebot3_simulations/lib/python3.10/site-packages'
[108.297s] Level 1:colcon.colcon_core.environment:checking '/catkin_ws/rover_sim_ws/install/turtlebot3_simulations/bin'
[108.314s] INFO:colcon.colcon_core.shell:Creating package script '/catkin_ws/rover_sim_ws/install/turtlebot3_simulations/share/turtlebot3_simulations/package.ps1'
[108.315s] INFO:colcon.colcon_core.shell:Creating package descriptor '/catkin_ws/rover_sim_ws/install/turtlebot3_simulations/share/turtlebot3_simulations/package.dsv'
[108.316s] INFO:colcon.colcon_core.shell:Creating package script '/catkin_ws/rover_sim_ws/install/turtlebot3_simulations/share/turtlebot3_simulations/package.sh'
[108.316s] INFO:colcon.colcon_core.shell:Creating package script '/catkin_ws/rover_sim_ws/install/turtlebot3_simulations/share/turtlebot3_simulations/package.bash'
[108.317s] INFO:colcon.colcon_core.shell:Creating package script '/catkin_ws/rover_sim_ws/install/turtlebot3_simulations/share/turtlebot3_simulations/package.zsh'
[108.317s] Level 1:colcon.colcon_core.environment:create_file_with_runtime_dependencies(/catkin_ws/rover_sim_ws/install/turtlebot3_simulations/share/colcon-core/packages/turtlebot3_simulations)
[108.359s] Level 1:colcon.colcon_core.environment:create_environment_scripts_only(turtlebot3_simulations)
[108.701s] Level 1:colcon.colcon_core.environment:checking '/catkin_ws/rover_sim_ws/install/turtlebot3_simulations' for CMake module files
[108.702s] Level 1:colcon.colcon_core.environment:checking '/catkin_ws/rover_sim_ws/install/turtlebot3_simulations' for CMake config files
[108.702s] Level 1:colcon.colcon_core.shell:create_environment_hook('turtlebot3_simulations', 'cmake_prefix_path')
[108.717s] INFO:colcon.colcon_core.shell:Creating environment hook '/catkin_ws/rover_sim_ws/install/turtlebot3_simulations/share/turtlebot3_simulations/hook/cmake_prefix_path.ps1'
[108.717s] INFO:colcon.colcon_core.shell:Creating environment descriptor '/catkin_ws/rover_sim_ws/install/turtlebot3_simulations/share/turtlebot3_simulations/hook/cmake_prefix_path.dsv'
[108.718s] INFO:colcon.colcon_core.shell:Creating environment hook '/catkin_ws/rover_sim_ws/install/turtlebot3_simulations/share/turtlebot3_simulations/hook/cmake_prefix_path.sh'
[108.718s] Level 1:colcon.colcon_core.environment:checking '/catkin_ws/rover_sim_ws/install/turtlebot3_simulations/bin'
[108.718s] Level 1:colcon.colcon_core.environment:checking '/catkin_ws/rover_sim_ws/install/turtlebot3_simulations/lib/pkgconfig/turtlebot3_simulations.pc'
[108.719s] Level 1:colcon.colcon_core.environment:checking '/catkin_ws/rover_sim_ws/install/turtlebot3_simulations/lib/python3.10/site-packages'
[108.719s] Level 1:colcon.colcon_core.environment:checking '/catkin_ws/rover_sim_ws/install/turtlebot3_simulations/bin'
[108.734s] INFO:colcon.colcon_core.shell:Creating package script '/catkin_ws/rover_sim_ws/install/turtlebot3_simulations/share/turtlebot3_simulations/package.ps1'
[108.735s] INFO:colcon.colcon_core.shell:Creating package descriptor '/catkin_ws/rover_sim_ws/install/turtlebot3_simulations/share/turtlebot3_simulations/package.dsv'
[108.735s] INFO:colcon.colcon_core.shell:Creating package script '/catkin_ws/rover_sim_ws/install/turtlebot3_simulations/share/turtlebot3_simulations/package.sh'
[108.736s] INFO:colcon.colcon_core.shell:Creating package script '/catkin_ws/rover_sim_ws/install/turtlebot3_simulations/share/turtlebot3_simulations/package.bash'
[108.736s] INFO:colcon.colcon_core.shell:Creating package script '/catkin_ws/rover_sim_ws/install/turtlebot3_simulations/share/turtlebot3_simulations/package.zsh'
[108.737s] Level 1:colcon.colcon_core.environment:create_file_with_runtime_dependencies(/catkin_ws/rover_sim_ws/install/turtlebot3_simulations/share/colcon-core/packages/turtlebot3_simulations)
[108.738s] DEBUG:colcon.colcon_parallel_executor.executor.parallel:closing loop
[108.739s] DEBUG:colcon.colcon_parallel_executor.executor.parallel:loop closed
[108.739s] DEBUG:colcon.colcon_parallel_executor.executor.parallel:run_until_complete finished with '0'
[108.739s] DEBUG:colcon.colcon_core.event_reactor:joining thread
[108.809s] INFO:colcon.colcon_core.plugin_system:Skipping extension 'colcon_notification.desktop_notification.notify_send': Could not find 'notify-send'
[108.809s] INFO:colcon.colcon_core.plugin_system:Skipping extension 'colcon_notification.desktop_notification.terminal_notifier': Not used on non-Darwin systems
[108.809s] INFO:colcon.colcon_core.plugin_system:Skipping extension 'colcon_notification.desktop_notification.win32': Not used on non-Windows systems
[108.809s] INFO:colcon.colcon_notification.desktop_notification:Sending desktop notification using 'notify2'
[108.815s] DEBUG:colcon.colcon_notification.desktop_notification.notify2:Failed to initialize notify2: org.freedesktop.DBus.Error.Spawn.ExecFailed: /usr/bin/dbus-launch terminated abnormally without any error message
[108.815s] DEBUG:colcon.colcon_core.event_reactor:joined thread
[108.834s] INFO:colcon.colcon_core.shell:Creating prefix script '/catkin_ws/rover_sim_ws/install/local_setup.ps1'
[108.836s] INFO:colcon.colcon_core.shell:Creating prefix util module '/catkin_ws/rover_sim_ws/install/_local_setup_util_ps1.py'
[108.839s] INFO:colcon.colcon_core.shell:Creating prefix chain script '/catkin_ws/rover_sim_ws/install/setup.ps1'
[108.859s] INFO:colcon.colcon_core.shell:Creating prefix script '/catkin_ws/rover_sim_ws/install/local_setup.sh'
[108.860s] INFO:colcon.colcon_core.shell:Creating prefix util module '/catkin_ws/rover_sim_ws/install/_local_setup_util_sh.py'
[108.861s] INFO:colcon.colcon_core.shell:Creating prefix chain script '/catkin_ws/rover_sim_ws/install/setup.sh'
[108.882s] INFO:colcon.colcon_core.shell:Creating prefix script '/catkin_ws/rover_sim_ws/install/local_setup.bash'
[108.883s] INFO:colcon.colcon_core.shell:Creating prefix chain script '/catkin_ws/rover_sim_ws/install/setup.bash'
[108.899s] INFO:colcon.colcon_core.shell:Creating prefix script '/catkin_ws/rover_sim_ws/install/local_setup.zsh'
[108.901s] INFO:colcon.colcon_core.shell:Creating prefix chain script '/catkin_ws/rover_sim_ws/install/setup.zsh'
