[1.177s] DEBUG:colcon:Command line arguments: ['/usr/bin/colcon', 'build']
[1.177s] DEBUG:colcon:Parsed command line arguments: Namespace(log_base=None, log_level=None, verb_name='build', build_base='build', install_base='install', merge_install=False, symlink_install=False, test_result_base=None, continue_on_error=False, executor='parallel', parallel_workers=8, event_handlers=None, ignore_user_meta=False, metas=['./colcon.meta'], base_paths=['.'], packages_ignore=None, packages_ignore_regex=None, paths=None, packages_up_to=None, packages_up_to_regex=None, packages_above=None, packages_above_and_dependencies=None, packages_above_depth=None, packages_select_by_dep=None, packages_skip_by_dep=None, packages_skip_up_to=None, packages_select_build_failed=False, packages_skip_build_finished=False, packages_select_test_failures=False, packages_skip_test_passed=False, packages_select=None, packages_skip=None, packages_select_regex=None, packages_skip_regex=None, packages_start=None, packages_end=None, cmake_args=None, cmake_target=None, cmake_target_skip_unavailable=False, cmake_clean_cache=False, cmake_clean_first=False, cmake_force_configure=False, ament_cmake_args=None, catkin_cmake_args=None, catkin_skip_building_tests=False, mixin_files=None, mixin=None, verb_parser=<colcon_mixin.mixin.mixin_argument.MixinArgumentDecorator object at 0x7f0737509420>, verb_extension=<colcon_core.verb.build.BuildVerb object at 0x7f07374b0d00>, main=<bound method BuildVerb.main of <colcon_core.verb.build.BuildVerb object at 0x7f07374b0d00>>, mixin_verb=('build',))
[1.228s] Level 1:colcon.colcon_core.package_discovery:discover_packages(colcon_meta) check parameters
[1.229s] INFO:colcon.colcon_metadata.package_discovery.colcon_meta:Using configuration from '/root/.colcon/metadata/default/Gazebo.meta'
[1.229s] INFO:colcon.colcon_metadata.package_discovery.colcon_meta:Using configuration from '/root/.colcon/metadata/default/fastrtps.meta'
[1.229s] Level 1:colcon.colcon_core.package_discovery:discover_packages(recursive) check parameters
[1.229s] Level 1:colcon.colcon_core.package_discovery:discover_packages(ignore) check parameters
[1.229s] Level 1:colcon.colcon_core.package_discovery:discover_packages(path) check parameters
[1.229s] Level 1:colcon.colcon_core.package_discovery:discover_packages(colcon_meta) discover
[1.230s] Level 1:colcon.colcon_core.package_discovery:discover_packages(recursive) discover
[1.230s] INFO:colcon.colcon_core.package_discovery:Crawling recursively for packages in '/catkin_ws/rover_sim_ws'
[1.230s] Level 1:colcon.colcon_core.package_identification:_identify(.) by extensions ['ignore', 'ignore_ament_install']
[1.230s] Level 1:colcon.colcon_core.package_identification:_identify(.) by extension 'ignore'
[1.230s] Level 1:colcon.colcon_core.package_identification:_identify(.) by extension 'ignore_ament_install'
[1.230s] Level 1:colcon.colcon_core.package_identification:_identify(.) by extensions ['colcon_pkg']
[1.230s] Level 1:colcon.colcon_core.package_identification:_identify(.) by extension 'colcon_pkg'
[1.230s] Level 1:colcon.colcon_core.package_identification:_identify(.) by extensions ['colcon_meta']
[1.230s] Level 1:colcon.colcon_core.package_identification:_identify(.) by extension 'colcon_meta'
[1.230s] Level 1:colcon.colcon_core.package_identification:_identify(.) by extensions ['ros']
[1.230s] Level 1:colcon.colcon_core.package_identification:_identify(.) by extension 'ros'
[1.243s] Level 1:colcon.colcon_core.package_identification:_identify(.) by extensions ['cmake', 'python']
[1.243s] Level 1:colcon.colcon_core.package_identification:_identify(.) by extension 'cmake'
[1.243s] Level 1:colcon.colcon_core.package_identification:_identify(.) by extension 'python'
[1.243s] Level 1:colcon.colcon_core.package_identification:_identify(.) by extensions ['python_setup_py']
[1.243s] Level 1:colcon.colcon_core.package_identification:_identify(.) by extension 'python_setup_py'
[1.243s] Level 1:colcon.colcon_core.package_identification:_identify(build) by extensions ['ignore', 'ignore_ament_install']
[1.243s] Level 1:colcon.colcon_core.package_identification:_identify(build) by extension 'ignore'
[1.243s] Level 1:colcon.colcon_core.package_identification:_identify(build) ignored
[1.243s] Level 1:colcon.colcon_core.package_identification:_identify(install) by extensions ['ignore', 'ignore_ament_install']
[1.244s] Level 1:colcon.colcon_core.package_identification:_identify(install) by extension 'ignore'
[1.244s] Level 1:colcon.colcon_core.package_identification:_identify(install) ignored
[1.244s] Level 1:colcon.colcon_core.package_identification:_identify(log) by extensions ['ignore', 'ignore_ament_install']
[1.244s] Level 1:colcon.colcon_core.package_identification:_identify(log) by extension 'ignore'
[1.244s] Level 1:colcon.colcon_core.package_identification:_identify(log) ignored
[1.244s] Level 1:colcon.colcon_core.package_identification:_identify(src) by extensions ['ignore', 'ignore_ament_install']
[1.244s] Level 1:colcon.colcon_core.package_identification:_identify(src) by extension 'ignore'
[1.244s] Level 1:colcon.colcon_core.package_identification:_identify(src) by extension 'ignore_ament_install'
[1.244s] Level 1:colcon.colcon_core.package_identification:_identify(src) by extensions ['colcon_pkg']
[1.244s] Level 1:colcon.colcon_core.package_identification:_identify(src) by extension 'colcon_pkg'
[1.244s] Level 1:colcon.colcon_core.package_identification:_identify(src) by extensions ['colcon_meta']
[1.244s] Level 1:colcon.colcon_core.package_identification:_identify(src) by extension 'colcon_meta'
[1.244s] Level 1:colcon.colcon_core.package_identification:_identify(src) by extensions ['ros']
[1.244s] Level 1:colcon.colcon_core.package_identification:_identify(src) by extension 'ros'
[1.245s] Level 1:colcon.colcon_core.package_identification:_identify(src) by extensions ['cmake', 'python']
[1.245s] Level 1:colcon.colcon_core.package_identification:_identify(src) by extension 'cmake'
[1.245s] Level 1:colcon.colcon_core.package_identification:_identify(src) by extension 'python'
[1.245s] Level 1:colcon.colcon_core.package_identification:_identify(src) by extensions ['python_setup_py']
[1.245s] Level 1:colcon.colcon_core.package_identification:_identify(src) by extension 'python_setup_py'
[1.245s] Level 1:colcon.colcon_core.package_identification:_identify(src/build) by extensions ['ignore', 'ignore_ament_install']
[1.245s] Level 1:colcon.colcon_core.package_identification:_identify(src/build) by extension 'ignore'
[1.245s] Level 1:colcon.colcon_core.package_identification:_identify(src/build) ignored
[1.245s] Level 1:colcon.colcon_core.package_identification:_identify(src/gz_ros2_control) by extensions ['ignore', 'ignore_ament_install']
[1.245s] Level 1:colcon.colcon_core.package_identification:_identify(src/gz_ros2_control) by extension 'ignore'
[1.245s] Level 1:colcon.colcon_core.package_identification:_identify(src/gz_ros2_control) by extension 'ignore_ament_install'
[1.245s] Level 1:colcon.colcon_core.package_identification:_identify(src/gz_ros2_control) by extensions ['colcon_pkg']
[1.245s] Level 1:colcon.colcon_core.package_identification:_identify(src/gz_ros2_control) by extension 'colcon_pkg'
[1.245s] Level 1:colcon.colcon_core.package_identification:_identify(src/gz_ros2_control) by extensions ['colcon_meta']
[1.246s] Level 1:colcon.colcon_core.package_identification:_identify(src/gz_ros2_control) by extension 'colcon_meta'
[1.246s] Level 1:colcon.colcon_core.package_identification:_identify(src/gz_ros2_control) by extensions ['ros']
[1.246s] Level 1:colcon.colcon_core.package_identification:_identify(src/gz_ros2_control) by extension 'ros'
[1.246s] Level 1:colcon.colcon_core.package_identification:_identify(src/gz_ros2_control) by extensions ['cmake', 'python']
[1.246s] Level 1:colcon.colcon_core.package_identification:_identify(src/gz_ros2_control) by extension 'cmake'
[1.246s] Level 1:colcon.colcon_core.package_identification:_identify(src/gz_ros2_control) by extension 'python'
[1.246s] Level 1:colcon.colcon_core.package_identification:_identify(src/gz_ros2_control) by extensions ['python_setup_py']
[1.246s] Level 1:colcon.colcon_core.package_identification:_identify(src/gz_ros2_control) by extension 'python_setup_py'
[1.246s] Level 1:colcon.colcon_core.package_identification:_identify(src/gz_ros2_control/Dockerfile) by extensions ['ignore', 'ignore_ament_install']
[1.246s] Level 1:colcon.colcon_core.package_identification:_identify(src/gz_ros2_control/Dockerfile) by extension 'ignore'
[1.246s] Level 1:colcon.colcon_core.package_identification:_identify(src/gz_ros2_control/Dockerfile) by extension 'ignore_ament_install'
[1.246s] Level 1:colcon.colcon_core.package_identification:_identify(src/gz_ros2_control/Dockerfile) by extensions ['colcon_pkg']
[1.246s] Level 1:colcon.colcon_core.package_identification:_identify(src/gz_ros2_control/Dockerfile) by extension 'colcon_pkg'
[1.246s] Level 1:colcon.colcon_core.package_identification:_identify(src/gz_ros2_control/Dockerfile) by extensions ['colcon_meta']
[1.246s] Level 1:colcon.colcon_core.package_identification:_identify(src/gz_ros2_control/Dockerfile) by extension 'colcon_meta'
[1.246s] Level 1:colcon.colcon_core.package_identification:_identify(src/gz_ros2_control/Dockerfile) by extensions ['ros']
[1.246s] Level 1:colcon.colcon_core.package_identification:_identify(src/gz_ros2_control/Dockerfile) by extension 'ros'
[1.247s] Level 1:colcon.colcon_core.package_identification:_identify(src/gz_ros2_control/Dockerfile) by extensions ['cmake', 'python']
[1.247s] Level 1:colcon.colcon_core.package_identification:_identify(src/gz_ros2_control/Dockerfile) by extension 'cmake'
[1.247s] Level 1:colcon.colcon_core.package_identification:_identify(src/gz_ros2_control/Dockerfile) by extension 'python'
[1.247s] Level 1:colcon.colcon_core.package_identification:_identify(src/gz_ros2_control/Dockerfile) by extensions ['python_setup_py']
[1.247s] Level 1:colcon.colcon_core.package_identification:_identify(src/gz_ros2_control/Dockerfile) by extension 'python_setup_py'
[1.247s] Level 1:colcon.colcon_core.package_identification:_identify(src/gz_ros2_control/doc) by extensions ['ignore', 'ignore_ament_install']
[1.247s] Level 1:colcon.colcon_core.package_identification:_identify(src/gz_ros2_control/doc) by extension 'ignore'
[1.247s] Level 1:colcon.colcon_core.package_identification:_identify(src/gz_ros2_control/doc) by extension 'ignore_ament_install'
[1.247s] Level 1:colcon.colcon_core.package_identification:_identify(src/gz_ros2_control/doc) by extensions ['colcon_pkg']
[1.247s] Level 1:colcon.colcon_core.package_identification:_identify(src/gz_ros2_control/doc) by extension 'colcon_pkg'
[1.247s] Level 1:colcon.colcon_core.package_identification:_identify(src/gz_ros2_control/doc) by extensions ['colcon_meta']
[1.247s] Level 1:colcon.colcon_core.package_identification:_identify(src/gz_ros2_control/doc) by extension 'colcon_meta'
[1.247s] Level 1:colcon.colcon_core.package_identification:_identify(src/gz_ros2_control/doc) by extensions ['ros']
[1.247s] Level 1:colcon.colcon_core.package_identification:_identify(src/gz_ros2_control/doc) by extension 'ros'
[1.247s] Level 1:colcon.colcon_core.package_identification:_identify(src/gz_ros2_control/doc) by extensions ['cmake', 'python']
[1.247s] Level 1:colcon.colcon_core.package_identification:_identify(src/gz_ros2_control/doc) by extension 'cmake'
[1.247s] Level 1:colcon.colcon_core.package_identification:_identify(src/gz_ros2_control/doc) by extension 'python'
[1.247s] Level 1:colcon.colcon_core.package_identification:_identify(src/gz_ros2_control/doc) by extensions ['python_setup_py']
[1.247s] Level 1:colcon.colcon_core.package_identification:_identify(src/gz_ros2_control/doc) by extension 'python_setup_py'
[1.248s] Level 1:colcon.colcon_core.package_identification:_identify(src/gz_ros2_control/doc/img) by extensions ['ignore', 'ignore_ament_install']
[1.248s] Level 1:colcon.colcon_core.package_identification:_identify(src/gz_ros2_control/doc/img) by extension 'ignore'
[1.248s] Level 1:colcon.colcon_core.package_identification:_identify(src/gz_ros2_control/doc/img) by extension 'ignore_ament_install'
[1.248s] Level 1:colcon.colcon_core.package_identification:_identify(src/gz_ros2_control/doc/img) by extensions ['colcon_pkg']
[1.248s] Level 1:colcon.colcon_core.package_identification:_identify(src/gz_ros2_control/doc/img) by extension 'colcon_pkg'
[1.248s] Level 1:colcon.colcon_core.package_identification:_identify(src/gz_ros2_control/doc/img) by extensions ['colcon_meta']
[1.248s] Level 1:colcon.colcon_core.package_identification:_identify(src/gz_ros2_control/doc/img) by extension 'colcon_meta'
[1.248s] Level 1:colcon.colcon_core.package_identification:_identify(src/gz_ros2_control/doc/img) by extensions ['ros']
[1.248s] Level 1:colcon.colcon_core.package_identification:_identify(src/gz_ros2_control/doc/img) by extension 'ros'
[1.248s] Level 1:colcon.colcon_core.package_identification:_identify(src/gz_ros2_control/doc/img) by extensions ['cmake', 'python']
[1.248s] Level 1:colcon.colcon_core.package_identification:_identify(src/gz_ros2_control/doc/img) by extension 'cmake'
[1.248s] Level 1:colcon.colcon_core.package_identification:_identify(src/gz_ros2_control/doc/img) by extension 'python'
[1.248s] Level 1:colcon.colcon_core.package_identification:_identify(src/gz_ros2_control/doc/img) by extensions ['python_setup_py']
[1.248s] Level 1:colcon.colcon_core.package_identification:_identify(src/gz_ros2_control/doc/img) by extension 'python_setup_py'
[1.248s] Level 1:colcon.colcon_core.package_identification:_identify(src/gz_ros2_control/gz_ros2_control_tests) by extensions ['ignore', 'ignore_ament_install']
[1.249s] Level 1:colcon.colcon_core.package_identification:_identify(src/gz_ros2_control/gz_ros2_control_tests) by extension 'ignore'
[1.249s] Level 1:colcon.colcon_core.package_identification:_identify(src/gz_ros2_control/gz_ros2_control_tests) by extension 'ignore_ament_install'
[1.249s] Level 1:colcon.colcon_core.package_identification:_identify(src/gz_ros2_control/gz_ros2_control_tests) by extensions ['colcon_pkg']
[1.249s] Level 1:colcon.colcon_core.package_identification:_identify(src/gz_ros2_control/gz_ros2_control_tests) by extension 'colcon_pkg'
[1.249s] Level 1:colcon.colcon_core.package_identification:_identify(src/gz_ros2_control/gz_ros2_control_tests) by extensions ['colcon_meta']
[1.249s] Level 1:colcon.colcon_core.package_identification:_identify(src/gz_ros2_control/gz_ros2_control_tests) by extension 'colcon_meta'
[1.249s] Level 1:colcon.colcon_core.package_identification:_identify(src/gz_ros2_control/gz_ros2_control_tests) by extensions ['ros']
[1.249s] Level 1:colcon.colcon_core.package_identification:_identify(src/gz_ros2_control/gz_ros2_control_tests) by extension 'ros'
[1.254s] DEBUG:colcon.colcon_core.package_identification:Package 'src/gz_ros2_control/gz_ros2_control_tests' with type 'ros.ament_cmake' and name 'gz_ros2_control_tests'
[1.254s] Level 1:colcon.colcon_core.package_identification:_identify(src/gz_ros2_control/ign_ros2_control) by extensions ['ignore', 'ignore_ament_install']
[1.254s] Level 1:colcon.colcon_core.package_identification:_identify(src/gz_ros2_control/ign_ros2_control) by extension 'ignore'
[1.254s] Level 1:colcon.colcon_core.package_identification:_identify(src/gz_ros2_control/ign_ros2_control) by extension 'ignore_ament_install'
[1.254s] Level 1:colcon.colcon_core.package_identification:_identify(src/gz_ros2_control/ign_ros2_control) by extensions ['colcon_pkg']
[1.254s] Level 1:colcon.colcon_core.package_identification:_identify(src/gz_ros2_control/ign_ros2_control) by extension 'colcon_pkg'
[1.254s] Level 1:colcon.colcon_core.package_identification:_identify(src/gz_ros2_control/ign_ros2_control) by extensions ['colcon_meta']
[1.254s] Level 1:colcon.colcon_core.package_identification:_identify(src/gz_ros2_control/ign_ros2_control) by extension 'colcon_meta'
[1.254s] Level 1:colcon.colcon_core.package_identification:_identify(src/gz_ros2_control/ign_ros2_control) by extensions ['ros']
[1.254s] Level 1:colcon.colcon_core.package_identification:_identify(src/gz_ros2_control/ign_ros2_control) by extension 'ros'
[1.260s] DEBUG:colcon.colcon_core.package_identification:Package 'src/gz_ros2_control/ign_ros2_control' with type 'ros.ament_cmake' and name 'ign_ros2_control'
[1.260s] Level 1:colcon.colcon_core.package_identification:_identify(src/gz_ros2_control/ign_ros2_control_demos) by extensions ['ignore', 'ignore_ament_install']
[1.260s] Level 1:colcon.colcon_core.package_identification:_identify(src/gz_ros2_control/ign_ros2_control_demos) by extension 'ignore'
[1.261s] Level 1:colcon.colcon_core.package_identification:_identify(src/gz_ros2_control/ign_ros2_control_demos) by extension 'ignore_ament_install'
[1.261s] Level 1:colcon.colcon_core.package_identification:_identify(src/gz_ros2_control/ign_ros2_control_demos) by extensions ['colcon_pkg']
[1.261s] Level 1:colcon.colcon_core.package_identification:_identify(src/gz_ros2_control/ign_ros2_control_demos) by extension 'colcon_pkg'
[1.261s] Level 1:colcon.colcon_core.package_identification:_identify(src/gz_ros2_control/ign_ros2_control_demos) by extensions ['colcon_meta']
[1.261s] Level 1:colcon.colcon_core.package_identification:_identify(src/gz_ros2_control/ign_ros2_control_demos) by extension 'colcon_meta'
[1.261s] Level 1:colcon.colcon_core.package_identification:_identify(src/gz_ros2_control/ign_ros2_control_demos) by extensions ['ros']
[1.261s] Level 1:colcon.colcon_core.package_identification:_identify(src/gz_ros2_control/ign_ros2_control_demos) by extension 'ros'
[1.262s] DEBUG:colcon.colcon_core.package_identification:Package 'src/gz_ros2_control/ign_ros2_control_demos' with type 'ros.ament_cmake' and name 'ign_ros2_control_demos'
[1.263s] Level 1:colcon.colcon_core.package_identification:_identify(src/install) by extensions ['ignore', 'ignore_ament_install']
[1.263s] Level 1:colcon.colcon_core.package_identification:_identify(src/install) by extension 'ignore'
[1.263s] Level 1:colcon.colcon_core.package_identification:_identify(src/install) ignored
[1.263s] Level 1:colcon.colcon_core.package_identification:_identify(src/log) by extensions ['ignore', 'ignore_ament_install']
[1.263s] Level 1:colcon.colcon_core.package_identification:_identify(src/log) by extension 'ignore'
[1.263s] Level 1:colcon.colcon_core.package_identification:_identify(src/log) ignored
[1.263s] Level 1:colcon.colcon_core.package_identification:_identify(src/rover_gz) by extensions ['ignore', 'ignore_ament_install']
[1.263s] Level 1:colcon.colcon_core.package_identification:_identify(src/rover_gz) by extension 'ignore'
[1.264s] Level 1:colcon.colcon_core.package_identification:_identify(src/rover_gz) by extension 'ignore_ament_install'
[1.264s] Level 1:colcon.colcon_core.package_identification:_identify(src/rover_gz) by extensions ['colcon_pkg']
[1.264s] Level 1:colcon.colcon_core.package_identification:_identify(src/rover_gz) by extension 'colcon_pkg'
[1.264s] Level 1:colcon.colcon_core.package_identification:_identify(src/rover_gz) by extensions ['colcon_meta']
[1.264s] Level 1:colcon.colcon_core.package_identification:_identify(src/rover_gz) by extension 'colcon_meta'
[1.264s] Level 1:colcon.colcon_core.package_identification:_identify(src/rover_gz) by extensions ['ros']
[1.264s] Level 1:colcon.colcon_core.package_identification:_identify(src/rover_gz) by extension 'ros'
[1.264s] DEBUG:colcon.colcon_core.package_identification:Package 'src/rover_gz' with type 'ros.ament_cmake' and name 'rover_gz'
[1.264s] Level 1:colcon.colcon_core.package_discovery:discover_packages(recursive) using defaults
[1.264s] Level 1:colcon.colcon_core.package_discovery:discover_packages(ignore) discover
[1.265s] Level 1:colcon.colcon_core.package_discovery:discover_packages(ignore) using defaults
[1.265s] Level 1:colcon.colcon_core.package_discovery:discover_packages(path) discover
[1.265s] Level 1:colcon.colcon_core.package_discovery:discover_packages(path) using defaults
[1.339s] Level 5:colcon.colcon_core.verb:set package 'ign_ros2_control' build argument 'cmake_args' from command line to 'None'
[1.339s] Level 5:colcon.colcon_core.verb:set package 'ign_ros2_control' build argument 'cmake_target' from command line to 'None'
[1.339s] Level 5:colcon.colcon_core.verb:set package 'ign_ros2_control' build argument 'cmake_target_skip_unavailable' from command line to 'False'
[1.339s] Level 5:colcon.colcon_core.verb:set package 'ign_ros2_control' build argument 'cmake_clean_cache' from command line to 'False'
[1.339s] Level 5:colcon.colcon_core.verb:set package 'ign_ros2_control' build argument 'cmake_clean_first' from command line to 'False'
[1.339s] Level 5:colcon.colcon_core.verb:set package 'ign_ros2_control' build argument 'cmake_force_configure' from command line to 'False'
[1.339s] Level 5:colcon.colcon_core.verb:set package 'ign_ros2_control' build argument 'ament_cmake_args' from command line to 'None'
[1.339s] Level 5:colcon.colcon_core.verb:set package 'ign_ros2_control' build argument 'catkin_cmake_args' from command line to 'None'
[1.340s] Level 5:colcon.colcon_core.verb:set package 'ign_ros2_control' build argument 'catkin_skip_building_tests' from command line to 'False'
[1.340s] DEBUG:colcon.colcon_core.verb:Building package 'ign_ros2_control' with the following arguments: {'ament_cmake_args': None, 'build_base': '/catkin_ws/rover_sim_ws/build/ign_ros2_control', 'catkin_cmake_args': None, 'catkin_skip_building_tests': False, 'cmake_args': None, 'cmake_clean_cache': False, 'cmake_clean_first': False, 'cmake_force_configure': False, 'cmake_target': None, 'cmake_target_skip_unavailable': False, 'install_base': '/catkin_ws/rover_sim_ws/install/ign_ros2_control', 'merge_install': False, 'path': '/catkin_ws/rover_sim_ws/src/gz_ros2_control/ign_ros2_control', 'symlink_install': False, 'test_result_base': None}
[1.353s] Level 5:colcon.colcon_core.verb:set package 'rover_gz' build argument 'cmake_args' from command line to 'None'
[1.353s] Level 5:colcon.colcon_core.verb:set package 'rover_gz' build argument 'cmake_target' from command line to 'None'
[1.353s] Level 5:colcon.colcon_core.verb:set package 'rover_gz' build argument 'cmake_target_skip_unavailable' from command line to 'False'
[1.353s] Level 5:colcon.colcon_core.verb:set package 'rover_gz' build argument 'cmake_clean_cache' from command line to 'False'
[1.353s] Level 5:colcon.colcon_core.verb:set package 'rover_gz' build argument 'cmake_clean_first' from command line to 'False'
[1.353s] Level 5:colcon.colcon_core.verb:set package 'rover_gz' build argument 'cmake_force_configure' from command line to 'False'
[1.353s] Level 5:colcon.colcon_core.verb:set package 'rover_gz' build argument 'ament_cmake_args' from command line to 'None'
[1.353s] Level 5:colcon.colcon_core.verb:set package 'rover_gz' build argument 'catkin_cmake_args' from command line to 'None'
[1.353s] Level 5:colcon.colcon_core.verb:set package 'rover_gz' build argument 'catkin_skip_building_tests' from command line to 'False'
[1.354s] DEBUG:colcon.colcon_core.verb:Building package 'rover_gz' with the following arguments: {'ament_cmake_args': None, 'build_base': '/catkin_ws/rover_sim_ws/build/rover_gz', 'catkin_cmake_args': None, 'catkin_skip_building_tests': False, 'cmake_args': None, 'cmake_clean_cache': False, 'cmake_clean_first': False, 'cmake_force_configure': False, 'cmake_target': None, 'cmake_target_skip_unavailable': False, 'install_base': '/catkin_ws/rover_sim_ws/install/rover_gz', 'merge_install': False, 'path': '/catkin_ws/rover_sim_ws/src/rover_gz', 'symlink_install': False, 'test_result_base': None}
[1.366s] Level 5:colcon.colcon_core.verb:set package 'gz_ros2_control_tests' build argument 'cmake_args' from command line to 'None'
[1.366s] Level 5:colcon.colcon_core.verb:set package 'gz_ros2_control_tests' build argument 'cmake_target' from command line to 'None'
[1.366s] Level 5:colcon.colcon_core.verb:set package 'gz_ros2_control_tests' build argument 'cmake_target_skip_unavailable' from command line to 'False'
[1.366s] Level 5:colcon.colcon_core.verb:set package 'gz_ros2_control_tests' build argument 'cmake_clean_cache' from command line to 'False'
[1.366s] Level 5:colcon.colcon_core.verb:set package 'gz_ros2_control_tests' build argument 'cmake_clean_first' from command line to 'False'
[1.366s] Level 5:colcon.colcon_core.verb:set package 'gz_ros2_control_tests' build argument 'cmake_force_configure' from command line to 'False'
[1.366s] Level 5:colcon.colcon_core.verb:set package 'gz_ros2_control_tests' build argument 'ament_cmake_args' from command line to 'None'
[1.366s] Level 5:colcon.colcon_core.verb:set package 'gz_ros2_control_tests' build argument 'catkin_cmake_args' from command line to 'None'
[1.366s] Level 5:colcon.colcon_core.verb:set package 'gz_ros2_control_tests' build argument 'catkin_skip_building_tests' from command line to 'False'
[1.366s] DEBUG:colcon.colcon_core.verb:Building package 'gz_ros2_control_tests' with the following arguments: {'ament_cmake_args': None, 'build_base': '/catkin_ws/rover_sim_ws/build/gz_ros2_control_tests', 'catkin_cmake_args': None, 'catkin_skip_building_tests': False, 'cmake_args': None, 'cmake_clean_cache': False, 'cmake_clean_first': False, 'cmake_force_configure': False, 'cmake_target': None, 'cmake_target_skip_unavailable': False, 'install_base': '/catkin_ws/rover_sim_ws/install/gz_ros2_control_tests', 'merge_install': False, 'path': '/catkin_ws/rover_sim_ws/src/gz_ros2_control/gz_ros2_control_tests', 'symlink_install': False, 'test_result_base': None}
[1.379s] Level 5:colcon.colcon_core.verb:set package 'ign_ros2_control_demos' build argument 'cmake_args' from command line to 'None'
[1.379s] Level 5:colcon.colcon_core.verb:set package 'ign_ros2_control_demos' build argument 'cmake_target' from command line to 'None'
[1.380s] Level 5:colcon.colcon_core.verb:set package 'ign_ros2_control_demos' build argument 'cmake_target_skip_unavailable' from command line to 'False'
[1.380s] Level 5:colcon.colcon_core.verb:set package 'ign_ros2_control_demos' build argument 'cmake_clean_cache' from command line to 'False'
[1.380s] Level 5:colcon.colcon_core.verb:set package 'ign_ros2_control_demos' build argument 'cmake_clean_first' from command line to 'False'
[1.380s] Level 5:colcon.colcon_core.verb:set package 'ign_ros2_control_demos' build argument 'cmake_force_configure' from command line to 'False'
[1.380s] Level 5:colcon.colcon_core.verb:set package 'ign_ros2_control_demos' build argument 'ament_cmake_args' from command line to 'None'
[1.380s] Level 5:colcon.colcon_core.verb:set package 'ign_ros2_control_demos' build argument 'catkin_cmake_args' from command line to 'None'
[1.380s] Level 5:colcon.colcon_core.verb:set package 'ign_ros2_control_demos' build argument 'catkin_skip_building_tests' from command line to 'False'
[1.380s] DEBUG:colcon.colcon_core.verb:Building package 'ign_ros2_control_demos' with the following arguments: {'ament_cmake_args': None, 'build_base': '/catkin_ws/rover_sim_ws/build/ign_ros2_control_demos', 'catkin_cmake_args': None, 'catkin_skip_building_tests': False, 'cmake_args': None, 'cmake_clean_cache': False, 'cmake_clean_first': False, 'cmake_force_configure': False, 'cmake_target': None, 'cmake_target_skip_unavailable': False, 'install_base': '/catkin_ws/rover_sim_ws/install/ign_ros2_control_demos', 'merge_install': False, 'path': '/catkin_ws/rover_sim_ws/src/gz_ros2_control/ign_ros2_control_demos', 'symlink_install': False, 'test_result_base': None}
[1.392s] INFO:colcon.colcon_core.executor:Executing jobs using 'parallel' executor
[1.406s] DEBUG:colcon.colcon_parallel_executor.executor.parallel:run_until_complete
[1.407s] INFO:colcon.colcon_ros.task.ament_cmake.build:Building ROS package in '/catkin_ws/rover_sim_ws/src/gz_ros2_control/ign_ros2_control' with build type 'ament_cmake'
[1.407s] INFO:colcon.colcon_cmake.task.cmake.build:Building CMake package in '/catkin_ws/rover_sim_ws/src/gz_ros2_control/ign_ros2_control'
[1.422s] INFO:colcon.colcon_core.plugin_system:Skipping extension 'colcon_core.shell.bat': Not used on non-Windows systems
[1.423s] INFO:colcon.colcon_core.shell:Skip shell extension 'powershell' for command environment: Not usable outside of PowerShell
[1.423s] DEBUG:colcon.colcon_core.shell:Skip shell extension 'dsv' for command environment
[1.468s] INFO:colcon.colcon_ros.task.ament_cmake.build:Building ROS package in '/catkin_ws/rover_sim_ws/src/rover_gz' with build type 'ament_cmake'
[1.468s] INFO:colcon.colcon_cmake.task.cmake.build:Building CMake package in '/catkin_ws/rover_sim_ws/src/rover_gz'
[1.483s] INFO:colcon.colcon_core.shell:Skip shell extension 'powershell' for command environment: Not usable outside of PowerShell
[1.484s] DEBUG:colcon.colcon_core.shell:Skip shell extension 'dsv' for command environment
[1.542s] DEBUG:colcon.colcon_core.event_handler.log_command:Invoking command in '/catkin_ws/rover_sim_ws/build/ign_ros2_control': CMAKE_PREFIX_PATH=${CMAKE_PREFIX_PATH}:/opt/ros/humble /usr/bin/cmake --build /catkin_ws/rover_sim_ws/build/ign_ros2_control -- -j8 -l8
[1.546s] DEBUG:colcon.colcon_core.event_handler.log_command:Invoking command in '/catkin_ws/rover_sim_ws/build/rover_gz': CMAKE_PREFIX_PATH=${CMAKE_PREFIX_PATH}:/opt/ros/humble /usr/bin/cmake --build /catkin_ws/rover_sim_ws/build/rover_gz -- -j8 -l8
[1.576s] DEBUG:colcon.colcon_core.event_handler.log_command:Invoked command in '/catkin_ws/rover_sim_ws/build/rover_gz' returned '0': CMAKE_PREFIX_PATH=${CMAKE_PREFIX_PATH}:/opt/ros/humble /usr/bin/cmake --build /catkin_ws/rover_sim_ws/build/rover_gz -- -j8 -l8
[1.606s] DEBUG:colcon.colcon_core.event_handler.log_command:Invoking command in '/catkin_ws/rover_sim_ws/build/rover_gz': CMAKE_PREFIX_PATH=${CMAKE_PREFIX_PATH}:/opt/ros/humble /usr/bin/cmake --install /catkin_ws/rover_sim_ws/build/rover_gz
[1.667s] Level 1:colcon.colcon_core.environment:create_environment_scripts_only(ign_ros2_control)
[1.687s] DEBUG:colcon.colcon_core.event_handler.log_command:Invoked command in '/catkin_ws/rover_sim_ws/build/ign_ros2_control' returned '0': CMAKE_PREFIX_PATH=${CMAKE_PREFIX_PATH}:/opt/ros/humble /usr/bin/cmake --build /catkin_ws/rover_sim_ws/build/ign_ros2_control -- -j8 -l8
[1.854s] Level 1:colcon.colcon_core.environment:checking '/catkin_ws/rover_sim_ws/install/ign_ros2_control' for CMake module files
[1.859s] Level 1:colcon.colcon_core.environment:checking '/catkin_ws/rover_sim_ws/install/ign_ros2_control' for CMake config files
[1.873s] Level 1:colcon.colcon_core.shell:create_environment_hook('ign_ros2_control', 'cmake_prefix_path')
[1.902s] DEBUG:colcon.colcon_core.event_handler.log_command:Invoking command in '/catkin_ws/rover_sim_ws/build/ign_ros2_control': CMAKE_PREFIX_PATH=${CMAKE_PREFIX_PATH}:/opt/ros/humble /usr/bin/cmake --install /catkin_ws/rover_sim_ws/build/ign_ros2_control
[1.958s] INFO:colcon.colcon_core.shell:Creating environment hook '/catkin_ws/rover_sim_ws/install/ign_ros2_control/share/ign_ros2_control/hook/cmake_prefix_path.ps1'
[1.963s] INFO:colcon.colcon_core.shell:Creating environment descriptor '/catkin_ws/rover_sim_ws/install/ign_ros2_control/share/ign_ros2_control/hook/cmake_prefix_path.dsv'
[1.968s] INFO:colcon.colcon_core.shell:Creating environment hook '/catkin_ws/rover_sim_ws/install/ign_ros2_control/share/ign_ros2_control/hook/cmake_prefix_path.sh'
[1.975s] Level 1:colcon.colcon_core.environment:checking '/catkin_ws/rover_sim_ws/install/ign_ros2_control/lib'
[1.976s] Level 1:colcon.colcon_core.shell:create_environment_hook('ign_ros2_control', 'ld_library_path_lib')
[2.030s] DEBUG:colcon.colcon_core.event_handler.log_command:Invoked command in '/catkin_ws/rover_sim_ws/build/ign_ros2_control' returned '0': CMAKE_PREFIX_PATH=${CMAKE_PREFIX_PATH}:/opt/ros/humble /usr/bin/cmake --install /catkin_ws/rover_sim_ws/build/ign_ros2_control
[2.074s] INFO:colcon.colcon_core.shell:Creating environment hook '/catkin_ws/rover_sim_ws/install/ign_ros2_control/share/ign_ros2_control/hook/ld_library_path_lib.ps1'
[2.077s] INFO:colcon.colcon_core.shell:Creating environment descriptor '/catkin_ws/rover_sim_ws/install/ign_ros2_control/share/ign_ros2_control/hook/ld_library_path_lib.dsv'
[2.079s] INFO:colcon.colcon_core.shell:Creating environment hook '/catkin_ws/rover_sim_ws/install/ign_ros2_control/share/ign_ros2_control/hook/ld_library_path_lib.sh'
[2.084s] Level 1:colcon.colcon_core.environment:checking '/catkin_ws/rover_sim_ws/install/ign_ros2_control/bin'
[2.084s] Level 1:colcon.colcon_core.environment:checking '/catkin_ws/rover_sim_ws/install/ign_ros2_control/lib/pkgconfig/ign_ros2_control.pc'
[2.087s] Level 1:colcon.colcon_core.environment:checking '/catkin_ws/rover_sim_ws/install/ign_ros2_control/lib/python3.10/site-packages'
[2.088s] Level 1:colcon.colcon_core.environment:checking '/catkin_ws/rover_sim_ws/install/ign_ros2_control/bin'
[2.205s] INFO:colcon.colcon_core.shell:Creating package script '/catkin_ws/rover_sim_ws/install/ign_ros2_control/share/ign_ros2_control/package.ps1'
[2.208s] INFO:colcon.colcon_core.shell:Creating package descriptor '/catkin_ws/rover_sim_ws/install/ign_ros2_control/share/ign_ros2_control/package.dsv'
[2.210s] INFO:colcon.colcon_core.shell:Creating package script '/catkin_ws/rover_sim_ws/install/ign_ros2_control/share/ign_ros2_control/package.sh'
[2.216s] INFO:colcon.colcon_core.shell:Creating package script '/catkin_ws/rover_sim_ws/install/ign_ros2_control/share/ign_ros2_control/package.bash'
[2.218s] INFO:colcon.colcon_core.shell:Creating package script '/catkin_ws/rover_sim_ws/install/ign_ros2_control/share/ign_ros2_control/package.zsh'
[2.223s] Level 1:colcon.colcon_core.environment:create_file_with_runtime_dependencies(/catkin_ws/rover_sim_ws/install/ign_ros2_control/share/colcon-core/packages/ign_ros2_control)
[2.229s] Level 1:colcon.colcon_core.environment:create_environment_scripts_only(rover_gz)
[2.300s] Level 1:colcon.colcon_core.environment:checking '/catkin_ws/rover_sim_ws/install/rover_gz' for CMake module files
[2.304s] Level 1:colcon.colcon_core.environment:checking '/catkin_ws/rover_sim_ws/install/rover_gz' for CMake config files
[2.315s] Level 1:colcon.colcon_core.shell:create_environment_hook('rover_gz', 'cmake_prefix_path')
[2.380s] DEBUG:colcon.colcon_core.event_handler.log_command:Invoked command in '/catkin_ws/rover_sim_ws/build/rover_gz' returned '0': CMAKE_PREFIX_PATH=${CMAKE_PREFIX_PATH}:/opt/ros/humble /usr/bin/cmake --install /catkin_ws/rover_sim_ws/build/rover_gz
[2.388s] INFO:colcon.colcon_core.shell:Creating environment hook '/catkin_ws/rover_sim_ws/install/rover_gz/share/rover_gz/hook/cmake_prefix_path.ps1'
[2.389s] INFO:colcon.colcon_core.shell:Creating environment descriptor '/catkin_ws/rover_sim_ws/install/rover_gz/share/rover_gz/hook/cmake_prefix_path.dsv'
[2.389s] INFO:colcon.colcon_core.shell:Creating environment hook '/catkin_ws/rover_sim_ws/install/rover_gz/share/rover_gz/hook/cmake_prefix_path.sh'
[2.390s] Level 1:colcon.colcon_core.environment:checking '/catkin_ws/rover_sim_ws/install/rover_gz/bin'
[2.390s] Level 1:colcon.colcon_core.environment:checking '/catkin_ws/rover_sim_ws/install/rover_gz/lib/pkgconfig/rover_gz.pc'
[2.390s] Level 1:colcon.colcon_core.environment:checking '/catkin_ws/rover_sim_ws/install/rover_gz/lib/python3.10/site-packages'
[2.390s] Level 1:colcon.colcon_core.environment:checking '/catkin_ws/rover_sim_ws/install/rover_gz/bin'
[2.403s] INFO:colcon.colcon_core.shell:Creating package script '/catkin_ws/rover_sim_ws/install/rover_gz/share/rover_gz/package.ps1'
[2.404s] INFO:colcon.colcon_core.shell:Creating package descriptor '/catkin_ws/rover_sim_ws/install/rover_gz/share/rover_gz/package.dsv'
[2.404s] INFO:colcon.colcon_core.shell:Creating package script '/catkin_ws/rover_sim_ws/install/rover_gz/share/rover_gz/package.sh'
[2.405s] INFO:colcon.colcon_core.shell:Creating package script '/catkin_ws/rover_sim_ws/install/rover_gz/share/rover_gz/package.bash'
[2.405s] INFO:colcon.colcon_core.shell:Creating package script '/catkin_ws/rover_sim_ws/install/rover_gz/share/rover_gz/package.zsh'
[2.405s] Level 1:colcon.colcon_core.environment:create_file_with_runtime_dependencies(/catkin_ws/rover_sim_ws/install/rover_gz/share/colcon-core/packages/rover_gz)
[2.423s] Level 1:colcon.colcon_core.environment:create_environment_scripts_only(ign_ros2_control)
[2.437s] Level 1:colcon.colcon_core.environment:checking '/catkin_ws/rover_sim_ws/install/ign_ros2_control' for CMake module files
[2.437s] Level 1:colcon.colcon_core.environment:checking '/catkin_ws/rover_sim_ws/install/ign_ros2_control' for CMake config files
[2.438s] Level 1:colcon.colcon_core.shell:create_environment_hook('ign_ros2_control', 'cmake_prefix_path')
[2.451s] INFO:colcon.colcon_core.shell:Creating environment hook '/catkin_ws/rover_sim_ws/install/ign_ros2_control/share/ign_ros2_control/hook/cmake_prefix_path.ps1'
[2.452s] INFO:colcon.colcon_core.shell:Creating environment descriptor '/catkin_ws/rover_sim_ws/install/ign_ros2_control/share/ign_ros2_control/hook/cmake_prefix_path.dsv'
[2.452s] INFO:colcon.colcon_core.shell:Creating environment hook '/catkin_ws/rover_sim_ws/install/ign_ros2_control/share/ign_ros2_control/hook/cmake_prefix_path.sh'
[2.453s] Level 1:colcon.colcon_core.environment:checking '/catkin_ws/rover_sim_ws/install/ign_ros2_control/lib'
[2.453s] Level 1:colcon.colcon_core.shell:create_environment_hook('ign_ros2_control', 'ld_library_path_lib')
[2.468s] INFO:colcon.colcon_core.shell:Creating environment hook '/catkin_ws/rover_sim_ws/install/ign_ros2_control/share/ign_ros2_control/hook/ld_library_path_lib.ps1'
[2.468s] INFO:colcon.colcon_core.shell:Creating environment descriptor '/catkin_ws/rover_sim_ws/install/ign_ros2_control/share/ign_ros2_control/hook/ld_library_path_lib.dsv'
[2.469s] INFO:colcon.colcon_core.shell:Creating environment hook '/catkin_ws/rover_sim_ws/install/ign_ros2_control/share/ign_ros2_control/hook/ld_library_path_lib.sh'
[2.469s] Level 1:colcon.colcon_core.environment:checking '/catkin_ws/rover_sim_ws/install/ign_ros2_control/bin'
[2.469s] Level 1:colcon.colcon_core.environment:checking '/catkin_ws/rover_sim_ws/install/ign_ros2_control/lib/pkgconfig/ign_ros2_control.pc'
[2.470s] Level 1:colcon.colcon_core.environment:checking '/catkin_ws/rover_sim_ws/install/ign_ros2_control/lib/python3.10/site-packages'
[2.470s] Level 1:colcon.colcon_core.environment:checking '/catkin_ws/rover_sim_ws/install/ign_ros2_control/bin'
[2.484s] INFO:colcon.colcon_core.shell:Creating package script '/catkin_ws/rover_sim_ws/install/ign_ros2_control/share/ign_ros2_control/package.ps1'
[2.485s] INFO:colcon.colcon_core.shell:Creating package descriptor '/catkin_ws/rover_sim_ws/install/ign_ros2_control/share/ign_ros2_control/package.dsv'
[2.485s] INFO:colcon.colcon_core.shell:Creating package script '/catkin_ws/rover_sim_ws/install/ign_ros2_control/share/ign_ros2_control/package.sh'
[2.486s] INFO:colcon.colcon_core.shell:Creating package script '/catkin_ws/rover_sim_ws/install/ign_ros2_control/share/ign_ros2_control/package.bash'
[2.486s] INFO:colcon.colcon_core.shell:Creating package script '/catkin_ws/rover_sim_ws/install/ign_ros2_control/share/ign_ros2_control/package.zsh'
[2.487s] Level 1:colcon.colcon_core.environment:create_file_with_runtime_dependencies(/catkin_ws/rover_sim_ws/install/ign_ros2_control/share/colcon-core/packages/ign_ros2_control)
[2.488s] INFO:colcon.colcon_ros.task.ament_cmake.build:Building ROS package in '/catkin_ws/rover_sim_ws/src/gz_ros2_control/gz_ros2_control_tests' with build type 'ament_cmake'
[2.489s] INFO:colcon.colcon_cmake.task.cmake.build:Building CMake package in '/catkin_ws/rover_sim_ws/src/gz_ros2_control/gz_ros2_control_tests'
[2.503s] INFO:colcon.colcon_core.shell:Skip shell extension 'powershell' for command environment: Not usable outside of PowerShell
[2.503s] DEBUG:colcon.colcon_core.shell:Skip shell extension 'dsv' for command environment
[2.552s] INFO:colcon.colcon_ros.task.ament_cmake.build:Building ROS package in '/catkin_ws/rover_sim_ws/src/gz_ros2_control/ign_ros2_control_demos' with build type 'ament_cmake'
[2.553s] INFO:colcon.colcon_cmake.task.cmake.build:Building CMake package in '/catkin_ws/rover_sim_ws/src/gz_ros2_control/ign_ros2_control_demos'
[2.569s] INFO:colcon.colcon_core.shell:Skip shell extension 'powershell' for command environment: Not usable outside of PowerShell
[2.569s] DEBUG:colcon.colcon_core.shell:Skip shell extension 'dsv' for command environment
[2.655s] Level 1:colcon.colcon_core.environment:create_environment_scripts_only(rover_gz)
[2.672s] Level 1:colcon.colcon_core.environment:checking '/catkin_ws/rover_sim_ws/install/rover_gz' for CMake module files
[2.672s] Level 1:colcon.colcon_core.environment:checking '/catkin_ws/rover_sim_ws/install/rover_gz' for CMake config files
[2.673s] Level 1:colcon.colcon_core.shell:create_environment_hook('rover_gz', 'cmake_prefix_path')
[2.689s] INFO:colcon.colcon_core.shell:Creating environment hook '/catkin_ws/rover_sim_ws/install/rover_gz/share/rover_gz/hook/cmake_prefix_path.ps1'
[2.689s] INFO:colcon.colcon_core.shell:Creating environment descriptor '/catkin_ws/rover_sim_ws/install/rover_gz/share/rover_gz/hook/cmake_prefix_path.dsv'
[2.689s] INFO:colcon.colcon_core.shell:Creating environment hook '/catkin_ws/rover_sim_ws/install/rover_gz/share/rover_gz/hook/cmake_prefix_path.sh'
[2.690s] Level 1:colcon.colcon_core.environment:checking '/catkin_ws/rover_sim_ws/install/rover_gz/bin'
[2.690s] Level 1:colcon.colcon_core.environment:checking '/catkin_ws/rover_sim_ws/install/rover_gz/lib/pkgconfig/rover_gz.pc'
[2.691s] Level 1:colcon.colcon_core.environment:checking '/catkin_ws/rover_sim_ws/install/rover_gz/lib/python3.10/site-packages'
[2.691s] Level 1:colcon.colcon_core.environment:checking '/catkin_ws/rover_sim_ws/install/rover_gz/bin'
[2.705s] INFO:colcon.colcon_core.shell:Creating package script '/catkin_ws/rover_sim_ws/install/rover_gz/share/rover_gz/package.ps1'
[2.706s] INFO:colcon.colcon_core.shell:Creating package descriptor '/catkin_ws/rover_sim_ws/install/rover_gz/share/rover_gz/package.dsv'
[2.706s] INFO:colcon.colcon_core.shell:Creating package script '/catkin_ws/rover_sim_ws/install/rover_gz/share/rover_gz/package.sh'
[2.707s] INFO:colcon.colcon_core.shell:Creating package script '/catkin_ws/rover_sim_ws/install/rover_gz/share/rover_gz/package.bash'
[2.707s] INFO:colcon.colcon_core.shell:Creating package script '/catkin_ws/rover_sim_ws/install/rover_gz/share/rover_gz/package.zsh'
[2.707s] Level 1:colcon.colcon_core.environment:create_file_with_runtime_dependencies(/catkin_ws/rover_sim_ws/install/rover_gz/share/colcon-core/packages/rover_gz)
[2.715s] DEBUG:colcon.colcon_core.event_handler.log_command:Invoking command in '/catkin_ws/rover_sim_ws/build/gz_ros2_control_tests': CMAKE_PREFIX_PATH=/catkin_ws/rover_sim_ws/install/ign_ros2_control:/catkin_ws/rover_sim_ws/install/rover_gz:/catkin_ws/rover_sim_ws/install/ign_ros2_control_demos:/catkin_ws/rover_sim_ws/install/gz_ros2_control_tests:/opt/ros/humble /usr/bin/cmake --build /catkin_ws/rover_sim_ws/build/gz_ros2_control_tests -- -j8 -l8
[2.718s] DEBUG:colcon.colcon_core.event_handler.log_command:Invoking command in '/catkin_ws/rover_sim_ws/build/ign_ros2_control_demos': CMAKE_PREFIX_PATH=/catkin_ws/rover_sim_ws/install/ign_ros2_control:/catkin_ws/rover_sim_ws/install/rover_gz:/catkin_ws/rover_sim_ws/install/ign_ros2_control_demos:/catkin_ws/rover_sim_ws/install/gz_ros2_control_tests:/opt/ros/humble /usr/bin/cmake --build /catkin_ws/rover_sim_ws/build/ign_ros2_control_demos -- -j8 -l8
[2.785s] DEBUG:colcon.colcon_core.event_handler.log_command:Invoked command in '/catkin_ws/rover_sim_ws/build/gz_ros2_control_tests' returned '0': CMAKE_PREFIX_PATH=/catkin_ws/rover_sim_ws/install/ign_ros2_control:/catkin_ws/rover_sim_ws/install/rover_gz:/catkin_ws/rover_sim_ws/install/ign_ros2_control_demos:/catkin_ws/rover_sim_ws/install/gz_ros2_control_tests:/opt/ros/humble /usr/bin/cmake --build /catkin_ws/rover_sim_ws/build/gz_ros2_control_tests -- -j8 -l8
[2.792s] DEBUG:colcon.colcon_core.event_handler.log_command:Invoked command in '/catkin_ws/rover_sim_ws/build/ign_ros2_control_demos' returned '0': CMAKE_PREFIX_PATH=/catkin_ws/rover_sim_ws/install/ign_ros2_control:/catkin_ws/rover_sim_ws/install/rover_gz:/catkin_ws/rover_sim_ws/install/ign_ros2_control_demos:/catkin_ws/rover_sim_ws/install/gz_ros2_control_tests:/opt/ros/humble /usr/bin/cmake --build /catkin_ws/rover_sim_ws/build/ign_ros2_control_demos -- -j8 -l8
[2.807s] DEBUG:colcon.colcon_core.event_handler.log_command:Invoking command in '/catkin_ws/rover_sim_ws/build/gz_ros2_control_tests': CMAKE_PREFIX_PATH=/catkin_ws/rover_sim_ws/install/ign_ros2_control:/catkin_ws/rover_sim_ws/install/rover_gz:/catkin_ws/rover_sim_ws/install/ign_ros2_control_demos:/catkin_ws/rover_sim_ws/install/gz_ros2_control_tests:/opt/ros/humble /usr/bin/cmake --install /catkin_ws/rover_sim_ws/build/gz_ros2_control_tests
[2.820s] Level 1:colcon.colcon_core.environment:create_environment_scripts_only(gz_ros2_control_tests)
[2.823s] DEBUG:colcon.colcon_core.event_handler.log_command:Invoked command in '/catkin_ws/rover_sim_ws/build/gz_ros2_control_tests' returned '0': CMAKE_PREFIX_PATH=/catkin_ws/rover_sim_ws/install/ign_ros2_control:/catkin_ws/rover_sim_ws/install/rover_gz:/catkin_ws/rover_sim_ws/install/ign_ros2_control_demos:/catkin_ws/rover_sim_ws/install/gz_ros2_control_tests:/opt/ros/humble /usr/bin/cmake --install /catkin_ws/rover_sim_ws/build/gz_ros2_control_tests
[2.837s] Level 1:colcon.colcon_core.environment:checking '/catkin_ws/rover_sim_ws/install/gz_ros2_control_tests' for CMake module files
[2.838s] Level 1:colcon.colcon_core.environment:checking '/catkin_ws/rover_sim_ws/install/gz_ros2_control_tests' for CMake config files
[2.838s] Level 1:colcon.colcon_core.shell:create_environment_hook('gz_ros2_control_tests', 'cmake_prefix_path')
[2.853s] INFO:colcon.colcon_core.shell:Creating environment hook '/catkin_ws/rover_sim_ws/install/gz_ros2_control_tests/share/gz_ros2_control_tests/hook/cmake_prefix_path.ps1'
[2.854s] INFO:colcon.colcon_core.shell:Creating environment descriptor '/catkin_ws/rover_sim_ws/install/gz_ros2_control_tests/share/gz_ros2_control_tests/hook/cmake_prefix_path.dsv'
[2.854s] INFO:colcon.colcon_core.shell:Creating environment hook '/catkin_ws/rover_sim_ws/install/gz_ros2_control_tests/share/gz_ros2_control_tests/hook/cmake_prefix_path.sh'
[2.855s] Level 1:colcon.colcon_core.environment:checking '/catkin_ws/rover_sim_ws/install/gz_ros2_control_tests/lib'
[2.855s] Level 1:colcon.colcon_core.environment:checking '/catkin_ws/rover_sim_ws/install/gz_ros2_control_tests/bin'
[2.855s] Level 1:colcon.colcon_core.environment:checking '/catkin_ws/rover_sim_ws/install/gz_ros2_control_tests/lib/pkgconfig/gz_ros2_control_tests.pc'
[2.855s] Level 1:colcon.colcon_core.environment:checking '/catkin_ws/rover_sim_ws/install/gz_ros2_control_tests/lib/python3.10/site-packages'
[2.856s] Level 1:colcon.colcon_core.environment:checking '/catkin_ws/rover_sim_ws/install/gz_ros2_control_tests/bin'
[2.872s] INFO:colcon.colcon_core.shell:Creating package script '/catkin_ws/rover_sim_ws/install/gz_ros2_control_tests/share/gz_ros2_control_tests/package.ps1'
[2.873s] INFO:colcon.colcon_core.shell:Creating package descriptor '/catkin_ws/rover_sim_ws/install/gz_ros2_control_tests/share/gz_ros2_control_tests/package.dsv'
[2.873s] INFO:colcon.colcon_core.shell:Creating package script '/catkin_ws/rover_sim_ws/install/gz_ros2_control_tests/share/gz_ros2_control_tests/package.sh'
[2.874s] INFO:colcon.colcon_core.shell:Creating package script '/catkin_ws/rover_sim_ws/install/gz_ros2_control_tests/share/gz_ros2_control_tests/package.bash'
[2.874s] INFO:colcon.colcon_core.shell:Creating package script '/catkin_ws/rover_sim_ws/install/gz_ros2_control_tests/share/gz_ros2_control_tests/package.zsh'
[2.875s] Level 1:colcon.colcon_core.environment:create_file_with_runtime_dependencies(/catkin_ws/rover_sim_ws/install/gz_ros2_control_tests/share/colcon-core/packages/gz_ros2_control_tests)
[2.879s] DEBUG:colcon.colcon_core.event_handler.log_command:Invoking command in '/catkin_ws/rover_sim_ws/build/ign_ros2_control_demos': CMAKE_PREFIX_PATH=/catkin_ws/rover_sim_ws/install/ign_ros2_control:/catkin_ws/rover_sim_ws/install/rover_gz:/catkin_ws/rover_sim_ws/install/ign_ros2_control_demos:/catkin_ws/rover_sim_ws/install/gz_ros2_control_tests:/opt/ros/humble /usr/bin/cmake --install /catkin_ws/rover_sim_ws/build/ign_ros2_control_demos
[2.891s] Level 1:colcon.colcon_core.environment:create_environment_scripts_only(ign_ros2_control_demos)
[2.900s] DEBUG:colcon.colcon_core.event_handler.log_command:Invoked command in '/catkin_ws/rover_sim_ws/build/ign_ros2_control_demos' returned '0': CMAKE_PREFIX_PATH=/catkin_ws/rover_sim_ws/install/ign_ros2_control:/catkin_ws/rover_sim_ws/install/rover_gz:/catkin_ws/rover_sim_ws/install/ign_ros2_control_demos:/catkin_ws/rover_sim_ws/install/gz_ros2_control_tests:/opt/ros/humble /usr/bin/cmake --install /catkin_ws/rover_sim_ws/build/ign_ros2_control_demos
[2.913s] Level 1:colcon.colcon_core.environment:checking '/catkin_ws/rover_sim_ws/install/ign_ros2_control_demos' for CMake module files
[2.913s] Level 1:colcon.colcon_core.environment:checking '/catkin_ws/rover_sim_ws/install/ign_ros2_control_demos' for CMake config files
[2.914s] Level 1:colcon.colcon_core.shell:create_environment_hook('ign_ros2_control_demos', 'cmake_prefix_path')
[2.928s] INFO:colcon.colcon_core.shell:Creating environment hook '/catkin_ws/rover_sim_ws/install/ign_ros2_control_demos/share/ign_ros2_control_demos/hook/cmake_prefix_path.ps1'
[2.929s] INFO:colcon.colcon_core.shell:Creating environment descriptor '/catkin_ws/rover_sim_ws/install/ign_ros2_control_demos/share/ign_ros2_control_demos/hook/cmake_prefix_path.dsv'
[2.929s] INFO:colcon.colcon_core.shell:Creating environment hook '/catkin_ws/rover_sim_ws/install/ign_ros2_control_demos/share/ign_ros2_control_demos/hook/cmake_prefix_path.sh'
[2.930s] Level 1:colcon.colcon_core.environment:checking '/catkin_ws/rover_sim_ws/install/ign_ros2_control_demos/lib'
[2.930s] Level 1:colcon.colcon_core.environment:checking '/catkin_ws/rover_sim_ws/install/ign_ros2_control_demos/bin'
[2.930s] Level 1:colcon.colcon_core.environment:checking '/catkin_ws/rover_sim_ws/install/ign_ros2_control_demos/lib/pkgconfig/ign_ros2_control_demos.pc'
[2.930s] Level 1:colcon.colcon_core.environment:checking '/catkin_ws/rover_sim_ws/install/ign_ros2_control_demos/lib/python3.10/site-packages'
[2.931s] Level 1:colcon.colcon_core.environment:checking '/catkin_ws/rover_sim_ws/install/ign_ros2_control_demos/bin'
[2.945s] INFO:colcon.colcon_core.shell:Creating package script '/catkin_ws/rover_sim_ws/install/ign_ros2_control_demos/share/ign_ros2_control_demos/package.ps1'
[2.945s] INFO:colcon.colcon_core.shell:Creating package descriptor '/catkin_ws/rover_sim_ws/install/ign_ros2_control_demos/share/ign_ros2_control_demos/package.dsv'
[2.946s] INFO:colcon.colcon_core.shell:Creating package script '/catkin_ws/rover_sim_ws/install/ign_ros2_control_demos/share/ign_ros2_control_demos/package.sh'
[2.946s] INFO:colcon.colcon_core.shell:Creating package script '/catkin_ws/rover_sim_ws/install/ign_ros2_control_demos/share/ign_ros2_control_demos/package.bash'
[2.946s] INFO:colcon.colcon_core.shell:Creating package script '/catkin_ws/rover_sim_ws/install/ign_ros2_control_demos/share/ign_ros2_control_demos/package.zsh'
[2.947s] Level 1:colcon.colcon_core.environment:create_file_with_runtime_dependencies(/catkin_ws/rover_sim_ws/install/ign_ros2_control_demos/share/colcon-core/packages/ign_ros2_control_demos)
[2.963s] Level 1:colcon.colcon_core.environment:create_environment_scripts_only(gz_ros2_control_tests)
[2.978s] Level 1:colcon.colcon_core.environment:checking '/catkin_ws/rover_sim_ws/install/gz_ros2_control_tests' for CMake module files
[2.979s] Level 1:colcon.colcon_core.environment:checking '/catkin_ws/rover_sim_ws/install/gz_ros2_control_tests' for CMake config files
[2.979s] Level 1:colcon.colcon_core.shell:create_environment_hook('gz_ros2_control_tests', 'cmake_prefix_path')
[2.996s] INFO:colcon.colcon_core.shell:Creating environment hook '/catkin_ws/rover_sim_ws/install/gz_ros2_control_tests/share/gz_ros2_control_tests/hook/cmake_prefix_path.ps1'
[2.996s] INFO:colcon.colcon_core.shell:Creating environment descriptor '/catkin_ws/rover_sim_ws/install/gz_ros2_control_tests/share/gz_ros2_control_tests/hook/cmake_prefix_path.dsv'
[2.996s] INFO:colcon.colcon_core.shell:Creating environment hook '/catkin_ws/rover_sim_ws/install/gz_ros2_control_tests/share/gz_ros2_control_tests/hook/cmake_prefix_path.sh'
[2.997s] Level 1:colcon.colcon_core.environment:checking '/catkin_ws/rover_sim_ws/install/gz_ros2_control_tests/lib'
[2.997s] Level 1:colcon.colcon_core.environment:checking '/catkin_ws/rover_sim_ws/install/gz_ros2_control_tests/bin'
[2.997s] Level 1:colcon.colcon_core.environment:checking '/catkin_ws/rover_sim_ws/install/gz_ros2_control_tests/lib/pkgconfig/gz_ros2_control_tests.pc'
[2.998s] Level 1:colcon.colcon_core.environment:checking '/catkin_ws/rover_sim_ws/install/gz_ros2_control_tests/lib/python3.10/site-packages'
[2.998s] Level 1:colcon.colcon_core.environment:checking '/catkin_ws/rover_sim_ws/install/gz_ros2_control_tests/bin'
[3.012s] INFO:colcon.colcon_core.shell:Creating package script '/catkin_ws/rover_sim_ws/install/gz_ros2_control_tests/share/gz_ros2_control_tests/package.ps1'
[3.013s] INFO:colcon.colcon_core.shell:Creating package descriptor '/catkin_ws/rover_sim_ws/install/gz_ros2_control_tests/share/gz_ros2_control_tests/package.dsv'
[3.013s] INFO:colcon.colcon_core.shell:Creating package script '/catkin_ws/rover_sim_ws/install/gz_ros2_control_tests/share/gz_ros2_control_tests/package.sh'
[3.014s] INFO:colcon.colcon_core.shell:Creating package script '/catkin_ws/rover_sim_ws/install/gz_ros2_control_tests/share/gz_ros2_control_tests/package.bash'
[3.014s] INFO:colcon.colcon_core.shell:Creating package script '/catkin_ws/rover_sim_ws/install/gz_ros2_control_tests/share/gz_ros2_control_tests/package.zsh'
[3.015s] Level 1:colcon.colcon_core.environment:create_file_with_runtime_dependencies(/catkin_ws/rover_sim_ws/install/gz_ros2_control_tests/share/colcon-core/packages/gz_ros2_control_tests)
[3.030s] Level 1:colcon.colcon_core.environment:create_environment_scripts_only(ign_ros2_control_demos)
[3.045s] Level 1:colcon.colcon_core.environment:checking '/catkin_ws/rover_sim_ws/install/ign_ros2_control_demos' for CMake module files
[3.045s] Level 1:colcon.colcon_core.environment:checking '/catkin_ws/rover_sim_ws/install/ign_ros2_control_demos' for CMake config files
[3.046s] Level 1:colcon.colcon_core.shell:create_environment_hook('ign_ros2_control_demos', 'cmake_prefix_path')
[3.060s] INFO:colcon.colcon_core.shell:Creating environment hook '/catkin_ws/rover_sim_ws/install/ign_ros2_control_demos/share/ign_ros2_control_demos/hook/cmake_prefix_path.ps1'
[3.060s] INFO:colcon.colcon_core.shell:Creating environment descriptor '/catkin_ws/rover_sim_ws/install/ign_ros2_control_demos/share/ign_ros2_control_demos/hook/cmake_prefix_path.dsv'
[3.061s] INFO:colcon.colcon_core.shell:Creating environment hook '/catkin_ws/rover_sim_ws/install/ign_ros2_control_demos/share/ign_ros2_control_demos/hook/cmake_prefix_path.sh'
[3.061s] Level 1:colcon.colcon_core.environment:checking '/catkin_ws/rover_sim_ws/install/ign_ros2_control_demos/lib'
[3.061s] Level 1:colcon.colcon_core.environment:checking '/catkin_ws/rover_sim_ws/install/ign_ros2_control_demos/bin'
[3.062s] Level 1:colcon.colcon_core.environment:checking '/catkin_ws/rover_sim_ws/install/ign_ros2_control_demos/lib/pkgconfig/ign_ros2_control_demos.pc'
[3.062s] Level 1:colcon.colcon_core.environment:checking '/catkin_ws/rover_sim_ws/install/ign_ros2_control_demos/lib/python3.10/site-packages'
[3.062s] Level 1:colcon.colcon_core.environment:checking '/catkin_ws/rover_sim_ws/install/ign_ros2_control_demos/bin'
[3.080s] INFO:colcon.colcon_core.shell:Creating package script '/catkin_ws/rover_sim_ws/install/ign_ros2_control_demos/share/ign_ros2_control_demos/package.ps1'
[3.081s] INFO:colcon.colcon_core.shell:Creating package descriptor '/catkin_ws/rover_sim_ws/install/ign_ros2_control_demos/share/ign_ros2_control_demos/package.dsv'
[3.081s] INFO:colcon.colcon_core.shell:Creating package script '/catkin_ws/rover_sim_ws/install/ign_ros2_control_demos/share/ign_ros2_control_demos/package.sh'
[3.082s] INFO:colcon.colcon_core.shell:Creating package script '/catkin_ws/rover_sim_ws/install/ign_ros2_control_demos/share/ign_ros2_control_demos/package.bash'
[3.082s] INFO:colcon.colcon_core.shell:Creating package script '/catkin_ws/rover_sim_ws/install/ign_ros2_control_demos/share/ign_ros2_control_demos/package.zsh'
[3.082s] Level 1:colcon.colcon_core.environment:create_file_with_runtime_dependencies(/catkin_ws/rover_sim_ws/install/ign_ros2_control_demos/share/colcon-core/packages/ign_ros2_control_demos)
[3.083s] DEBUG:colcon.colcon_parallel_executor.executor.parallel:closing loop
[3.083s] DEBUG:colcon.colcon_parallel_executor.executor.parallel:loop closed
[3.083s] DEBUG:colcon.colcon_parallel_executor.executor.parallel:run_until_complete finished with '0'
[3.083s] DEBUG:colcon.colcon_core.event_reactor:joining thread
[3.103s] INFO:colcon.colcon_core.plugin_system:Skipping extension 'colcon_notification.desktop_notification.notify_send': Could not find 'notify-send'
[3.103s] INFO:colcon.colcon_core.plugin_system:Skipping extension 'colcon_notification.desktop_notification.terminal_notifier': Not used on non-Darwin systems
[3.103s] INFO:colcon.colcon_core.plugin_system:Skipping extension 'colcon_notification.desktop_notification.win32': Not used on non-Windows systems
[3.103s] INFO:colcon.colcon_notification.desktop_notification:Sending desktop notification using 'notify2'
[3.106s] DEBUG:colcon.colcon_notification.desktop_notification.notify2:Failed to initialize notify2: org.freedesktop.DBus.Error.Spawn.ExecFailed: /usr/bin/dbus-launch terminated abnormally without any error message
[3.106s] DEBUG:colcon.colcon_core.event_reactor:joined thread
[3.123s] INFO:colcon.colcon_core.shell:Creating prefix script '/catkin_ws/rover_sim_ws/install/local_setup.ps1'
[3.125s] INFO:colcon.colcon_core.shell:Creating prefix util module '/catkin_ws/rover_sim_ws/install/_local_setup_util_ps1.py'
[3.127s] INFO:colcon.colcon_core.shell:Creating prefix chain script '/catkin_ws/rover_sim_ws/install/setup.ps1'
[3.143s] INFO:colcon.colcon_core.shell:Creating prefix script '/catkin_ws/rover_sim_ws/install/local_setup.sh'
[3.144s] INFO:colcon.colcon_core.shell:Creating prefix util module '/catkin_ws/rover_sim_ws/install/_local_setup_util_sh.py'
[3.145s] INFO:colcon.colcon_core.shell:Creating prefix chain script '/catkin_ws/rover_sim_ws/install/setup.sh'
[3.160s] INFO:colcon.colcon_core.shell:Creating prefix script '/catkin_ws/rover_sim_ws/install/local_setup.bash'
[3.169s] INFO:colcon.colcon_core.shell:Creating prefix chain script '/catkin_ws/rover_sim_ws/install/setup.bash'
[3.183s] INFO:colcon.colcon_core.shell:Creating prefix script '/catkin_ws/rover_sim_ws/install/local_setup.zsh'
[3.184s] INFO:colcon.colcon_core.shell:Creating prefix chain script '/catkin_ws/rover_sim_ws/install/setup.zsh'
