[1.071s] DEBUG:colcon:Command line arguments: ['/usr/bin/colcon', 'build']
[1.071s] DEBUG:colcon:Parsed command line arguments: Namespace(log_base=None, log_level=None, verb_name='build', build_base='build', install_base='install', merge_install=False, symlink_install=False, test_result_base=None, continue_on_error=False, executor='parallel', parallel_workers=8, event_handlers=None, ignore_user_meta=False, metas=['./colcon.meta'], base_paths=['.'], packages_ignore=None, packages_ignore_regex=None, paths=None, packages_up_to=None, packages_up_to_regex=None, packages_above=None, packages_above_and_dependencies=None, packages_above_depth=None, packages_select_by_dep=None, packages_skip_by_dep=None, packages_skip_up_to=None, packages_select_build_failed=False, packages_skip_build_finished=False, packages_select_test_failures=False, packages_skip_test_passed=False, packages_select=None, packages_skip=None, packages_select_regex=None, packages_skip_regex=None, packages_start=None, packages_end=None, cmake_args=None, cmake_target=None, cmake_target_skip_unavailable=False, cmake_clean_cache=False, cmake_clean_first=False, cmake_force_configure=False, ament_cmake_args=None, catkin_cmake_args=None, catkin_skip_building_tests=False, mixin_files=None, mixin=None, verb_parser=<colcon_mixin.mixin.mixin_argument.MixinArgumentDecorator object at 0x7f60dfd82c80>, verb_extension=<colcon_core.verb.build.BuildVerb object at 0x7f60dfd2d600>, main=<bound method BuildVerb.main of <colcon_core.verb.build.BuildVerb object at 0x7f60dfd2d600>>, mixin_verb=('build',))
[1.118s] Level 1:colcon.colcon_core.package_discovery:discover_packages(colcon_meta) check parameters
[1.119s] INFO:colcon.colcon_metadata.package_discovery.colcon_meta:Using configuration from '/root/.colcon/metadata/default/Gazebo.meta'
[1.119s] INFO:colcon.colcon_metadata.package_discovery.colcon_meta:Using configuration from '/root/.colcon/metadata/default/fastrtps.meta'
[1.119s] Level 1:colcon.colcon_core.package_discovery:discover_packages(recursive) check parameters
[1.119s] Level 1:colcon.colcon_core.package_discovery:discover_packages(ignore) check parameters
[1.119s] Level 1:colcon.colcon_core.package_discovery:discover_packages(path) check parameters
[1.119s] Level 1:colcon.colcon_core.package_discovery:discover_packages(colcon_meta) discover
[1.119s] Level 1:colcon.colcon_core.package_discovery:discover_packages(recursive) discover
[1.119s] INFO:colcon.colcon_core.package_discovery:Crawling recursively for packages in '/catkin_ws/rover_sim_ws/src/rover_gz'
[1.120s] Level 1:colcon.colcon_core.package_identification:_identify(.) by extensions ['ignore', 'ignore_ament_install']
[1.120s] Level 1:colcon.colcon_core.package_identification:_identify(.) by extension 'ignore'
[1.120s] Level 1:colcon.colcon_core.package_identification:_identify(.) by extension 'ignore_ament_install'
[1.120s] Level 1:colcon.colcon_core.package_identification:_identify(.) by extensions ['colcon_pkg']
[1.120s] Level 1:colcon.colcon_core.package_identification:_identify(.) by extension 'colcon_pkg'
[1.120s] Level 1:colcon.colcon_core.package_identification:_identify(.) by extensions ['colcon_meta']
[1.120s] Level 1:colcon.colcon_core.package_identification:_identify(.) by extension 'colcon_meta'
[1.120s] Level 1:colcon.colcon_core.package_identification:_identify(.) by extensions ['ros']
[1.120s] Level 1:colcon.colcon_core.package_identification:_identify(.) by extension 'ros'
[1.133s] DEBUG:colcon.colcon_core.package_identification:Package '.' with type 'ros.ament_cmake' and name 'rover_gz'
[1.133s] Level 1:colcon.colcon_core.package_discovery:discover_packages(recursive) using defaults
[1.133s] Level 1:colcon.colcon_core.package_discovery:discover_packages(ignore) discover
[1.133s] Level 1:colcon.colcon_core.package_discovery:discover_packages(ignore) using defaults
[1.133s] Level 1:colcon.colcon_core.package_discovery:discover_packages(path) discover
[1.133s] Level 1:colcon.colcon_core.package_discovery:discover_packages(path) using defaults
[1.201s] Level 5:colcon.colcon_core.verb:set package 'rover_gz' build argument 'cmake_args' from command line to 'None'
[1.201s] Level 5:colcon.colcon_core.verb:set package 'rover_gz' build argument 'cmake_target' from command line to 'None'
[1.201s] Level 5:colcon.colcon_core.verb:set package 'rover_gz' build argument 'cmake_target_skip_unavailable' from command line to 'False'
[1.201s] Level 5:colcon.colcon_core.verb:set package 'rover_gz' build argument 'cmake_clean_cache' from command line to 'False'
[1.201s] Level 5:colcon.colcon_core.verb:set package 'rover_gz' build argument 'cmake_clean_first' from command line to 'False'
[1.201s] Level 5:colcon.colcon_core.verb:set package 'rover_gz' build argument 'cmake_force_configure' from command line to 'False'
[1.201s] Level 5:colcon.colcon_core.verb:set package 'rover_gz' build argument 'ament_cmake_args' from command line to 'None'
[1.201s] Level 5:colcon.colcon_core.verb:set package 'rover_gz' build argument 'catkin_cmake_args' from command line to 'None'
[1.201s] Level 5:colcon.colcon_core.verb:set package 'rover_gz' build argument 'catkin_skip_building_tests' from command line to 'False'
[1.201s] DEBUG:colcon.colcon_core.verb:Building package 'rover_gz' with the following arguments: {'ament_cmake_args': None, 'build_base': '/catkin_ws/rover_sim_ws/src/rover_gz/build/rover_gz', 'catkin_cmake_args': None, 'catkin_skip_building_tests': False, 'cmake_args': None, 'cmake_clean_cache': False, 'cmake_clean_first': False, 'cmake_force_configure': False, 'cmake_target': None, 'cmake_target_skip_unavailable': False, 'install_base': '/catkin_ws/rover_sim_ws/src/rover_gz/install/rover_gz', 'merge_install': False, 'path': '/catkin_ws/rover_sim_ws/src/rover_gz', 'symlink_install': False, 'test_result_base': None}
[1.212s] INFO:colcon.colcon_core.executor:Executing jobs using 'parallel' executor
[1.224s] DEBUG:colcon.colcon_parallel_executor.executor.parallel:run_until_complete
[1.224s] INFO:colcon.colcon_ros.task.ament_cmake.build:Building ROS package in '/catkin_ws/rover_sim_ws/src/rover_gz' with build type 'ament_cmake'
[1.224s] INFO:colcon.colcon_cmake.task.cmake.build:Building CMake package in '/catkin_ws/rover_sim_ws/src/rover_gz'
[1.240s] INFO:colcon.colcon_core.plugin_system:Skipping extension 'colcon_core.shell.bat': Not used on non-Windows systems
[1.241s] INFO:colcon.colcon_core.shell:Skip shell extension 'powershell' for command environment: Not usable outside of PowerShell
[1.241s] DEBUG:colcon.colcon_core.shell:Skip shell extension 'dsv' for command environment
[1.301s] DEBUG:colcon.colcon_core.event_handler.log_command:Invoking command in '/catkin_ws/rover_sim_ws/src/rover_gz/build/rover_gz': CMAKE_PREFIX_PATH=${CMAKE_PREFIX_PATH}:/catkin_ws/rover_sim_ws/install/ros_gz_interfaces:/opt/ros/humble /usr/bin/cmake /catkin_ws/rover_sim_ws/src/rover_gz -DCMAKE_INSTALL_PREFIX=/catkin_ws/rover_sim_ws/src/rover_gz/install/rover_gz
[2.576s] DEBUG:colcon.colcon_core.event_handler.log_command:Invoked command in '/catkin_ws/rover_sim_ws/src/rover_gz/build/rover_gz' returned '0': CMAKE_PREFIX_PATH=${CMAKE_PREFIX_PATH}:/catkin_ws/rover_sim_ws/install/ros_gz_interfaces:/opt/ros/humble /usr/bin/cmake /catkin_ws/rover_sim_ws/src/rover_gz -DCMAKE_INSTALL_PREFIX=/catkin_ws/rover_sim_ws/src/rover_gz/install/rover_gz
[2.576s] DEBUG:colcon.colcon_core.event_handler.log_command:Invoking command in '/catkin_ws/rover_sim_ws/src/rover_gz/build/rover_gz': CMAKE_PREFIX_PATH=${CMAKE_PREFIX_PATH}:/catkin_ws/rover_sim_ws/install/ros_gz_interfaces:/opt/ros/humble /usr/bin/cmake --build /catkin_ws/rover_sim_ws/src/rover_gz/build/rover_gz -- -j8 -l8
[2.610s] DEBUG:colcon.colcon_core.event_handler.log_command:Invoked command in '/catkin_ws/rover_sim_ws/src/rover_gz/build/rover_gz' returned '0': CMAKE_PREFIX_PATH=${CMAKE_PREFIX_PATH}:/catkin_ws/rover_sim_ws/install/ros_gz_interfaces:/opt/ros/humble /usr/bin/cmake --build /catkin_ws/rover_sim_ws/src/rover_gz/build/rover_gz -- -j8 -l8
[2.641s] DEBUG:colcon.colcon_core.event_handler.log_command:Invoking command in '/catkin_ws/rover_sim_ws/src/rover_gz/build/rover_gz': CMAKE_PREFIX_PATH=${CMAKE_PREFIX_PATH}:/catkin_ws/rover_sim_ws/install/ros_gz_interfaces:/opt/ros/humble /usr/bin/cmake --install /catkin_ws/rover_sim_ws/src/rover_gz/build/rover_gz
[2.654s] Level 1:colcon.colcon_core.environment:create_environment_scripts_only(rover_gz)
[2.655s] DEBUG:colcon.colcon_core.event_handler.log_command:Invoked command in '/catkin_ws/rover_sim_ws/src/rover_gz/build/rover_gz' returned '0': CMAKE_PREFIX_PATH=${CMAKE_PREFIX_PATH}:/catkin_ws/rover_sim_ws/install/ros_gz_interfaces:/opt/ros/humble /usr/bin/cmake --install /catkin_ws/rover_sim_ws/src/rover_gz/build/rover_gz
[2.671s] Level 1:colcon.colcon_core.environment:checking '/catkin_ws/rover_sim_ws/src/rover_gz/install/rover_gz' for CMake module files
[2.671s] Level 1:colcon.colcon_core.environment:checking '/catkin_ws/rover_sim_ws/src/rover_gz/install/rover_gz' for CMake config files
[2.671s] Level 1:colcon.colcon_core.shell:create_environment_hook('rover_gz', 'cmake_prefix_path')
[2.693s] INFO:colcon.colcon_core.shell:Creating environment hook '/catkin_ws/rover_sim_ws/src/rover_gz/install/rover_gz/share/rover_gz/hook/cmake_prefix_path.ps1'
[2.694s] INFO:colcon.colcon_core.shell:Creating environment descriptor '/catkin_ws/rover_sim_ws/src/rover_gz/install/rover_gz/share/rover_gz/hook/cmake_prefix_path.dsv'
[2.694s] INFO:colcon.colcon_core.shell:Creating environment hook '/catkin_ws/rover_sim_ws/src/rover_gz/install/rover_gz/share/rover_gz/hook/cmake_prefix_path.sh'
[2.695s] Level 1:colcon.colcon_core.environment:checking '/catkin_ws/rover_sim_ws/src/rover_gz/install/rover_gz/bin'
[2.695s] Level 1:colcon.colcon_core.environment:checking '/catkin_ws/rover_sim_ws/src/rover_gz/install/rover_gz/lib/pkgconfig/rover_gz.pc'
[2.697s] Level 1:colcon.colcon_core.environment:checking '/catkin_ws/rover_sim_ws/src/rover_gz/install/rover_gz/lib/python3.10/site-packages'
[2.697s] Level 1:colcon.colcon_core.environment:checking '/catkin_ws/rover_sim_ws/src/rover_gz/install/rover_gz/bin'
[2.714s] INFO:colcon.colcon_core.shell:Creating package script '/catkin_ws/rover_sim_ws/src/rover_gz/install/rover_gz/share/rover_gz/package.ps1'
[2.715s] INFO:colcon.colcon_core.shell:Creating package descriptor '/catkin_ws/rover_sim_ws/src/rover_gz/install/rover_gz/share/rover_gz/package.dsv'
[2.715s] INFO:colcon.colcon_core.shell:Creating package script '/catkin_ws/rover_sim_ws/src/rover_gz/install/rover_gz/share/rover_gz/package.sh'
[2.716s] INFO:colcon.colcon_core.shell:Creating package script '/catkin_ws/rover_sim_ws/src/rover_gz/install/rover_gz/share/rover_gz/package.bash'
[2.717s] INFO:colcon.colcon_core.shell:Creating package script '/catkin_ws/rover_sim_ws/src/rover_gz/install/rover_gz/share/rover_gz/package.zsh'
[2.718s] Level 1:colcon.colcon_core.environment:create_file_with_runtime_dependencies(/catkin_ws/rover_sim_ws/src/rover_gz/install/rover_gz/share/colcon-core/packages/rover_gz)
[2.751s] Level 1:colcon.colcon_core.environment:create_environment_scripts_only(rover_gz)
[2.766s] Level 1:colcon.colcon_core.environment:checking '/catkin_ws/rover_sim_ws/src/rover_gz/install/rover_gz' for CMake module files
[2.766s] Level 1:colcon.colcon_core.environment:checking '/catkin_ws/rover_sim_ws/src/rover_gz/install/rover_gz' for CMake config files
[2.767s] Level 1:colcon.colcon_core.shell:create_environment_hook('rover_gz', 'cmake_prefix_path')
[2.781s] INFO:colcon.colcon_core.shell:Creating environment hook '/catkin_ws/rover_sim_ws/src/rover_gz/install/rover_gz/share/rover_gz/hook/cmake_prefix_path.ps1'
[2.782s] INFO:colcon.colcon_core.shell:Creating environment descriptor '/catkin_ws/rover_sim_ws/src/rover_gz/install/rover_gz/share/rover_gz/hook/cmake_prefix_path.dsv'
[2.782s] INFO:colcon.colcon_core.shell:Creating environment hook '/catkin_ws/rover_sim_ws/src/rover_gz/install/rover_gz/share/rover_gz/hook/cmake_prefix_path.sh'
[2.783s] Level 1:colcon.colcon_core.environment:checking '/catkin_ws/rover_sim_ws/src/rover_gz/install/rover_gz/bin'
[2.783s] Level 1:colcon.colcon_core.environment:checking '/catkin_ws/rover_sim_ws/src/rover_gz/install/rover_gz/lib/pkgconfig/rover_gz.pc'
[2.783s] Level 1:colcon.colcon_core.environment:checking '/catkin_ws/rover_sim_ws/src/rover_gz/install/rover_gz/lib/python3.10/site-packages'
[2.784s] Level 1:colcon.colcon_core.environment:checking '/catkin_ws/rover_sim_ws/src/rover_gz/install/rover_gz/bin'
[2.797s] INFO:colcon.colcon_core.shell:Creating package script '/catkin_ws/rover_sim_ws/src/rover_gz/install/rover_gz/share/rover_gz/package.ps1'
[2.797s] INFO:colcon.colcon_core.shell:Creating package descriptor '/catkin_ws/rover_sim_ws/src/rover_gz/install/rover_gz/share/rover_gz/package.dsv'
[2.798s] INFO:colcon.colcon_core.shell:Creating package script '/catkin_ws/rover_sim_ws/src/rover_gz/install/rover_gz/share/rover_gz/package.sh'
[2.798s] INFO:colcon.colcon_core.shell:Creating package script '/catkin_ws/rover_sim_ws/src/rover_gz/install/rover_gz/share/rover_gz/package.bash'
[2.799s] INFO:colcon.colcon_core.shell:Creating package script '/catkin_ws/rover_sim_ws/src/rover_gz/install/rover_gz/share/rover_gz/package.zsh'
[2.799s] Level 1:colcon.colcon_core.environment:create_file_with_runtime_dependencies(/catkin_ws/rover_sim_ws/src/rover_gz/install/rover_gz/share/colcon-core/packages/rover_gz)
[2.800s] DEBUG:colcon.colcon_parallel_executor.executor.parallel:closing loop
[2.800s] DEBUG:colcon.colcon_parallel_executor.executor.parallel:loop closed
[2.801s] DEBUG:colcon.colcon_parallel_executor.executor.parallel:run_until_complete finished with '0'
[2.801s] DEBUG:colcon.colcon_core.event_reactor:joining thread
[2.822s] INFO:colcon.colcon_core.plugin_system:Skipping extension 'colcon_notification.desktop_notification.notify_send': Could not find 'notify-send'
[2.822s] INFO:colcon.colcon_core.plugin_system:Skipping extension 'colcon_notification.desktop_notification.terminal_notifier': Not used on non-Darwin systems
[2.822s] INFO:colcon.colcon_core.plugin_system:Skipping extension 'colcon_notification.desktop_notification.win32': Not used on non-Windows systems
[2.822s] INFO:colcon.colcon_notification.desktop_notification:Sending desktop notification using 'notify2'
[2.826s] DEBUG:colcon.colcon_notification.desktop_notification.notify2:Failed to initialize notify2: org.freedesktop.DBus.Error.Spawn.ExecFailed: /usr/bin/dbus-launch terminated abnormally without any error message
[2.827s] DEBUG:colcon.colcon_core.event_reactor:joined thread
[2.841s] INFO:colcon.colcon_core.shell:Creating prefix script '/catkin_ws/rover_sim_ws/src/rover_gz/install/local_setup.ps1'
[2.844s] INFO:colcon.colcon_core.shell:Creating prefix util module '/catkin_ws/rover_sim_ws/src/rover_gz/install/_local_setup_util_ps1.py'
[2.846s] INFO:colcon.colcon_core.shell:Creating prefix chain script '/catkin_ws/rover_sim_ws/src/rover_gz/install/setup.ps1'
[2.860s] INFO:colcon.colcon_core.shell:Creating prefix script '/catkin_ws/rover_sim_ws/src/rover_gz/install/local_setup.sh'
[2.862s] INFO:colcon.colcon_core.shell:Creating prefix util module '/catkin_ws/rover_sim_ws/src/rover_gz/install/_local_setup_util_sh.py'
[2.863s] INFO:colcon.colcon_core.shell:Creating prefix chain script '/catkin_ws/rover_sim_ws/src/rover_gz/install/setup.sh'
[2.880s] INFO:colcon.colcon_core.shell:Creating prefix script '/catkin_ws/rover_sim_ws/src/rover_gz/install/local_setup.bash'
[2.881s] INFO:colcon.colcon_core.shell:Creating prefix chain script '/catkin_ws/rover_sim_ws/src/rover_gz/install/setup.bash'
[2.895s] INFO:colcon.colcon_core.shell:Creating prefix script '/catkin_ws/rover_sim_ws/src/rover_gz/install/local_setup.zsh'
[2.896s] INFO:colcon.colcon_core.shell:Creating prefix chain script '/catkin_ws/rover_sim_ws/src/rover_gz/install/setup.zsh'
