[0.200s] Invoking command in '/catkin_ws/rover_sim_ws/build/turtlebot3_gazebo': CMAKE_PREFIX_PATH=${CMAKE_PREFIX_PATH}:/opt/ros/humble /usr/bin/cmake --build /catkin_ws/rover_sim_ws/build/turtlebot3_gazebo -- -j8 -l8
[0.376s] [ 25%] Built target turtlebot3_drive
[0.428s] [ 75%] Built target obstacle2
[0.429s] [ 75%] Built target obstacle1
[0.430s] [100%] Built target obstacles
[0.442s] Invoked command in '/catkin_ws/rover_sim_ws/build/turtlebot3_gazebo' returned '0': CMAKE_PREFIX_PATH=${CMAKE_PREFIX_PATH}:/opt/ros/humble /usr/bin/cmake --build /catkin_ws/rover_sim_ws/build/turtlebot3_gazebo -- -j8 -l8
[0.487s] Invoking command in '/catkin_ws/rover_sim_ws/build/turtlebot3_gazebo': CMAKE_PREFIX_PATH=${CMAKE_PREFIX_PATH}:/opt/ros/humble /usr/bin/cmake --install /catkin_ws/rover_sim_ws/build/turtlebot3_gazebo
[0.496s] -- Install configuration: ""
[0.500s] -- Up-to-date: /catkin_ws/rover_sim_ws/install/turtlebot3_gazebo/lib/turtlebot3_gazebo/turtlebot3_drive
[0.500s] -- Up-to-date: /catkin_ws/rover_sim_ws/install/turtlebot3_gazebo/share/turtlebot3_gazebo//launch
[0.500s] -- Up-to-date: /catkin_ws/rover_sim_ws/install/turtlebot3_gazebo/share/turtlebot3_gazebo//launch/turtlebot3_dqn_stage2.launch.py
[0.501s] -- Up-to-date: /catkin_ws/rover_sim_ws/install/turtlebot3_gazebo/share/turtlebot3_gazebo//launch/lunar_world.launch.py
[0.501s] -- Up-to-date: /catkin_ws/rover_sim_ws/install/turtlebot3_gazebo/share/turtlebot3_gazebo//launch/robot_state_publisher.launch.py
[0.501s] -- Up-to-date: /catkin_ws/rover_sim_ws/install/turtlebot3_gazebo/share/turtlebot3_gazebo//launch/build
[0.502s] -- Up-to-date: /catkin_ws/rover_sim_ws/install/turtlebot3_gazebo/share/turtlebot3_gazebo//launch/build/COLCON_IGNORE
[0.503s] -- Up-to-date: /catkin_ws/rover_sim_ws/install/turtlebot3_gazebo/share/turtlebot3_gazebo//launch/build/.built_by
[0.503s] -- Up-to-date: /catkin_ws/rover_sim_ws/install/turtlebot3_gazebo/share/turtlebot3_gazebo//launch/install
[0.503s] -- Up-to-date: /catkin_ws/rover_sim_ws/install/turtlebot3_gazebo/share/turtlebot3_gazebo//launch/install/COLCON_IGNORE
[0.503s] -- Up-to-date: /catkin_ws/rover_sim_ws/install/turtlebot3_gazebo/share/turtlebot3_gazebo//launch/install/local_setup.bash
[0.503s] -- Up-to-date: /catkin_ws/rover_sim_ws/install/turtlebot3_gazebo/share/turtlebot3_gazebo//launch/install/setup.ps1
[0.504s] -- Up-to-date: /catkin_ws/rover_sim_ws/install/turtlebot3_gazebo/share/turtlebot3_gazebo//launch/install/.colcon_install_layout
[0.504s] -- Up-to-date: /catkin_ws/rover_sim_ws/install/turtlebot3_gazebo/share/turtlebot3_gazebo//launch/install/local_setup.ps1
[0.504s] -- Up-to-date: /catkin_ws/rover_sim_ws/install/turtlebot3_gazebo/share/turtlebot3_gazebo//launch/install/local_setup.sh
[0.504s] -- Up-to-date: /catkin_ws/rover_sim_ws/install/turtlebot3_gazebo/share/turtlebot3_gazebo//launch/install/setup.sh
[0.504s] -- Up-to-date: /catkin_ws/rover_sim_ws/install/turtlebot3_gazebo/share/turtlebot3_gazebo//launch/install/local_setup.zsh
[0.505s] -- Up-to-date: /catkin_ws/rover_sim_ws/install/turtlebot3_gazebo/share/turtlebot3_gazebo//launch/install/_local_setup_util_ps1.py
[0.505s] -- Up-to-date: /catkin_ws/rover_sim_ws/install/turtlebot3_gazebo/share/turtlebot3_gazebo//launch/install/setup.bash
[0.505s] -- Up-to-date: /catkin_ws/rover_sim_ws/install/turtlebot3_gazebo/share/turtlebot3_gazebo//launch/install/_local_setup_util_sh.py
[0.505s] -- Up-to-date: /catkin_ws/rover_sim_ws/install/turtlebot3_gazebo/share/turtlebot3_gazebo//launch/install/setup.zsh
[0.506s] -- Up-to-date: /catkin_ws/rover_sim_ws/install/turtlebot3_gazebo/share/turtlebot3_gazebo//launch/turtlebot3_dqn_stage4.launch.py
[0.506s] -- Up-to-date: /catkin_ws/rover_sim_ws/install/turtlebot3_gazebo/share/turtlebot3_gazebo//launch/turtlebot3_world.launch.py
[0.506s] -- Up-to-date: /catkin_ws/rover_sim_ws/install/turtlebot3_gazebo/share/turtlebot3_gazebo//launch/turtlebot3_house.launch.py
[0.506s] -- Up-to-date: /catkin_ws/rover_sim_ws/install/turtlebot3_gazebo/share/turtlebot3_gazebo//launch/spawn_turtlebot3.launch.py
[0.506s] -- Up-to-date: /catkin_ws/rover_sim_ws/install/turtlebot3_gazebo/share/turtlebot3_gazebo//launch/log
[0.507s] -- Up-to-date: /catkin_ws/rover_sim_ws/install/turtlebot3_gazebo/share/turtlebot3_gazebo//launch/log/COLCON_IGNORE
[0.507s] -- Up-to-date: /catkin_ws/rover_sim_ws/install/turtlebot3_gazebo/share/turtlebot3_gazebo//launch/log/latest_build
[0.507s] -- Up-to-date: /catkin_ws/rover_sim_ws/install/turtlebot3_gazebo/share/turtlebot3_gazebo//launch/log/build_2024-01-10_04-19-53
[0.507s] -- Up-to-date: /catkin_ws/rover_sim_ws/install/turtlebot3_gazebo/share/turtlebot3_gazebo//launch/log/build_2024-01-10_04-19-53/logger_all.log
[0.508s] -- Up-to-date: /catkin_ws/rover_sim_ws/install/turtlebot3_gazebo/share/turtlebot3_gazebo//launch/log/build_2024-01-10_04-19-53/events.log
[0.508s] -- Up-to-date: /catkin_ws/rover_sim_ws/install/turtlebot3_gazebo/share/turtlebot3_gazebo//launch/log/latest
[0.508s] -- Up-to-date: /catkin_ws/rover_sim_ws/install/turtlebot3_gazebo/share/turtlebot3_gazebo//launch/empty_world.launch.py
[0.508s] -- Up-to-date: /catkin_ws/rover_sim_ws/install/turtlebot3_gazebo/share/turtlebot3_gazebo//launch/turtlebot3_dqn_stage3.launch.py
[0.508s] -- Up-to-date: /catkin_ws/rover_sim_ws/install/turtlebot3_gazebo/share/turtlebot3_gazebo//launch/turtlebot3_dqn_stage1.launch.py
[0.508s] -- Up-to-date: /catkin_ws/rover_sim_ws/install/turtlebot3_gazebo/share/turtlebot3_gazebo//models
[0.509s] -- Up-to-date: /catkin_ws/rover_sim_ws/install/turtlebot3_gazebo/share/turtlebot3_gazebo//models/turtlebot3_waffle
[0.509s] -- Up-to-date: /catkin_ws/rover_sim_ws/install/turtlebot3_gazebo/share/turtlebot3_gazebo//models/turtlebot3_waffle/model-1_4.sdf
[0.509s] -- Up-to-date: /catkin_ws/rover_sim_ws/install/turtlebot3_gazebo/share/turtlebot3_gazebo//models/turtlebot3_waffle/model.sdf
[0.509s] -- Up-to-date: /catkin_ws/rover_sim_ws/install/turtlebot3_gazebo/share/turtlebot3_gazebo//models/turtlebot3_waffle/model.config
[0.509s] -- Up-to-date: /catkin_ws/rover_sim_ws/install/turtlebot3_gazebo/share/turtlebot3_gazebo//models/turtlebot3_burger
[0.510s] -- Up-to-date: /catkin_ws/rover_sim_ws/install/turtlebot3_gazebo/share/turtlebot3_gazebo//models/turtlebot3_burger/model-1_4.sdf
[0.510s] -- Up-to-date: /catkin_ws/rover_sim_ws/install/turtlebot3_gazebo/share/turtlebot3_gazebo//models/turtlebot3_burger/model.sdf
[0.510s] -- Up-to-date: /catkin_ws/rover_sim_ws/install/turtlebot3_gazebo/share/turtlebot3_gazebo//models/turtlebot3_burger/model.config
[0.510s] -- Up-to-date: /catkin_ws/rover_sim_ws/install/turtlebot3_gazebo/share/turtlebot3_gazebo//models/turtlebot3_house
[0.511s] -- Up-to-date: /catkin_ws/rover_sim_ws/install/turtlebot3_gazebo/share/turtlebot3_gazebo//models/turtlebot3_house/model.sdf
[0.511s] -- Up-to-date: /catkin_ws/rover_sim_ws/install/turtlebot3_gazebo/share/turtlebot3_gazebo//models/turtlebot3_house/model.config
[0.511s] -- Up-to-date: /catkin_ws/rover_sim_ws/install/turtlebot3_gazebo/share/turtlebot3_gazebo//models/turtlebot3_waffle_pi
[0.511s] -- Up-to-date: /catkin_ws/rover_sim_ws/install/turtlebot3_gazebo/share/turtlebot3_gazebo//models/turtlebot3_waffle_pi/model.sdf
[0.512s] -- Up-to-date: /catkin_ws/rover_sim_ws/install/turtlebot3_gazebo/share/turtlebot3_gazebo//models/turtlebot3_waffle_pi/model-1_4_.sdf
[0.512s] -- Up-to-date: /catkin_ws/rover_sim_ws/install/turtlebot3_gazebo/share/turtlebot3_gazebo//models/turtlebot3_waffle_pi/model.config
[0.512s] -- Up-to-date: /catkin_ws/rover_sim_ws/install/turtlebot3_gazebo/share/turtlebot3_gazebo//models/turtlebot3_dqn_world
[0.512s] -- Up-to-date: /catkin_ws/rover_sim_ws/install/turtlebot3_gazebo/share/turtlebot3_gazebo//models/turtlebot3_dqn_world/obstacle_plugin
[0.512s] -- Up-to-date: /catkin_ws/rover_sim_ws/install/turtlebot3_gazebo/share/turtlebot3_gazebo//models/turtlebot3_dqn_world/obstacle_plugin/CMakeLists.txt
[0.512s] -- Up-to-date: /catkin_ws/rover_sim_ws/install/turtlebot3_gazebo/share/turtlebot3_gazebo//models/turtlebot3_dqn_world/obstacle_plugin/obstacle1.cc
[0.513s] -- Up-to-date: /catkin_ws/rover_sim_ws/install/turtlebot3_gazebo/share/turtlebot3_gazebo//models/turtlebot3_dqn_world/obstacle_plugin/obstacles.cc
[0.513s] -- Up-to-date: /catkin_ws/rover_sim_ws/install/turtlebot3_gazebo/share/turtlebot3_gazebo//models/turtlebot3_dqn_world/obstacle_plugin/obstacle2.cc
[0.513s] -- Up-to-date: /catkin_ws/rover_sim_ws/install/turtlebot3_gazebo/share/turtlebot3_gazebo//models/turtlebot3_dqn_world/goal_box
[0.513s] -- Up-to-date: /catkin_ws/rover_sim_ws/install/turtlebot3_gazebo/share/turtlebot3_gazebo//models/turtlebot3_dqn_world/goal_box/model.sdf
[0.513s] -- Up-to-date: /catkin_ws/rover_sim_ws/install/turtlebot3_gazebo/share/turtlebot3_gazebo//models/turtlebot3_dqn_world/goal_box/model.config
[0.513s] -- Up-to-date: /catkin_ws/rover_sim_ws/install/turtlebot3_gazebo/share/turtlebot3_gazebo//models/turtlebot3_dqn_world/inner_walls
[0.514s] -- Up-to-date: /catkin_ws/rover_sim_ws/install/turtlebot3_gazebo/share/turtlebot3_gazebo//models/turtlebot3_dqn_world/inner_walls/model.sdf
[0.514s] -- Up-to-date: /catkin_ws/rover_sim_ws/install/turtlebot3_gazebo/share/turtlebot3_gazebo//models/turtlebot3_dqn_world/inner_walls/model.config
[0.514s] -- Up-to-date: /catkin_ws/rover_sim_ws/install/turtlebot3_gazebo/share/turtlebot3_gazebo//models/turtlebot3_dqn_world/obstacles
[0.514s] -- Up-to-date: /catkin_ws/rover_sim_ws/install/turtlebot3_gazebo/share/turtlebot3_gazebo//models/turtlebot3_dqn_world/obstacles/model.sdf
[0.515s] -- Up-to-date: /catkin_ws/rover_sim_ws/install/turtlebot3_gazebo/share/turtlebot3_gazebo//models/turtlebot3_dqn_world/obstacles/model.config
[0.515s] -- Up-to-date: /catkin_ws/rover_sim_ws/install/turtlebot3_gazebo/share/turtlebot3_gazebo//models/turtlebot3_dqn_world/model.sdf
[0.515s] -- Up-to-date: /catkin_ws/rover_sim_ws/install/turtlebot3_gazebo/share/turtlebot3_gazebo//models/turtlebot3_dqn_world/obstacle1
[0.515s] -- Up-to-date: /catkin_ws/rover_sim_ws/install/turtlebot3_gazebo/share/turtlebot3_gazebo//models/turtlebot3_dqn_world/obstacle1/model.sdf
[0.515s] -- Up-to-date: /catkin_ws/rover_sim_ws/install/turtlebot3_gazebo/share/turtlebot3_gazebo//models/turtlebot3_dqn_world/obstacle1/model.config
[0.516s] -- Up-to-date: /catkin_ws/rover_sim_ws/install/turtlebot3_gazebo/share/turtlebot3_gazebo//models/turtlebot3_dqn_world/obstacle2
[0.516s] -- Up-to-date: /catkin_ws/rover_sim_ws/install/turtlebot3_gazebo/share/turtlebot3_gazebo//models/turtlebot3_dqn_world/obstacle2/model.sdf
[0.516s] -- Up-to-date: /catkin_ws/rover_sim_ws/install/turtlebot3_gazebo/share/turtlebot3_gazebo//models/turtlebot3_dqn_world/obstacle2/model.config
[0.516s] -- Up-to-date: /catkin_ws/rover_sim_ws/install/turtlebot3_gazebo/share/turtlebot3_gazebo//models/turtlebot3_dqn_world/model.config
[0.516s] -- Up-to-date: /catkin_ws/rover_sim_ws/install/turtlebot3_gazebo/share/turtlebot3_gazebo//models/turtlebot3_common
[0.516s] -- Up-to-date: /catkin_ws/rover_sim_ws/install/turtlebot3_gazebo/share/turtlebot3_gazebo//models/turtlebot3_common/meshes
[0.517s] -- Up-to-date: /catkin_ws/rover_sim_ws/install/turtlebot3_gazebo/share/turtlebot3_gazebo//models/turtlebot3_common/meshes/burger_base.dae
[0.517s] -- Up-to-date: /catkin_ws/rover_sim_ws/install/turtlebot3_gazebo/share/turtlebot3_gazebo//models/turtlebot3_common/meshes/tire.dae
[0.517s] -- Up-to-date: /catkin_ws/rover_sim_ws/install/turtlebot3_gazebo/share/turtlebot3_gazebo//models/turtlebot3_common/meshes/lds.dae
[0.517s] -- Up-to-date: /catkin_ws/rover_sim_ws/install/turtlebot3_gazebo/share/turtlebot3_gazebo//models/turtlebot3_common/meshes/waffle_base.dae
[0.517s] -- Up-to-date: /catkin_ws/rover_sim_ws/install/turtlebot3_gazebo/share/turtlebot3_gazebo//models/turtlebot3_common/meshes/waffle_pi_base.dae
[0.518s] -- Up-to-date: /catkin_ws/rover_sim_ws/install/turtlebot3_gazebo/share/turtlebot3_gazebo//models/turtlebot3_common/meshes/r200.dae
[0.518s] -- Up-to-date: /catkin_ws/rover_sim_ws/install/turtlebot3_gazebo/share/turtlebot3_gazebo//models/turtlebot3_common/model.config
[0.518s] -- Up-to-date: /catkin_ws/rover_sim_ws/install/turtlebot3_gazebo/share/turtlebot3_gazebo//models/turtlebot3_world
[0.518s] -- Up-to-date: /catkin_ws/rover_sim_ws/install/turtlebot3_gazebo/share/turtlebot3_gazebo//models/turtlebot3_world/model-1_4.sdf
[0.518s] -- Up-to-date: /catkin_ws/rover_sim_ws/install/turtlebot3_gazebo/share/turtlebot3_gazebo//models/turtlebot3_world/model.sdf
[0.519s] -- Up-to-date: /catkin_ws/rover_sim_ws/install/turtlebot3_gazebo/share/turtlebot3_gazebo//models/turtlebot3_world/meshes
[0.519s] -- Up-to-date: /catkin_ws/rover_sim_ws/install/turtlebot3_gazebo/share/turtlebot3_gazebo//models/turtlebot3_world/meshes/hexagon.dae
[0.519s] -- Up-to-date: /catkin_ws/rover_sim_ws/install/turtlebot3_gazebo/share/turtlebot3_gazebo//models/turtlebot3_world/meshes/wall.dae
[0.519s] -- Up-to-date: /catkin_ws/rover_sim_ws/install/turtlebot3_gazebo/share/turtlebot3_gazebo//models/turtlebot3_world/model.config
[0.519s] -- Up-to-date: /catkin_ws/rover_sim_ws/install/turtlebot3_gazebo/share/turtlebot3_gazebo//models/X1 Config 6
[0.519s] -- Up-to-date: /catkin_ws/rover_sim_ws/install/turtlebot3_gazebo/share/turtlebot3_gazebo//models/X1 Config 6/model_classic.sdf
[0.519s] -- Up-to-date: /catkin_ws/rover_sim_ws/install/turtlebot3_gazebo/share/turtlebot3_gazebo//models/X1 Config 6/materials
[0.520s] -- Up-to-date: /catkin_ws/rover_sim_ws/install/turtlebot3_gazebo/share/turtlebot3_gazebo//models/X1 Config 6/materials/textures
[0.520s] -- Up-to-date: /catkin_ws/rover_sim_ws/install/turtlebot3_gazebo/share/turtlebot3_gazebo//models/X1 Config 6/materials/textures/led.jpg
[0.520s] -- Up-to-date: /catkin_ws/rover_sim_ws/install/turtlebot3_gazebo/share/turtlebot3_gazebo//models/X1 Config 6/materials/textures/headlight.jpg
[0.520s] -- Up-to-date: /catkin_ws/rover_sim_ws/install/turtlebot3_gazebo/share/turtlebot3_gazebo//models/X1 Config 6/model.sdf
[0.521s] -- Up-to-date: /catkin_ws/rover_sim_ws/install/turtlebot3_gazebo/share/turtlebot3_gazebo//models/X1 Config 6/thumbnails
[0.521s] -- Up-to-date: /catkin_ws/rover_sim_ws/install/turtlebot3_gazebo/share/turtlebot3_gazebo//models/X1 Config 6/thumbnails/2.jpg
[0.521s] -- Up-to-date: /catkin_ws/rover_sim_ws/install/turtlebot3_gazebo/share/turtlebot3_gazebo//models/X1 Config 6/thumbnails/1.jpg
[0.521s] -- Up-to-date: /catkin_ws/rover_sim_ws/install/turtlebot3_gazebo/share/turtlebot3_gazebo//models/X1 Config 6/thumbnails/5.jpg
[0.522s] -- Up-to-date: /catkin_ws/rover_sim_ws/install/turtlebot3_gazebo/share/turtlebot3_gazebo//models/X1 Config 6/thumbnails/4.jpg
[0.522s] -- Up-to-date: /catkin_ws/rover_sim_ws/install/turtlebot3_gazebo/share/turtlebot3_gazebo//models/X1 Config 6/thumbnails/3.jpg
[0.522s] -- Up-to-date: /catkin_ws/rover_sim_ws/install/turtlebot3_gazebo/share/turtlebot3_gazebo//models/X1 Config 6/meshes
[0.523s] -- Up-to-date: /catkin_ws/rover_sim_ws/install/turtlebot3_gazebo/share/turtlebot3_gazebo//models/X1 Config 6/meshes/top_plate.dae
[0.523s] -- Up-to-date: /catkin_ws/rover_sim_ws/install/turtlebot3_gazebo/share/turtlebot3_gazebo//models/X1 Config 6/meshes/led.dae
[0.523s] -- Up-to-date: /catkin_ws/rover_sim_ws/install/turtlebot3_gazebo/share/turtlebot3_gazebo//models/X1 Config 6/meshes/chassis.dae
[0.523s] -- Up-to-date: /catkin_ws/rover_sim_ws/install/turtlebot3_gazebo/share/turtlebot3_gazebo//models/X1 Config 6/meshes/led_lamp.dae
[0.524s] -- Up-to-date: /catkin_ws/rover_sim_ws/install/turtlebot3_gazebo/share/turtlebot3_gazebo//models/X1 Config 6/meshes/wheel.dae
[0.524s] -- Up-to-date: /catkin_ws/rover_sim_ws/install/turtlebot3_gazebo/share/turtlebot3_gazebo//models/X1 Config 6/meshes/headlight.dae
[0.525s] -- Up-to-date: /catkin_ws/rover_sim_ws/install/turtlebot3_gazebo/share/turtlebot3_gazebo//models/X1 Config 6/meshes/headlight_lamp.dae
[0.525s] -- Up-to-date: /catkin_ws/rover_sim_ws/install/turtlebot3_gazebo/share/turtlebot3_gazebo//models/X1 Config 6/worlds
[0.525s] -- Up-to-date: /catkin_ws/rover_sim_ws/install/turtlebot3_gazebo/share/turtlebot3_gazebo//models/X1 Config 6/worlds/example.sdf
[0.525s] -- Up-to-date: /catkin_ws/rover_sim_ws/install/turtlebot3_gazebo/share/turtlebot3_gazebo//models/X1 Config 6/model.config
[0.526s] -- Up-to-date: /catkin_ws/rover_sim_ws/install/turtlebot3_gazebo/share/turtlebot3_gazebo//rviz
[0.526s] -- Up-to-date: /catkin_ws/rover_sim_ws/install/turtlebot3_gazebo/share/turtlebot3_gazebo//rviz/tb3_gazebo.rviz
[0.526s] -- Up-to-date: /catkin_ws/rover_sim_ws/install/turtlebot3_gazebo/share/turtlebot3_gazebo//urdf
[0.526s] -- Up-to-date: /catkin_ws/rover_sim_ws/install/turtlebot3_gazebo/share/turtlebot3_gazebo//urdf/turtlebot3_burger.urdf
[0.526s] -- Up-to-date: /catkin_ws/rover_sim_ws/install/turtlebot3_gazebo/share/turtlebot3_gazebo//urdf/turtlebot3_waffle_pi.urdf
[0.526s] -- Up-to-date: /catkin_ws/rover_sim_ws/install/turtlebot3_gazebo/share/turtlebot3_gazebo//urdf/common_properties.urdf
[0.527s] -- Up-to-date: /catkin_ws/rover_sim_ws/install/turtlebot3_gazebo/share/turtlebot3_gazebo//urdf/turtlebot3_waffle.urdf
[0.527s] -- Up-to-date: /catkin_ws/rover_sim_ws/install/turtlebot3_gazebo/share/turtlebot3_gazebo//worlds
[0.527s] -- Up-to-date: /catkin_ws/rover_sim_ws/install/turtlebot3_gazebo/share/turtlebot3_gazebo//worlds/turtlebot3_dqn_stage3.world
[0.527s] -- Up-to-date: /catkin_ws/rover_sim_ws/install/turtlebot3_gazebo/share/turtlebot3_gazebo//worlds/turtlebot3_dqn_stage4.world
[0.527s] -- Up-to-date: /catkin_ws/rover_sim_ws/install/turtlebot3_gazebo/share/turtlebot3_gazebo//worlds/turtlebot3_dqn_stage2.world
[0.528s] -- Up-to-date: /catkin_ws/rover_sim_ws/install/turtlebot3_gazebo/share/turtlebot3_gazebo//worlds/moon.world
[0.528s] -- Up-to-date: /catkin_ws/rover_sim_ws/install/turtlebot3_gazebo/share/turtlebot3_gazebo//worlds/turtlebot3_house.world
[0.528s] -- Up-to-date: /catkin_ws/rover_sim_ws/install/turtlebot3_gazebo/share/turtlebot3_gazebo//worlds/empty_world.world
[0.528s] -- Up-to-date: /catkin_ws/rover_sim_ws/install/turtlebot3_gazebo/share/turtlebot3_gazebo//worlds/turtlebot3_dqn_stage1.world
[0.528s] -- Up-to-date: /catkin_ws/rover_sim_ws/install/turtlebot3_gazebo/share/turtlebot3_gazebo//worlds/turtlebot3_world.world
[0.529s] -- Up-to-date: /catkin_ws/rover_sim_ws/install/turtlebot3_gazebo/include/
[0.529s] -- Up-to-date: /catkin_ws/rover_sim_ws/install/turtlebot3_gazebo/include//turtlebot3_gazebo
[0.529s] -- Up-to-date: /catkin_ws/rover_sim_ws/install/turtlebot3_gazebo/include//turtlebot3_gazebo/turtlebot3_drive.hpp
[0.529s] -- Up-to-date: /catkin_ws/rover_sim_ws/install/turtlebot3_gazebo/share/ament_index/resource_index/package_run_dependencies/turtlebot3_gazebo
[0.529s] -- Up-to-date: /catkin_ws/rover_sim_ws/install/turtlebot3_gazebo/share/ament_index/resource_index/parent_prefix_path/turtlebot3_gazebo
[0.530s] -- Up-to-date: /catkin_ws/rover_sim_ws/install/turtlebot3_gazebo/share/turtlebot3_gazebo/environment/ament_prefix_path.sh
[0.531s] -- Up-to-date: /catkin_ws/rover_sim_ws/install/turtlebot3_gazebo/share/turtlebot3_gazebo/environment/ament_prefix_path.dsv
[0.531s] -- Up-to-date: /catkin_ws/rover_sim_ws/install/turtlebot3_gazebo/share/turtlebot3_gazebo/environment/path.sh
[0.531s] -- Up-to-date: /catkin_ws/rover_sim_ws/install/turtlebot3_gazebo/share/turtlebot3_gazebo/environment/path.dsv
[0.531s] -- Up-to-date: /catkin_ws/rover_sim_ws/install/turtlebot3_gazebo/share/turtlebot3_gazebo/local_setup.bash
[0.532s] -- Up-to-date: /catkin_ws/rover_sim_ws/install/turtlebot3_gazebo/share/turtlebot3_gazebo/local_setup.sh
[0.532s] -- Up-to-date: /catkin_ws/rover_sim_ws/install/turtlebot3_gazebo/share/turtlebot3_gazebo/local_setup.zsh
[0.532s] -- Up-to-date: /catkin_ws/rover_sim_ws/install/turtlebot3_gazebo/share/turtlebot3_gazebo/local_setup.dsv
[0.533s] -- Installing: /catkin_ws/rover_sim_ws/install/turtlebot3_gazebo/share/turtlebot3_gazebo/package.dsv
[0.533s] -- Up-to-date: /catkin_ws/rover_sim_ws/install/turtlebot3_gazebo/share/ament_index/resource_index/packages/turtlebot3_gazebo
[0.533s] -- Up-to-date: /catkin_ws/rover_sim_ws/install/turtlebot3_gazebo/share/turtlebot3_gazebo/cmake/ament_cmake_export_include_directories-extras.cmake
[0.534s] -- Up-to-date: /catkin_ws/rover_sim_ws/install/turtlebot3_gazebo/share/turtlebot3_gazebo/cmake/ament_cmake_export_dependencies-extras.cmake
[0.534s] -- Up-to-date: /catkin_ws/rover_sim_ws/install/turtlebot3_gazebo/share/turtlebot3_gazebo/cmake/turtlebot3_gazeboConfig.cmake
[0.534s] -- Up-to-date: /catkin_ws/rover_sim_ws/install/turtlebot3_gazebo/share/turtlebot3_gazebo/cmake/turtlebot3_gazeboConfig-version.cmake
[0.535s] -- Up-to-date: /catkin_ws/rover_sim_ws/install/turtlebot3_gazebo/share/turtlebot3_gazebo/package.xml
[0.535s] Invoked command in '/catkin_ws/rover_sim_ws/build/turtlebot3_gazebo' returned '0': CMAKE_PREFIX_PATH=${CMAKE_PREFIX_PATH}:/opt/ros/humble /usr/bin/cmake --install /catkin_ws/rover_sim_ws/build/turtlebot3_gazebo
